#
# There is insufficient memory for the Java Runtime Environment to continue.
# Native memory allocation (malloc) failed to allocate 32744 bytes for ChunkPool::allocate
# Possible reasons:
#   The system is out of physical RAM or swap space
#   In 32 bit mode, the process size limit was hit
# Possible solutions:
#   Reduce memory load on the system
#   Increase physical memory or swap space
#   Check if swap backing store is full
#   Use 64 bit Java on a 64 bit OS
#   Decrease Java heap size (-Xmx/-Xms)
#   Decrease number of Java threads
#   Decrease Java thread stack sizes (-Xss)
#   Set larger code cache with -XX:ReservedCodeCacheSize=
# This output file may be truncated or incomplete.
#
#  Out of Memory Error (allocation.cpp:273), pid=1692, tid=0x00000000000013f0
#
# JRE version: Java(TM) SE Runtime Environment (8.0_102-b14) (build 1.8.0_102-b14)
# Java VM: Java HotSpot(TM) 64-Bit Server VM (25.102-b14 mixed mode windows-amd64 compressed oops)
# Failed to write core dump. Minidumps are not enabled by default on client versions of Windows
#

---------------  T H R E A D  ---------------

Current thread (0x0000000014a4e000):  JavaThread "C2 CompilerThread0" daemon [_thread_in_native, id=5104, stack(0x0000000016080000,0x0000000016180000)]

Stack: [0x0000000016080000,0x0000000016180000]
[error occurred during error reporting (printing stack bounds), id 0xc0000005]

Native frames: (J=compiled Java code, j=interpreted, Vv=VM code, C=native code)


Current CompileTask:
C2:   6107 2047   !   4       com.android.dx.cf.code.Ropper::processBlock (1101 bytes)


---------------  P R O C E S S  ---------------

Java Threads: ( => current thread )
  0x0000000016c17000 JavaThread "pool-2-thread-4" [_thread_blocked, id=4928, stack(0x0000000017580000,0x0000000017680000)]
  0x0000000016c16800 JavaThread "pool-2-thread-3" [_thread_blocked, id=4244, stack(0x0000000017480000,0x0000000017580000)]
  0x0000000016c15800 JavaThread "pool-2-thread-2" [_thread_blocked, id=5036, stack(0x0000000017380000,0x0000000017480000)]
  0x00000000166c5000 JavaThread "pool-3-thread-1" [_thread_blocked, id=2456, stack(0x0000000017280000,0x0000000017380000)]
  0x0000000016747800 JavaThread "pool-2-thread-1" [_thread_blocked, id=4180, stack(0x0000000017180000,0x0000000017280000)]
  0x0000000014aad800 JavaThread "Service Thread" daemon [_thread_blocked, id=2452, stack(0x0000000016780000,0x0000000016880000)]
  0x0000000014a54000 JavaThread "C1 CompilerThread2" daemon [_thread_in_vm, id=4668, stack(0x0000000016280000,0x0000000016380000)]
  0x0000000014a51000 JavaThread "C2 CompilerThread1" daemon [_thread_in_native, id=4908, stack(0x0000000016180000,0x0000000016280000)]
=>0x0000000014a4e000 JavaThread "C2 CompilerThread0" daemon [_thread_in_native, id=5104, stack(0x0000000016080000,0x0000000016180000)]
  0x0000000014a4c800 JavaThread "Attach Listener" daemon [_thread_blocked, id=2284, stack(0x0000000015f80000,0x0000000016080000)]
  0x0000000014a4b000 JavaThread "Signal Dispatcher" daemon [_thread_blocked, id=5084, stack(0x0000000015e80000,0x0000000015f80000)]
  0x0000000014a3a800 JavaThread "Finalizer" daemon [_thread_blocked, id=4940, stack(0x0000000015ca0000,0x0000000015da0000)]
  0x0000000014a19000 JavaThread "Reference Handler" daemon [_thread_blocked, id=4232, stack(0x0000000015ba0000,0x0000000015ca0000)]
  0x0000000002280800 JavaThread "main" [_thread_in_vm, id=616, stack(0x0000000002170000,0x0000000002270000)]

Other Threads:
  0x0000000014a17000 VMThread [stack: 0x0000000015aa0000,0x0000000015ba0000] [id=4220]
  0x00000000163de000 WatcherThread [stack: 0x0000000016880000,0x0000000016980000] [id=3364]

VM state:not at safepoint (normal execution)

VM Mutex/Monitor currently owned by a thread: None

Heap:
 PSYoungGen      total 145408K, used 76398K [0x00000000eab00000, 0x00000000fdb00000, 0x0000000100000000)
  eden space 128512K, 59% used [0x00000000eab00000,0x00000000ef59bad0,0x00000000f2880000)
  from space 16896K, 0% used [0x00000000f2880000,0x00000000f2880000,0x00000000f3900000)
  to   space 27136K, 0% used [0x00000000fc080000,0x00000000fc080000,0x00000000fdb00000)
 ParOldGen       total 44032K, used 44026K [0x00000000c0000000, 0x00000000c2b00000, 0x00000000eab00000)
  object space 44032K, 99% used [0x00000000c0000000,0x00000000c2afebb0,0x00000000c2b00000)
 Metaspace       used 6564K, capacity 7256K, committed 7424K, reserved 1056768K
  class space    used 628K, capacity 656K, committed 768K, reserved 1048576K

Card table byte_map: [0x0000000011740000,0x0000000011950000] byte_map_base: 0x0000000011140000

Marking Bits: (ParMarkBitMap*) 0x0000000066a6a6c0
 Begin Bits: [0x0000000011eb0000, 0x0000000012eb0000)
 End Bits:   [0x0000000012eb0000, 0x0000000013eb0000)

Polling page: 0x0000000000830000

CodeCache: size=245760Kb used=8145Kb max_used=8145Kb free=237614Kb
 bounds [0x0000000002380000, 0x0000000002b80000, 0x0000000011380000]
 total_blobs=2270 nmethods=1998 adapters=182
 compilation: enabled

Compilation events (10 events):
Event: 4.930 Thread 0x0000000014a54000 2067       2       com.android.dx.cf.attrib.AttRuntimeVisibleAnnotations::<init> (9 bytes)
Event: 4.930 Thread 0x0000000014a54000 nmethod 2067 0x0000000002b60dd0 code [0x0000000002b60f40, 0x0000000002b610c8]
Event: 4.930 Thread 0x0000000014a54000 2068       2       java.util.concurrent.FutureTask::report (37 bytes)
Event: 4.931 Thread 0x0000000014a54000 nmethod 2068 0x0000000002b60810 code [0x0000000002b609a0, 0x0000000002b60c58]
Event: 4.931 Thread 0x0000000014a54000 2069   !   2       com.android.dx.dex.file.ClassDefsSection::add (75 bytes)
Event: 4.932 Thread 0x0000000014a54000 nmethod 2069 0x0000000002b5fa90 code [0x0000000002b5fc80, 0x0000000002b602b8]
Event: 4.962 Thread 0x0000000014a54000 2071       2       java.util.concurrent.ArrayBlockingQueue::enqueue (53 bytes)
Event: 4.963 Thread 0x0000000014a54000 nmethod 2071 0x0000000002b5f350 code [0x0000000002b5f4e0, 0x0000000002b5f828]
Event: 5.917 Thread 0x0000000014a54000 2073       1       java.lang.ref.Finalizer::access$000 (4 bytes)
Event: 5.917 Thread 0x0000000014a54000 nmethod 2073 0x00000000029a9750 code [0x00000000029a98a0, 0x00000000029a9990]

GC Heap History (10 events):
Event: 2.169 GC heap before
{Heap before GC invocations=5 (full 0):
 PSYoungGen      total 68096K, used 68084K [0x00000000eab00000, 0x00000000ef000000, 0x0000000100000000)
  eden space 65536K, 100% used [0x00000000eab00000,0x00000000eeb00000,0x00000000eeb00000)
  from space 2560K, 99% used [0x00000000eed80000,0x00000000eeffd098,0x00000000ef000000)
  to   space 2560K, 0% used [0x00000000eeb00000,0x00000000eeb00000,0x00000000eed80000)
 ParOldGen       total 44032K, used 10349K [0x00000000c0000000, 0x00000000c2b00000, 0x00000000eab00000)
  object space 44032K, 23% used [0x00000000c0000000,0x00000000c0a1b4a8,0x00000000c2b00000)
 Metaspace       used 6317K, capacity 7154K, committed 7296K, reserved 1056768K
  class space    used 605K, capacity 618K, committed 640K, reserved 1048576K
Event: 2.203 GC heap after
Heap after GC invocations=5 (full 0):
 PSYoungGen      total 68096K, used 2541K [0x00000000eab00000, 0x00000000f4700000, 0x0000000100000000)
  eden space 65536K, 0% used [0x00000000eab00000,0x00000000eab00000,0x00000000eeb00000)
  from space 2560K, 99% used [0x00000000eeb00000,0x00000000eed7b750,0x00000000eed80000)
  to   space 14336K, 0% used [0x00000000f3900000,0x00000000f3900000,0x00000000f4700000)
 ParOldGen       total 44032K, used 19157K [0x00000000c0000000, 0x00000000c2b00000, 0x00000000eab00000)
  object space 44032K, 43% used [0x00000000c0000000,0x00000000c12b5710,0x00000000c2b00000)
 Metaspace       used 6317K, capacity 7154K, committed 7296K, reserved 1056768K
  class space    used 605K, capacity 618K, committed 640K, reserved 1048576K
}
Event: 2.616 GC heap before
{Heap before GC invocations=6 (full 0):
 PSYoungGen      total 68096K, used 68077K [0x00000000eab00000, 0x00000000f4700000, 0x0000000100000000)
  eden space 65536K, 100% used [0x00000000eab00000,0x00000000eeb00000,0x00000000eeb00000)
  from space 2560K, 99% used [0x00000000eeb00000,0x00000000eed7b750,0x00000000eed80000)
  to   space 14336K, 0% used [0x00000000f3900000,0x00000000f3900000,0x00000000f4700000)
 ParOldGen       total 44032K, used 19157K [0x00000000c0000000, 0x00000000c2b00000, 0x00000000eab00000)
  object space 44032K, 43% used [0x00000000c0000000,0x00000000c12b5710,0x00000000c2b00000)
 Metaspace       used 6360K, capacity 7154K, committed 7296K, reserved 1056768K
  class space    used 605K, capacity 618K, committed 640K, reserved 1048576K
Event: 2.686 GC heap after
Heap after GC invocations=6 (full 0):
 PSYoungGen      total 142848K, used 12599K [0x00000000eab00000, 0x00000000f4c00000, 0x0000000100000000)
  eden space 128512K, 0% used [0x00000000eab00000,0x00000000eab00000,0x00000000f2880000)
  from space 14336K, 87% used [0x00000000f3900000,0x00000000f454dd88,0x00000000f4700000)
  to   space 16896K, 0% used [0x00000000f2880000,0x00000000f2880000,0x00000000f3900000)
 ParOldGen       total 44032K, used 19165K [0x00000000c0000000, 0x00000000c2b00000, 0x00000000eab00000)
  object space 44032K, 43% used [0x00000000c0000000,0x00000000c12b7710,0x00000000c2b00000)
 Metaspace       used 6360K, capacity 7154K, committed 7296K, reserved 1056768K
  class space    used 605K, capacity 618K, committed 640K, reserved 1048576K
}
Event: 3.532 GC heap before
{Heap before GC invocations=7 (full 0):
 PSYoungGen      total 142848K, used 141111K [0x00000000eab00000, 0x00000000f4c00000, 0x0000000100000000)
  eden space 128512K, 100% used [0x00000000eab00000,0x00000000f2880000,0x00000000f2880000)
  from space 14336K, 87% used [0x00000000f3900000,0x00000000f454dd88,0x00000000f4700000)
  to   space 16896K, 0% used [0x00000000f2880000,0x00000000f2880000,0x00000000f3900000)
 ParOldGen       total 44032K, used 19165K [0x00000000c0000000, 0x00000000c2b00000, 0x00000000eab00000)
  object space 44032K, 43% used [0x00000000c0000000,0x00000000c12b7710,0x00000000c2b00000)
 Metaspace       used 6521K, capacity 7256K, committed 7424K, reserved 1056768K
  class space    used 626K, capacity 656K, committed 768K, reserved 1048576K
Event: 3.627 GC heap after
Heap after GC invocations=7 (full 0):
 PSYoungGen      total 145408K, used 16868K [0x00000000eab00000, 0x00000000fdb00000, 0x0000000100000000)
  eden space 128512K, 0% used [0x00000000eab00000,0x00000000eab00000,0x00000000f2880000)
  from space 16896K, 99% used [0x00000000f2880000,0x00000000f38f92f8,0x00000000f3900000)
  to   space 27136K, 0% used [0x00000000fc080000,0x00000000fc080000,0x00000000fdb00000)
 ParOldGen       total 44032K, used 32873K [0x00000000c0000000, 0x00000000c2b00000, 0x00000000eab00000)
  object space 44032K, 74% used [0x00000000c0000000,0x00000000c201a7a0,0x00000000c2b00000)
 Metaspace       used 6521K, capacity 7256K, committed 7424K, reserved 1056768K
  class space    used 626K, capacity 656K, committed 768K, reserved 1048576K
}
Event: 3.627 GC heap before
{Heap before GC invocations=8 (full 1):
 PSYoungGen      total 145408K, used 16868K [0x00000000eab00000, 0x00000000fdb00000, 0x0000000100000000)
  eden space 128512K, 0% used [0x00000000eab00000,0x00000000eab00000,0x00000000f2880000)
  from space 16896K, 99% used [0x00000000f2880000,0x00000000f38f92f8,0x00000000f3900000)
  to   space 27136K, 0% used [0x00000000fc080000,0x00000000fc080000,0x00000000fdb00000)
 ParOldGen       total 44032K, used 32873K [0x00000000c0000000, 0x00000000c2b00000, 0x00000000eab00000)
  object space 44032K, 74% used [0x00000000c0000000,0x00000000c201a7a0,0x00000000c2b00000)
 Metaspace       used 6521K, capacity 7256K, committed 7424K, reserved 1056768K
  class space    used 626K, capacity 656K, committed 768K, reserved 1048576K
Event: 4.239 GC heap after
Heap after GC invocations=8 (full 1):
 PSYoungGen      total 145408K, used 2520K [0x00000000eab00000, 0x00000000fdb00000, 0x0000000100000000)
  eden space 128512K, 0% used [0x00000000eab00000,0x00000000eab00000,0x00000000f2880000)
  from space 16896K, 14% used [0x00000000f2880000,0x00000000f2af61c8,0x00000000f3900000)
  to   space 27136K, 0% used [0x00000000fc080000,0x00000000fc080000,0x00000000fdb00000)
 ParOldGen       total 44032K, used 43585K [0x00000000c0000000, 0x00000000c2b00000, 0x00000000eab00000)
  object space 44032K, 98% used [0x00000000c0000000,0x00000000c2a90558,0x00000000c2b00000)
 Metaspace       used 6521K, capacity 7256K, committed 7424K, reserved 1056768K
  class space    used 626K, capacity 656K, committed 768K, reserved 1048576K
}
Event: 5.092 GC heap before
{Heap before GC invocations=9 (full 2):
 PSYoungGen      total 145408K, used 131032K [0x00000000eab00000, 0x00000000fdb00000, 0x0000000100000000)
  eden space 128512K, 100% used [0x00000000eab00000,0x00000000f2880000,0x00000000f2880000)
  from space 16896K, 14% used [0x00000000f2880000,0x00000000f2af61c8,0x00000000f3900000)
  to   space 27136K, 0% used [0x00000000fc080000,0x00000000fc080000,0x00000000fdb00000)
 ParOldGen       total 44032K, used 43585K [0x00000000c0000000, 0x00000000c2b00000, 0x00000000eab00000)
  object space 44032K, 98% used [0x00000000c0000000,0x00000000c2a90558,0x00000000c2b00000)
 Metaspace       used 6563K, capacity 7256K, committed 7424K, reserved 1056768K
  class space    used 628K, capacity 656K, committed 768K, reserved 1048576K
Event: 5.917 GC heap after
Heap after GC invocations=9 (full 2):
 PSYoungGen      total 145408K, used 19677K [0x00000000eab00000, 0x00000000fdb00000, 0x0000000100000000)
  eden space 128512K, 15% used [0x00000000eab00000,0x00000000ebe37450,0x00000000f2880000)
  from space 16896K, 0% used [0x00000000f2880000,0x00000000f2880000,0x00000000f3900000)
  to   space 27136K, 0% used [0x00000000fc080000,0x00000000fc080000,0x00000000fdb00000)
 ParOldGen       total 44032K, used 44026K [0x00000000c0000000, 0x00000000c2b00000, 0x00000000eab00000)
  object space 44032K, 99% used [0x00000000c0000000,0x00000000c2afebb0,0x00000000c2b00000)
 Metaspace       used 6563K, capacity 7256K, committed 7424K, reserved 1056768K
  class space    used 628K, capacity 656K, committed 768K, reserved 1048576K
}

Deoptimization events (10 events):
Event: 2.110 Thread 0x0000000002280800 Uncommon trap: reason=bimorphic action=maybe_recompile pc=0x0000000002a07dd4 method=com.android.dx.cf.code.BytecodeArray.parseInstruction(ILcom/android/dx/cf/code/BytecodeArray$Visitor;)I @ 1130
Event: 2.111 Thread 0x0000000002280800 Uncommon trap: reason=bimorphic action=maybe_recompile pc=0x0000000002a07dd4 method=com.android.dx.cf.code.BytecodeArray.parseInstruction(ILcom/android/dx/cf/code/BytecodeArray$Visitor;)I @ 1130
Event: 2.713 Thread 0x0000000016c15800 Uncommon trap: reason=unstable_if action=reinterpret pc=0x00000000026ab5d0 method=java.util.HashMap.putVal(ILjava/lang/Object;Ljava/lang/Object;ZZ)Ljava/lang/Object; @ 162
Event: 2.720 Thread 0x0000000016c15800 Uncommon trap: reason=unstable_if action=reinterpret pc=0x000000000299f750 method=java.util.HashMap.getNode(ILjava/lang/Object;)Ljava/util/HashMap$Node; @ 84
Event: 2.781 Thread 0x0000000016747800 Uncommon trap: reason=unstable_if action=reinterpret pc=0x000000000275665c method=com.android.dx.ssa.SsaMethod.updateOneDefinition(Lcom/android/dx/ssa/SsaInsn;Lcom/android/dx/rop/code/RegisterSpec;)V @ 4
Event: 2.825 Thread 0x0000000016c16800 Uncommon trap: reason=bimorphic action=maybe_recompile pc=0x0000000002aa5358 method=com.android.dx.cf.code.BytecodeArray.parseInstruction(ILcom/android/dx/cf/code/BytecodeArray$Visitor;)I @ 1501
Event: 2.826 Thread 0x0000000016c16800 Uncommon trap: reason=bimorphic action=maybe_recompile pc=0x0000000002aa5358 method=com.android.dx.cf.code.BytecodeArray.parseInstruction(ILcom/android/dx/cf/code/BytecodeArray$Visitor;)I @ 1501
Event: 2.875 Thread 0x0000000016c17000 Uncommon trap: reason=unstable_if action=reinterpret pc=0x0000000002a96158 method=java.util.HashMap.resize()[Ljava/util/HashMap$Node; @ 206
Event: 4.318 Thread 0x0000000016c17000 Uncommon trap: reason=bimorphic action=maybe_recompile pc=0x0000000002b0fa34 method=com.android.dx.cf.code.BytecodeArray.parseInstruction(ILcom/android/dx/cf/code/BytecodeArray$Visitor;)I @ 2281
Event: 4.319 Thread 0x0000000016c17000 Uncommon trap: reason=bimorphic action=maybe_recompile pc=0x0000000002b0fa34 method=com.android.dx.cf.code.BytecodeArray.parseInstruction(ILcom/android/dx/cf/code/BytecodeArray$Visitor;)I @ 2281

Internal exceptions (6 events):
Event: 0.036 Thread 0x0000000002280800 Exception <a 'java/lang/NoSuchMethodError': Method sun.misc.Unsafe.defineClass(Ljava/lang/String;[BII)Ljava/lang/Class; name or signature does not match> (0x00000000eab07c78) thrown at [C:\re\workspace\8-2-build-windows-amd64-cygwin\jdk8u102\7268\hotspot\s…ê+ž8¢?
Event: 0.036 Thread 0x0000000002280800 Exception <a 'java/lang/NoSuchMethodError': Method sun.misc.Unsafe.prefetchRead(Ljava/lang/Object;J)V name or signature does not match> (0x00000000eab07f60) thrown at [C:\re\workspace\8-2-build-windows-amd64-cygwin\jdk8u102\7268\hotspot\src\share\vm\prims\æ+è>Óù?
Event: 1.564 Thread 0x0000000016c17000 Implicit null exception at 0x00000000026940cd to 0x00000000026963c9
Event: 2.715 Thread 0x0000000016c15800 Exception <a 'java/lang/ArrayIndexOutOfBoundsException': 18> (0x00000000eaf57c30) thrown at [C:\re\workspace\8-2-build-windows-amd64-cygwin\jdk8u102\7268\hotspot\src\share\vm\interpreter\interpreterRuntime.cpp, line 366]
Event: 2.716 Thread 0x0000000016c15800 Exception <a 'java/lang/ArrayIndexOutOfBoundsException': 145> (0x00000000eaf597b0) thrown at [C:\re\workspace\8-2-build-windows-amd64-cygwin\jdk8u102\7268\hotspot\src\share\vm\interpreter\interpreterRuntime.cpp, line 366]
Event: 2.719 Thread 0x0000000016c15800 Exception <a 'java/lang/ArrayIndexOutOfBoundsException'> (0x00000000eaf5aa98) thrown at [C:\re\workspace\8-2-build-windows-amd64-cygwin\jdk8u102\7268\hotspot\src\share\vm\runtime\sharedRuntime.cpp, line 605]

Events (10 events):
Event: 4.318 Thread 0x0000000016c17000 DEOPT UNPACKING pc=0x00000000023c582a sp=0x000000001767e340 mode 2
Event: 4.319 Thread 0x0000000016c17000 Uncommon trap: trap_request=0xffffffc6 fr.pc=0x0000000002b0fa34
Event: 4.319 Thread 0x0000000016c17000 DEOPT PACKING pc=0x0000000002b0fa34 sp=0x000000001767e1c0
Event: 4.319 Thread 0x0000000016c17000 DEOPT UNPACKING pc=0x00000000023c582a sp=0x000000001767e1a0 mode 2
Event: 4.793 loading class com/android/dx/cf/attrib/AttRuntimeVisibleParameterAnnotations
Event: 4.793 loading class com/android/dx/cf/attrib/AttRuntimeVisibleParameterAnnotations done
Event: 5.052 loading class com/android/dx/command/dexer/Main$NotFilter
Event: 5.052 loading class com/android/dx/command/dexer/Main$NotFilter done
Event: 5.091 Executing VM operation: ParallelGCFailedAllocation
Event: 5.917 Executing VM operation: ParallelGCFailedAllocation done


Dynamic libraries:
0x00007ff65b5b0000 - 0x00007ff65b5e7000 	C:\Program Files\Java\jdk1.8.0_102\bin\java.exe
0x00007ffd7c050000 - 0x00007ffd7c1fd000 	C:\Windows\SYSTEM32\ntdll.dll
0x00007ffd7bd60000 - 0x00007ffd7be9a000 	C:\Windows\system32\KERNEL32.DLL
0x00007ffd79650000 - 0x00007ffd79765000 	C:\Windows\system32\KERNELBASE.dll
0x00007ffd77c80000 - 0x00007ffd77d0e000 	C:\Windows\system32\apphelp.dll
0x00007ffd6ffe0000 - 0x00007ffd70033000 	C:\Windows\AppPatch\AppPatch64\AcGenral.DLL
0x00007ffd7b020000 - 0x00007ffd7b0c7000 	C:\Windows\system32\msvcrt.dll
0x00007ffd79340000 - 0x00007ffd7936b000 	C:\Windows\system32\SspiCli.dll
0x00007ffd7b7e0000 - 0x00007ffd7b831000 	C:\Windows\system32\SHLWAPI.dll
0x00007ffd7b1e0000 - 0x00007ffd7b351000 	C:\Windows\system32\USER32.dll
0x00007ffd7bb00000 - 0x00007ffd7bc94000 	C:\Windows\system32\ole32.dll
0x00007ffd79770000 - 0x00007ffd7ac9b000 	C:\Windows\system32\SHELL32.dll
0x00007ffd788c0000 - 0x00007ffd788df000 	C:\Windows\SYSTEM32\USERENV.dll
0x00007ffd7b130000 - 0x00007ffd7b1da000 	C:\Windows\system32\ADVAPI32.dll
0x00007ffd6f320000 - 0x00007ffd6f33b000 	C:\Windows\SYSTEM32\MPR.dll
0x00007ffd7bea0000 - 0x00007ffd7bfe0000 	C:\Windows\system32\RPCRT4.dll
0x00007ffd7bca0000 - 0x00007ffd7bcf9000 	C:\Windows\SYSTEM32\sechost.dll
0x00007ffd7b840000 - 0x00007ffd7ba16000 	C:\Windows\SYSTEM32\combase.dll
0x00007ffd7aca0000 - 0x00007ffd7adf0000 	C:\Windows\system32\GDI32.dll
0x00007ffd79220000 - 0x00007ffd79234000 	C:\Windows\SYSTEM32\profapi.dll
0x00007ffd77930000 - 0x00007ffd779cf000 	C:\Windows\SYSTEM32\SHCORE.dll
0x00007ffd7afd0000 - 0x00007ffd7b004000 	C:\Windows\system32\IMM32.DLL
0x00007ffd7b680000 - 0x00007ffd7b7d2000 	C:\Windows\system32\MSCTF.dll
0x00007ffd77030000 - 0x00007ffd772ab000 	C:\Windows\WinSxS\amd64_microsoft.windows.common-controls_6595b64144ccf1df_6.0.9600.18006_none_623f33d3ecbe86e8\COMCTL32.dll
0x0000000065dc0000 - 0x0000000065e91000 	C:\Program Files\Java\jdk1.8.0_102\jre\bin\msvcr100.dll
0x0000000066250000 - 0x0000000066aea000 	C:\Program Files\Java\jdk1.8.0_102\jre\bin\server\jvm.dll
0x00007ffd6e8e0000 - 0x00007ffd6e8e9000 	C:\Windows\SYSTEM32\WSOCK32.dll
0x00007ffd71ac0000 - 0x00007ffd71adf000 	C:\Windows\SYSTEM32\WINMM.dll
0x00007ffd72740000 - 0x00007ffd7274a000 	C:\Windows\SYSTEM32\VERSION.dll
0x00007ffd7b010000 - 0x00007ffd7b017000 	C:\Windows\system32\PSAPI.DLL
0x00007ffd7bd00000 - 0x00007ffd7bd5a000 	C:\Windows\system32\WS2_32.dll
0x00007ffd71a90000 - 0x00007ffd71aba000 	C:\Windows\SYSTEM32\WINMMBASE.dll
0x00007ffd7baf0000 - 0x00007ffd7baf9000 	C:\Windows\system32\NSI.dll
0x00007ffd79370000 - 0x00007ffd793ba000 	C:\Windows\SYSTEM32\cfgmgr32.dll
0x00007ffd780c0000 - 0x00007ffd780e6000 	C:\Windows\SYSTEM32\DEVOBJ.dll
0x0000000066240000 - 0x000000006624f000 	C:\Program Files\Java\jdk1.8.0_102\jre\bin\verify.dll
0x0000000066210000 - 0x0000000066239000 	C:\Program Files\Java\jdk1.8.0_102\jre\bin\java.dll
0x00000000661f0000 - 0x0000000066206000 	C:\Program Files\Java\jdk1.8.0_102\jre\bin\zip.dll

VM Arguments:
jvm_args: -Djava.awt.headless=true -Xmx1024M -Dfile.encoding=windows-1252 -Duser.country=US -Duser.language=en -Duser.variant 
java_command: com.android.dx.command.Main --dex --num-threads=4 --multi-dex --main-dex-list C:\Users\dream\AndroidProjects\ImageUpload\app\build\intermediates\multi-dex\debug\maindexlist.txt --output C:\Users\dream\AndroidProjects\ImageUpload\app\build\intermediates\transforms\dex\debug\folders\1000\1f\main C:\Users\dream\AndroidProjects\ImageUpload\app\build\intermediates\transforms\jarMerging\debug\jars\1\1f\combined.jar
java_class_path (initial): C:\Users\dream\AppData\Local\Android\sdk\build-tools\25.0.3\lib\dx.jar
Launcher Type: SUN_STANDARD

Environment Variables:
PATH=C:\ProgramData\Oracle\Java\javapath;C:\Windows\system32;C:\Windows;C:\Windows\System32\Wbem;C:\Windows\System32\WindowsPowerShell\v1.0\;C:\Program Files (x86)\Microsoft SQL Server\100\Tools\Binn\;C:\Program Files\Microsoft SQL Server\100\Tools\Binn\;C:\Program Files\Microsoft SQL Server\100\DTS\Binn\;C:\Program Files (x86)\Microsoft SQL Server\100\DTS\Binn\;C:\Program Files (x86)\Microsoft SQL Server\100\Tools\Binn\VSShell\Common7\IDE\;C:\Program Files (x86)\Microsoft Visual Studio 9.0\Common7\IDE\PrivateAssemblies\;C:\Program Files\Java\jdk1.8.0_102\bin
USERNAME=dream
OS=Windows_NT
PROCESSOR_IDENTIFIER=Intel64 Family 6 Model 69 Stepping 1, GenuineIntel



---------------  S Y S T E M  ---------------

OS: Windows 8.1 , 64 bit Build 9600 (6.3.9600.17031)

CPU:total 4 (2 cores per cpu, 2 threads per core) family 6 model 69 stepping 1, cmov, cx8, fxsr, mmx, sse, sse2, sse3, ssse3, sse4.1, sse4.2, popcnt, avx, avx2, aes, clmul, erms, lzcnt, ht, tsc, tscinvbit, bmi1, bmi2

Memory: 4k page, physical 4096184k(794644k free), swap 4096184k(3804k free)

vm_info: Java HotSpot(TM) 64-Bit Server VM (25.102-b14) for windows-amd64 JRE (1.8.0_102-b14), built on Jun 22 2016 13:15:21 by "java_re" with MS VC++ 10.0 (VS2010)

time: Sun May 28 12:46:28 2017
elapsed time: 6 seconds (0d 0h 0m 6s)

