#
# There is insufficient memory for the Java Runtime Environment to continue.
# Native memory allocation (malloc) failed to allocate 131088 bytes for Chunk::new
# Possible reasons:
#   The system is out of physical RAM or swap space
#   In 32 bit mode, the process size limit was hit
# Possible solutions:
#   Reduce memory load on the system
#   Increase physical memory or swap space
#   Check if swap backing store is full
#   Use 64 bit Java on a 64 bit OS
#   Decrease Java heap size (-Xmx/-Xms)
#   Decrease number of Java threads
#   Decrease Java thread stack sizes (-Xss)
#   Set larger code cache with -XX:ReservedCodeCacheSize=
# This output file may be truncated or incomplete.
#
#  Out of Memory Error (allocation.cpp:390), pid=2084, tid=0x000000000000120c
#
# JRE version: Java(TM) SE Runtime Environment (8.0_102-b14) (build 1.8.0_102-b14)
# Java VM: Java HotSpot(TM) 64-Bit Server VM (25.102-b14 mixed mode windows-amd64 compressed oops)
# Failed to write core dump. Minidumps are not enabled by default on client versions of Windows
#

---------------  T H R E A D  ---------------

Current thread (0x0000000014e5c800):  JavaThread "C2 CompilerThread0" daemon [_thread_in_native, id=4620, stack(0x00000000164b0000,0x00000000165b0000)]

Stack: [0x00000000164b0000,0x00000000165b0000]
[error occurred during error reporting (printing stack bounds), id 0xc0000005]

Native frames: (J=compiled Java code, j=interpreted, Vv=VM code, C=native code)


Current CompileTask:
C2:  16344 1830       4       com.android.dx.rop.code.Rops::ropFor (771 bytes)


---------------  P R O C E S S  ---------------

Java Threads: ( => current thread )
  0x0000000016b09000 JavaThread "pool-1-thread-4" [_thread_blocked, id=3508, stack(0x00000000171b0000,0x00000000172b0000)]
  0x0000000016b05800 JavaThread "pool-1-thread-3" [_thread_blocked, id=3564, stack(0x00000000170b0000,0x00000000171b0000)]
  0x0000000016b00000 JavaThread "pool-1-thread-2" [_thread_blocked, id=1768, stack(0x0000000016fb0000,0x00000000170b0000)]
  0x0000000016af9800 JavaThread "pool-2-thread-1" [_thread_blocked, id=4580, stack(0x0000000016eb0000,0x0000000016fb0000)]
  0x0000000016af1000 JavaThread "pool-1-thread-1" [_thread_in_vm, id=3472, stack(0x0000000016db0000,0x0000000016eb0000)]
  0x00000000167b5000 JavaThread "Service Thread" daemon [_thread_blocked, id=4116, stack(0x0000000016bb0000,0x0000000016cb0000)]
  0x0000000014ebc000 JavaThread "C1 CompilerThread2" daemon [_thread_blocked, id=3492, stack(0x00000000166b0000,0x00000000167b0000)]
  0x0000000014eb5800 JavaThread "C2 CompilerThread1" daemon [_thread_in_native, id=3912, stack(0x00000000165b0000,0x00000000166b0000)]
=>0x0000000014e5c800 JavaThread "C2 CompilerThread0" daemon [_thread_in_native, id=4620, stack(0x00000000164b0000,0x00000000165b0000)]
  0x0000000014e5a800 JavaThread "Attach Listener" daemon [_thread_blocked, id=4308, stack(0x00000000163b0000,0x00000000164b0000)]
  0x0000000014e59800 JavaThread "Signal Dispatcher" daemon [_thread_blocked, id=2216, stack(0x00000000162b0000,0x00000000163b0000)]
  0x0000000014e4a800 JavaThread "Finalizer" daemon [_thread_blocked, id=4636, stack(0x00000000160d0000,0x00000000161d0000)]
  0x0000000014e29000 JavaThread "Reference Handler" daemon [_thread_blocked, id=3988, stack(0x0000000015fd0000,0x00000000160d0000)]
  0x00000000025e0800 JavaThread "main" [_thread_blocked, id=4244, stack(0x0000000000d70000,0x0000000000e70000)]

Other Threads:
  0x0000000014e26800 VMThread [stack: 0x0000000015ed0000,0x0000000015fd0000] [id=196]
  0x00000000167b8800 WatcherThread [stack: 0x0000000016cb0000,0x0000000016db0000] [id=4684]

VM state:not at safepoint (normal execution)

VM Mutex/Monitor currently owned by a thread:  ([mutex/lock_event])
[0x0000000000d4b850] CodeCache_lock - owner thread: 0x0000000014eb5800
[0x0000000000d4d730] Compile_lock - owner thread: 0x0000000014eb5800
[0x0000000000d4dbb0] MethodCompileQueue_lock - owner thread: 0x0000000014eb5800

Heap:
 PSYoungGen      total 68096K, used 15861K [0x00000000eab00000, 0x00000000ef000000, 0x0000000100000000)
  eden space 65536K, 20% used [0x00000000eab00000,0x00000000eb805560,0x00000000eeb00000)
  from space 2560K, 98% used [0x00000000eed80000,0x00000000eeff8028,0x00000000ef000000)
  to   space 2560K, 0% used [0x00000000eeb00000,0x00000000eeb00000,0x00000000eed80000)
 ParOldGen       total 44032K, used 12214K [0x00000000c0000000, 0x00000000c2b00000, 0x00000000eab00000)
  object space 44032K, 27% used [0x00000000c0000000,0x00000000c0bed850,0x00000000c2b00000)
 Metaspace       used 6185K, capacity 7152K, committed 7296K, reserved 1056768K
  class space    used 592K, capacity 616K, committed 640K, reserved 1048576K

Card table byte_map: [0x0000000011b50000,0x0000000011d60000] byte_map_base: 0x0000000011550000

Marking Bits: (ParMarkBitMap*) 0x000000005d32a6c0
 Begin Bits: [0x00000000122c0000, 0x00000000132c0000)
 End Bits:   [0x00000000132c0000, 0x00000000142c0000)

Polling page: 0x0000000000d30000

CodeCache: size=245760Kb used=8348Kb max_used=8362Kb free=237411Kb
 bounds [0x0000000002790000, 0x0000000002fd0000, 0x0000000011790000]
 total_blobs=2073 nmethods=1809 adapters=176
 compilation: enabled

Compilation events (10 events):
Event: 16.185 Thread 0x0000000014ebc000 nmethod 1841 0x0000000002fb76d0 code [0x0000000002fb7be0, 0x0000000002fbafe8]
Event: 16.217 Thread 0x0000000014eb5800 1843       4       com.android.dx.rop.code.BasicBlockList$RegCountVisitor::visitThrowingCstInsn (6 bytes)
Event: 16.224 Thread 0x0000000014eb5800 nmethod 1843 0x0000000002f85290 code [0x0000000002f853e0, 0x0000000002f85658]
Event: 16.263 Thread 0x0000000014eb5800 1844       4       com.android.dx.rop.code.Rop::<init> (137 bytes)
Event: 16.267 Thread 0x0000000014eb5800 nmethod 1844 0x0000000002f84c50 code [0x0000000002f84da0, 0x0000000002f84fb8]
Event: 16.267 Thread 0x0000000014eb5800 1845       4       java.lang.Long::numberOfTrailingZeros (116 bytes)
Event: 16.268 Thread 0x0000000014eb5800 nmethod 1845 0x0000000002f9a050 code [0x0000000002f9a180, 0x0000000002f9a258]
Event: 16.269 Thread 0x0000000014eb5800 1846       4       com.android.dx.ssa.DomFront::calcDomFronts (154 bytes)
Event: 16.301 Thread 0x0000000014eb5800 nmethod 1846 0x0000000002fbd5d0 code [0x0000000002fbd760, 0x0000000002fbe0b8]
Event: 16.301 Thread 0x0000000014eb5800 1847       4       com.android.dx.ssa.SsaMethod::forEachBlockDepthFirstDom (128 bytes)

GC Heap History (8 events):
Event: 3.205 GC heap before
{Heap before GC invocations=1 (full 0):
 PSYoungGen      total 18944K, used 16384K [0x00000000eab00000, 0x00000000ec000000, 0x0000000100000000)
  eden space 16384K, 100% used [0x00000000eab00000,0x00000000ebb00000,0x00000000ebb00000)
  from space 2560K, 0% used [0x00000000ebd80000,0x00000000ebd80000,0x00000000ec000000)
  to   space 2560K, 0% used [0x00000000ebb00000,0x00000000ebb00000,0x00000000ebd80000)
 ParOldGen       total 44032K, used 0K [0x00000000c0000000, 0x00000000c2b00000, 0x00000000eab00000)
  object space 44032K, 0% used [0x00000000c0000000,0x00000000c0000000,0x00000000c2b00000)
 Metaspace       used 4049K, capacity 5232K, committed 5376K, reserved 1056768K
  class space    used 454K, capacity 488K, committed 512K, reserved 1048576K
Event: 3.383 GC heap after
Heap after GC invocations=1 (full 0):
 PSYoungGen      total 18944K, used 1589K [0x00000000eab00000, 0x00000000ed000000, 0x0000000100000000)
  eden space 16384K, 0% used [0x00000000eab00000,0x00000000eab00000,0x00000000ebb00000)
  from space 2560K, 62% used [0x00000000ebb00000,0x00000000ebc8d608,0x00000000ebd80000)
  to   space 2560K, 0% used [0x00000000ecd80000,0x00000000ecd80000,0x00000000ed000000)
 ParOldGen       total 44032K, used 8K [0x00000000c0000000, 0x00000000c2b00000, 0x00000000eab00000)
  object space 44032K, 0% used [0x00000000c0000000,0x00000000c0002000,0x00000000c2b00000)
 Metaspace       used 4049K, capacity 5232K, committed 5376K, reserved 1056768K
  class space    used 454K, capacity 488K, committed 512K, reserved 1048576K
}
Event: 8.290 GC heap before
{Heap before GC invocations=2 (full 0):
 PSYoungGen      total 18944K, used 17973K [0x00000000eab00000, 0x00000000ed000000, 0x0000000100000000)
  eden space 16384K, 100% used [0x00000000eab00000,0x00000000ebb00000,0x00000000ebb00000)
  from space 2560K, 62% used [0x00000000ebb00000,0x00000000ebc8d608,0x00000000ebd80000)
  to   space 2560K, 0% used [0x00000000ecd80000,0x00000000ecd80000,0x00000000ed000000)
 ParOldGen       total 44032K, used 8K [0x00000000c0000000, 0x00000000c2b00000, 0x00000000eab00000)
  object space 44032K, 0% used [0x00000000c0000000,0x00000000c0002000,0x00000000c2b00000)
 Metaspace       used 5840K, capacity 6896K, committed 7040K, reserved 1056768K
  class space    used 587K, capacity 616K, committed 640K, reserved 1048576K
Event: 8.477 GC heap after
Heap after GC invocations=2 (full 0):
 PSYoungGen      total 35328K, used 2531K [0x00000000eab00000, 0x00000000ed000000, 0x0000000100000000)
  eden space 32768K, 0% used [0x00000000eab00000,0x00000000eab00000,0x00000000ecb00000)
  from space 2560K, 98% used [0x00000000ecd80000,0x00000000ecff8e58,0x00000000ed000000)
  to   space 2560K, 0% used [0x00000000ecb00000,0x00000000ecb00000,0x00000000ecd80000)
 ParOldGen       total 44032K, used 1737K [0x00000000c0000000, 0x00000000c2b00000, 0x00000000eab00000)
  object space 44032K, 3% used [0x00000000c0000000,0x00000000c01b24f0,0x00000000c2b00000)
 Metaspace       used 5840K, capacity 6896K, committed 7040K, reserved 1056768K
  class space    used 587K, capacity 616K, committed 640K, reserved 1048576K
}
Event: 12.342 GC heap before
{Heap before GC invocations=3 (full 0):
 PSYoungGen      total 35328K, used 35299K [0x00000000eab00000, 0x00000000ed000000, 0x0000000100000000)
  eden space 32768K, 100% used [0x00000000eab00000,0x00000000ecb00000,0x00000000ecb00000)
  from space 2560K, 98% used [0x00000000ecd80000,0x00000000ecff8e58,0x00000000ed000000)
  to   space 2560K, 0% used [0x00000000ecb00000,0x00000000ecb00000,0x00000000ecd80000)
 ParOldGen       total 44032K, used 1737K [0x00000000c0000000, 0x00000000c2b00000, 0x00000000eab00000)
  object space 44032K, 3% used [0x00000000c0000000,0x00000000c01b24f0,0x00000000c2b00000)
 Metaspace       used 6088K, capacity 7088K, committed 7296K, reserved 1056768K
  class space    used 592K, capacity 616K, committed 640K, reserved 1048576K
Event: 12.452 GC heap after
Heap after GC invocations=3 (full 0):
 PSYoungGen      total 35328K, used 2528K [0x00000000eab00000, 0x00000000ef000000, 0x0000000100000000)
  eden space 32768K, 0% used [0x00000000eab00000,0x00000000eab00000,0x00000000ecb00000)
  from space 2560K, 98% used [0x00000000ecb00000,0x00000000ecd78028,0x00000000ecd80000)
  to   space 2560K, 0% used [0x00000000eed80000,0x00000000eed80000,0x00000000ef000000)
 ParOldGen       total 44032K, used 7236K [0x00000000c0000000, 0x00000000c2b00000, 0x00000000eab00000)
  object space 44032K, 16% used [0x00000000c0000000,0x00000000c0711330,0x00000000c2b00000)
 Metaspace       used 6088K, capacity 7088K, committed 7296K, reserved 1056768K
  class space    used 592K, capacity 616K, committed 640K, reserved 1048576K
}
Event: 15.271 GC heap before
{Heap before GC invocations=4 (full 0):
 PSYoungGen      total 35328K, used 35296K [0x00000000eab00000, 0x00000000ef000000, 0x0000000100000000)
  eden space 32768K, 100% used [0x00000000eab00000,0x00000000ecb00000,0x00000000ecb00000)
  from space 2560K, 98% used [0x00000000ecb00000,0x00000000ecd78028,0x00000000ecd80000)
  to   space 2560K, 0% used [0x00000000eed80000,0x00000000eed80000,0x00000000ef000000)
 ParOldGen       total 44032K, used 7236K [0x00000000c0000000, 0x00000000c2b00000, 0x00000000eab00000)
  object space 44032K, 16% used [0x00000000c0000000,0x00000000c0711330,0x00000000c2b00000)
 Metaspace       used 6153K, capacity 7152K, committed 7296K, reserved 1056768K
  class space    used 592K, capacity 616K, committed 640K, reserved 1048576K
Event: 15.615 GC heap after
Heap after GC invocations=4 (full 0):
 PSYoungGen      total 68096K, used 2528K [0x00000000eab00000, 0x00000000ef000000, 0x0000000100000000)
  eden space 65536K, 0% used [0x00000000eab00000,0x00000000eab00000,0x00000000eeb00000)
  from space 2560K, 98% used [0x00000000eed80000,0x00000000eeff8028,0x00000000ef000000)
  to   space 2560K, 0% used [0x00000000eeb00000,0x00000000eeb00000,0x00000000eed80000)
 ParOldGen       total 44032K, used 12214K [0x00000000c0000000, 0x00000000c2b00000, 0x00000000eab00000)
  object space 44032K, 27% used [0x00000000c0000000,0x00000000c0bed850,0x00000000c2b00000)
 Metaspace       used 6153K, capacity 7152K, committed 7296K, reserved 1056768K
  class space    used 592K, capacity 616K, committed 640K, reserved 1048576K
}

Deoptimization events (10 events):
Event: 11.790 Thread 0x0000000016af1000 Uncommon trap: reason=class_check action=maybe_recompile pc=0x0000000002cfa724 method=com.android.dx.ssa.NormalSsaInsn.accept(Lcom/android/dx/ssa/SsaInsn$Visitor;)V @ 9
Event: 11.790 Thread 0x0000000016af1000 Uncommon trap: reason=class_check action=maybe_recompile pc=0x0000000002a86d54 method=com.android.dx.ssa.NormalSsaInsn.accept(Lcom/android/dx/ssa/SsaInsn$Visitor;)V @ 9
Event: 11.792 Thread 0x0000000016af1000 Uncommon trap: reason=class_check action=maybe_recompile pc=0x0000000002a1d970 method=com.android.dx.ssa.NormalSsaInsn.accept(Lcom/android/dx/ssa/SsaInsn$Visitor;)V @ 9
Event: 14.483 Thread 0x0000000016b09000 Uncommon trap: reason=unstable_if action=reinterpret pc=0x0000000002dd5c4c method=com.android.dx.rop.code.RegisterSpecSet.localItemToSpec(Lcom/android/dx/rop/code/LocalItem;)Lcom/android/dx/rop/code/RegisterSpec; @ 35
Event: 14.721 Thread 0x0000000016b09000 Uncommon trap: reason=null_check action=make_not_entrant pc=0x0000000002e66024 method=com.android.dx.rop.type.Type.equals(Ljava/lang/Object;)Z @ 8
Event: 15.242 Thread 0x0000000016b00000 Uncommon trap: reason=unstable_if action=reinterpret pc=0x0000000002eb33e0 method=com.android.dx.rop.code.RegisterSpecSet.localItemToSpec(Lcom/android/dx/rop/code/LocalItem;)Lcom/android/dx/rop/code/RegisterSpec; @ 35
Event: 15.756 Thread 0x0000000016b00000 Uncommon trap: reason=unstable_if action=reinterpret pc=0x0000000002f4060c method=com.android.dx.cf.code.Ropper.processBlock(Lcom/android/dx/cf/code/ByteBlock;Lcom/android/dx/cf/code/Frame;[I)V @ 413
Event: 15.756 Thread 0x0000000016b00000 Uncommon trap: reason=unstable_if action=reinterpret pc=0x0000000002c288bc method=com.android.dx.util.IntList.binarysearch(I)I @ 105
Event: 15.756 Thread 0x0000000016b00000 Uncommon trap: reason=unstable_if action=reinterpret pc=0x0000000002df63d8 method=com.android.dx.ssa.SsaBasicBlock.newFromRop(Lcom/android/dx/rop/code/RopMethod;ILcom/android/dx/ssa/SsaMethod;)Lcom/android/dx/ssa/SsaBasicBlock; @ 164
Event: 15.761 Thread 0x0000000016b00000 Uncommon trap: reason=unstable_if action=reinterpret pc=0x0000000002e72ca8 method=com.android.dx.ssa.SsaMethod.blockIndexToRopLabel(I)I @ 1

Internal exceptions (3 events):
Event: 0.083 Thread 0x00000000025e0800 Exception <a 'java/lang/NoSuchMethodError': Method sun.misc.Unsafe.defineClass(Ljava/lang/String;[BII)Ljava/lang/Class; name or signature does not match> (0x00000000eab07c78) thrown at [C:\re\workspace\8-2-build-windows-amd64-cygwin\jdk8u102\7268\hotspot\s!‡1½‘Sµ?
Event: 0.083 Thread 0x00000000025e0800 Exception <a 'java/lang/NoSuchMethodError': Method sun.misc.Unsafe.prefetchRead(Ljava/lang/Object;J)V name or signature does not match> (0x00000000eab07f60) thrown at [C:\re\workspace\8-2-build-windows-amd64-cygwin\jdk8u102\7268\hotspot\src\share\vm\prims\-+5Áq-@
Event: 14.721 Thread 0x0000000016b09000 Implicit null exception at 0x0000000002e65f1a to 0x0000000002e66017

Events (10 events):
Event: 15.756 Thread 0x0000000016b00000 DEOPT UNPACKING pc=0x00000000027d582a sp=0x00000000170ae8e8 mode 2
Event: 15.756 Thread 0x0000000016b00000 Uncommon trap: trap_request=0xffffff65 fr.pc=0x0000000002c288bc
Event: 15.756 Thread 0x0000000016b00000 DEOPT PACKING pc=0x0000000002c288bc sp=0x00000000170ae880
Event: 15.756 Thread 0x0000000016b00000 DEOPT UNPACKING pc=0x00000000027d582a sp=0x00000000170ae7f8 mode 2
Event: 15.756 Thread 0x0000000016b00000 Uncommon trap: trap_request=0xffffff65 fr.pc=0x0000000002df63d8
Event: 15.756 Thread 0x0000000016b00000 DEOPT PACKING pc=0x0000000002df63d8 sp=0x00000000170ae790
Event: 15.756 Thread 0x0000000016b00000 DEOPT UNPACKING pc=0x00000000027d582a sp=0x00000000170ae798 mode 2
Event: 15.761 Thread 0x0000000016b00000 Uncommon trap: trap_request=0xffffff65 fr.pc=0x0000000002e72ca8
Event: 15.761 Thread 0x0000000016b00000 DEOPT PACKING pc=0x0000000002e72ca8 sp=0x00000000170ae790
Event: 15.761 Thread 0x0000000016b00000 DEOPT UNPACKING pc=0x00000000027d582a sp=0x00000000170ae6b8 mode 2


Dynamic libraries:
0x00007ff77d050000 - 0x00007ff77d087000 	C:\Program Files\Java\jdk1.8.0_102\bin\java.exe
0x00007ff92e4e0000 - 0x00007ff92e68d000 	C:\Windows\SYSTEM32\ntdll.dll
0x00007ff92e390000 - 0x00007ff92e4ca000 	C:\Windows\system32\KERNEL32.DLL
0x00007ff92b880000 - 0x00007ff92b995000 	C:\Windows\system32\KERNELBASE.dll
0x00007ff929c60000 - 0x00007ff929cee000 	C:\Windows\system32\apphelp.dll
0x00007ff918fb0000 - 0x00007ff919003000 	C:\Windows\AppPatch\AppPatch64\AcGenral.DLL
0x00007ff92e150000 - 0x00007ff92e1f7000 	C:\Windows\system32\msvcrt.dll
0x00007ff92bb80000 - 0x00007ff92bbab000 	C:\Windows\system32\SspiCli.dll
0x00007ff92c6a0000 - 0x00007ff92c6f1000 	C:\Windows\system32\SHLWAPI.dll
0x00007ff92e210000 - 0x00007ff92e381000 	C:\Windows\system32\USER32.dll
0x00007ff92bd50000 - 0x00007ff92bee4000 	C:\Windows\system32\ole32.dll
0x00007ff92c700000 - 0x00007ff92dc2b000 	C:\Windows\system32\SHELL32.dll
0x00007ff92ad50000 - 0x00007ff92ad6f000 	C:\Windows\SYSTEM32\USERENV.dll
0x00007ff92c1a0000 - 0x00007ff92c24a000 	C:\Windows\system32\ADVAPI32.dll
0x00007ff922270000 - 0x00007ff92228b000 	C:\Windows\SYSTEM32\MPR.dll
0x00007ff92df40000 - 0x00007ff92e080000 	C:\Windows\system32\RPCRT4.dll
0x00007ff92dc30000 - 0x00007ff92dc89000 	C:\Windows\SYSTEM32\sechost.dll
0x00007ff92c4c0000 - 0x00007ff92c696000 	C:\Windows\SYSTEM32\combase.dll
0x00007ff92bc00000 - 0x00007ff92bd50000 	C:\Windows\system32\GDI32.dll
0x00007ff92b6b0000 - 0x00007ff92b6c4000 	C:\Windows\SYSTEM32\profapi.dll
0x00007ff929bc0000 - 0x00007ff929c5f000 	C:\Windows\SYSTEM32\SHCORE.dll
0x00007ff92bef0000 - 0x00007ff92bf24000 	C:\Windows\system32\IMM32.DLL
0x00007ff92c250000 - 0x00007ff92c3a2000 	C:\Windows\system32\MSCTF.dll
0x00007ff929750000 - 0x00007ff9299cb000 	C:\Windows\WinSxS\amd64_microsoft.windows.common-controls_6595b64144ccf1df_6.0.9600.18006_none_623f33d3ecbe86e8\COMCTL32.dll
0x000000005c890000 - 0x000000005c961000 	C:\Program Files\Java\jdk1.8.0_102\jre\bin\msvcr100.dll
0x000000005cb10000 - 0x000000005d3aa000 	C:\Program Files\Java\jdk1.8.0_102\jre\bin\server\jvm.dll
0x00007ff9183d0000 - 0x00007ff9183d9000 	C:\Windows\SYSTEM32\WSOCK32.dll
0x00007ff923e40000 - 0x00007ff923e5f000 	C:\Windows\SYSTEM32\WINMM.dll
0x00007ff924d10000 - 0x00007ff924d1a000 	C:\Windows\SYSTEM32\VERSION.dll
0x00007ff92e4d0000 - 0x00007ff92e4d7000 	C:\Windows\system32\PSAPI.DLL
0x00007ff92dc90000 - 0x00007ff92dcea000 	C:\Windows\system32\WS2_32.dll
0x00007ff923e10000 - 0x00007ff923e3a000 	C:\Windows\SYSTEM32\WINMMBASE.dll
0x00007ff92c190000 - 0x00007ff92c199000 	C:\Windows\system32\NSI.dll
0x00007ff92bbb0000 - 0x00007ff92bbfa000 	C:\Windows\SYSTEM32\cfgmgr32.dll
0x00007ff92a530000 - 0x00007ff92a556000 	C:\Windows\SYSTEM32\DEVOBJ.dll
0x000000005dc00000 - 0x000000005dc0f000 	C:\Program Files\Java\jdk1.8.0_102\jre\bin\verify.dll
0x000000005dbd0000 - 0x000000005dbf9000 	C:\Program Files\Java\jdk1.8.0_102\jre\bin\java.dll
0x000000005dbb0000 - 0x000000005dbc6000 	C:\Program Files\Java\jdk1.8.0_102\jre\bin\zip.dll

VM Arguments:
jvm_args: -Djava.awt.headless=true -Xmx1024M -Dfile.encoding=windows-1252 -Duser.country=US -Duser.language=en -Duser.variant 
java_command: com.android.dx.command.Main --dex --num-threads=4 --output C:\Users\dream\AndroidProjects\ImageUpload\app\build\intermediates\pre-dexed\debug\com.android.support-support-compat-25.3.1_1d877ef53cb7e6cfc1563e9b5e403e8002316bb5.jar C:\Users\dream\AndroidProjects\ImageUpload\app\build\intermediates\exploded-aar\com.android.support\support-compat\25.3.1\jars\classes.jar
java_class_path (initial): C:\Users\dream\AppData\Local\Android\sdk\build-tools\25.0.3\lib\dx.jar
Launcher Type: SUN_STANDARD

Environment Variables:
PATH=C:\ProgramData\Oracle\Java\javapath;C:\Windows\system32;C:\Windows;C:\Windows\System32\Wbem;C:\Windows\System32\WindowsPowerShell\v1.0\;C:\Program Files (x86)\Microsoft SQL Server\100\Tools\Binn\;C:\Program Files\Microsoft SQL Server\100\Tools\Binn\;C:\Program Files\Microsoft SQL Server\100\DTS\Binn\;C:\Program Files (x86)\Microsoft SQL Server\100\DTS\Binn\;C:\Program Files (x86)\Microsoft SQL Server\100\Tools\Binn\VSShell\Common7\IDE\;C:\Program Files (x86)\Microsoft Visual Studio 9.0\Common7\IDE\PrivateAssemblies\;C:\Program Files\Java\jdk1.8.0_102\bin
USERNAME=dream
OS=Windows_NT
PROCESSOR_IDENTIFIER=Intel64 Family 6 Model 69 Stepping 1, GenuineIntel



---------------  S Y S T E M  ---------------

OS: Windows 8.1 , 64 bit Build 9600 (6.3.9600.17031)

CPU:total 4 (2 cores per cpu, 2 threads per core) family 6 model 69 stepping 1, cmov, cx8, fxsr, mmx, sse, sse2, sse3, ssse3, sse4.1, sse4.2, popcnt, avx, avx2, aes, clmul, erms, lzcnt, ht, tsc, tscinvbit, bmi1, bmi2

Memory: 4k page, physical 4096184k(904752k free), swap 4096184k(5120k free)

vm_info: Java HotSpot(TM) 64-Bit Server VM (25.102-b14) for windows-amd64 JRE (1.8.0_102-b14), built on Jun 22 2016 13:15:21 by "java_re" with MS VC++ 10.0 (VS2010)

time: Fri May 26 14:28:09 2017
elapsed time: 16 seconds (0d 0h 0m 16s)

