#
# There is insufficient memory for the Java Runtime Environment to continue.
# Native memory allocation (malloc) failed to allocate 32744 bytes for ChunkPool::allocate
# Possible reasons:
#   The system is out of physical RAM or swap space
#   In 32 bit mode, the process size limit was hit
# Possible solutions:
#   Reduce memory load on the system
#   Increase physical memory or swap space
#   Check if swap backing store is full
#   Use 64 bit Java on a 64 bit OS
#   Decrease Java heap size (-Xmx/-Xms)
#   Decrease number of Java threads
#   Decrease Java thread stack sizes (-Xss)
#   Set larger code cache with -XX:ReservedCodeCacheSize=
# This output file may be truncated or incomplete.
#
#  Out of Memory Error (allocation.cpp:273), pid=4540, tid=0x0000000000001378
#
# JRE version: Java(TM) SE Runtime Environment (8.0_102-b14) (build 1.8.0_102-b14)
# Java VM: Java HotSpot(TM) 64-Bit Server VM (25.102-b14 mixed mode windows-amd64 compressed oops)
# Failed to write core dump. Minidumps are not enabled by default on client versions of Windows
#

---------------  T H R E A D  ---------------

Current thread (0x0000000014cd9000):  JavaThread "C2 CompilerThread1" daemon [_thread_in_native, id=4984, stack(0x00000000163b0000,0x00000000164b0000)]

Stack: [0x00000000163b0000,0x00000000164b0000]
[error occurred during error reporting (printing stack bounds), id 0xc0000005]

Native frames: (J=compiled Java code, j=interpreted, Vv=VM code, C=native code)


Current CompileTask:
C2:   4804 1275   !   4       com.android.dx.cf.code.BytecodeArray::parseInstruction (2764 bytes)


---------------  P R O C E S S  ---------------

Java Threads: ( => current thread )
  0x0000000016876800 JavaThread "pool-1-thread-4" [_thread_in_Java, id=4728, stack(0x00000000177b0000,0x00000000178b0000)]
  0x0000000016875800 JavaThread "pool-1-thread-3" [_thread_blocked, id=836, stack(0x00000000176b0000,0x00000000177b0000)]
  0x0000000016870000 JavaThread "pool-1-thread-2" [_thread_blocked, id=4732, stack(0x00000000175b0000,0x00000000176b0000)]
  0x000000001686f000 JavaThread "pool-2-thread-1" [_thread_blocked, id=4140, stack(0x00000000174b0000,0x00000000175b0000)]
  0x0000000016860800 JavaThread "pool-1-thread-1" [_thread_in_Java, id=3980, stack(0x00000000173b0000,0x00000000174b0000)]
  0x00000000165b3000 JavaThread "Service Thread" daemon [_thread_blocked, id=3200, stack(0x00000000169b0000,0x0000000016ab0000)]
  0x0000000014cdc000 JavaThread "C1 CompilerThread2" daemon [_thread_blocked, id=3556, stack(0x00000000164b0000,0x00000000165b0000)]
=>0x0000000014cd9000 JavaThread "C2 CompilerThread1" daemon [_thread_in_native, id=4984, stack(0x00000000163b0000,0x00000000164b0000)]
  0x0000000014c7c800 JavaThread "C2 CompilerThread0" daemon [_thread_in_native, id=1320, stack(0x00000000162b0000,0x00000000163b0000)]
  0x0000000014c7a800 JavaThread "Attach Listener" daemon [_thread_blocked, id=2992, stack(0x00000000161b0000,0x00000000162b0000)]
  0x0000000014c79000 JavaThread "Signal Dispatcher" daemon [_thread_blocked, id=4052, stack(0x00000000160b0000,0x00000000161b0000)]
  0x0000000014c6a000 JavaThread "Finalizer" daemon [_thread_blocked, id=4536, stack(0x0000000015ed0000,0x0000000015fd0000)]
  0x0000000014c49000 JavaThread "Reference Handler" daemon [_thread_blocked, id=4144, stack(0x0000000015dd0000,0x0000000015ed0000)]
  0x00000000023e0800 JavaThread "main" [_thread_blocked, id=2620, stack(0x0000000000b80000,0x0000000000c80000)]

Other Threads:
  0x0000000014c46800 VMThread [stack: 0x0000000015cd0000,0x0000000015dd0000] [id=4884]
  0x00000000165b7000 WatcherThread [stack: 0x0000000016ab0000,0x0000000016bb0000] [id=380]

VM state:not at safepoint (normal execution)

VM Mutex/Monitor currently owned by a thread: None

Heap:
 PSYoungGen      total 35328K, used 8451K [0x00000000eab00000, 0x00000000ed000000, 0x0000000100000000)
  eden space 32768K, 18% used [0x00000000eab00000,0x00000000eb0c8ca0,0x00000000ecb00000)
  from space 2560K, 98% used [0x00000000ecd80000,0x00000000ecff8028,0x00000000ed000000)
  to   space 2560K, 0% used [0x00000000ecb00000,0x00000000ecb00000,0x00000000ecd80000)
 ParOldGen       total 44032K, used 4104K [0x00000000c0000000, 0x00000000c2b00000, 0x00000000eab00000)
  object space 44032K, 9% used [0x00000000c0000000,0x00000000c0402380,0x00000000c2b00000)
 Metaspace       used 6034K, capacity 6962K, committed 7040K, reserved 1056768K
  class space    used 599K, capacity 618K, committed 640K, reserved 1048576K

Card table byte_map: [0x0000000011970000,0x0000000011b80000] byte_map_base: 0x0000000011370000

Marking Bits: (ParMarkBitMap*) 0x000000005d32a6c0
 Begin Bits: [0x00000000120e0000, 0x00000000130e0000)
 End Bits:   [0x00000000130e0000, 0x00000000140e0000)

Polling page: 0x0000000000c80000

CodeCache: size=245760Kb used=5313Kb max_used=5313Kb free=240446Kb
 bounds [0x00000000025b0000, 0x0000000002af0000, 0x00000000115b0000]
 total_blobs=1585 nmethods=1316 adapters=182
 compilation: enabled

Compilation events (10 events):
Event: 4.788 Thread 0x0000000014cdc000 1324       1       com.android.dx.rop.code.SourcePosition::getLine (5 bytes)
Event: 4.788 Thread 0x0000000014cdc000 nmethod 1324 0x0000000002adfc10 code [0x0000000002adfd60, 0x0000000002adfe70]
Event: 4.790 Thread 0x0000000014cdc000 1325       3       com.android.dx.ssa.ConstCollector$2::map (28 bytes)
Event: 4.791 Thread 0x0000000014cdc000 nmethod 1325 0x0000000002adfed0 code [0x0000000002ae0040, 0x0000000002ae0468]
Event: 4.792 Thread 0x0000000014cdc000 1326       3       com.android.dx.ssa.SCCP::replaceConstants (209 bytes)
Event: 4.796 Thread 0x0000000014cdc000 nmethod 1326 0x0000000002ae0590 code [0x0000000002ae08a0, 0x0000000002ae23f8]
Event: 4.798 Thread 0x0000000014cdc000 1327       3       com.android.dx.rop.code.RegisterSpec::make (21 bytes)
Event: 4.798 Thread 0x0000000014cdc000 nmethod 1327 0x0000000002ae3310 code [0x0000000002ae3480, 0x0000000002ae36d8]
Event: 4.798 Thread 0x0000000014cdc000 1328       3       com.android.dx.rop.code.Rops::opMarkLocal (69 bytes)
Event: 4.799 Thread 0x0000000014cdc000 nmethod 1328 0x0000000002ae37d0 code [0x0000000002ae3a00, 0x0000000002ae45d8]

GC Heap History (4 events):
Event: 3.064 GC heap before
{Heap before GC invocations=1 (full 0):
 PSYoungGen      total 18944K, used 16384K [0x00000000eab00000, 0x00000000ec000000, 0x0000000100000000)
  eden space 16384K, 100% used [0x00000000eab00000,0x00000000ebb00000,0x00000000ebb00000)
  from space 2560K, 0% used [0x00000000ebd80000,0x00000000ebd80000,0x00000000ec000000)
  to   space 2560K, 0% used [0x00000000ebb00000,0x00000000ebb00000,0x00000000ebd80000)
 ParOldGen       total 44032K, used 0K [0x00000000c0000000, 0x00000000c2b00000, 0x00000000eab00000)
  object space 44032K, 0% used [0x00000000c0000000,0x00000000c0000000,0x00000000c2b00000)
 Metaspace       used 5807K, capacity 6706K, committed 6784K, reserved 1056768K
  class space    used 599K, capacity 618K, committed 640K, reserved 1048576K
Event: 3.114 GC heap after
Heap after GC invocations=1 (full 0):
 PSYoungGen      total 18944K, used 2554K [0x00000000eab00000, 0x00000000ed000000, 0x0000000100000000)
  eden space 16384K, 0% used [0x00000000eab00000,0x00000000eab00000,0x00000000ebb00000)
  from space 2560K, 99% used [0x00000000ebb00000,0x00000000ebd7ea98,0x00000000ebd80000)
  to   space 2560K, 0% used [0x00000000ecd80000,0x00000000ecd80000,0x00000000ed000000)
 ParOldGen       total 44032K, used 1647K [0x00000000c0000000, 0x00000000c2b00000, 0x00000000eab00000)
  object space 44032K, 3% used [0x00000000c0000000,0x00000000c019bd58,0x00000000c2b00000)
 Metaspace       used 5807K, capacity 6706K, committed 6784K, reserved 1056768K
  class space    used 599K, capacity 618K, committed 640K, reserved 1048576K
}
Event: 4.696 GC heap before
{Heap before GC invocations=2 (full 0):
 PSYoungGen      total 18944K, used 18938K [0x00000000eab00000, 0x00000000ed000000, 0x0000000100000000)
  eden space 16384K, 100% used [0x00000000eab00000,0x00000000ebb00000,0x00000000ebb00000)
  from space 2560K, 99% used [0x00000000ebb00000,0x00000000ebd7ea98,0x00000000ebd80000)
  to   space 2560K, 0% used [0x00000000ecd80000,0x00000000ecd80000,0x00000000ed000000)
 ParOldGen       total 44032K, used 1647K [0x00000000c0000000, 0x00000000c2b00000, 0x00000000eab00000)
  object space 44032K, 3% used [0x00000000c0000000,0x00000000c019bd58,0x00000000c2b00000)
 Metaspace       used 6015K, capacity 6898K, committed 7040K, reserved 1056768K
  class space    used 599K, capacity 618K, committed 640K, reserved 1048576K
Event: 4.754 GC heap after
Heap after GC invocations=2 (full 0):
 PSYoungGen      total 35328K, used 2528K [0x00000000eab00000, 0x00000000ed000000, 0x0000000100000000)
  eden space 32768K, 0% used [0x00000000eab00000,0x00000000eab00000,0x00000000ecb00000)
  from space 2560K, 98% used [0x00000000ecd80000,0x00000000ecff8028,0x00000000ed000000)
  to   space 2560K, 0% used [0x00000000ecb00000,0x00000000ecb00000,0x00000000ecd80000)
 ParOldGen       total 44032K, used 4104K [0x00000000c0000000, 0x00000000c2b00000, 0x00000000eab00000)
  object space 44032K, 9% used [0x00000000c0000000,0x00000000c0402380,0x00000000c2b00000)
 Metaspace       used 6015K, capacity 6898K, committed 7040K, reserved 1056768K
  class space    used 599K, capacity 618K, committed 640K, reserved 1048576K
}

Deoptimization events (5 events):
Event: 1.329 Thread 0x00000000023e0800 Uncommon trap: reason=unstable_if action=reinterpret pc=0x00000000027776c8 method=java.lang.String.<init>([CII)V @ 18
Event: 2.188 Thread 0x0000000016876800 Uncommon trap: reason=unstable_if action=reinterpret pc=0x00000000028045f0 method=java.util.HashMap.getNode(ILjava/lang/Object;)Ljava/util/HashMap$Node; @ 129
Event: 3.134 Thread 0x00000000023e0800 Uncommon trap: reason=null_check action=make_not_entrant pc=0x000000000291a4cc method=com.android.dx.ssa.SsaRenamer.getLocalForNewReg(I)Lcom/android/dx/rop/code/LocalItem; @ 19
Event: 3.774 Thread 0x0000000016860800 Uncommon trap: reason=bimorphic action=maybe_recompile pc=0x00000000028c369c method=java.util.HashMap.getNode(ILjava/lang/Object;)Ljava/util/HashMap$Node; @ 126
Event: 4.645 Thread 0x0000000016875800 Uncommon trap: reason=unstable_if action=reinterpret pc=0x0000000002a52520 method=com.android.dx.ssa.SCCP.simulateStmt(Lcom/android/dx/ssa/SsaInsn;)V @ 53

Internal exceptions (3 events):
Event: 0.190 Thread 0x00000000023e0800 Exception <a 'java/lang/NoSuchMethodError': Method sun.misc.Unsafe.defineClass(Ljava/lang/String;[BII)Ljava/lang/Class; name or signature does not match> (0x00000000eab07c78) thrown at [C:\re\workspace\8-2-build-windows-amd64-cygwin\jdk8u102\7268\hotspot\sgŽ
ËŒSÈ?
Event: 0.190 Thread 0x00000000023e0800 Exception <a 'java/lang/NoSuchMethodError': Method sun.misc.Unsafe.prefetchRead(Ljava/lang/Object;J)V name or signature does not match> (0x00000000eab07f60) thrown at [C:\re\workspace\8-2-build-windows-amd64-cygwin\jdk8u102\7268\hotspot\src\share\vm\prims\ÁÄ«.‰	@
Event: 3.134 Thread 0x00000000023e0800 Implicit null exception at 0x0000000002918bb5 to 0x000000000291a485

Events (10 events):
Event: 4.558 Thread 0x0000000016860800 DEOPT UNPACKING pc=0x00000000025f787f sp=0x00000000174ae4d0 mode 0
Event: 4.586 Thread 0x0000000016875800 DEOPT PACKING pc=0x00000000028a5925 sp=0x00000000177ae9a0
Event: 4.586 Thread 0x0000000016875800 DEOPT UNPACKING pc=0x00000000025f787f sp=0x00000000177ae780 mode 0
Event: 4.637 Thread 0x00000000023e0800 DEOPT PACKING pc=0x00000000029a31fa sp=0x0000000000c7e0a0
Event: 4.637 Thread 0x00000000023e0800 DEOPT UNPACKING pc=0x00000000025f787f sp=0x0000000000c7de08 mode 0
Event: 4.645 Thread 0x0000000016875800 Uncommon trap: trap_request=0xffffff65 fr.pc=0x0000000002a52520
Event: 4.645 Thread 0x0000000016875800 DEOPT PACKING pc=0x0000000002a52520 sp=0x00000000177aea90
Event: 4.645 Thread 0x0000000016875800 DEOPT UNPACKING pc=0x00000000025f582a sp=0x00000000177aea58 mode 2
Event: 4.655 Executing VM operation: ParallelGCFailedAllocation
Event: 4.754 Executing VM operation: ParallelGCFailedAllocation done


Dynamic libraries:
0x00007ff77d050000 - 0x00007ff77d087000 	C:\Program Files\Java\jdk1.8.0_102\bin\java.exe
0x00007ff92e4e0000 - 0x00007ff92e68d000 	C:\Windows\SYSTEM32\ntdll.dll
0x00007ff92e390000 - 0x00007ff92e4ca000 	C:\Windows\system32\KERNEL32.DLL
0x00007ff92b880000 - 0x00007ff92b995000 	C:\Windows\system32\KERNELBASE.dll
0x00007ff929c60000 - 0x00007ff929cee000 	C:\Windows\system32\apphelp.dll
0x00007ff918fb0000 - 0x00007ff919003000 	C:\Windows\AppPatch\AppPatch64\AcGenral.DLL
0x00007ff92e150000 - 0x00007ff92e1f7000 	C:\Windows\system32\msvcrt.dll
0x00007ff92bb80000 - 0x00007ff92bbab000 	C:\Windows\system32\SspiCli.dll
0x00007ff92c6a0000 - 0x00007ff92c6f1000 	C:\Windows\system32\SHLWAPI.dll
0x00007ff92e210000 - 0x00007ff92e381000 	C:\Windows\system32\USER32.dll
0x00007ff92bd50000 - 0x00007ff92bee4000 	C:\Windows\system32\ole32.dll
0x00007ff92c700000 - 0x00007ff92dc2b000 	C:\Windows\system32\SHELL32.dll
0x00007ff92ad50000 - 0x00007ff92ad6f000 	C:\Windows\SYSTEM32\USERENV.dll
0x00007ff92c1a0000 - 0x00007ff92c24a000 	C:\Windows\system32\ADVAPI32.dll
0x00007ff922270000 - 0x00007ff92228b000 	C:\Windows\SYSTEM32\MPR.dll
0x00007ff92df40000 - 0x00007ff92e080000 	C:\Windows\system32\RPCRT4.dll
0x00007ff92dc30000 - 0x00007ff92dc89000 	C:\Windows\SYSTEM32\sechost.dll
0x00007ff92c4c0000 - 0x00007ff92c696000 	C:\Windows\SYSTEM32\combase.dll
0x00007ff92bc00000 - 0x00007ff92bd50000 	C:\Windows\system32\GDI32.dll
0x00007ff92b6b0000 - 0x00007ff92b6c4000 	C:\Windows\SYSTEM32\profapi.dll
0x00007ff929bc0000 - 0x00007ff929c5f000 	C:\Windows\SYSTEM32\SHCORE.dll
0x00007ff92bef0000 - 0x00007ff92bf24000 	C:\Windows\system32\IMM32.DLL
0x00007ff92c250000 - 0x00007ff92c3a2000 	C:\Windows\system32\MSCTF.dll
0x00007ff929750000 - 0x00007ff9299cb000 	C:\Windows\WinSxS\amd64_microsoft.windows.common-controls_6595b64144ccf1df_6.0.9600.18006_none_623f33d3ecbe86e8\COMCTL32.dll
0x000000005c890000 - 0x000000005c961000 	C:\Program Files\Java\jdk1.8.0_102\jre\bin\msvcr100.dll
0x000000005cb10000 - 0x000000005d3aa000 	C:\Program Files\Java\jdk1.8.0_102\jre\bin\server\jvm.dll
0x00007ff9183d0000 - 0x00007ff9183d9000 	C:\Windows\SYSTEM32\WSOCK32.dll
0x00007ff923e40000 - 0x00007ff923e5f000 	C:\Windows\SYSTEM32\WINMM.dll
0x00007ff924d10000 - 0x00007ff924d1a000 	C:\Windows\SYSTEM32\VERSION.dll
0x00007ff92e4d0000 - 0x00007ff92e4d7000 	C:\Windows\system32\PSAPI.DLL
0x00007ff92dc90000 - 0x00007ff92dcea000 	C:\Windows\system32\WS2_32.dll
0x00007ff923e10000 - 0x00007ff923e3a000 	C:\Windows\SYSTEM32\WINMMBASE.dll
0x00007ff92c190000 - 0x00007ff92c199000 	C:\Windows\system32\NSI.dll
0x00007ff92bbb0000 - 0x00007ff92bbfa000 	C:\Windows\SYSTEM32\cfgmgr32.dll
0x00007ff92a530000 - 0x00007ff92a556000 	C:\Windows\SYSTEM32\DEVOBJ.dll
0x000000005dc00000 - 0x000000005dc0f000 	C:\Program Files\Java\jdk1.8.0_102\jre\bin\verify.dll
0x000000005dbd0000 - 0x000000005dbf9000 	C:\Program Files\Java\jdk1.8.0_102\jre\bin\java.dll
0x000000005dbb0000 - 0x000000005dbc6000 	C:\Program Files\Java\jdk1.8.0_102\jre\bin\zip.dll

VM Arguments:
jvm_args: -Djava.awt.headless=true -Xmx1024M -Dfile.encoding=windows-1252 -Duser.country=US -Duser.language=en -Duser.variant 
java_command: com.android.dx.command.Main --dex --num-threads=4 --output C:\Users\dream\AndroidProjects\ImageUpload\app\build\intermediates\pre-dexed\debug\okhttp-2.7.0_33e14b496f0f346aff0d32427497c328950af99b.jar C:\Users\dream\.gradle\caches\modules-2\files-2.1\com.squareup.okhttp\okhttp\2.7.0\1477ec5caf8319ab4b51eb43553cd66aa86fdea5\okhttp-2.7.0.jar
java_class_path (initial): C:\Users\dream\AppData\Local\Android\sdk\build-tools\25.0.3\lib\dx.jar
Launcher Type: SUN_STANDARD

Environment Variables:
PATH=C:\ProgramData\Oracle\Java\javapath;C:\Windows\system32;C:\Windows;C:\Windows\System32\Wbem;C:\Windows\System32\WindowsPowerShell\v1.0\;C:\Program Files (x86)\Microsoft SQL Server\100\Tools\Binn\;C:\Program Files\Microsoft SQL Server\100\Tools\Binn\;C:\Program Files\Microsoft SQL Server\100\DTS\Binn\;C:\Program Files (x86)\Microsoft SQL Server\100\DTS\Binn\;C:\Program Files (x86)\Microsoft SQL Server\100\Tools\Binn\VSShell\Common7\IDE\;C:\Program Files (x86)\Microsoft Visual Studio 9.0\Common7\IDE\PrivateAssemblies\;C:\Program Files\Java\jdk1.8.0_102\bin
USERNAME=dream
OS=Windows_NT
PROCESSOR_IDENTIFIER=Intel64 Family 6 Model 69 Stepping 1, GenuineIntel



---------------  S Y S T E M  ---------------

OS: Windows 8.1 , 64 bit Build 9600 (6.3.9600.17031)

CPU:total 4 (2 cores per cpu, 2 threads per core) family 6 model 69 stepping 1, cmov, cx8, fxsr, mmx, sse, sse2, sse3, ssse3, sse4.1, sse4.2, popcnt, avx, avx2, aes, clmul, erms, lzcnt, ht, tsc, tscinvbit, bmi1, bmi2

Memory: 4k page, physical 4096184k(808148k free), swap 4096184k(5424k free)

vm_info: Java HotSpot(TM) 64-Bit Server VM (25.102-b14) for windows-amd64 JRE (1.8.0_102-b14), built on Jun 22 2016 13:15:21 by "java_re" with MS VC++ 10.0 (VS2010)

time: Fri May 26 15:08:36 2017
elapsed time: 4 seconds (0d 0h 0m 4s)

