#
# There is insufficient memory for the Java Runtime Environment to continue.
# Native memory allocation (malloc) failed to allocate 447296 bytes for Chunk::new
# Possible reasons:
#   The system is out of physical RAM or swap space
#   In 32 bit mode, the process size limit was hit
# Possible solutions:
#   Reduce memory load on the system
#   Increase physical memory or swap space
#   Check if swap backing store is full
#   Use 64 bit Java on a 64 bit OS
#   Decrease Java heap size (-Xmx/-Xms)
#   Decrease number of Java threads
#   Decrease Java thread stack sizes (-Xss)
#   Set larger code cache with -XX:ReservedCodeCacheSize=
# This output file may be truncated or incomplete.
#
#  Out of Memory Error (allocation.cpp:390), pid=4972, tid=0x0000000000000fb0
#
# JRE version: Java(TM) SE Runtime Environment (8.0_102-b14) (build 1.8.0_102-b14)
# Java VM: Java HotSpot(TM) 64-Bit Server VM (25.102-b14 mixed mode windows-amd64 compressed oops)
# Failed to write core dump. Minidumps are not enabled by default on client versions of Windows
#

---------------  T H R E A D  ---------------

Current thread (0x000000001504f800):  JavaThread "C2 CompilerThread0" daemon [_thread_in_native, id=4016, stack(0x0000000016690000,0x0000000016790000)]

Stack: [0x0000000016690000,0x0000000016790000]
[error occurred during error reporting (printing stack bounds), id 0xc0000005]

Native frames: (J=compiled Java code, j=interpreted, Vv=VM code, C=native code)


Current CompileTask:
C2:   8789 1216       4       com.android.dx.ssa.SCCP::simulateStmt (481 bytes)


---------------  P R O C E S S  ---------------

Java Threads: ( => current thread )
  0x0000000016b15800 JavaThread "pool-1-thread-4" [_thread_blocked, id=2168, stack(0x0000000017390000,0x0000000017490000)]
  0x0000000016b14800 JavaThread "pool-1-thread-3" [_thread_in_Java, id=244, stack(0x0000000017290000,0x0000000017390000)]
  0x0000000016b10800 JavaThread "pool-1-thread-2" [_thread_blocked, id=5084, stack(0x0000000017190000,0x0000000017290000)]
  0x0000000016a32000 JavaThread "pool-2-thread-1" [_thread_blocked, id=2840, stack(0x0000000017090000,0x0000000017190000)]
  0x0000000016a2f800 JavaThread "pool-1-thread-1" [_thread_blocked, id=4848, stack(0x0000000016f90000,0x0000000017090000)]
  0x00000000150ad000 JavaThread "Service Thread" daemon [_thread_blocked, id=4572, stack(0x0000000016d90000,0x0000000016e90000)]
  0x0000000016898800 JavaThread "C1 CompilerThread2" daemon [_thread_blocked, id=976, stack(0x0000000016c90000,0x0000000016d90000)]
  0x00000000150a3800 JavaThread "C2 CompilerThread1" daemon [_thread_in_native, id=2932, stack(0x0000000016790000,0x0000000016890000)]
=>0x000000001504f800 JavaThread "C2 CompilerThread0" daemon [_thread_in_native, id=4016, stack(0x0000000016690000,0x0000000016790000)]
  0x000000001504d800 JavaThread "Attach Listener" daemon [_thread_blocked, id=5004, stack(0x0000000016590000,0x0000000016690000)]
  0x000000001504c800 JavaThread "Signal Dispatcher" daemon [_thread_blocked, id=2184, stack(0x0000000016490000,0x0000000016590000)]
  0x000000001503a800 JavaThread "Finalizer" daemon [_thread_blocked, id=2408, stack(0x00000000162b0000,0x00000000163b0000)]
  0x0000000002973000 JavaThread "Reference Handler" daemon [_thread_blocked, id=4984, stack(0x00000000161b0000,0x00000000162b0000)]
  0x0000000002880800 JavaThread "main" [_thread_in_Java, id=1320, stack(0x0000000002710000,0x0000000002810000)]

Other Threads:
  0x0000000015017800 VMThread [stack: 0x00000000160b0000,0x00000000161b0000] [id=2928]
  0x00000000168a2000 WatcherThread [stack: 0x0000000016e90000,0x0000000016f90000] [id=4276]

VM state:not at safepoint (normal execution)

VM Mutex/Monitor currently owned by a thread: None

Heap:
 PSYoungGen      total 35328K, used 6932K [0x00000000eab00000, 0x00000000ed000000, 0x0000000100000000)
  eden space 32768K, 13% used [0x00000000eab00000,0x00000000eaf4b370,0x00000000ecb00000)
  from space 2560K, 99% used [0x00000000ecd80000,0x00000000ecff9c98,0x00000000ed000000)
  to   space 2560K, 0% used [0x00000000ecb00000,0x00000000ecb00000,0x00000000ecd80000)
 ParOldGen       total 44032K, used 3950K [0x00000000c0000000, 0x00000000c2b00000, 0x00000000eab00000)
  object space 44032K, 8% used [0x00000000c0000000,0x00000000c03db9d0,0x00000000c2b00000)
 Metaspace       used 6052K, capacity 6962K, committed 7040K, reserved 1056768K
  class space    used 599K, capacity 618K, committed 640K, reserved 1048576K

Card table byte_map: [0x0000000011d40000,0x0000000011f50000] byte_map_base: 0x0000000011740000

Marking Bits: (ParMarkBitMap*) 0x000000005d32a6c0
 Begin Bits: [0x00000000124b0000, 0x00000000134b0000)
 End Bits:   [0x00000000134b0000, 0x00000000144b0000)

Polling page: 0x0000000000ef0000

CodeCache: size=245760Kb used=5150Kb max_used=5150Kb free=240609Kb
 bounds [0x0000000002980000, 0x0000000002e90000, 0x0000000011980000]
 total_blobs=1557 nmethods=1288 adapters=182
 compilation: enabled

Compilation events (10 events):
Event: 8.769 Thread 0x0000000016898800 1290       1       com.android.dx.rop.cst.CstKnownNull::hashCode (3 bytes)
Event: 8.769 Thread 0x0000000016898800 nmethod 1290 0x0000000002e87690 code [0x0000000002e877e0, 0x0000000002e878f0]
Event: 8.769 Thread 0x0000000016898800 1297       3       com.android.dx.cf.code.BytecodeArray::size (8 bytes)
Event: 8.770 Thread 0x0000000016898800 nmethod 1297 0x0000000002e87950 code [0x0000000002e87aa0, 0x0000000002e87c90]
Event: 8.770 Thread 0x0000000016898800 1298       3       com.android.dx.rop.code.BasicBlockList::<init> (11 bytes)
Event: 8.771 Thread 0x0000000016898800 nmethod 1298 0x0000000002e87d50 code [0x0000000002e87ec0, 0x0000000002e88178]
Event: 8.772 Thread 0x0000000016898800 1299       3       com.android.dx.cf.code.RopperMachine::updateReturnOp (115 bytes)
Event: 8.773 Thread 0x0000000016898800 nmethod 1299 0x0000000002e88290 code [0x0000000002e88520, 0x0000000002e89758]
Event: 8.774 Thread 0x0000000016898800 1300       3       com.android.dx.ssa.SCCP::replaceBranches (142 bytes)
Event: 8.776 Thread 0x0000000016898800 nmethod 1300 0x0000000002e89f90 code [0x0000000002e8a1e0, 0x0000000002e8b1a8]

GC Heap History (4 events):
Event: 7.700 GC heap before
{Heap before GC invocations=1 (full 0):
 PSYoungGen      total 18944K, used 16384K [0x00000000eab00000, 0x00000000ec000000, 0x0000000100000000)
  eden space 16384K, 100% used [0x00000000eab00000,0x00000000ebb00000,0x00000000ebb00000)
  from space 2560K, 0% used [0x00000000ebd80000,0x00000000ebd80000,0x00000000ec000000)
  to   space 2560K, 0% used [0x00000000ebb00000,0x00000000ebb00000,0x00000000ebd80000)
 ParOldGen       total 44032K, used 0K [0x00000000c0000000, 0x00000000c2b00000, 0x00000000eab00000)
  object space 44032K, 0% used [0x00000000c0000000,0x00000000c0000000,0x00000000c2b00000)
 Metaspace       used 5855K, capacity 6770K, committed 7040K, reserved 1056768K
  class space    used 599K, capacity 618K, committed 640K, reserved 1048576K
Event: 7.880 GC heap after
Heap after GC invocations=1 (full 0):
 PSYoungGen      total 18944K, used 2531K [0x00000000eab00000, 0x00000000ed000000, 0x0000000100000000)
  eden space 16384K, 0% used [0x00000000eab00000,0x00000000eab00000,0x00000000ebb00000)
  from space 2560K, 98% used [0x00000000ebb00000,0x00000000ebd78d08,0x00000000ebd80000)
  to   space 2560K, 0% used [0x00000000ecd80000,0x00000000ecd80000,0x00000000ed000000)
 ParOldGen       total 44032K, used 1677K [0x00000000c0000000, 0x00000000c2b00000, 0x00000000eab00000)
  object space 44032K, 3% used [0x00000000c0000000,0x00000000c01a3618,0x00000000c2b00000)
 Metaspace       used 5855K, capacity 6770K, committed 7040K, reserved 1056768K
  class space    used 599K, capacity 618K, committed 640K, reserved 1048576K
}
Event: 8.678 GC heap before
{Heap before GC invocations=2 (full 0):
 PSYoungGen      total 18944K, used 18915K [0x00000000eab00000, 0x00000000ed000000, 0x0000000100000000)
  eden space 16384K, 100% used [0x00000000eab00000,0x00000000ebb00000,0x00000000ebb00000)
  from space 2560K, 98% used [0x00000000ebb00000,0x00000000ebd78d08,0x00000000ebd80000)
  to   space 2560K, 0% used [0x00000000ecd80000,0x00000000ecd80000,0x00000000ed000000)
 ParOldGen       total 44032K, used 1677K [0x00000000c0000000, 0x00000000c2b00000, 0x00000000eab00000)
  object space 44032K, 3% used [0x00000000c0000000,0x00000000c01a3618,0x00000000c2b00000)
 Metaspace       used 6036K, capacity 6962K, committed 7040K, reserved 1056768K
  class space    used 599K, capacity 618K, committed 640K, reserved 1048576K
Event: 8.693 GC heap after
Heap after GC invocations=2 (full 0):
 PSYoungGen      total 35328K, used 2535K [0x00000000eab00000, 0x00000000ed000000, 0x0000000100000000)
  eden space 32768K, 0% used [0x00000000eab00000,0x00000000eab00000,0x00000000ecb00000)
  from space 2560K, 99% used [0x00000000ecd80000,0x00000000ecff9c98,0x00000000ed000000)
  to   space 2560K, 0% used [0x00000000ecb00000,0x00000000ecb00000,0x00000000ecd80000)
 ParOldGen       total 44032K, used 3950K [0x00000000c0000000, 0x00000000c2b00000, 0x00000000eab00000)
  object space 44032K, 8% used [0x00000000c0000000,0x00000000c03db9d0,0x00000000c2b00000)
 Metaspace       used 6036K, capacity 6962K, committed 7040K, reserved 1056768K
  class space    used 599K, capacity 618K, committed 640K, reserved 1048576K
}

Deoptimization events (10 events):
Event: 8.288 Thread 0x0000000002880800 Uncommon trap: reason=bimorphic action=maybe_recompile pc=0x0000000002b905a4 method=java.util.HashMap.getNode(ILjava/lang/Object;)Ljava/util/HashMap$Node; @ 126
Event: 8.293 Thread 0x0000000002880800 Uncommon trap: reason=bimorphic action=maybe_recompile pc=0x0000000002b905a4 method=java.util.HashMap.getNode(ILjava/lang/Object;)Ljava/util/HashMap$Node; @ 126
Event: 8.466 Thread 0x0000000016b15800 Uncommon trap: reason=bimorphic action=maybe_recompile pc=0x0000000002b905a4 method=java.util.HashMap.getNode(ILjava/lang/Object;)Ljava/util/HashMap$Node; @ 126
Event: 8.466 Thread 0x0000000016b15800 Uncommon trap: reason=bimorphic action=maybe_recompile pc=0x0000000002daeb14 method=java.util.HashMap.putVal(ILjava/lang/Object;Ljava/lang/Object;ZZ)Ljava/lang/Object; @ 203
Event: 8.467 Thread 0x0000000016b15800 Uncommon trap: reason=bimorphic action=maybe_recompile pc=0x0000000002b905a4 method=java.util.HashMap.getNode(ILjava/lang/Object;)Ljava/util/HashMap$Node; @ 126
Event: 8.467 Thread 0x0000000016b15800 Uncommon trap: reason=bimorphic action=maybe_recompile pc=0x0000000002daeb14 method=java.util.HashMap.putVal(ILjava/lang/Object;Ljava/lang/Object;ZZ)Ljava/lang/Object; @ 203
Event: 8.467 Thread 0x0000000016b15800 Uncommon trap: reason=bimorphic action=maybe_recompile pc=0x0000000002b8d1a0 method=java.util.HashMap.getNode(ILjava/lang/Object;)Ljava/util/HashMap$Node; @ 126
Event: 8.467 Thread 0x0000000016b15800 Uncommon trap: reason=bimorphic action=maybe_recompile pc=0x0000000002daeb14 method=java.util.HashMap.putVal(ILjava/lang/Object;Ljava/lang/Object;ZZ)Ljava/lang/Object; @ 203
Event: 8.528 Thread 0x0000000016b10800 Uncommon trap: reason=null_check action=make_not_entrant pc=0x0000000002cc54a8 method=com.android.dx.rop.type.Type.equals(Ljava/lang/Object;)Z @ 8
Event: 8.708 Thread 0x0000000002880800 Uncommon trap: reason=bimorphic action=maybe_recompile pc=0x0000000002daeb14 method=java.util.HashMap.putVal(ILjava/lang/Object;Ljava/lang/Object;ZZ)Ljava/lang/Object; @ 203

Internal exceptions (3 events):
Event: 0.063 Thread 0x0000000002880800 Exception <a 'java/lang/NoSuchMethodError': Method sun.misc.Unsafe.defineClass(Ljava/lang/String;[BII)Ljava/lang/Class; name or signature does not match> (0x00000000eab07c78) thrown at [C:\re\workspace\8-2-build-windows-amd64-cygwin\jdk8u102\7268\hotspot\sêÏ¶JH°?
Event: 0.064 Thread 0x0000000002880800 Exception <a 'java/lang/NoSuchMethodError': Method sun.misc.Unsafe.prefetchRead(Ljava/lang/Object;J)V name or signature does not match> (0x00000000eab07f60) thrown at [C:\re\workspace\8-2-build-windows-amd64-cygwin\jdk8u102\7268\hotspot\src\share\vm\prims\nl!@
Event: 8.528 Thread 0x0000000016b10800 Implicit null exception at 0x0000000002cc53a2 to 0x0000000002cc549a

Events (10 events):
Event: 8.535 Thread 0x0000000016b10800 DEOPT UNPACKING pc=0x00000000029c787f sp=0x000000001728e9c0 mode 0
Event: 8.543 Executing VM operation: ForceSafepoint
Event: 8.656 Executing VM operation: ForceSafepoint done
Event: 8.671 Thread 0x0000000016b10800 DEOPT PACKING pc=0x0000000002c9bda5 sp=0x000000001728ec50
Event: 8.671 Thread 0x0000000016b10800 DEOPT UNPACKING pc=0x00000000029c787f sp=0x000000001728ea40 mode 0
Event: 8.678 Executing VM operation: ParallelGCFailedAllocation
Event: 8.693 Executing VM operation: ParallelGCFailedAllocation done
Event: 8.708 Thread 0x0000000002880800 Uncommon trap: trap_request=0xffffffc6 fr.pc=0x0000000002daeb14
Event: 8.708 Thread 0x0000000002880800 DEOPT PACKING pc=0x0000000002daeb14 sp=0x000000000280e1a0
Event: 8.708 Thread 0x0000000002880800 DEOPT UNPACKING pc=0x00000000029c582a sp=0x000000000280e128 mode 2


Dynamic libraries:
0x00007ff77d050000 - 0x00007ff77d087000 	C:\Program Files\Java\jdk1.8.0_102\bin\java.exe
0x00007ff92e4e0000 - 0x00007ff92e68d000 	C:\Windows\SYSTEM32\ntdll.dll
0x00007ff92e390000 - 0x00007ff92e4ca000 	C:\Windows\system32\KERNEL32.DLL
0x00007ff92b880000 - 0x00007ff92b995000 	C:\Windows\system32\KERNELBASE.dll
0x00007ff929c60000 - 0x00007ff929cee000 	C:\Windows\system32\apphelp.dll
0x00007ff918fb0000 - 0x00007ff919003000 	C:\Windows\AppPatch\AppPatch64\AcGenral.DLL
0x00007ff92e150000 - 0x00007ff92e1f7000 	C:\Windows\system32\msvcrt.dll
0x00007ff92bb80000 - 0x00007ff92bbab000 	C:\Windows\system32\SspiCli.dll
0x00007ff92c6a0000 - 0x00007ff92c6f1000 	C:\Windows\system32\SHLWAPI.dll
0x00007ff92e210000 - 0x00007ff92e381000 	C:\Windows\system32\USER32.dll
0x00007ff92bd50000 - 0x00007ff92bee4000 	C:\Windows\system32\ole32.dll
0x00007ff92c700000 - 0x00007ff92dc2b000 	C:\Windows\system32\SHELL32.dll
0x00007ff92ad50000 - 0x00007ff92ad6f000 	C:\Windows\SYSTEM32\USERENV.dll
0x00007ff92c1a0000 - 0x00007ff92c24a000 	C:\Windows\system32\ADVAPI32.dll
0x00007ff922270000 - 0x00007ff92228b000 	C:\Windows\SYSTEM32\MPR.dll
0x00007ff92df40000 - 0x00007ff92e080000 	C:\Windows\system32\RPCRT4.dll
0x00007ff92dc30000 - 0x00007ff92dc89000 	C:\Windows\SYSTEM32\sechost.dll
0x00007ff92c4c0000 - 0x00007ff92c696000 	C:\Windows\SYSTEM32\combase.dll
0x00007ff92bc00000 - 0x00007ff92bd50000 	C:\Windows\system32\GDI32.dll
0x00007ff92b6b0000 - 0x00007ff92b6c4000 	C:\Windows\SYSTEM32\profapi.dll
0x00007ff929bc0000 - 0x00007ff929c5f000 	C:\Windows\SYSTEM32\SHCORE.dll
0x00007ff92bef0000 - 0x00007ff92bf24000 	C:\Windows\system32\IMM32.DLL
0x00007ff92c250000 - 0x00007ff92c3a2000 	C:\Windows\system32\MSCTF.dll
0x00007ff929750000 - 0x00007ff9299cb000 	C:\Windows\WinSxS\amd64_microsoft.windows.common-controls_6595b64144ccf1df_6.0.9600.18006_none_623f33d3ecbe86e8\COMCTL32.dll
0x000000005c890000 - 0x000000005c961000 	C:\Program Files\Java\jdk1.8.0_102\jre\bin\msvcr100.dll
0x000000005cb10000 - 0x000000005d3aa000 	C:\Program Files\Java\jdk1.8.0_102\jre\bin\server\jvm.dll
0x00007ff9183d0000 - 0x00007ff9183d9000 	C:\Windows\SYSTEM32\WSOCK32.dll
0x00007ff923e40000 - 0x00007ff923e5f000 	C:\Windows\SYSTEM32\WINMM.dll
0x00007ff924d10000 - 0x00007ff924d1a000 	C:\Windows\SYSTEM32\VERSION.dll
0x00007ff92e4d0000 - 0x00007ff92e4d7000 	C:\Windows\system32\PSAPI.DLL
0x00007ff92dc90000 - 0x00007ff92dcea000 	C:\Windows\system32\WS2_32.dll
0x00007ff923e10000 - 0x00007ff923e3a000 	C:\Windows\SYSTEM32\WINMMBASE.dll
0x00007ff92c190000 - 0x00007ff92c199000 	C:\Windows\system32\NSI.dll
0x00007ff92bbb0000 - 0x00007ff92bbfa000 	C:\Windows\SYSTEM32\cfgmgr32.dll
0x00007ff92a530000 - 0x00007ff92a556000 	C:\Windows\SYSTEM32\DEVOBJ.dll
0x000000005dc00000 - 0x000000005dc0f000 	C:\Program Files\Java\jdk1.8.0_102\jre\bin\verify.dll
0x000000005dbd0000 - 0x000000005dbf9000 	C:\Program Files\Java\jdk1.8.0_102\jre\bin\java.dll
0x000000005dbb0000 - 0x000000005dbc6000 	C:\Program Files\Java\jdk1.8.0_102\jre\bin\zip.dll

VM Arguments:
jvm_args: -Djava.awt.headless=true -Xmx1024M -Dfile.encoding=windows-1252 -Duser.country=US -Duser.language=en -Duser.variant 
java_command: com.android.dx.command.Main --dex --num-threads=4 --output C:\Users\dream\AndroidProjects\ImageUpload\app\build\intermediates\pre-dexed\debug\okio-1.6.0_3e09d3f3326fe716850669e6822d49dd6cf10aeb.jar C:\Users\dream\.gradle\caches\modules-2\files-2.1\com.squareup.okio\okio\1.6.0\98476622f10715998eacf9240d6b479f12c66143\okio-1.6.0.jar
java_class_path (initial): C:\Users\dream\AppData\Local\Android\sdk\build-tools\25.0.3\lib\dx.jar
Launcher Type: SUN_STANDARD

Environment Variables:
PATH=C:\ProgramData\Oracle\Java\javapath;C:\Windows\system32;C:\Windows;C:\Windows\System32\Wbem;C:\Windows\System32\WindowsPowerShell\v1.0\;C:\Program Files (x86)\Microsoft SQL Server\100\Tools\Binn\;C:\Program Files\Microsoft SQL Server\100\Tools\Binn\;C:\Program Files\Microsoft SQL Server\100\DTS\Binn\;C:\Program Files (x86)\Microsoft SQL Server\100\DTS\Binn\;C:\Program Files (x86)\Microsoft SQL Server\100\Tools\Binn\VSShell\Common7\IDE\;C:\Program Files (x86)\Microsoft Visual Studio 9.0\Common7\IDE\PrivateAssemblies\;C:\Program Files\Java\jdk1.8.0_102\bin
USERNAME=dream
OS=Windows_NT
PROCESSOR_IDENTIFIER=Intel64 Family 6 Model 69 Stepping 1, GenuineIntel



---------------  S Y S T E M  ---------------

OS: Windows 8.1 , 64 bit Build 9600 (6.3.9600.17031)

CPU:total 4 (2 cores per cpu, 2 threads per core) family 6 model 69 stepping 1, cmov, cx8, fxsr, mmx, sse, sse2, sse3, ssse3, sse4.1, sse4.2, popcnt, avx, avx2, aes, clmul, erms, lzcnt, ht, tsc, tscinvbit, bmi1, bmi2

Memory: 4k page, physical 4096184k(693812k free), swap 4096184k(5220k free)

vm_info: Java HotSpot(TM) 64-Bit Server VM (25.102-b14) for windows-amd64 JRE (1.8.0_102-b14), built on Jun 22 2016 13:15:21 by "java_re" with MS VC++ 10.0 (VS2010)

time: Fri May 26 14:59:52 2017
elapsed time: 8 seconds (0d 0h 0m 8s)

