#
# There is insufficient memory for the Java Runtime Environment to continue.
# Native memory allocation (malloc) failed to allocate 1034416 bytes for Chunk::new
# Possible reasons:
#   The system is out of physical RAM or swap space
#   In 32 bit mode, the process size limit was hit
# Possible solutions:
#   Reduce memory load on the system
#   Increase physical memory or swap space
#   Check if swap backing store is full
#   Use 64 bit Java on a 64 bit OS
#   Decrease Java heap size (-Xmx/-Xms)
#   Decrease number of Java threads
#   Decrease Java thread stack sizes (-Xss)
#   Set larger code cache with -XX:ReservedCodeCacheSize=
# This output file may be truncated or incomplete.
#
#  Out of Memory Error (allocation.cpp:390), pid=4664, tid=0x0000000000000150
#
# JRE version: Java(TM) SE Runtime Environment (8.0_102-b14) (build 1.8.0_102-b14)
# Java VM: Java HotSpot(TM) 64-Bit Server VM (25.102-b14 mixed mode windows-amd64 compressed oops)
# Failed to write core dump. Minidumps are not enabled by default on client versions of Windows
#

---------------  T H R E A D  ---------------

Current thread (0x000000001508c800):  JavaThread "C2 CompilerThread0" daemon [_thread_in_native, id=336, stack(0x0000000016700000,0x0000000016800000)]

Stack: [0x0000000016700000,0x0000000016800000]
[error occurred during error reporting (printing stack bounds), id 0xc0000005]

Native frames: (J=compiled Java code, j=interpreted, Vv=VM code, C=native code)


Current CompileTask:
C2:   8837 1919   !   4       com.android.dx.cf.code.RopperMachine::run (1550 bytes)


---------------  P R O C E S S  ---------------

Java Threads: ( => current thread )
  0x0000000016d3e000 JavaThread "pool-1-thread-4" [_thread_in_Java, id=4880, stack(0x0000000017400000,0x0000000017500000)]
  0x0000000016d2b800 JavaThread "pool-1-thread-2" [_thread_in_vm, id=2992, stack(0x0000000017200000,0x0000000017300000)]
  0x0000000016d28800 JavaThread "pool-2-thread-1" [_thread_blocked, id=3600, stack(0x0000000017100000,0x0000000017200000)]
  0x0000000016a05000 JavaThread "Service Thread" daemon [_thread_blocked, id=2448, stack(0x0000000016e00000,0x0000000016f00000)]
  0x00000000150ec000 JavaThread "C1 CompilerThread2" daemon [_thread_blocked, id=3832, stack(0x0000000016900000,0x0000000016a00000)]
  0x00000000150e5800 JavaThread "C2 CompilerThread1" daemon [_thread_blocked, id=2832, stack(0x0000000016800000,0x0000000016900000)]
=>0x000000001508c800 JavaThread "C2 CompilerThread0" daemon [_thread_in_native, id=336, stack(0x0000000016700000,0x0000000016800000)]
  0x000000001508a800 JavaThread "Attach Listener" daemon [_thread_blocked, id=3744, stack(0x0000000016600000,0x0000000016700000)]
  0x0000000015089800 JavaThread "Signal Dispatcher" daemon [_thread_blocked, id=244, stack(0x0000000016500000,0x0000000016600000)]
  0x000000001507a800 JavaThread "Finalizer" daemon [_thread_blocked, id=2044, stack(0x0000000016320000,0x0000000016420000)]
  0x0000000015059000 JavaThread "Reference Handler" daemon [_thread_blocked, id=4572, stack(0x0000000016220000,0x0000000016320000)]
  0x00000000028c0800 JavaThread "main" [_thread_blocked, id=1772, stack(0x0000000002770000,0x0000000002870000)]

Other Threads:
  0x0000000015056800 VMThread [stack: 0x0000000016120000,0x0000000016220000] [id=2216]
  0x0000000016a22800 WatcherThread [stack: 0x0000000016f00000,0x0000000017000000] [id=4472]

VM state:not at safepoint (normal execution)

VM Mutex/Monitor currently owned by a thread: None

Heap:
 PSYoungGen      total 74240K, used 20284K [0x00000000eab00000, 0x00000000efd00000, 0x0000000100000000)
  eden space 65024K, 17% used [0x00000000eab00000,0x00000000eb5d2c40,0x00000000eea80000)
  from space 9216K, 99% used [0x00000000eea80000,0x00000000ef37c4e0,0x00000000ef380000)
  to   space 8704K, 0% used [0x00000000ef380000,0x00000000ef380000,0x00000000efc00000)
 ParOldGen       total 44032K, used 24491K [0x00000000c0000000, 0x00000000c2b00000, 0x00000000eab00000)
  object space 44032K, 55% used [0x00000000c0000000,0x00000000c17eae48,0x00000000c2b00000)
 Metaspace       used 6403K, capacity 7192K, committed 7424K, reserved 1056768K
  class space    used 623K, capacity 656K, committed 768K, reserved 1048576K

Card table byte_map: [0x0000000011d80000,0x0000000011f90000] byte_map_base: 0x0000000011780000

Marking Bits: (ParMarkBitMap*) 0x000000005d32a6c0
 Begin Bits: [0x00000000124f0000, 0x00000000134f0000)
 End Bits:   [0x00000000134f0000, 0x00000000144f0000)

Polling page: 0x0000000000e40000

CodeCache: size=245760Kb used=7739Kb max_used=7750Kb free=238020Kb
 bounds [0x00000000029c0000, 0x0000000003160000, 0x00000000119c0000]
 total_blobs=2105 nmethods=1835 adapters=182
 compilation: enabled

Compilation events (10 events):
Event: 8.759 Thread 0x00000000150e5800 1909       4       com.android.dx.cf.code.RopperMachine::jopToRopOpcode (1103 bytes)
Event: 8.787 Thread 0x00000000150e5800 nmethod 1909 0x0000000003137590 code [0x0000000003137f00, 0x00000000031387f8]
Event: 8.787 Thread 0x00000000150e5800 1926       4       com.android.dx.rop.cst.CstLiteral32::equals (35 bytes)
Event: 8.789 Thread 0x00000000150e5800 nmethod 1926 0x000000000312cbd0 code [0x000000000312cd00, 0x000000000312cdd8]
Event: 8.789 Thread 0x00000000150e5800 1915       4       com.android.dx.ssa.InterferenceRegisterMapper::interferes (78 bytes)
Event: 8.798 Thread 0x00000000150e5800 nmethod 1915 0x000000000312b7d0 code [0x000000000312b940, 0x000000000312bc88]
Event: 8.798 Thread 0x00000000150e5800 1923       4       com.android.dx.rop.code.Insn::hashCode (5 bytes)
Event: 8.799 Thread 0x00000000150e5800 nmethod 1923 0x0000000003137310 code [0x0000000003137460, 0x0000000003137508]
Event: 8.799 Thread 0x00000000150e5800 1887       4       com.android.dx.ssa.SsaRenamer$BlockRenamer$RenamingMapper::map (28 bytes)
Event: 8.801 Thread 0x00000000150e5800 nmethod 1887 0x000000000312e250 code [0x000000000312e3a0, 0x000000000312e4a8]

GC Heap History (10 events):
Event: 2.608 GC heap before
{Heap before GC invocations=3 (full 0):
 PSYoungGen      total 18944K, used 18938K [0x00000000eab00000, 0x00000000ed000000, 0x0000000100000000)
  eden space 16384K, 100% used [0x00000000eab00000,0x00000000ebb00000,0x00000000ebb00000)
  from space 2560K, 99% used [0x00000000ebd80000,0x00000000ebffeac8,0x00000000ec000000)
  to   space 2560K, 0% used [0x00000000ebb00000,0x00000000ebb00000,0x00000000ebd80000)
 ParOldGen       total 44032K, used 4556K [0x00000000c0000000, 0x00000000c2b00000, 0x00000000eab00000)
  object space 44032K, 10% used [0x00000000c0000000,0x00000000c0473020,0x00000000c2b00000)
 Metaspace       used 6091K, capacity 6962K, committed 7040K, reserved 1056768K
  class space    used 600K, capacity 618K, committed 640K, reserved 1048576K
Event: 2.660 GC heap after
Heap after GC invocations=3 (full 0):
 PSYoungGen      total 18944K, used 2544K [0x00000000eab00000, 0x00000000ed000000, 0x0000000100000000)
  eden space 16384K, 0% used [0x00000000eab00000,0x00000000eab00000,0x00000000ebb00000)
  from space 2560K, 99% used [0x00000000ebb00000,0x00000000ebd7c058,0x00000000ebd80000)
  to   space 2560K, 0% used [0x00000000ecd80000,0x00000000ecd80000,0x00000000ed000000)
 ParOldGen       total 44032K, used 7200K [0x00000000c0000000, 0x00000000c2b00000, 0x00000000eab00000)
  object space 44032K, 16% used [0x00000000c0000000,0x00000000c07082b8,0x00000000c2b00000)
 Metaspace       used 6091K, capacity 6962K, committed 7040K, reserved 1056768K
  class space    used 600K, capacity 618K, committed 640K, reserved 1048576K
}
Event: 2.988 GC heap before
{Heap before GC invocations=4 (full 0):
 PSYoungGen      total 18944K, used 18928K [0x00000000eab00000, 0x00000000ed000000, 0x0000000100000000)
  eden space 16384K, 100% used [0x00000000eab00000,0x00000000ebb00000,0x00000000ebb00000)
  from space 2560K, 99% used [0x00000000ebb00000,0x00000000ebd7c058,0x00000000ebd80000)
  to   space 2560K, 0% used [0x00000000ecd80000,0x00000000ecd80000,0x00000000ed000000)
 ParOldGen       total 44032K, used 7200K [0x00000000c0000000, 0x00000000c2b00000, 0x00000000eab00000)
  object space 44032K, 16% used [0x00000000c0000000,0x00000000c07082b8,0x00000000c2b00000)
 Metaspace       used 6143K, capacity 7026K, committed 7296K, reserved 1056768K
  class space    used 600K, capacity 618K, committed 640K, reserved 1048576K
Event: 3.055 GC heap after
Heap after GC invocations=4 (full 0):
 PSYoungGen      total 35328K, used 2528K [0x00000000eab00000, 0x00000000ed000000, 0x0000000100000000)
  eden space 32768K, 0% used [0x00000000eab00000,0x00000000eab00000,0x00000000ecb00000)
  from space 2560K, 98% used [0x00000000ecd80000,0x00000000ecff8028,0x00000000ed000000)
  to   space 2560K, 0% used [0x00000000ecb00000,0x00000000ecb00000,0x00000000ecd80000)
 ParOldGen       total 44032K, used 10822K [0x00000000c0000000, 0x00000000c2b00000, 0x00000000eab00000)
  object space 44032K, 24% used [0x00000000c0000000,0x00000000c0a91948,0x00000000c2b00000)
 Metaspace       used 6143K, capacity 7026K, committed 7296K, reserved 1056768K
  class space    used 600K, capacity 618K, committed 640K, reserved 1048576K
}
Event: 3.456 GC heap before
{Heap before GC invocations=5 (full 0):
 PSYoungGen      total 35328K, used 35296K [0x00000000eab00000, 0x00000000ed000000, 0x0000000100000000)
  eden space 32768K, 100% used [0x00000000eab00000,0x00000000ecb00000,0x00000000ecb00000)
  from space 2560K, 98% used [0x00000000ecd80000,0x00000000ecff8028,0x00000000ed000000)
  to   space 2560K, 0% used [0x00000000ecb00000,0x00000000ecb00000,0x00000000ecd80000)
 ParOldGen       total 44032K, used 10822K [0x00000000c0000000, 0x00000000c2b00000, 0x00000000eab00000)
  object space 44032K, 24% used [0x00000000c0000000,0x00000000c0a91948,0x00000000c2b00000)
 Metaspace       used 6295K, capacity 7128K, committed 7424K, reserved 1056768K
  class space    used 621K, capacity 656K, committed 768K, reserved 1048576K
Event: 3.523 GC heap after
Heap after GC invocations=5 (full 0):
 PSYoungGen      total 35328K, used 2538K [0x00000000eab00000, 0x00000000efc00000, 0x0000000100000000)
  eden space 32768K, 0% used [0x00000000eab00000,0x00000000eab00000,0x00000000ecb00000)
  from space 2560K, 99% used [0x00000000ecb00000,0x00000000ecd7aa68,0x00000000ecd80000)
  to   space 8704K, 0% used [0x00000000ef380000,0x00000000ef380000,0x00000000efc00000)
 ParOldGen       total 44032K, used 16646K [0x00000000c0000000, 0x00000000c2b00000, 0x00000000eab00000)
  object space 44032K, 37% used [0x00000000c0000000,0x00000000c1041bf0,0x00000000c2b00000)
 Metaspace       used 6295K, capacity 7128K, committed 7424K, reserved 1056768K
  class space    used 621K, capacity 656K, committed 768K, reserved 1048576K
}
Event: 3.902 GC heap before
{Heap before GC invocations=6 (full 0):
 PSYoungGen      total 35328K, used 35306K [0x00000000eab00000, 0x00000000efc00000, 0x0000000100000000)
  eden space 32768K, 100% used [0x00000000eab00000,0x00000000ecb00000,0x00000000ecb00000)
  from space 2560K, 99% used [0x00000000ecb00000,0x00000000ecd7aa68,0x00000000ecd80000)
  to   space 8704K, 0% used [0x00000000ef380000,0x00000000ef380000,0x00000000efc00000)
 ParOldGen       total 44032K, used 16646K [0x00000000c0000000, 0x00000000c2b00000, 0x00000000eab00000)
  object space 44032K, 37% used [0x00000000c0000000,0x00000000c1041bf0,0x00000000c2b00000)
 Metaspace       used 6340K, capacity 7128K, committed 7424K, reserved 1056768K
  class space    used 621K, capacity 656K, committed 768K, reserved 1048576K
Event: 4.030 GC heap after
Heap after GC invocations=6 (full 0):
 PSYoungGen      total 73728K, used 7136K [0x00000000eab00000, 0x00000000efd00000, 0x0000000100000000)
  eden space 65024K, 0% used [0x00000000eab00000,0x00000000eab00000,0x00000000eea80000)
  from space 8704K, 81% used [0x00000000ef380000,0x00000000efa782e8,0x00000000efc00000)
  to   space 9216K, 0% used [0x00000000eea80000,0x00000000eea80000,0x00000000ef380000)
 ParOldGen       total 44032K, used 16654K [0x00000000c0000000, 0x00000000c2b00000, 0x00000000eab00000)
  object space 44032K, 37% used [0x00000000c0000000,0x00000000c1043bf0,0x00000000c2b00000)
 Metaspace       used 6340K, capacity 7128K, committed 7424K, reserved 1056768K
  class space    used 621K, capacity 656K, committed 768K, reserved 1048576K
}
Event: 7.821 GC heap before
{Heap before GC invocations=7 (full 0):
 PSYoungGen      total 73728K, used 72160K [0x00000000eab00000, 0x00000000efd00000, 0x0000000100000000)
  eden space 65024K, 100% used [0x00000000eab00000,0x00000000eea80000,0x00000000eea80000)
  from space 8704K, 81% used [0x00000000ef380000,0x00000000efa782e8,0x00000000efc00000)
  to   space 9216K, 0% used [0x00000000eea80000,0x00000000eea80000,0x00000000ef380000)
 ParOldGen       total 44032K, used 16654K [0x00000000c0000000, 0x00000000c2b00000, 0x00000000eab00000)
  object space 44032K, 37% used [0x00000000c0000000,0x00000000c1043bf0,0x00000000c2b00000)
 Metaspace       used 6401K, capacity 7192K, committed 7424K, reserved 1056768K
  class space    used 623K, capacity 656K, committed 768K, reserved 1048576K
Event: 8.539 GC heap after
Heap after GC invocations=7 (full 0):
 PSYoungGen      total 74240K, used 9201K [0x00000000eab00000, 0x00000000efd00000, 0x0000000100000000)
  eden space 65024K, 0% used [0x00000000eab00000,0x00000000eab00000,0x00000000eea80000)
  from space 9216K, 99% used [0x00000000eea80000,0x00000000ef37c4e0,0x00000000ef380000)
  to   space 8704K, 0% used [0x00000000ef380000,0x00000000ef380000,0x00000000efc00000)
 ParOldGen       total 44032K, used 24491K [0x00000000c0000000, 0x00000000c2b00000, 0x00000000eab00000)
  object space 44032K, 55% used [0x00000000c0000000,0x00000000c17eae48,0x00000000c2b00000)
 Metaspace       used 6401K, capacity 7192K, committed 7424K, reserved 1056768K
  class space    used 623K, capacity 656K, committed 768K, reserved 1048576K
}

Deoptimization events (10 events):
Event: 3.074 Thread 0x0000000016d25800 Uncommon trap: reason=unstable_if action=reinterpret pc=0x0000000002cc7b3c method=java.util.HashMap.putVal(ILjava/lang/Object;Ljava/lang/Object;ZZ)Ljava/lang/Object; @ 162
Event: 3.082 Thread 0x0000000016d25800 Uncommon trap: reason=unstable_if action=reinterpret pc=0x0000000002bf11d0 method=java.util.HashMap.getNode(ILjava/lang/Object;)Ljava/util/HashMap$Node; @ 84
Event: 3.153 Thread 0x0000000016d37000 Uncommon trap: reason=unstable_if action=reinterpret pc=0x0000000002c4ba4c method=java.util.HashMap.getNode(ILjava/lang/Object;)Ljava/util/HashMap$Node; @ 84
Event: 3.338 Thread 0x0000000016d3e000 Uncommon trap: reason=bimorphic action=maybe_recompile pc=0x0000000002fb06d8 method=com.android.dx.cf.code.BytecodeArray.parseInstruction(ILcom/android/dx/cf/code/BytecodeArray$Visitor;)I @ 2484
Event: 3.339 Thread 0x0000000016d3e000 Uncommon trap: reason=bimorphic action=maybe_recompile pc=0x0000000002fb06d8 method=com.android.dx.cf.code.BytecodeArray.parseInstruction(ILcom/android/dx/cf/code/BytecodeArray$Visitor;)I @ 2484
Event: 3.357 Thread 0x0000000016d2b800 Uncommon trap: reason=bimorphic action=maybe_recompile pc=0x0000000002fb06d8 method=com.android.dx.cf.code.BytecodeArray.parseInstruction(ILcom/android/dx/cf/code/BytecodeArray$Visitor;)I @ 2484
Event: 3.357 Thread 0x0000000016d2b800 Uncommon trap: reason=bimorphic action=maybe_recompile pc=0x0000000002fb06d8 method=com.android.dx.cf.code.BytecodeArray.parseInstruction(ILcom/android/dx/cf/code/BytecodeArray$Visitor;)I @ 2484
Event: 4.441 Thread 0x0000000016d2b800 Uncommon trap: reason=unstable_if action=reinterpret pc=0x0000000002fd5d6c method=com.android.dx.ssa.SCCP.simulateBranch(Lcom/android/dx/ssa/SsaInsn;)V @ 548
Event: 4.816 Thread 0x0000000016d25800 Uncommon trap: reason=unstable_if action=reinterpret pc=0x000000000307134c method=java.util.HashMap.putVal(ILjava/lang/Object;Ljava/lang/Object;ZZ)Ljava/lang/Object; @ 109
Event: 7.770 Thread 0x0000000016d25800 Uncommon trap: reason=unstable_if action=reinterpret pc=0x0000000003061a7c method=com.android.dx.cf.code.ByteCatchList.listFor(I)Lcom/android/dx/cf/code/ByteCatchList; @ 47

Internal exceptions (6 events):
Event: 1.036 Thread 0x00000000028c0800 Exception <a 'java/lang/NoSuchMethodError': Method sun.misc.Unsafe.defineClass(Ljava/lang/String;[BII)Ljava/lang/Class; name or signature does not match> (0x00000000eab07c78) thrown at [C:\re\workspace\8-2-build-windows-amd64-cygwin\jdk8u102\7268\hotspot\sñvß’ð?
Event: 1.036 Thread 0x00000000028c0800 Exception <a 'java/lang/NoSuchMethodError': Method sun.misc.Unsafe.prefetchRead(Ljava/lang/Object;J)V name or signature does not match> (0x00000000eab07f60) thrown at [C:\re\workspace\8-2-build-windows-amd64-cygwin\jdk8u102\7268\hotspot\src\share\vm\prims\·˜§½9Oý?
Event: 1.832 Thread 0x0000000016d37000 Implicit null exception at 0x0000000002cba653 to 0x0000000002cbbef9
Event: 3.079 Thread 0x0000000016d25800 Exception <a 'java/lang/ArrayIndexOutOfBoundsException': 18> (0x00000000eacf1b50) thrown at [C:\re\workspace\8-2-build-windows-amd64-cygwin\jdk8u102\7268\hotspot\src\share\vm\interpreter\interpreterRuntime.cpp, line 366]
Event: 3.080 Thread 0x0000000016d25800 Exception <a 'java/lang/ArrayIndexOutOfBoundsException': 145> (0x00000000eacf36d0) thrown at [C:\re\workspace\8-2-build-windows-amd64-cygwin\jdk8u102\7268\hotspot\src\share\vm\interpreter\interpreterRuntime.cpp, line 366]
Event: 3.081 Thread 0x0000000016d25800 Exception <a 'java/lang/ArrayIndexOutOfBoundsException'> (0x00000000eacf49b8) thrown at [C:\re\workspace\8-2-build-windows-amd64-cygwin\jdk8u102\7268\hotspot\src\share\vm\runtime\sharedRuntime.cpp, line 605]

Events (10 events):
Event: 6.505 loading class java/util/HashMap$KeyIterator done
Event: 7.770 Thread 0x0000000016d25800 Uncommon trap: trap_request=0xffffff65 fr.pc=0x0000000003061a7c
Event: 7.770 Thread 0x0000000016d25800 DEOPT PACKING pc=0x0000000003061a7c sp=0x00000000170fe680
Event: 7.770 Thread 0x0000000016d25800 DEOPT UNPACKING pc=0x0000000002a0582a sp=0x00000000170fe4c8 mode 2
Event: 7.811 Thread 0x0000000016d25800 DEOPT PACKING pc=0x0000000002f4ddd8 sp=0x00000000170fe350
Event: 7.811 Thread 0x0000000016d25800 DEOPT UNPACKING pc=0x0000000002a0787f sp=0x00000000170fe110 mode 0
Event: 7.820 Executing VM operation: ParallelGCFailedAllocation
Event: 8.539 Executing VM operation: ParallelGCFailedAllocation done
Event: 8.717 Thread 0x0000000016d37000 Thread exited: 0x0000000016d37000
Event: 8.722 Thread 0x0000000016d25800 Thread exited: 0x0000000016d25800


Dynamic libraries:
0x00007ff77d050000 - 0x00007ff77d087000 	C:\Program Files\Java\jdk1.8.0_102\bin\java.exe
0x00007ff92e4e0000 - 0x00007ff92e68d000 	C:\Windows\SYSTEM32\ntdll.dll
0x00007ff92e390000 - 0x00007ff92e4ca000 	C:\Windows\system32\KERNEL32.DLL
0x00007ff92b880000 - 0x00007ff92b995000 	C:\Windows\system32\KERNELBASE.dll
0x00007ff929c60000 - 0x00007ff929cee000 	C:\Windows\system32\apphelp.dll
0x00007ff918fb0000 - 0x00007ff919003000 	C:\Windows\AppPatch\AppPatch64\AcGenral.DLL
0x00007ff92e150000 - 0x00007ff92e1f7000 	C:\Windows\system32\msvcrt.dll
0x00007ff92bb80000 - 0x00007ff92bbab000 	C:\Windows\system32\SspiCli.dll
0x00007ff92c6a0000 - 0x00007ff92c6f1000 	C:\Windows\system32\SHLWAPI.dll
0x00007ff92e210000 - 0x00007ff92e381000 	C:\Windows\system32\USER32.dll
0x00007ff92bd50000 - 0x00007ff92bee4000 	C:\Windows\system32\ole32.dll
0x00007ff92c700000 - 0x00007ff92dc2b000 	C:\Windows\system32\SHELL32.dll
0x00007ff92ad50000 - 0x00007ff92ad6f000 	C:\Windows\SYSTEM32\USERENV.dll
0x00007ff92c1a0000 - 0x00007ff92c24a000 	C:\Windows\system32\ADVAPI32.dll
0x00007ff922270000 - 0x00007ff92228b000 	C:\Windows\SYSTEM32\MPR.dll
0x00007ff92df40000 - 0x00007ff92e080000 	C:\Windows\system32\RPCRT4.dll
0x00007ff92dc30000 - 0x00007ff92dc89000 	C:\Windows\SYSTEM32\sechost.dll
0x00007ff92c4c0000 - 0x00007ff92c696000 	C:\Windows\SYSTEM32\combase.dll
0x00007ff92bc00000 - 0x00007ff92bd50000 	C:\Windows\system32\GDI32.dll
0x00007ff92b6b0000 - 0x00007ff92b6c4000 	C:\Windows\SYSTEM32\profapi.dll
0x00007ff929bc0000 - 0x00007ff929c5f000 	C:\Windows\SYSTEM32\SHCORE.dll
0x00007ff92bef0000 - 0x00007ff92bf24000 	C:\Windows\system32\IMM32.DLL
0x00007ff92c250000 - 0x00007ff92c3a2000 	C:\Windows\system32\MSCTF.dll
0x00007ff929750000 - 0x00007ff9299cb000 	C:\Windows\WinSxS\amd64_microsoft.windows.common-controls_6595b64144ccf1df_6.0.9600.18006_none_623f33d3ecbe86e8\COMCTL32.dll
0x000000005c890000 - 0x000000005c961000 	C:\Program Files\Java\jdk1.8.0_102\jre\bin\msvcr100.dll
0x000000005cb10000 - 0x000000005d3aa000 	C:\Program Files\Java\jdk1.8.0_102\jre\bin\server\jvm.dll
0x00007ff9183d0000 - 0x00007ff9183d9000 	C:\Windows\SYSTEM32\WSOCK32.dll
0x00007ff923e40000 - 0x00007ff923e5f000 	C:\Windows\SYSTEM32\WINMM.dll
0x00007ff924d10000 - 0x00007ff924d1a000 	C:\Windows\SYSTEM32\VERSION.dll
0x00007ff92e4d0000 - 0x00007ff92e4d7000 	C:\Windows\system32\PSAPI.DLL
0x00007ff92dc90000 - 0x00007ff92dcea000 	C:\Windows\system32\WS2_32.dll
0x00007ff923e10000 - 0x00007ff923e3a000 	C:\Windows\SYSTEM32\WINMMBASE.dll
0x00007ff92c190000 - 0x00007ff92c199000 	C:\Windows\system32\NSI.dll
0x00007ff92bbb0000 - 0x00007ff92bbfa000 	C:\Windows\SYSTEM32\cfgmgr32.dll
0x00007ff92a530000 - 0x00007ff92a556000 	C:\Windows\SYSTEM32\DEVOBJ.dll
0x000000005dc00000 - 0x000000005dc0f000 	C:\Program Files\Java\jdk1.8.0_102\jre\bin\verify.dll
0x000000005dbd0000 - 0x000000005dbf9000 	C:\Program Files\Java\jdk1.8.0_102\jre\bin\java.dll
0x000000005dbb0000 - 0x000000005dbc6000 	C:\Program Files\Java\jdk1.8.0_102\jre\bin\zip.dll

VM Arguments:
jvm_args: -Djava.awt.headless=true -Xmx1024M -Dfile.encoding=windows-1252 -Duser.country=US -Duser.language=en -Duser.variant 
java_command: com.android.dx.command.Main --dex --num-threads=4 --output C:\Users\dream\AndroidProjects\ImageUpload\app\build\intermediates\pre-dexed\debug\okhttp-2.7.0_33e14b496f0f346aff0d32427497c328950af99b.jar C:\Users\dream\.gradle\caches\modules-2\files-2.1\com.squareup.okhttp\okhttp\2.7.0\1477ec5caf8319ab4b51eb43553cd66aa86fdea5\okhttp-2.7.0.jar
java_class_path (initial): C:\Users\dream\AppData\Local\Android\sdk\build-tools\25.0.3\lib\dx.jar
Launcher Type: SUN_STANDARD

Environment Variables:
PATH=C:\ProgramData\Oracle\Java\javapath;C:\Windows\system32;C:\Windows;C:\Windows\System32\Wbem;C:\Windows\System32\WindowsPowerShell\v1.0\;C:\Program Files (x86)\Microsoft SQL Server\100\Tools\Binn\;C:\Program Files\Microsoft SQL Server\100\Tools\Binn\;C:\Program Files\Microsoft SQL Server\100\DTS\Binn\;C:\Program Files (x86)\Microsoft SQL Server\100\DTS\Binn\;C:\Program Files (x86)\Microsoft SQL Server\100\Tools\Binn\VSShell\Common7\IDE\;C:\Program Files (x86)\Microsoft Visual Studio 9.0\Common7\IDE\PrivateAssemblies\;C:\Program Files\Java\jdk1.8.0_102\bin
USERNAME=dream
OS=Windows_NT
PROCESSOR_IDENTIFIER=Intel64 Family 6 Model 69 Stepping 1, GenuineIntel



---------------  S Y S T E M  ---------------

OS: Windows 8.1 , 64 bit Build 9600 (6.3.9600.17031)

CPU:total 4 (2 cores per cpu, 2 threads per core) family 6 model 69 stepping 1, cmov, cx8, fxsr, mmx, sse, sse2, sse3, ssse3, sse4.1, sse4.2, popcnt, avx, avx2, aes, clmul, erms, lzcnt, ht, tsc, tscinvbit, bmi1, bmi2

Memory: 4k page, physical 4096184k(710060k free), swap 4096184k(5476k free)

vm_info: Java HotSpot(TM) 64-Bit Server VM (25.102-b14) for windows-amd64 JRE (1.8.0_102-b14), built on Jun 22 2016 13:15:21 by "java_re" with MS VC++ 10.0 (VS2010)

time: Fri May 26 14:25:47 2017
elapsed time: 8 seconds (0d 0h 0m 8s)

