#
# There is insufficient memory for the Java Runtime Environment to continue.
# Native memory allocation (malloc) failed to allocate 873616 bytes for Chunk::new
# Possible reasons:
#   The system is out of physical RAM or swap space
#   In 32 bit mode, the process size limit was hit
# Possible solutions:
#   Reduce memory load on the system
#   Increase physical memory or swap space
#   Check if swap backing store is full
#   Use 64 bit Java on a 64 bit OS
#   Decrease Java heap size (-Xmx/-Xms)
#   Decrease number of Java threads
#   Decrease Java thread stack sizes (-Xss)
#   Set larger code cache with -XX:ReservedCodeCacheSize=
# This output file may be truncated or incomplete.
#
#  Out of Memory Error (allocation.cpp:390), pid=4192, tid=0x0000000000000f1c
#
# JRE version: Java(TM) SE Runtime Environment (8.0_102-b14) (build 1.8.0_102-b14)
# Java VM: Java HotSpot(TM) 64-Bit Server VM (25.102-b14 mixed mode windows-amd64 compressed oops)
# Failed to write core dump. Minidumps are not enabled by default on client versions of Windows
#

---------------  T H R E A D  ---------------

Current thread (0x00000000152d5800):  JavaThread "C2 CompilerThread1" daemon [_thread_in_native, id=3868, stack(0x00000000168f0000,0x00000000169f0000)]

Stack: [0x00000000168f0000,0x00000000169f0000]
[error occurred during error reporting (printing stack bounds), id 0xc0000005]

Native frames: (J=compiled Java code, j=interpreted, Vv=VM code, C=native code)


Current CompileTask:
C2:   6131 1291   !   4       com.android.dx.cf.code.BytecodeArray::parseInstruction (2764 bytes)


---------------  P R O C E S S  ---------------

Java Threads: ( => current thread )
  0x0000000016e26800 JavaThread "pool-1-thread-4" [_thread_in_vm, id=2596, stack(0x00000000174f0000,0x00000000175f0000)]
  0x0000000016e26000 JavaThread "pool-1-thread-3" [_thread_in_vm, id=4388, stack(0x00000000173f0000,0x00000000174f0000)]
  0x0000000016d7c000 JavaThread "pool-1-thread-2" [_thread_blocked, id=1856, stack(0x00000000172f0000,0x00000000173f0000)]
  0x0000000016d7a800 JavaThread "pool-2-thread-1" [_thread_blocked, id=664, stack(0x00000000171f0000,0x00000000172f0000)]
  0x0000000016d77800 JavaThread "pool-1-thread-1" [_thread_in_Java, id=4056, stack(0x00000000170f0000,0x00000000171f0000)]
  0x0000000016af5000 JavaThread "Service Thread" daemon [_thread_blocked, id=772, stack(0x0000000016ef0000,0x0000000016ff0000)]
  0x00000000152dc000 JavaThread "C1 CompilerThread2" daemon [_thread_blocked, id=1292, stack(0x00000000169f0000,0x0000000016af0000)]
=>0x00000000152d5800 JavaThread "C2 CompilerThread1" daemon [_thread_in_native, id=3868, stack(0x00000000168f0000,0x00000000169f0000)]
  0x000000001527c800 JavaThread "C2 CompilerThread0" daemon [_thread_blocked, id=4788, stack(0x00000000167f0000,0x00000000168f0000)]
  0x000000001527a800 JavaThread "Attach Listener" daemon [_thread_blocked, id=2188, stack(0x00000000166f0000,0x00000000167f0000)]
  0x0000000015279800 JavaThread "Signal Dispatcher" daemon [_thread_blocked, id=2288, stack(0x00000000165f0000,0x00000000166f0000)]
  0x000000001526a800 JavaThread "Finalizer" daemon [_thread_blocked, id=2268, stack(0x00000000164f0000,0x00000000165f0000)]
  0x0000000015249000 JavaThread "Reference Handler" daemon [_thread_blocked, id=4188, stack(0x00000000163f0000,0x00000000164f0000)]
  0x0000000002ab0800 JavaThread "main" [_thread_in_vm, id=4180, stack(0x00000000028b0000,0x00000000029b0000)]

Other Threads:
  0x0000000015246800 VMThread [stack: 0x00000000162f0000,0x00000000163f0000] [id=3400]
  0x0000000016b09000 WatcherThread [stack: 0x0000000016ff0000,0x00000000170f0000] [id=2128]

VM state:synchronizing (normal execution)

VM Mutex/Monitor currently owned by a thread:  ([mutex/lock_event])
[0x0000000002aac900] Safepoint_lock - owner thread: 0x0000000015246800
[0x0000000002aac300] Threads_lock - owner thread: 0x0000000015246800
[0x0000000002aac180] Heap_lock - owner thread: 0x0000000002ab0800

Heap:
 PSYoungGen      total 18944K, used 18919K [0x00000000eab00000, 0x00000000ec000000, 0x0000000100000000)
  eden space 16384K, 100% used [0x00000000eab00000,0x00000000ebb00000,0x00000000ebb00000)
  from space 2560K, 99% used [0x00000000ebd80000,0x00000000ebff9c98,0x00000000ec000000)
  to   space 2560K, 0% used [0x00000000ebb00000,0x00000000ebb00000,0x00000000ebd80000)
 ParOldGen       total 44032K, used 4097K [0x00000000c0000000, 0x00000000c2b00000, 0x00000000eab00000)
  object space 44032K, 9% used [0x00000000c0000000,0x00000000c04005c0,0x00000000c2b00000)
 Metaspace       used 6115K, capacity 6962K, committed 7040K, reserved 1056768K
  class space    used 600K, capacity 618K, committed 640K, reserved 1048576K

Card table byte_map: [0x0000000011f70000,0x0000000012180000] byte_map_base: 0x0000000011970000

Marking Bits: (ParMarkBitMap*) 0x000000005d32a6c0
 Begin Bits: [0x00000000126e0000, 0x00000000136e0000)
 End Bits:   [0x00000000136e0000, 0x00000000146e0000)

Polling page: 0x0000000001020000

CodeCache: size=245760Kb used=5569Kb max_used=5569Kb free=240190Kb
 bounds [0x0000000002bb0000, 0x0000000003130000, 0x0000000011bb0000]
 total_blobs=1627 nmethods=1358 adapters=182
 compilation: enabled

Compilation events (10 events):
Event: 6.106 Thread 0x00000000152dc000 nmethod 1357 0x0000000003120610 code [0x0000000003120980, 0x0000000003122a38]
Event: 6.106 Thread 0x00000000152dc000 1364   !   3       com.android.dx.cf.code.Merger::mergeStack (192 bytes)
Event: 6.108 Thread 0x00000000152dc000 nmethod 1364 0x0000000003123dd0 code [0x0000000003124160, 0x0000000003126158]
Event: 6.108 Thread 0x00000000152dc000 1362       3       com.android.dx.rop.cst.CstBaseMethodRef::isInstanceInit (8 bytes)
Event: 6.109 Thread 0x00000000152dc000 nmethod 1362 0x000000000310d150 code [0x000000000310d2c0, 0x000000000310d6e8]
Event: 6.109 Thread 0x00000000152dc000 1374       3       com.android.dx.ssa.ConstCollector$2::map (28 bytes)
Event: 6.109 Thread 0x00000000152dc000 nmethod 1374 0x000000000310b8d0 code [0x000000000310ba40, 0x000000000310be68]
Event: 6.109 Thread 0x00000000152dc000 1373       1       java.util.HashMap$Node::getKey (5 bytes)
Event: 6.109 Thread 0x00000000152dc000 nmethod 1373 0x00000000031072d0 code [0x0000000003107420, 0x0000000003107530]
Event: 6.109 Thread 0x00000000152dc000 1358       3       com.android.dx.rop.code.Rops::opMoveParam (69 bytes)

GC Heap History (4 events):
Event: 4.391 GC heap before
{Heap before GC invocations=1 (full 0):
 PSYoungGen      total 18944K, used 16384K [0x00000000eab00000, 0x00000000ec000000, 0x0000000100000000)
  eden space 16384K, 100% used [0x00000000eab00000,0x00000000ebb00000,0x00000000ebb00000)
  from space 2560K, 0% used [0x00000000ebd80000,0x00000000ebd80000,0x00000000ec000000)
  to   space 2560K, 0% used [0x00000000ebb00000,0x00000000ebb00000,0x00000000ebd80000)
 ParOldGen       total 44032K, used 0K [0x00000000c0000000, 0x00000000c2b00000, 0x00000000eab00000)
  object space 44032K, 0% used [0x00000000c0000000,0x00000000c0000000,0x00000000c2b00000)
 Metaspace       used 5859K, capacity 6770K, committed 7040K, reserved 1056768K
  class space    used 600K, capacity 618K, committed 640K, reserved 1048576K
Event: 4.827 GC heap after
Heap after GC invocations=1 (full 0):
 PSYoungGen      total 18944K, used 2535K [0x00000000eab00000, 0x00000000ec000000, 0x0000000100000000)
  eden space 16384K, 0% used [0x00000000eab00000,0x00000000eab00000,0x00000000ebb00000)
  from space 2560K, 99% used [0x00000000ebb00000,0x00000000ebd79c68,0x00000000ebd80000)
  to   space 2560K, 0% used [0x00000000ebd80000,0x00000000ebd80000,0x00000000ec000000)
 ParOldGen       total 44032K, used 1646K [0x00000000c0000000, 0x00000000c2b00000, 0x00000000eab00000)
  object space 44032K, 3% used [0x00000000c0000000,0x00000000c019bb70,0x00000000c2b00000)
 Metaspace       used 5859K, capacity 6770K, committed 7040K, reserved 1056768K
  class space    used 600K, capacity 618K, committed 640K, reserved 1048576K
}
Event: 5.467 GC heap before
{Heap before GC invocations=2 (full 0):
 PSYoungGen      total 18944K, used 18919K [0x00000000eab00000, 0x00000000ec000000, 0x0000000100000000)
  eden space 16384K, 100% used [0x00000000eab00000,0x00000000ebb00000,0x00000000ebb00000)
  from space 2560K, 99% used [0x00000000ebb00000,0x00000000ebd79c68,0x00000000ebd80000)
  to   space 2560K, 0% used [0x00000000ebd80000,0x00000000ebd80000,0x00000000ec000000)
 ParOldGen       total 44032K, used 1646K [0x00000000c0000000, 0x00000000c2b00000, 0x00000000eab00000)
  object space 44032K, 3% used [0x00000000c0000000,0x00000000c019bb70,0x00000000c2b00000)
 Metaspace       used 6038K, capacity 6898K, committed 7040K, reserved 1056768K
  class space    used 600K, capacity 618K, committed 640K, reserved 1048576K
Event: 5.509 GC heap after
Heap after GC invocations=2 (full 0):
 PSYoungGen      total 18944K, used 2535K [0x00000000eab00000, 0x00000000ec000000, 0x0000000100000000)
  eden space 16384K, 0% used [0x00000000eab00000,0x00000000eab00000,0x00000000ebb00000)
  from space 2560K, 99% used [0x00000000ebd80000,0x00000000ebff9c98,0x00000000ec000000)
  to   space 2560K, 0% used [0x00000000ebb00000,0x00000000ebb00000,0x00000000ebd80000)
 ParOldGen       total 44032K, used 4097K [0x00000000c0000000, 0x00000000c2b00000, 0x00000000eab00000)
  object space 44032K, 9% used [0x00000000c0000000,0x00000000c04005c0,0x00000000c2b00000)
 Metaspace       used 6038K, capacity 6898K, committed 7040K, reserved 1056768K
  class space    used 600K, capacity 618K, committed 640K, reserved 1048576K
}

Deoptimization events (8 events):
Event: 3.085 Thread 0x0000000016e26000 Uncommon trap: reason=unstable_if action=reinterpret pc=0x0000000002dfd748 method=java.util.HashMap.getNode(ILjava/lang/Object;)Ljava/util/HashMap$Node; @ 62
Event: 3.919 Thread 0x0000000016e26000 Uncommon trap: reason=null_check action=make_not_entrant pc=0x0000000002f09274 method=com.android.dx.ssa.SsaRenamer.getLocalForNewReg(I)Lcom/android/dx/rop/code/LocalItem; @ 19
Event: 4.076 Thread 0x0000000002ab0800 Uncommon trap: reason=unstable_if action=reinterpret pc=0x0000000002f6df7c method=com.android.dx.rop.code.RegisterSpec.equals(ILcom/android/dx/rop/type/TypeBearer;Lcom/android/dx/rop/code/LocalItem;)Z @ 42
Event: 4.834 Thread 0x0000000016d77800 Uncommon trap: reason=unstable_if action=reinterpret pc=0x0000000002ed98b4 method=java.util.BitSet.ensureCapacity(I)V @ 6
Event: 5.036 Thread 0x0000000002ab0800 Uncommon trap: reason=unstable_if action=reinterpret pc=0x0000000002fe0084 method=com.android.dx.ssa.SsaRenamer$BlockRenamer.addMapping(ILcom/android/dx/rop/code/RegisterSpec;)V @ 120
Event: 5.143 Thread 0x0000000016e26800 Uncommon trap: reason=bimorphic action=maybe_recompile pc=0x0000000002ee7fe8 method=java.util.HashMap.getNode(ILjava/lang/Object;)Ljava/util/HashMap$Node; @ 126
Event: 5.546 Thread 0x0000000002ab0800 Uncommon trap: reason=unstable_if action=reinterpret pc=0x0000000002d74b90 method=java.lang.String.<init>([CII)V @ 18
Event: 6.008 Thread 0x0000000016d7c000 Uncommon trap: reason=unstable_if action=reinterpret pc=0x0000000003112190 method=com.android.dx.ssa.SCCP.simulateStmt(Lcom/android/dx/ssa/SsaInsn;)V @ 59

Internal exceptions (3 events):
Event: 0.997 Thread 0x0000000002ab0800 Exception <a 'java/lang/NoSuchMethodError': Method sun.misc.Unsafe.defineClass(Ljava/lang/String;[BII)Ljava/lang/Class; name or signature does not match> (0x00000000eab07c78) thrown at [C:\re\workspace\8-2-build-windows-amd64-cygwin\jdk8u102\7268\hotspot\sÓV˚6îÂÔ?
Event: 0.997 Thread 0x0000000002ab0800 Exception <a 'java/lang/NoSuchMethodError': Method sun.misc.Unsafe.prefetchRead(Ljava/lang/Object;J)V name or signature does not match> (0x00000000eab07f60) thrown at [C:\re\workspace\8-2-build-windows-amd64-cygwin\jdk8u102\7268\hotspot\src\share\vm\prims\1·UyêZ@
Event: 3.919 Thread 0x0000000016e26000 Implicit null exception at 0x0000000002f07acd to 0x0000000002f09255

Events (10 events):
Event: 5.546 Thread 0x0000000002ab0800 DEOPT PACKING pc=0x0000000002d74b90 sp=0x00000000029ae4f0
Event: 5.546 Thread 0x0000000002ab0800 DEOPT UNPACKING pc=0x0000000002bf582a sp=0x00000000029ae420 mode 2
Event: 5.552 loading class com/android/dx/cf/code/BytecodeArray$ConstantParserVisitor
Event: 5.552 loading class com/android/dx/cf/code/BytecodeArray$ConstantParserVisitor done
Event: 5.649 Thread 0x0000000016d77800 DEOPT PACKING pc=0x0000000002effff5 sp=0x00000000171ee750
Event: 5.649 Thread 0x0000000016d77800 DEOPT UNPACKING pc=0x0000000002bf787f sp=0x00000000171ee530 mode 0
Event: 6.008 Thread 0x0000000016d7c000 Uncommon trap: trap_request=0xffffff65 fr.pc=0x0000000003112190
Event: 6.008 Thread 0x0000000016d7c000 DEOPT PACKING pc=0x0000000003112190 sp=0x00000000173eeec0
Event: 6.008 Thread 0x0000000016d7c000 DEOPT UNPACKING pc=0x0000000002bf582a sp=0x00000000173eeeb8 mode 2
Event: 6.110 Executing VM operation: ParallelGCFailedAllocation


Dynamic libraries:
0x00007ff77d050000 - 0x00007ff77d087000 	C:\Program Files\Java\jdk1.8.0_102\bin\java.exe
0x00007ff92e4e0000 - 0x00007ff92e68d000 	C:\Windows\SYSTEM32\ntdll.dll
0x00007ff92e390000 - 0x00007ff92e4ca000 	C:\Windows\system32\KERNEL32.DLL
0x00007ff92b880000 - 0x00007ff92b995000 	C:\Windows\system32\KERNELBASE.dll
0x00007ff929c60000 - 0x00007ff929cee000 	C:\Windows\system32\apphelp.dll
0x00007ff918fb0000 - 0x00007ff919003000 	C:\Windows\AppPatch\AppPatch64\AcGenral.DLL
0x00007ff92e150000 - 0x00007ff92e1f7000 	C:\Windows\system32\msvcrt.dll
0x00007ff92bb80000 - 0x00007ff92bbab000 	C:\Windows\system32\SspiCli.dll
0x00007ff92c6a0000 - 0x00007ff92c6f1000 	C:\Windows\system32\SHLWAPI.dll
0x00007ff92e210000 - 0x00007ff92e381000 	C:\Windows\system32\USER32.dll
0x00007ff92bd50000 - 0x00007ff92bee4000 	C:\Windows\system32\ole32.dll
0x00007ff92c700000 - 0x00007ff92dc2b000 	C:\Windows\system32\SHELL32.dll
0x00007ff92ad50000 - 0x00007ff92ad6f000 	C:\Windows\SYSTEM32\USERENV.dll
0x00007ff92c1a0000 - 0x00007ff92c24a000 	C:\Windows\system32\ADVAPI32.dll
0x00007ff922270000 - 0x00007ff92228b000 	C:\Windows\SYSTEM32\MPR.dll
0x00007ff92df40000 - 0x00007ff92e080000 	C:\Windows\system32\RPCRT4.dll
0x00007ff92dc30000 - 0x00007ff92dc89000 	C:\Windows\SYSTEM32\sechost.dll
0x00007ff92c4c0000 - 0x00007ff92c696000 	C:\Windows\SYSTEM32\combase.dll
0x00007ff92bc00000 - 0x00007ff92bd50000 	C:\Windows\system32\GDI32.dll
0x00007ff92b6b0000 - 0x00007ff92b6c4000 	C:\Windows\SYSTEM32\profapi.dll
0x00007ff929bc0000 - 0x00007ff929c5f000 	C:\Windows\SYSTEM32\SHCORE.dll
0x00007ff92bef0000 - 0x00007ff92bf24000 	C:\Windows\system32\IMM32.DLL
0x00007ff92c250000 - 0x00007ff92c3a2000 	C:\Windows\system32\MSCTF.dll
0x00007ff929750000 - 0x00007ff9299cb000 	C:\Windows\WinSxS\amd64_microsoft.windows.common-controls_6595b64144ccf1df_6.0.9600.18006_none_623f33d3ecbe86e8\COMCTL32.dll
0x000000005c890000 - 0x000000005c961000 	C:\Program Files\Java\jdk1.8.0_102\jre\bin\msvcr100.dll
0x000000005cb10000 - 0x000000005d3aa000 	C:\Program Files\Java\jdk1.8.0_102\jre\bin\server\jvm.dll
0x00007ff9183d0000 - 0x00007ff9183d9000 	C:\Windows\SYSTEM32\WSOCK32.dll
0x00007ff923e40000 - 0x00007ff923e5f000 	C:\Windows\SYSTEM32\WINMM.dll
0x00007ff924d10000 - 0x00007ff924d1a000 	C:\Windows\SYSTEM32\VERSION.dll
0x00007ff92e4d0000 - 0x00007ff92e4d7000 	C:\Windows\system32\PSAPI.DLL
0x00007ff92dc90000 - 0x00007ff92dcea000 	C:\Windows\system32\WS2_32.dll
0x00007ff923e10000 - 0x00007ff923e3a000 	C:\Windows\SYSTEM32\WINMMBASE.dll
0x00007ff92c190000 - 0x00007ff92c199000 	C:\Windows\system32\NSI.dll
0x00007ff92bbb0000 - 0x00007ff92bbfa000 	C:\Windows\SYSTEM32\cfgmgr32.dll
0x00007ff92a530000 - 0x00007ff92a556000 	C:\Windows\SYSTEM32\DEVOBJ.dll
0x000000005dc00000 - 0x000000005dc0f000 	C:\Program Files\Java\jdk1.8.0_102\jre\bin\verify.dll
0x000000005dbd0000 - 0x000000005dbf9000 	C:\Program Files\Java\jdk1.8.0_102\jre\bin\java.dll
0x000000005dbb0000 - 0x000000005dbc6000 	C:\Program Files\Java\jdk1.8.0_102\jre\bin\zip.dll

VM Arguments:
jvm_args: -Djava.awt.headless=true -Xmx1024M -Dfile.encoding=windows-1252 -Duser.country=US -Duser.language=en -Duser.variant 
java_command: com.android.dx.command.Main --dex --num-threads=4 --output C:\Users\dream\AndroidProjects\ImageUpload\app\build\intermediates\pre-dexed\debug\okhttp-2.7.0_33e14b496f0f346aff0d32427497c328950af99b.jar C:\Users\dream\.gradle\caches\modules-2\files-2.1\com.squareup.okhttp\okhttp\2.7.0\1477ec5caf8319ab4b51eb43553cd66aa86fdea5\okhttp-2.7.0.jar
java_class_path (initial): C:\Users\dream\AppData\Local\Android\sdk\build-tools\25.0.3\lib\dx.jar
Launcher Type: SUN_STANDARD

Environment Variables:
PATH=C:\ProgramData\Oracle\Java\javapath;C:\Windows\system32;C:\Windows;C:\Windows\System32\Wbem;C:\Windows\System32\WindowsPowerShell\v1.0\;C:\Program Files (x86)\Microsoft SQL Server\100\Tools\Binn\;C:\Program Files\Microsoft SQL Server\100\Tools\Binn\;C:\Program Files\Microsoft SQL Server\100\DTS\Binn\;C:\Program Files (x86)\Microsoft SQL Server\100\DTS\Binn\;C:\Program Files (x86)\Microsoft SQL Server\100\Tools\Binn\VSShell\Common7\IDE\;C:\Program Files (x86)\Microsoft Visual Studio 9.0\Common7\IDE\PrivateAssemblies\;C:\Program Files\Java\jdk1.8.0_102\bin
USERNAME=dream
OS=Windows_NT
PROCESSOR_IDENTIFIER=Intel64 Family 6 Model 69 Stepping 1, GenuineIntel



---------------  S Y S T E M  ---------------

OS: Windows 8.1 , 64 bit Build 9600 (6.3.9600.17031)

CPU:total 4 (2 cores per cpu, 2 threads per core) family 6 model 69 stepping 1, cmov, cx8, fxsr, mmx, sse, sse2, sse3, ssse3, sse4.1, sse4.2, popcnt, avx, avx2, aes, clmul, erms, lzcnt, ht, tsc, tscinvbit, bmi1, bmi2

Memory: 4k page, physical 4096184k(820072k free), swap 4096184k(5576k free)

vm_info: Java HotSpot(TM) 64-Bit Server VM (25.102-b14) for windows-amd64 JRE (1.8.0_102-b14), built on Jun 22 2016 13:15:21 by "java_re" with MS VC++ 10.0 (VS2010)

time: Fri May 26 15:06:56 2017
elapsed time: 6 seconds (0d 0h 0m 6s)

