#
# There is insufficient memory for the Java Runtime Environment to continue.
# Native memory allocation (malloc) failed to allocate 880016 bytes for Chunk::new
# Possible reasons:
#   The system is out of physical RAM or swap space
#   In 32 bit mode, the process size limit was hit
# Possible solutions:
#   Reduce memory load on the system
#   Increase physical memory or swap space
#   Check if swap backing store is full
#   Use 64 bit Java on a 64 bit OS
#   Decrease Java heap size (-Xmx/-Xms)
#   Decrease number of Java threads
#   Decrease Java thread stack sizes (-Xss)
#   Set larger code cache with -XX:ReservedCodeCacheSize=
# This output file may be truncated or incomplete.
#
#  Out of Memory Error (allocation.cpp:390), pid=2408, tid=0x00000000000013b4
#
# JRE version: Java(TM) SE Runtime Environment (8.0_102-b14) (build 1.8.0_102-b14)
# Java VM: Java HotSpot(TM) 64-Bit Server VM (25.102-b14 mixed mode windows-amd64 compressed oops)
# Failed to write core dump. Minidumps are not enabled by default on client versions of Windows
#

---------------  T H R E A D  ---------------

Current thread (0x00000000149ae000):  JavaThread "C2 CompilerThread0" daemon [_thread_in_native, id=5044, stack(0x0000000015fe0000,0x00000000160e0000)]

Stack: [0x0000000015fe0000,0x00000000160e0000]
[error occurred during error reporting (printing stack bounds), id 0xc0000005]

Native frames: (J=compiled Java code, j=interpreted, Vv=VM code, C=native code)


Current CompileTask:
C2:   7235 2220   !   4       com.android.dx.cf.code.Ropper::processBlock (1101 bytes)


---------------  P R O C E S S  ---------------

Java Threads: ( => current thread )
  0x0000000016cc3000 JavaThread "pool-2-thread-4" [_thread_in_Java, id=4088, stack(0x00000000184b0000,0x00000000185b0000)]
  0x00000000166de000 JavaThread "pool-2-thread-3" [_thread_blocked, id=4776, stack(0x00000000183b0000,0x00000000184b0000)]
  0x0000000016bba000 JavaThread "pool-2-thread-2" [_thread_blocked, id=2524, stack(0x00000000182b0000,0x00000000183b0000)]
  0x0000000017187800 JavaThread "pool-3-thread-1" [_thread_blocked, id=4040, stack(0x00000000181b0000,0x00000000182b0000)]
  0x0000000016ea7800 JavaThread "pool-2-thread-1" [_thread_blocked, id=1796, stack(0x00000000180b0000,0x00000000181b0000)]
  0x0000000016318800 JavaThread "Service Thread" daemon [_thread_blocked, id=560, stack(0x00000000166e0000,0x00000000167e0000)]
  0x00000000149be000 JavaThread "C1 CompilerThread2" daemon [_thread_blocked, id=1752, stack(0x00000000161e0000,0x00000000162e0000)]
  0x00000000149ba800 JavaThread "C2 CompilerThread1" daemon [_thread_in_native, id=3492, stack(0x00000000160e0000,0x00000000161e0000)]
=>0x00000000149ae000 JavaThread "C2 CompilerThread0" daemon [_thread_in_native, id=5044, stack(0x0000000015fe0000,0x00000000160e0000)]
  0x00000000149ac800 JavaThread "Attach Listener" daemon [_thread_blocked, id=1708, stack(0x0000000015ee0000,0x0000000015fe0000)]
  0x00000000149ab000 JavaThread "Signal Dispatcher" daemon [_thread_blocked, id=4904, stack(0x0000000015de0000,0x0000000015ee0000)]
  0x000000001499a800 JavaThread "Finalizer" daemon [_thread_blocked, id=3028, stack(0x0000000015c00000,0x0000000015d00000)]
  0x0000000014979000 JavaThread "Reference Handler" daemon [_thread_blocked, id=1652, stack(0x0000000015b00000,0x0000000015c00000)]
  0x00000000021e0800 JavaThread "main" [_thread_in_vm, id=3964, stack(0x0000000002060000,0x0000000002160000)]

Other Threads:
  0x0000000014977000 VMThread [stack: 0x0000000015a00000,0x0000000015b00000] [id=2164]
  0x0000000016345000 WatcherThread [stack: 0x00000000167e0000,0x00000000168e0000] [id=4252]

VM state:not at safepoint (normal execution)

VM Mutex/Monitor currently owned by a thread: None

Heap:
 PSYoungGen      total 168960K, used 155350K [0x00000000eab00000, 0x00000000f8e00000, 0x0000000100000000)
  eden space 135168K, 89% used [0x00000000eab00000,0x00000000f21b9d28,0x00000000f2f00000)
  from space 33792K, 99% used [0x00000000f5900000,0x00000000f79fbdb8,0x00000000f7a00000)
  to   space 43008K, 0% used [0x00000000f2f00000,0x00000000f2f00000,0x00000000f5900000)
 ParOldGen       total 85504K, used 61629K [0x00000000c0000000, 0x00000000c5380000, 0x00000000eab00000)
  object space 85504K, 72% used [0x00000000c0000000,0x00000000c3c2f4f8,0x00000000c5380000)
 Metaspace       used 6604K, capacity 7320K, committed 7680K, reserved 1056768K
  class space    used 628K, capacity 656K, committed 768K, reserved 1048576K

Card table byte_map: [0x00000000116a0000,0x00000000118b0000] byte_map_base: 0x00000000110a0000

Marking Bits: (ParMarkBitMap*) 0x0000000066a0a6c0
 Begin Bits: [0x0000000011e10000, 0x0000000012e10000)
 End Bits:   [0x0000000012e10000, 0x0000000013e10000)

Polling page: 0x0000000000780000

CodeCache: size=245760Kb used=9128Kb max_used=9128Kb free=236631Kb
 bounds [0x00000000022e0000, 0x0000000002be0000, 0x00000000112e0000]
 total_blobs=2406 nmethods=2136 adapters=182
 compilation: enabled

Compilation events (10 events):
Event: 7.070 Thread 0x00000000149be000 2233       2       com.android.dx.rop.code.RegisterSpec::compareTo (95 bytes)
Event: 7.071 Thread 0x00000000149be000 nmethod 2233 0x0000000002bc5910 code [0x0000000002bc5ac0, 0x0000000002bc5e88]
Event: 7.074 Thread 0x00000000149be000 2234 %     3       com.android.dx.ssa.SsaMethod::deleteInsns @ 8 (239 bytes)
Event: 7.079 Thread 0x00000000149be000 nmethod 2234% 0x0000000002bc6190 code [0x0000000002bc65a0, 0x0000000002bc8b68]
Event: 7.079 Thread 0x00000000149be000 2235       3       com.android.dx.ssa.SsaMethod::deleteInsns (239 bytes)
Event: 7.083 Thread 0x00000000149be000 nmethod 2235 0x0000000002bca390 code [0x0000000002bca780, 0x0000000002bccbf8]
Event: 7.131 Thread 0x00000000149be000 2236       1       java.util.concurrent.ThreadPoolExecutor::beforeExecute (1 bytes)
Event: 7.131 Thread 0x00000000149be000 nmethod 2236 0x0000000002b92610 code [0x0000000002b92760, 0x0000000002b92870]
Event: 7.143 Thread 0x00000000149be000 2237       1       java.util.concurrent.ThreadPoolExecutor::afterExecute (1 bytes)
Event: 7.144 Thread 0x00000000149be000 nmethod 2237 0x0000000002b92350 code [0x0000000002b924a0, 0x0000000002b925b0]

GC Heap History (10 events):
Event: 3.615 GC heap before
{Heap before GC invocations=7 (full 0):
 PSYoungGen      total 142336K, used 141378K [0x00000000eab00000, 0x00000000f4b00000, 0x0000000100000000)
  eden space 128512K, 100% used [0x00000000eab00000,0x00000000f2880000,0x00000000f2880000)
  from space 13824K, 93% used [0x00000000f3880000,0x00000000f45109c0,0x00000000f4600000)
  to   space 16384K, 0% used [0x00000000f2880000,0x00000000f2880000,0x00000000f3880000)
 ParOldGen       total 44032K, used 18503K [0x00000000c0000000, 0x00000000c2b00000, 0x00000000eab00000)
  object space 44032K, 42% used [0x00000000c0000000,0x00000000c1211d30,0x00000000c2b00000)
 Metaspace       used 6531K, capacity 7256K, committed 7424K, reserved 1056768K
  class space    used 627K, capacity 656K, committed 768K, reserved 1048576K
Event: 3.702 GC heap after
Heap after GC invocations=7 (full 0):
 PSYoungGen      total 144896K, used 16377K [0x00000000eab00000, 0x00000000f4b00000, 0x0000000100000000)
  eden space 128512K, 0% used [0x00000000eab00000,0x00000000eab00000,0x00000000f2880000)
  from space 16384K, 99% used [0x00000000f2880000,0x00000000f387e538,0x00000000f3880000)
  to   space 13824K, 0% used [0x00000000f3880000,0x00000000f3880000,0x00000000f4600000)
 ParOldGen       total 44032K, used 33319K [0x00000000c0000000, 0x00000000c2b00000, 0x00000000eab00000)
  object space 44032K, 75% used [0x00000000c0000000,0x00000000c2089fb8,0x00000000c2b00000)
 Metaspace       used 6531K, capacity 7256K, committed 7424K, reserved 1056768K
  class space    used 627K, capacity 656K, committed 768K, reserved 1048576K
}
Event: 3.702 GC heap before
{Heap before GC invocations=8 (full 1):
 PSYoungGen      total 144896K, used 16377K [0x00000000eab00000, 0x00000000f4b00000, 0x0000000100000000)
  eden space 128512K, 0% used [0x00000000eab00000,0x00000000eab00000,0x00000000f2880000)
  from space 16384K, 99% used [0x00000000f2880000,0x00000000f387e538,0x00000000f3880000)
  to   space 13824K, 0% used [0x00000000f3880000,0x00000000f3880000,0x00000000f4600000)
 ParOldGen       total 44032K, used 33319K [0x00000000c0000000, 0x00000000c2b00000, 0x00000000eab00000)
  object space 44032K, 75% used [0x00000000c0000000,0x00000000c2089fb8,0x00000000c2b00000)
 Metaspace       used 6531K, capacity 7256K, committed 7424K, reserved 1056768K
  class space    used 627K, capacity 656K, committed 768K, reserved 1048576K
Event: 4.189 GC heap after
Heap after GC invocations=8 (full 1):
 PSYoungGen      total 144896K, used 3050K [0x00000000eab00000, 0x00000000f4b00000, 0x0000000100000000)
  eden space 128512K, 0% used [0x00000000eab00000,0x00000000eab00000,0x00000000f2880000)
  from space 16384K, 18% used [0x00000000f2880000,0x00000000f2b7aaa0,0x00000000f3880000)
  to   space 13824K, 0% used [0x00000000f3880000,0x00000000f3880000,0x00000000f4600000)
 ParOldGen       total 85504K, used 43741K [0x00000000c0000000, 0x00000000c5380000, 0x00000000eab00000)
  object space 85504K, 51% used [0x00000000c0000000,0x00000000c2ab75c8,0x00000000c5380000)
 Metaspace       used 6531K, capacity 7256K, committed 7424K, reserved 1056768K
  class space    used 627K, capacity 656K, committed 768K, reserved 1048576K
}
Event: 5.051 GC heap before
{Heap before GC invocations=9 (full 1):
 PSYoungGen      total 144896K, used 131562K [0x00000000eab00000, 0x00000000f4b00000, 0x0000000100000000)
  eden space 128512K, 100% used [0x00000000eab00000,0x00000000f2880000,0x00000000f2880000)
  from space 16384K, 18% used [0x00000000f2880000,0x00000000f2b7aaa0,0x00000000f3880000)
  to   space 13824K, 0% used [0x00000000f3880000,0x00000000f3880000,0x00000000f4600000)
 ParOldGen       total 85504K, used 43741K [0x00000000c0000000, 0x00000000c5380000, 0x00000000eab00000)
  object space 85504K, 51% used [0x00000000c0000000,0x00000000c2ab75c8,0x00000000c5380000)
 Metaspace       used 6570K, capacity 7256K, committed 7424K, reserved 1056768K
  class space    used 627K, capacity 656K, committed 768K, reserved 1048576K
Event: 5.142 GC heap after
Heap after GC invocations=9 (full 1):
 PSYoungGen      total 128512K, used 13798K [0x00000000eab00000, 0x00000000f9200000, 0x0000000100000000)
  eden space 114688K, 0% used [0x00000000eab00000,0x00000000eab00000,0x00000000f1b00000)
  from space 13824K, 99% used [0x00000000f3880000,0x00000000f45f99a0,0x00000000f4600000)
  to   space 30208K, 0% used [0x00000000f1b00000,0x00000000f1b00000,0x00000000f3880000)
 ParOldGen       total 85504K, used 51257K [0x00000000c0000000, 0x00000000c5380000, 0x00000000eab00000)
  object space 85504K, 59% used [0x00000000c0000000,0x00000000c320e518,0x00000000c5380000)
 Metaspace       used 6570K, capacity 7256K, committed 7424K, reserved 1056768K
  class space    used 627K, capacity 656K, committed 768K, reserved 1048576K
}
Event: 5.644 GC heap before
{Heap before GC invocations=10 (full 1):
 PSYoungGen      total 128512K, used 128486K [0x00000000eab00000, 0x00000000f9200000, 0x0000000100000000)
  eden space 114688K, 100% used [0x00000000eab00000,0x00000000f1b00000,0x00000000f1b00000)
  from space 13824K, 99% used [0x00000000f3880000,0x00000000f45f99a0,0x00000000f4600000)
  to   space 30208K, 0% used [0x00000000f1b00000,0x00000000f1b00000,0x00000000f3880000)
 ParOldGen       total 85504K, used 51257K [0x00000000c0000000, 0x00000000c5380000, 0x00000000eab00000)
  object space 85504K, 59% used [0x00000000c0000000,0x00000000c320e518,0x00000000c5380000)
 Metaspace       used 6586K, capacity 7256K, committed 7424K, reserved 1056768K
  class space    used 628K, capacity 656K, committed 768K, reserved 1048576K
Event: 5.725 GC heap after
Heap after GC invocations=10 (full 1):
 PSYoungGen      total 144896K, used 25101K [0x00000000eab00000, 0x00000000f7a00000, 0x0000000100000000)
  eden space 114688K, 0% used [0x00000000eab00000,0x00000000eab00000,0x00000000f1b00000)
  from space 30208K, 83% used [0x00000000f1b00000,0x00000000f33834c8,0x00000000f3880000)
  to   space 33792K, 0% used [0x00000000f5900000,0x00000000f5900000,0x00000000f7a00000)
 ParOldGen       total 85504K, used 51977K [0x00000000c0000000, 0x00000000c5380000, 0x00000000eab00000)
  object space 85504K, 60% used [0x00000000c0000000,0x00000000c32c2518,0x00000000c5380000)
 Metaspace       used 6586K, capacity 7256K, committed 7424K, reserved 1056768K
  class space    used 628K, capacity 656K, committed 768K, reserved 1048576K
}
Event: 6.434 GC heap before
{Heap before GC invocations=11 (full 1):
 PSYoungGen      total 144896K, used 139789K [0x00000000eab00000, 0x00000000f7a00000, 0x0000000100000000)
  eden space 114688K, 100% used [0x00000000eab00000,0x00000000f1b00000,0x00000000f1b00000)
  from space 30208K, 83% used [0x00000000f1b00000,0x00000000f33834c8,0x00000000f3880000)
  to   space 33792K, 0% used [0x00000000f5900000,0x00000000f5900000,0x00000000f7a00000)
 ParOldGen       total 85504K, used 51977K [0x00000000c0000000, 0x00000000c5380000, 0x00000000eab00000)
  object space 85504K, 60% used [0x00000000c0000000,0x00000000c32c2518,0x00000000c5380000)
 Metaspace       used 6600K, capacity 7320K, committed 7680K, reserved 1056768K
  class space    used 628K, capacity 656K, committed 768K, reserved 1048576K
Event: 6.542 GC heap after
Heap after GC invocations=11 (full 1):
 PSYoungGen      total 168960K, used 33775K [0x00000000eab00000, 0x00000000f8e00000, 0x0000000100000000)
  eden space 135168K, 0% used [0x00000000eab00000,0x00000000eab00000,0x00000000f2f00000)
  from space 33792K, 99% used [0x00000000f5900000,0x00000000f79fbdb8,0x00000000f7a00000)
  to   space 43008K, 0% used [0x00000000f2f00000,0x00000000f2f00000,0x00000000f5900000)
 ParOldGen       total 85504K, used 61629K [0x00000000c0000000, 0x00000000c5380000, 0x00000000eab00000)
  object space 85504K, 72% used [0x00000000c0000000,0x00000000c3c2f4f8,0x00000000c5380000)
 Metaspace       used 6600K, capacity 7320K, committed 7680K, reserved 1056768K
  class space    used 628K, capacity 656K, committed 768K, reserved 1048576K
}

Deoptimization events (10 events):
Event: 5.304 Thread 0x0000000016cc3000 Uncommon trap: reason=unstable_if action=reinterpret pc=0x0000000002a6f760 method=com.android.dx.ssa.SCCP.simulateBranch(Lcom/android/dx/ssa/SsaInsn;)V @ 548
Event: 5.389 Thread 0x00000000021e0800 Uncommon trap: reason=unstable_if action=reinterpret pc=0x0000000002adfdbc method=com.android.dx.cf.code.ByteCatchList.listFor(I)Lcom/android/dx/cf/code/ByteCatchList; @ 47
Event: 6.753 Thread 0x0000000016cc3000 Uncommon trap: reason=unstable_if action=reinterpret pc=0x0000000002aa0398 method=com.android.dx.rop.code.RegisterSpecSet.<init>(I)V @ 2
Event: 6.753 Thread 0x0000000016cc3000 Uncommon trap: reason=unstable_if action=reinterpret pc=0x0000000002922794 method=com.android.dx.rop.code.RegisterSpecSet.<init>(I)V @ 2
Event: 6.963 Thread 0x0000000016cc3000 Uncommon trap: reason=class_check action=maybe_recompile pc=0x0000000002b7688c method=com.android.dx.cf.code.Ropper.processBlock(Lcom/android/dx/cf/code/ByteBlock;Lcom/android/dx/cf/code/Frame;[I)V @ 711
Event: 6.964 Thread 0x0000000016cc3000 Uncommon trap: reason=class_check action=maybe_recompile pc=0x0000000002b7688c method=com.android.dx.cf.code.Ropper.processBlock(Lcom/android/dx/cf/code/ByteBlock;Lcom/android/dx/cf/code/Frame;[I)V @ 711
Event: 6.964 Thread 0x0000000016cc3000 Uncommon trap: reason=class_check action=maybe_recompile pc=0x0000000002b7688c method=com.android.dx.cf.code.Ropper.processBlock(Lcom/android/dx/cf/code/ByteBlock;Lcom/android/dx/cf/code/Frame;[I)V @ 711
Event: 6.964 Thread 0x0000000016cc3000 Uncommon trap: reason=class_check action=maybe_recompile pc=0x0000000002b7688c method=com.android.dx.cf.code.Ropper.processBlock(Lcom/android/dx/cf/code/ByteBlock;Lcom/android/dx/cf/code/Frame;[I)V @ 711
Event: 7.019 Thread 0x0000000016bba000 Uncommon trap: reason=unstable_if action=reinterpret pc=0x0000000002739b8c method=com.android.dx.ssa.SsaMethod.getExitBlock()Lcom/android/dx/ssa/SsaBasicBlock; @ 4
Event: 7.019 Thread 0x0000000016bba000 Uncommon trap: reason=unstable_if action=reinterpret pc=0x00000000025a21f4 method=com.android.dx.ssa.SsaMethod.getExitBlock()Lcom/android/dx/ssa/SsaBasicBlock; @ 4

Internal exceptions (5 events):
Event: 0.040 Thread 0x00000000021e0800 Exception <a 'java/lang/NoSuchMethodError': Method sun.misc.Unsafe.defineClass(Ljava/lang/String;[BII)Ljava/lang/Class; name or signature does not match> (0x00000000eab07c78) thrown at [C:\re\workspace\8-2-build-windows-amd64-cygwin\jdk8u102\7268\hotspot\sÁÄy¦g¤?
Event: 0.040 Thread 0x00000000021e0800 Exception <a 'java/lang/NoSuchMethodError': Method sun.misc.Unsafe.prefetchRead(Ljava/lang/Object;J)V name or signature does not match> (0x00000000eab07f60) thrown at [C:\re\workspace\8-2-build-windows-amd64-cygwin\jdk8u102\7268\hotspot\src\share\vm\prims\)€•¸be@
Event: 2.675 Thread 0x0000000016bba000 Exception <a 'java/lang/ArrayIndexOutOfBoundsException': 18> (0x00000000ee8e7e10) thrown at [C:\re\workspace\8-2-build-windows-amd64-cygwin\jdk8u102\7268\hotspot\src\share\vm\interpreter\interpreterRuntime.cpp, line 366]
Event: 2.675 Thread 0x0000000016bba000 Exception <a 'java/lang/ArrayIndexOutOfBoundsException': 145> (0x00000000ee8e9990) thrown at [C:\re\workspace\8-2-build-windows-amd64-cygwin\jdk8u102\7268\hotspot\src\share\vm\interpreter\interpreterRuntime.cpp, line 366]
Event: 2.676 Thread 0x0000000016bba000 Exception <a 'java/lang/ArrayIndexOutOfBoundsException'> (0x00000000ee8eac78) thrown at [C:\re\workspace\8-2-build-windows-amd64-cygwin\jdk8u102\7268\hotspot\src\share\vm\runtime\sharedRuntime.cpp, line 605]

Events (10 events):
Event: 7.019 Thread 0x0000000016bba000 Uncommon trap: trap_request=0xffffff65 fr.pc=0x0000000002739b8c
Event: 7.019 Thread 0x0000000016bba000 DEOPT PACKING pc=0x0000000002739b8c sp=0x00000000183aebb0
Event: 7.019 Thread 0x0000000016bba000 DEOPT UNPACKING pc=0x000000000232582a sp=0x00000000183aeb28 mode 2
Event: 7.019 Thread 0x0000000016bba000 Uncommon trap: trap_request=0xffffff65 fr.pc=0x00000000025a21f4
Event: 7.019 Thread 0x0000000016bba000 DEOPT PACKING pc=0x00000000025a21f4 sp=0x00000000183aeb60
Event: 7.019 Thread 0x0000000016bba000 DEOPT UNPACKING pc=0x000000000232582a sp=0x00000000183aeb18 mode 2
Event: 7.044 Thread 0x0000000016cc3000 DEOPT PACKING pc=0x000000000266c43d sp=0x00000000185aea50
Event: 7.044 Thread 0x0000000016cc3000 DEOPT UNPACKING pc=0x000000000232787f sp=0x00000000185ae7f0 mode 0
Event: 7.083 Thread 0x00000000166de000 DEOPT PACKING pc=0x0000000002b9354a sp=0x00000000184aec40
Event: 7.083 Thread 0x00000000166de000 DEOPT UNPACKING pc=0x000000000232787f sp=0x00000000184aea20 mode 0


Dynamic libraries:
0x00007ff65b5b0000 - 0x00007ff65b5e7000 	C:\Program Files\Java\jdk1.8.0_102\bin\java.exe
0x00007ffd7c050000 - 0x00007ffd7c1fd000 	C:\Windows\SYSTEM32\ntdll.dll
0x00007ffd7bd60000 - 0x00007ffd7be9a000 	C:\Windows\system32\KERNEL32.DLL
0x00007ffd79650000 - 0x00007ffd79765000 	C:\Windows\system32\KERNELBASE.dll
0x00007ffd77c80000 - 0x00007ffd77d0e000 	C:\Windows\system32\apphelp.dll
0x00007ffd60750000 - 0x00007ffd607a3000 	C:\Windows\AppPatch\AppPatch64\AcGenral.DLL
0x00007ffd7b020000 - 0x00007ffd7b0c7000 	C:\Windows\system32\msvcrt.dll
0x00007ffd79340000 - 0x00007ffd7936b000 	C:\Windows\system32\SspiCli.dll
0x00007ffd7b7e0000 - 0x00007ffd7b831000 	C:\Windows\system32\SHLWAPI.dll
0x00007ffd7b1e0000 - 0x00007ffd7b351000 	C:\Windows\system32\USER32.dll
0x00007ffd7bb00000 - 0x00007ffd7bc94000 	C:\Windows\system32\ole32.dll
0x00007ffd79770000 - 0x00007ffd7ac9b000 	C:\Windows\system32\SHELL32.dll
0x00007ffd788c0000 - 0x00007ffd788df000 	C:\Windows\SYSTEM32\USERENV.dll
0x00007ffd7b130000 - 0x00007ffd7b1da000 	C:\Windows\system32\ADVAPI32.dll
0x00007ffd6f320000 - 0x00007ffd6f33b000 	C:\Windows\SYSTEM32\MPR.dll
0x00007ffd7bea0000 - 0x00007ffd7bfe0000 	C:\Windows\system32\RPCRT4.dll
0x00007ffd7bca0000 - 0x00007ffd7bcf9000 	C:\Windows\SYSTEM32\sechost.dll
0x00007ffd7b840000 - 0x00007ffd7ba16000 	C:\Windows\SYSTEM32\combase.dll
0x00007ffd7aca0000 - 0x00007ffd7adf0000 	C:\Windows\system32\GDI32.dll
0x00007ffd79220000 - 0x00007ffd79234000 	C:\Windows\SYSTEM32\profapi.dll
0x00007ffd77930000 - 0x00007ffd779cf000 	C:\Windows\SYSTEM32\SHCORE.dll
0x00007ffd7afd0000 - 0x00007ffd7b004000 	C:\Windows\system32\IMM32.DLL
0x00007ffd7b680000 - 0x00007ffd7b7d2000 	C:\Windows\system32\MSCTF.dll
0x00007ffd77030000 - 0x00007ffd772ab000 	C:\Windows\WinSxS\amd64_microsoft.windows.common-controls_6595b64144ccf1df_6.0.9600.18006_none_623f33d3ecbe86e8\COMCTL32.dll
0x0000000065dc0000 - 0x0000000065e91000 	C:\Program Files\Java\jdk1.8.0_102\jre\bin\msvcr100.dll
0x00000000661f0000 - 0x0000000066a8a000 	C:\Program Files\Java\jdk1.8.0_102\jre\bin\server\jvm.dll
0x00007ffd6e8e0000 - 0x00007ffd6e8e9000 	C:\Windows\SYSTEM32\WSOCK32.dll
0x00007ffd71ac0000 - 0x00007ffd71adf000 	C:\Windows\SYSTEM32\WINMM.dll
0x00007ffd72740000 - 0x00007ffd7274a000 	C:\Windows\SYSTEM32\VERSION.dll
0x00007ffd7b010000 - 0x00007ffd7b017000 	C:\Windows\system32\PSAPI.DLL
0x00007ffd7bd00000 - 0x00007ffd7bd5a000 	C:\Windows\system32\WS2_32.dll
0x00007ffd71a90000 - 0x00007ffd71aba000 	C:\Windows\SYSTEM32\WINMMBASE.dll
0x00007ffd7baf0000 - 0x00007ffd7baf9000 	C:\Windows\system32\NSI.dll
0x00007ffd79370000 - 0x00007ffd793ba000 	C:\Windows\SYSTEM32\cfgmgr32.dll
0x00007ffd780c0000 - 0x00007ffd780e6000 	C:\Windows\SYSTEM32\DEVOBJ.dll
0x0000000066ae0000 - 0x0000000066aef000 	C:\Program Files\Java\jdk1.8.0_102\jre\bin\verify.dll
0x0000000066ab0000 - 0x0000000066ad9000 	C:\Program Files\Java\jdk1.8.0_102\jre\bin\java.dll
0x0000000066a90000 - 0x0000000066aa6000 	C:\Program Files\Java\jdk1.8.0_102\jre\bin\zip.dll

VM Arguments:
jvm_args: -Djava.awt.headless=true -Xmx1024M -Dfile.encoding=windows-1252 -Duser.country=US -Duser.language=en -Duser.variant 
java_command: com.android.dx.command.Main --dex --num-threads=4 --multi-dex --main-dex-list C:\Users\dream\AndroidProjects\ImageUpload\app\build\intermediates\multi-dex\debug\maindexlist.txt --output C:\Users\dream\AndroidProjects\ImageUpload\app\build\intermediates\transforms\dex\debug\folders\1000\1f\main C:\Users\dream\AndroidProjects\ImageUpload\app\build\intermediates\transforms\jarMerging\debug\jars\1\1f\combined.jar
java_class_path (initial): C:\Users\dream\AppData\Local\Android\sdk\build-tools\25.0.3\lib\dx.jar
Launcher Type: SUN_STANDARD

Environment Variables:
PATH=C:\ProgramData\Oracle\Java\javapath;C:\Windows\system32;C:\Windows;C:\Windows\System32\Wbem;C:\Windows\System32\WindowsPowerShell\v1.0\;C:\Program Files (x86)\Microsoft SQL Server\100\Tools\Binn\;C:\Program Files\Microsoft SQL Server\100\Tools\Binn\;C:\Program Files\Microsoft SQL Server\100\DTS\Binn\;C:\Program Files (x86)\Microsoft SQL Server\100\DTS\Binn\;C:\Program Files (x86)\Microsoft SQL Server\100\Tools\Binn\VSShell\Common7\IDE\;C:\Program Files (x86)\Microsoft Visual Studio 9.0\Common7\IDE\PrivateAssemblies\;C:\Program Files\Java\jdk1.8.0_102\bin
USERNAME=dream
OS=Windows_NT
PROCESSOR_IDENTIFIER=Intel64 Family 6 Model 69 Stepping 1, GenuineIntel



---------------  S Y S T E M  ---------------

OS: Windows 8.1 , 64 bit Build 9600 (6.3.9600.17031)

CPU:total 4 (2 cores per cpu, 2 threads per core) family 6 model 69 stepping 1, cmov, cx8, fxsr, mmx, sse, sse2, sse3, ssse3, sse4.1, sse4.2, popcnt, avx, avx2, aes, clmul, erms, lzcnt, ht, tsc, tscinvbit, bmi1, bmi2

Memory: 4k page, physical 4096184k(511752k free), swap 4096184k(5876k free)

vm_info: Java HotSpot(TM) 64-Bit Server VM (25.102-b14) for windows-amd64 JRE (1.8.0_102-b14), built on Jun 22 2016 13:15:21 by "java_re" with MS VC++ 10.0 (VS2010)

time: Sun May 28 11:41:15 2017
elapsed time: 7 seconds (0d 0h 0m 7s)

