#
# There is insufficient memory for the Java Runtime Environment to continue.
# Native memory allocation (malloc) failed to allocate 32744 bytes for ChunkPool::allocate
# Possible reasons:
#   The system is out of physical RAM or swap space
#   In 32 bit mode, the process size limit was hit
# Possible solutions:
#   Reduce memory load on the system
#   Increase physical memory or swap space
#   Check if swap backing store is full
#   Use 64 bit Java on a 64 bit OS
#   Decrease Java heap size (-Xmx/-Xms)
#   Decrease number of Java threads
#   Decrease Java thread stack sizes (-Xss)
#   Set larger code cache with -XX:ReservedCodeCacheSize=
# This output file may be truncated or incomplete.
#
#  Out of Memory Error (allocation.cpp:273), pid=3672, tid=0x0000000000000e54
#
# JRE version: Java(TM) SE Runtime Environment (8.0_102-b14) (build 1.8.0_102-b14)
# Java VM: Java HotSpot(TM) 64-Bit Server VM (25.102-b14 mixed mode windows-amd64 compressed oops)
# Failed to write core dump. Minidumps are not enabled by default on client versions of Windows
#

---------------  T H R E A D  ---------------

Current thread (0x0000000014dec800):  JavaThread "C2 CompilerThread0" daemon [_thread_in_native, id=3668, stack(0x0000000016430000,0x0000000016530000)]

Stack: [0x0000000016430000,0x0000000016530000]
[error occurred during error reporting (printing stack bounds), id 0xc0000005]

Native frames: (J=compiled Java code, j=interpreted, Vv=VM code, C=native code)


Current CompileTask:
C2:   2477  752   !   4       com.android.dx.rop.code.RegisterSpecSet::put (104 bytes)


---------------  P R O C E S S  ---------------

Java Threads: ( => current thread )
  0x0000000016a00000 JavaThread "pool-1-thread-4" [_thread_in_vm, id=3952, stack(0x0000000017130000,0x0000000017230000)]
  0x00000000169fc800 JavaThread "pool-1-thread-3" [_thread_in_Java, id=4912, stack(0x0000000017030000,0x0000000017130000)]
  0x00000000169fb800 JavaThread "pool-1-thread-2" [_thread_in_vm, id=268, stack(0x0000000016f30000,0x0000000017030000)]
  0x00000000169b4000 JavaThread "pool-2-thread-1" [_thread_blocked, id=5088, stack(0x0000000016e30000,0x0000000016f30000)]
  0x00000000169b3800 JavaThread "pool-1-thread-1" [_thread_in_Java, id=4864, stack(0x0000000016d30000,0x0000000016e30000)]
  0x0000000016735000 JavaThread "Service Thread" daemon [_thread_blocked, id=3128, stack(0x0000000016b30000,0x0000000016c30000)]
  0x0000000014e48800 JavaThread "C1 CompilerThread2" daemon [_thread_in_native, id=4220, stack(0x0000000016630000,0x0000000016730000)]
  0x0000000014e45800 JavaThread "C2 CompilerThread1" daemon [_thread_in_native, id=616, stack(0x0000000016530000,0x0000000016630000)]
=>0x0000000014dec800 JavaThread "C2 CompilerThread0" daemon [_thread_in_native, id=3668, stack(0x0000000016430000,0x0000000016530000)]
  0x0000000014dea800 JavaThread "Attach Listener" daemon [_thread_blocked, id=1852, stack(0x0000000016330000,0x0000000016430000)]
  0x0000000014de9800 JavaThread "Signal Dispatcher" daemon [_thread_blocked, id=4792, stack(0x0000000016230000,0x0000000016330000)]
  0x0000000014dda800 JavaThread "Finalizer" daemon [_thread_blocked, id=4988, stack(0x0000000016050000,0x0000000016150000)]
  0x0000000014db9000 JavaThread "Reference Handler" daemon [_thread_blocked, id=4656, stack(0x0000000015f50000,0x0000000016050000)]
  0x0000000002620800 JavaThread "main" [_thread_in_Java, id=2364, stack(0x0000000002460000,0x0000000002560000)]

Other Threads:
  0x0000000014db6800 VMThread [stack: 0x0000000015e50000,0x0000000015f50000] [id=4832]
  0x0000000016739000 WatcherThread [stack: 0x0000000016c30000,0x0000000016d30000] [id=5040]

VM state:not at safepoint (normal execution)

VM Mutex/Monitor currently owned by a thread: None

Heap:
 PSYoungGen      total 18944K, used 15050K [0x00000000eab00000, 0x00000000ec000000, 0x0000000100000000)
  eden space 16384K, 91% used [0x00000000eab00000,0x00000000eb9b2a40,0x00000000ebb00000)
  from space 2560K, 0% used [0x00000000ebd80000,0x00000000ebd80000,0x00000000ec000000)
  to   space 2560K, 0% used [0x00000000ebb00000,0x00000000ebb00000,0x00000000ebd80000)
 ParOldGen       total 44032K, used 0K [0x00000000c0000000, 0x00000000c2b00000, 0x00000000eab00000)
  object space 44032K, 0% used [0x00000000c0000000,0x00000000c0000000,0x00000000c2b00000)
 Metaspace       used 5626K, capacity 6704K, committed 6784K, reserved 1056768K
  class space    used 590K, capacity 616K, committed 640K, reserved 1048576K

Card table byte_map: [0x0000000011ae0000,0x0000000011cf0000] byte_map_base: 0x00000000114e0000

Marking Bits: (ParMarkBitMap*) 0x000000005d32a6c0
 Begin Bits: [0x0000000012250000, 0x0000000013250000)
 End Bits:   [0x0000000013250000, 0x0000000014250000)

Polling page: 0x0000000000bb0000

CodeCache: size=245760Kb used=2914Kb max_used=2927Kb free=242845Kb
 bounds [0x0000000002720000, 0x0000000002a00000, 0x0000000011720000]
 total_blobs=1004 nmethods=741 adapters=176
 compilation: enabled

Compilation events (10 events):
Event: 2.458 Thread 0x0000000014e48800 nmethod 740 0x00000000029f3010 code [0x00000000029f31c0, 0x00000000029f3878]
Event: 2.460 Thread 0x0000000014e48800  741       3       com.android.dx.ssa.back.SsaToRop::convertInsns (53 bytes)
Event: 2.461 Thread 0x0000000014e48800 nmethod 741 0x00000000029f3cd0 code [0x00000000029f3f40, 0x00000000029f4f28]
Event: 2.462 Thread 0x0000000014e48800  742       3       com.android.dx.rop.code.RopMethod::calcPredecessors (227 bytes)
Event: 2.464 Thread 0x0000000014e48800 nmethod 742 0x00000000029f5c10 code [0x00000000029f5f20, 0x00000000029f7b48]
Event: 2.466 Thread 0x0000000014e48800  743   !   3       com.android.dx.cf.code.RopperMachine::run (1550 bytes)
Event: 2.470 Thread 0x0000000014dec800 nmethod 733 0x00000000029fc450 code [0x00000000029fc680, 0x00000000029fd350]
Event: 2.470 Thread 0x0000000014dec800  734       4       com.android.dx.util.Bits::set (38 bytes)
Event: 2.471 Thread 0x0000000014dec800 nmethod 734 0x00000000029f94d0 code [0x00000000029f9600, 0x00000000029f96b8]
Event: 2.472 Thread 0x0000000014dec800  752   !   4       com.android.dx.rop.code.RegisterSpecSet::put (104 bytes)

GC Heap History (0 events):
No events

Deoptimization events (0 events):
No events

Internal exceptions (2 events):
Event: 0.660 Thread 0x0000000002620800 Exception <a 'java/lang/NoSuchMethodError': Method sun.misc.Unsafe.defineClass(Ljava/lang/String;[BII)Ljava/lang/Class; name or signature does not match> (0x00000000eab07c78) thrown at [C:\re\workspace\8-2-build-windows-amd64-cygwin\jdk8u102\7268\hotspot\sá+µ¿å?
Event: 0.660 Thread 0x0000000002620800 Exception <a 'java/lang/NoSuchMethodError': Method sun.misc.Unsafe.prefetchRead(Ljava/lang/Object;J)V name or signature does not match> (0x00000000eab07f60) thrown at [C:\re\workspace\8-2-build-windows-amd64-cygwin\jdk8u102\7268\hotspot\src\share\vm\prims\

Events (10 events):
Event: 2.264 loading class java/util/HashMap$Values
Event: 2.264 loading class java/util/HashMap$Values done
Event: 2.264 loading class java/util/HashMap$ValueIterator
Event: 2.264 loading class java/util/HashMap$ValueIterator done
Event: 2.319 loading class com/android/dx/cf/code/BytecodeArray$ConstantParserVisitor
Event: 2.319 loading class com/android/dx/cf/code/BytecodeArray$ConstantParserVisitor done
Event: 2.356 loading class java/util/DualPivotQuicksort
Event: 2.357 loading class java/util/DualPivotQuicksort done
Event: 2.386 loading class java/util/ArrayList$1
Event: 2.386 loading class java/util/ArrayList$1 done


Dynamic libraries:
0x00007ff77d050000 - 0x00007ff77d087000 	C:\Program Files\Java\jdk1.8.0_102\bin\java.exe
0x00007ff92e4e0000 - 0x00007ff92e68d000 	C:\Windows\SYSTEM32\ntdll.dll
0x00007ff92e390000 - 0x00007ff92e4ca000 	C:\Windows\system32\KERNEL32.DLL
0x00007ff92b880000 - 0x00007ff92b995000 	C:\Windows\system32\KERNELBASE.dll
0x00007ff929c60000 - 0x00007ff929cee000 	C:\Windows\system32\apphelp.dll
0x00007ff918fb0000 - 0x00007ff919003000 	C:\Windows\AppPatch\AppPatch64\AcGenral.DLL
0x00007ff92e150000 - 0x00007ff92e1f7000 	C:\Windows\system32\msvcrt.dll
0x00007ff92bb80000 - 0x00007ff92bbab000 	C:\Windows\system32\SspiCli.dll
0x00007ff92c6a0000 - 0x00007ff92c6f1000 	C:\Windows\system32\SHLWAPI.dll
0x00007ff92e210000 - 0x00007ff92e381000 	C:\Windows\system32\USER32.dll
0x00007ff92bd50000 - 0x00007ff92bee4000 	C:\Windows\system32\ole32.dll
0x00007ff92c700000 - 0x00007ff92dc2b000 	C:\Windows\system32\SHELL32.dll
0x00007ff92ad50000 - 0x00007ff92ad6f000 	C:\Windows\SYSTEM32\USERENV.dll
0x00007ff92c1a0000 - 0x00007ff92c24a000 	C:\Windows\system32\ADVAPI32.dll
0x00007ff922270000 - 0x00007ff92228b000 	C:\Windows\SYSTEM32\MPR.dll
0x00007ff92df40000 - 0x00007ff92e080000 	C:\Windows\system32\RPCRT4.dll
0x00007ff92dc30000 - 0x00007ff92dc89000 	C:\Windows\SYSTEM32\sechost.dll
0x00007ff92c4c0000 - 0x00007ff92c696000 	C:\Windows\SYSTEM32\combase.dll
0x00007ff92bc00000 - 0x00007ff92bd50000 	C:\Windows\system32\GDI32.dll
0x00007ff92b6b0000 - 0x00007ff92b6c4000 	C:\Windows\SYSTEM32\profapi.dll
0x00007ff929bc0000 - 0x00007ff929c5f000 	C:\Windows\SYSTEM32\SHCORE.dll
0x00007ff92bef0000 - 0x00007ff92bf24000 	C:\Windows\system32\IMM32.DLL
0x00007ff92c250000 - 0x00007ff92c3a2000 	C:\Windows\system32\MSCTF.dll
0x00007ff929750000 - 0x00007ff9299cb000 	C:\Windows\WinSxS\amd64_microsoft.windows.common-controls_6595b64144ccf1df_6.0.9600.18006_none_623f33d3ecbe86e8\COMCTL32.dll
0x000000005c890000 - 0x000000005c961000 	C:\Program Files\Java\jdk1.8.0_102\jre\bin\msvcr100.dll
0x000000005cb10000 - 0x000000005d3aa000 	C:\Program Files\Java\jdk1.8.0_102\jre\bin\server\jvm.dll
0x00007ff9183d0000 - 0x00007ff9183d9000 	C:\Windows\SYSTEM32\WSOCK32.dll
0x00007ff923e40000 - 0x00007ff923e5f000 	C:\Windows\SYSTEM32\WINMM.dll
0x00007ff924d10000 - 0x00007ff924d1a000 	C:\Windows\SYSTEM32\VERSION.dll
0x00007ff92e4d0000 - 0x00007ff92e4d7000 	C:\Windows\system32\PSAPI.DLL
0x00007ff92dc90000 - 0x00007ff92dcea000 	C:\Windows\system32\WS2_32.dll
0x00007ff923e10000 - 0x00007ff923e3a000 	C:\Windows\SYSTEM32\WINMMBASE.dll
0x00007ff92c190000 - 0x00007ff92c199000 	C:\Windows\system32\NSI.dll
0x00007ff92bbb0000 - 0x00007ff92bbfa000 	C:\Windows\SYSTEM32\cfgmgr32.dll
0x00007ff92a530000 - 0x00007ff92a556000 	C:\Windows\SYSTEM32\DEVOBJ.dll
0x000000005dc00000 - 0x000000005dc0f000 	C:\Program Files\Java\jdk1.8.0_102\jre\bin\verify.dll
0x000000005dbd0000 - 0x000000005dbf9000 	C:\Program Files\Java\jdk1.8.0_102\jre\bin\java.dll
0x000000005dbb0000 - 0x000000005dbc6000 	C:\Program Files\Java\jdk1.8.0_102\jre\bin\zip.dll

VM Arguments:
jvm_args: -Djava.awt.headless=true -Xmx1024M -Dfile.encoding=windows-1252 -Duser.country=US -Duser.language=en -Duser.variant 
java_command: com.android.dx.command.Main --dex --num-threads=4 --output C:\Users\dream\AndroidProjects\ImageUpload\app\build\intermediates\pre-dexed\debug\com.android.support-support-core-ui-25.3.1_2e59bcfb24bdd8b0115b8745411120aec5db1a36.jar C:\Users\dream\AndroidProjects\ImageUpload\app\build\intermediates\exploded-aar\com.android.support\support-core-ui\25.3.1\jars\classes.jar
java_class_path (initial): C:\Users\dream\AppData\Local\Android\sdk\build-tools\25.0.3\lib\dx.jar
Launcher Type: SUN_STANDARD

Environment Variables:
PATH=C:\ProgramData\Oracle\Java\javapath;C:\Windows\system32;C:\Windows;C:\Windows\System32\Wbem;C:\Windows\System32\WindowsPowerShell\v1.0\;C:\Program Files (x86)\Microsoft SQL Server\100\Tools\Binn\;C:\Program Files\Microsoft SQL Server\100\Tools\Binn\;C:\Program Files\Microsoft SQL Server\100\DTS\Binn\;C:\Program Files (x86)\Microsoft SQL Server\100\DTS\Binn\;C:\Program Files (x86)\Microsoft SQL Server\100\Tools\Binn\VSShell\Common7\IDE\;C:\Program Files (x86)\Microsoft Visual Studio 9.0\Common7\IDE\PrivateAssemblies\;C:\Program Files\Java\jdk1.8.0_102\bin
USERNAME=dream
OS=Windows_NT
PROCESSOR_IDENTIFIER=Intel64 Family 6 Model 69 Stepping 1, GenuineIntel



---------------  S Y S T E M  ---------------

OS: Windows 8.1 , 64 bit Build 9600 (6.3.9600.17031)

CPU:total 4 (2 cores per cpu, 2 threads per core) family 6 model 69 stepping 1, cmov, cx8, fxsr, mmx, sse, sse2, sse3, ssse3, sse4.1, sse4.2, popcnt, avx, avx2, aes, clmul, erms, lzcnt, ht, tsc, tscinvbit, bmi1, bmi2

Memory: 4k page, physical 4096184k(768168k free), swap 4096184k(5112k free)

vm_info: Java HotSpot(TM) 64-Bit Server VM (25.102-b14) for windows-amd64 JRE (1.8.0_102-b14), built on Jun 22 2016 13:15:21 by "java_re" with MS VC++ 10.0 (VS2010)

time: Fri May 26 14:10:23 2017
elapsed time: 2 seconds (0d 0h 0m 2s)

