#
# There is insufficient memory for the Java Runtime Environment to continue.
# Native memory allocation (malloc) failed to allocate 131088 bytes for Chunk::new
# Possible reasons:
#   The system is out of physical RAM or swap space
#   In 32 bit mode, the process size limit was hit
# Possible solutions:
#   Reduce memory load on the system
#   Increase physical memory or swap space
#   Check if swap backing store is full
#   Use 64 bit Java on a 64 bit OS
#   Decrease Java heap size (-Xmx/-Xms)
#   Decrease number of Java threads
#   Decrease Java thread stack sizes (-Xss)
#   Set larger code cache with -XX:ReservedCodeCacheSize=
# This output file may be truncated or incomplete.
#
#  Out of Memory Error (allocation.cpp:390), pid=1956, tid=0x0000000000000d1c
#
# JRE version: Java(TM) SE Runtime Environment (8.0_102-b14) (build 1.8.0_102-b14)
# Java VM: Java HotSpot(TM) 64-Bit Server VM (25.102-b14 mixed mode windows-amd64 compressed oops)
# Failed to write core dump. Minidumps are not enabled by default on client versions of Windows
#

---------------  T H R E A D  ---------------

Current thread (0x00000000153d5800):  JavaThread "C2 CompilerThread1" daemon [_thread_in_native, id=3356, stack(0x0000000016ad0000,0x0000000016bd0000)]

Stack: [0x0000000016ad0000,0x0000000016bd0000]
[error occurred during error reporting (printing stack bounds), id 0xc0000005]

Native frames: (J=compiled Java code, j=interpreted, Vv=VM code, C=native code)


Current CompileTask:
C2:  16260 1858   !   4       com.android.dx.cf.cst.ConstantPoolParser::parse0 (731 bytes)


---------------  P R O C E S S  ---------------

Java Threads: ( => current thread )
  0x0000000016f97800 JavaThread "pool-1-thread-4" [_thread_blocked, id=1880, stack(0x00000000176d0000,0x00000000177d0000)]
  0x0000000016f97000 JavaThread "pool-1-thread-3" [_thread_blocked, id=2848, stack(0x00000000175d0000,0x00000000176d0000)]
  0x0000000016f96000 JavaThread "pool-1-thread-2" [_thread_blocked, id=3036, stack(0x00000000174d0000,0x00000000175d0000)]
  0x0000000016f93800 JavaThread "pool-2-thread-1" [_thread_blocked, id=848, stack(0x00000000173d0000,0x00000000174d0000)]
  0x0000000016f92800 JavaThread "pool-1-thread-1" [_thread_blocked, id=2136, stack(0x00000000172d0000,0x00000000173d0000)]
  0x0000000016cd5000 JavaThread "Service Thread" daemon [_thread_blocked, id=5044, stack(0x00000000170d0000,0x00000000171d0000)]
  0x00000000153dc000 JavaThread "C1 CompilerThread2" daemon [_thread_blocked, id=3304, stack(0x0000000016bd0000,0x0000000016cd0000)]
=>0x00000000153d5800 JavaThread "C2 CompilerThread1" daemon [_thread_in_native, id=3356, stack(0x0000000016ad0000,0x0000000016bd0000)]
  0x000000001537c800 JavaThread "C2 CompilerThread0" daemon [_thread_in_native, id=3516, stack(0x00000000169d0000,0x0000000016ad0000)]
  0x000000001537a800 JavaThread "Attach Listener" daemon [_thread_blocked, id=4884, stack(0x00000000168d0000,0x00000000169d0000)]
  0x0000000015379000 JavaThread "Signal Dispatcher" daemon [_thread_blocked, id=2516, stack(0x00000000167d0000,0x00000000168d0000)]
  0x0000000002caa000 JavaThread "Finalizer" daemon [_thread_blocked, id=2168, stack(0x00000000165e0000,0x00000000166e0000)]
  0x0000000015349000 JavaThread "Reference Handler" daemon [_thread_blocked, id=3308, stack(0x00000000164e0000,0x00000000165e0000)]
  0x0000000002bb0800 JavaThread "main" [_thread_blocked, id=1656, stack(0x0000000002a80000,0x0000000002b80000)]

Other Threads:
  0x0000000015346800 VMThread [stack: 0x00000000163e0000,0x00000000164e0000] [id=1964]
  0x0000000016cf1000 WatcherThread [stack: 0x00000000171d0000,0x00000000172d0000] [id=4616]

VM state:not at safepoint (normal execution)

VM Mutex/Monitor currently owned by a thread: None

Heap:
 PSYoungGen      total 68096K, used 7576K [0x00000000eab00000, 0x00000000f4600000, 0x0000000100000000)
  eden space 65536K, 7% used [0x00000000eab00000,0x00000000eafe99c8,0x00000000eeb00000)
  from space 2560K, 99% used [0x00000000eeb00000,0x00000000eed7c6f8,0x00000000eed80000)
  to   space 13824K, 0% used [0x00000000f3880000,0x00000000f3880000,0x00000000f4600000)
 ParOldGen       total 44032K, used 23112K [0x00000000c0000000, 0x00000000c2b00000, 0x00000000eab00000)
  object space 44032K, 52% used [0x00000000c0000000,0x00000000c16921a8,0x00000000c2b00000)
 Metaspace       used 6166K, capacity 7152K, committed 7296K, reserved 1056768K
  class space    used 591K, capacity 616K, committed 640K, reserved 1048576K

Card table byte_map: [0x0000000012070000,0x0000000012280000] byte_map_base: 0x0000000011a70000

Marking Bits: (ParMarkBitMap*) 0x000000005d32a6c0
 Begin Bits: [0x00000000127e0000, 0x00000000137e0000)
 End Bits:   [0x00000000137e0000, 0x00000000147e0000)

Polling page: 0x0000000002a40000

CodeCache: size=245760Kb used=8800Kb max_used=8804Kb free=236959Kb
 bounds [0x0000000002cb0000, 0x0000000003560000, 0x0000000011cb0000]
 total_blobs=2086 nmethods=1822 adapters=176
 compilation: enabled

Compilation events (10 events):
Event: 15.459 Thread 0x000000001537c800 nmethod 1854 0x000000000342b810 code [0x000000000342b940, 0x000000000342ba18]
Event: 15.459 Thread 0x000000001537c800 1855       4       com.android.dx.ssa.SsaConverter::placePhiFunctions (394 bytes)
Event: 15.765 Thread 0x00000000153dc000 1867       2       com.android.dx.cf.direct.AnnotationParser::parseAnnotation (214 bytes)
Event: 15.768 Thread 0x00000000153dc000 nmethod 1867 0x000000000353c910 code [0x000000000353ccc0, 0x000000000353dfe8]
Event: 15.786 Thread 0x00000000153dc000 1869       2       java.util.TreeMap::entrySet (27 bytes)
Event: 15.786 Thread 0x00000000153dc000 nmethod 1869 0x000000000353c550 code [0x000000000353c6a0, 0x000000000353c870]
Event: 15.787 Thread 0x00000000153dc000 1870       2       java.util.TreeMap$EntrySet::iterator (19 bytes)
Event: 15.787 Thread 0x00000000153dc000 nmethod 1870 0x000000000353c010 code [0x000000000353c180, 0x000000000353c3f0]
Event: 16.146 Thread 0x00000000153dc000 1873       2       java.util.concurrent.locks.AbstractQueuedSynchronizer::shouldParkAfterFailedAcquire (50 bytes)
Event: 16.146 Thread 0x00000000153dc000 nmethod 1873 0x0000000003535c10 code [0x0000000003535d80, 0x0000000003535fb0]

GC Heap History (10 events):
Event: 4.956 GC heap before
{Heap before GC invocations=1 (full 0):
 PSYoungGen      total 18944K, used 16384K [0x00000000eab00000, 0x00000000ec000000, 0x0000000100000000)
  eden space 16384K, 100% used [0x00000000eab00000,0x00000000ebb00000,0x00000000ebb00000)
  from space 2560K, 0% used [0x00000000ebd80000,0x00000000ebd80000,0x00000000ec000000)
  to   space 2560K, 0% used [0x00000000ebb00000,0x00000000ebb00000,0x00000000ebd80000)
 ParOldGen       total 44032K, used 0K [0x00000000c0000000, 0x00000000c2b00000, 0x00000000eab00000)
  object space 44032K, 0% used [0x00000000c0000000,0x00000000c0000000,0x00000000c2b00000)
 Metaspace       used 5421K, capacity 6512K, committed 6784K, reserved 1056768K
  class space    used 585K, capacity 616K, committed 640K, reserved 1048576K
Event: 5.600 GC heap after
Heap after GC invocations=1 (full 0):
 PSYoungGen      total 18944K, used 2532K [0x00000000eab00000, 0x00000000ed000000, 0x0000000100000000)
  eden space 16384K, 0% used [0x00000000eab00000,0x00000000eab00000,0x00000000ebb00000)
  from space 2560K, 98% used [0x00000000ebb00000,0x00000000ebd79258,0x00000000ebd80000)
  to   space 2560K, 0% used [0x00000000ecd80000,0x00000000ecd80000,0x00000000ed000000)
 ParOldGen       total 44032K, used 771K [0x00000000c0000000, 0x00000000c2b00000, 0x00000000eab00000)
  object space 44032K, 1% used [0x00000000c0000000,0x00000000c00c0c20,0x00000000c2b00000)
 Metaspace       used 5421K, capacity 6512K, committed 6784K, reserved 1056768K
  class space    used 585K, capacity 616K, committed 640K, reserved 1048576K
}
Event: 8.258 GC heap before
{Heap before GC invocations=2 (full 0):
 PSYoungGen      total 18944K, used 18916K [0x00000000eab00000, 0x00000000ed000000, 0x0000000100000000)
  eden space 16384K, 100% used [0x00000000eab00000,0x00000000ebb00000,0x00000000ebb00000)
  from space 2560K, 98% used [0x00000000ebb00000,0x00000000ebd79258,0x00000000ebd80000)
  to   space 2560K, 0% used [0x00000000ecd80000,0x00000000ecd80000,0x00000000ed000000)
 ParOldGen       total 44032K, used 771K [0x00000000c0000000, 0x00000000c2b00000, 0x00000000eab00000)
  object space 44032K, 1% used [0x00000000c0000000,0x00000000c00c0c20,0x00000000c2b00000)
 Metaspace       used 5885K, capacity 6896K, committed 7040K, reserved 1056768K
  class space    used 590K, capacity 616K, committed 640K, reserved 1048576K
Event: 8.410 GC heap after
Heap after GC invocations=2 (full 0):
 PSYoungGen      total 35328K, used 2535K [0x00000000eab00000, 0x00000000ed000000, 0x0000000100000000)
  eden space 32768K, 0% used [0x00000000eab00000,0x00000000eab00000,0x00000000ecb00000)
  from space 2560K, 99% used [0x00000000ecd80000,0x00000000ecff9c68,0x00000000ed000000)
  to   space 2560K, 0% used [0x00000000ecb00000,0x00000000ecb00000,0x00000000ecd80000)
 ParOldGen       total 44032K, used 2624K [0x00000000c0000000, 0x00000000c2b00000, 0x00000000eab00000)
  object space 44032K, 5% used [0x00000000c0000000,0x00000000c0290180,0x00000000c2b00000)
 Metaspace       used 5885K, capacity 6896K, committed 7040K, reserved 1056768K
  class space    used 590K, capacity 616K, committed 640K, reserved 1048576K
}
Event: 11.195 GC heap before
{Heap before GC invocations=3 (full 0):
 PSYoungGen      total 35328K, used 35303K [0x00000000eab00000, 0x00000000ed000000, 0x0000000100000000)
  eden space 32768K, 100% used [0x00000000eab00000,0x00000000ecb00000,0x00000000ecb00000)
  from space 2560K, 99% used [0x00000000ecd80000,0x00000000ecff9c68,0x00000000ed000000)
  to   space 2560K, 0% used [0x00000000ecb00000,0x00000000ecb00000,0x00000000ecd80000)
 ParOldGen       total 44032K, used 2624K [0x00000000c0000000, 0x00000000c2b00000, 0x00000000eab00000)
  object space 44032K, 5% used [0x00000000c0000000,0x00000000c0290180,0x00000000c2b00000)
 Metaspace       used 6070K, capacity 7088K, committed 7296K, reserved 1056768K
  class space    used 591K, capacity 616K, committed 640K, reserved 1048576K
Event: 11.385 GC heap after
Heap after GC invocations=3 (full 0):
 PSYoungGen      total 35328K, used 2534K [0x00000000eab00000, 0x00000000ef000000, 0x0000000100000000)
  eden space 32768K, 0% used [0x00000000eab00000,0x00000000eab00000,0x00000000ecb00000)
  from space 2560K, 98% used [0x00000000ecb00000,0x00000000ecd79858,0x00000000ecd80000)
  to   space 2560K, 0% used [0x00000000eed80000,0x00000000eed80000,0x00000000ef000000)
 ParOldGen       total 44032K, used 7914K [0x00000000c0000000, 0x00000000c2b00000, 0x00000000eab00000)
  object space 44032K, 17% used [0x00000000c0000000,0x00000000c07baa90,0x00000000c2b00000)
 Metaspace       used 6070K, capacity 7088K, committed 7296K, reserved 1056768K
  class space    used 591K, capacity 616K, committed 640K, reserved 1048576K
}
Event: 12.303 GC heap before
{Heap before GC invocations=4 (full 0):
 PSYoungGen      total 35328K, used 35302K [0x00000000eab00000, 0x00000000ef000000, 0x0000000100000000)
  eden space 32768K, 100% used [0x00000000eab00000,0x00000000ecb00000,0x00000000ecb00000)
  from space 2560K, 98% used [0x00000000ecb00000,0x00000000ecd79858,0x00000000ecd80000)
  to   space 2560K, 0% used [0x00000000eed80000,0x00000000eed80000,0x00000000ef000000)
 ParOldGen       total 44032K, used 7914K [0x00000000c0000000, 0x00000000c2b00000, 0x00000000eab00000)
  object space 44032K, 17% used [0x00000000c0000000,0x00000000c07baa90,0x00000000c2b00000)
 Metaspace       used 6117K, capacity 7088K, committed 7296K, reserved 1056768K
  class space    used 591K, capacity 616K, committed 640K, reserved 1048576K
Event: 12.383 GC heap after
Heap after GC invocations=4 (full 0):
 PSYoungGen      total 68096K, used 2548K [0x00000000eab00000, 0x00000000ef000000, 0x0000000100000000)
  eden space 65536K, 0% used [0x00000000eab00000,0x00000000eab00000,0x00000000eeb00000)
  from space 2560K, 99% used [0x00000000eed80000,0x00000000eeffd270,0x00000000ef000000)
  to   space 2560K, 0% used [0x00000000eeb00000,0x00000000eeb00000,0x00000000eed80000)
 ParOldGen       total 44032K, used 12649K [0x00000000c0000000, 0x00000000c2b00000, 0x00000000eab00000)
  object space 44032K, 28% used [0x00000000c0000000,0x00000000c0c5a708,0x00000000c2b00000)
 Metaspace       used 6117K, capacity 7088K, committed 7296K, reserved 1056768K
  class space    used 591K, capacity 616K, committed 640K, reserved 1048576K
}
Event: 15.802 GC heap before
{Heap before GC invocations=5 (full 0):
 PSYoungGen      total 68096K, used 68084K [0x00000000eab00000, 0x00000000ef000000, 0x0000000100000000)
  eden space 65536K, 100% used [0x00000000eab00000,0x00000000eeb00000,0x00000000eeb00000)
  from space 2560K, 99% used [0x00000000eed80000,0x00000000eeffd270,0x00000000ef000000)
  to   space 2560K, 0% used [0x00000000eeb00000,0x00000000eeb00000,0x00000000eed80000)
 ParOldGen       total 44032K, used 12649K [0x00000000c0000000, 0x00000000c2b00000, 0x00000000eab00000)
  object space 44032K, 28% used [0x00000000c0000000,0x00000000c0c5a708,0x00000000c2b00000)
 Metaspace       used 6166K, capacity 7152K, committed 7296K, reserved 1056768K
  class space    used 591K, capacity 616K, committed 640K, reserved 1048576K
Event: 16.108 GC heap after
Heap after GC invocations=5 (full 0):
 PSYoungGen      total 68096K, used 2545K [0x00000000eab00000, 0x00000000f4600000, 0x0000000100000000)
  eden space 65536K, 0% used [0x00000000eab00000,0x00000000eab00000,0x00000000eeb00000)
  from space 2560K, 99% used [0x00000000eeb00000,0x00000000eed7c6f8,0x00000000eed80000)
  to   space 13824K, 0% used [0x00000000f3880000,0x00000000f3880000,0x00000000f4600000)
 ParOldGen       total 44032K, used 23112K [0x00000000c0000000, 0x00000000c2b00000, 0x00000000eab00000)
  object space 44032K, 52% used [0x00000000c0000000,0x00000000c16921a8,0x00000000c2b00000)
 Metaspace       used 6166K, capacity 7152K, committed 7296K, reserved 1056768K
  class space    used 591K, capacity 616K, committed 640K, reserved 1048576K
}

Deoptimization events (10 events):
Event: 14.511 Thread 0x0000000016f92800 Uncommon trap: reason=unstable_if action=reinterpret pc=0x00000000030d439c method=com.android.dx.ssa.SsaMethod.updateOneDefinition(Lcom/android/dx/ssa/SsaInsn;Lcom/android/dx/rop/code/RegisterSpec;)V @ 4
Event: 14.533 Thread 0x0000000016f92800 Uncommon trap: reason=class_check action=maybe_recompile pc=0x00000000034e2acc method=com.android.dx.cf.code.BytecodeArray.parseInstruction(ILcom/android/dx/cf/code/BytecodeArray$Visitor;)I @ 1612
Event: 14.533 Thread 0x0000000016f92800 Uncommon trap: reason=class_check action=maybe_recompile pc=0x00000000034e2acc method=com.android.dx.cf.code.BytecodeArray.parseInstruction(ILcom/android/dx/cf/code/BytecodeArray$Visitor;)I @ 1612
Event: 14.536 Thread 0x0000000016f92800 Uncommon trap: reason=class_check action=maybe_recompile pc=0x00000000034e2acc method=com.android.dx.cf.code.BytecodeArray.parseInstruction(ILcom/android/dx/cf/code/BytecodeArray$Visitor;)I @ 1612
Event: 14.537 Thread 0x0000000016f92800 Uncommon trap: reason=class_check action=maybe_recompile pc=0x00000000034e2acc method=com.android.dx.cf.code.BytecodeArray.parseInstruction(ILcom/android/dx/cf/code/BytecodeArray$Visitor;)I @ 1612
Event: 15.794 Thread 0x0000000016f97000 Uncommon trap: reason=bimorphic action=maybe_recompile pc=0x00000000035430c0 method=com.android.dx.cf.code.BytecodeArray.parseInstruction(ILcom/android/dx/cf/code/BytecodeArray$Visitor;)I @ 1130
Event: 15.794 Thread 0x0000000016f97000 Uncommon trap: reason=bimorphic action=maybe_recompile pc=0x0000000003542cac method=com.android.dx.cf.code.BytecodeArray.parseInstruction(ILcom/android/dx/cf/code/BytecodeArray$Visitor;)I @ 971
Event: 15.794 Thread 0x0000000016f97000 Uncommon trap: reason=bimorphic action=maybe_recompile pc=0x0000000003542d2c method=com.android.dx.cf.code.BytecodeArray.parseInstruction(ILcom/android/dx/cf/code/BytecodeArray$Visitor;)I @ 987
Event: 15.794 Thread 0x0000000016f97000 Uncommon trap: reason=bimorphic action=maybe_recompile pc=0x0000000003542c2c method=com.android.dx.cf.code.BytecodeArray.parseInstruction(ILcom/android/dx/cf/code/BytecodeArray$Visitor;)I @ 955
Event: 15.794 Thread 0x0000000016f97000 Uncommon trap: reason=bimorphic action=maybe_recompile pc=0x0000000003542c2c method=com.android.dx.cf.code.BytecodeArray.parseInstruction(ILcom/android/dx/cf/code/BytecodeArray$Visitor;)I @ 955

Internal exceptions (3 events):
Event: 0.198 Thread 0x0000000002bb0800 Exception <a 'java/lang/NoSuchMethodError': Method sun.misc.Unsafe.defineClass(Ljava/lang/String;[BII)Ljava/lang/Class; name or signature does not match> (0x00000000eab07c78) thrown at [C:\re\workspace\8-2-build-windows-amd64-cygwin\jdk8u102\7268\hotspot\s¼×!BcÉ?
Event: 0.198 Thread 0x0000000002bb0800 Exception <a 'java/lang/NoSuchMethodError': Method sun.misc.Unsafe.prefetchRead(Ljava/lang/Object;J)V name or signature does not match> (0x00000000eab07f60) thrown at [C:\re\workspace\8-2-build-windows-amd64-cygwin\jdk8u102\7268\hotspot\src\share\vm\prims\Œ@TW#@
Event: 9.553 Thread 0x0000000016f92800 Implicit null exception at 0x0000000003269e1a to 0x000000000326c131

Events (10 events):
Event: 15.794 Thread 0x0000000016f97000 Uncommon trap: trap_request=0xffffffc6 fr.pc=0x0000000003542c2c
Event: 15.794 Thread 0x0000000016f97000 DEOPT PACKING pc=0x0000000003542c2c sp=0x00000000176ce490
Event: 15.794 Thread 0x0000000016f97000 DEOPT UNPACKING pc=0x0000000002cf582a sp=0x00000000176ce478 mode 2
Event: 15.794 Thread 0x0000000016f97000 Uncommon trap: trap_request=0xffffffc6 fr.pc=0x0000000003542c2c
Event: 15.794 Thread 0x0000000016f97000 DEOPT PACKING pc=0x0000000003542c2c sp=0x00000000176ce490
Event: 15.794 Thread 0x0000000016f97000 DEOPT UNPACKING pc=0x0000000002cf582a sp=0x00000000176ce478 mode 2
Event: 15.802 Executing VM operation: ParallelGCFailedAllocation
Event: 16.108 Executing VM operation: ParallelGCFailedAllocation done
Event: 16.167 Thread 0x0000000016f97000 DEOPT PACKING pc=0x00000000030debe1 sp=0x00000000176ce670
Event: 16.167 Thread 0x0000000016f97000 DEOPT UNPACKING pc=0x0000000002cf787f sp=0x00000000176ce4a0 mode 0


Dynamic libraries:
0x00007ff77d050000 - 0x00007ff77d087000 	C:\Program Files\Java\jdk1.8.0_102\bin\java.exe
0x00007ff92e4e0000 - 0x00007ff92e68d000 	C:\Windows\SYSTEM32\ntdll.dll
0x00007ff92e390000 - 0x00007ff92e4ca000 	C:\Windows\system32\KERNEL32.DLL
0x00007ff92b880000 - 0x00007ff92b995000 	C:\Windows\system32\KERNELBASE.dll
0x00007ff929c60000 - 0x00007ff929cee000 	C:\Windows\system32\apphelp.dll
0x00007ff918fb0000 - 0x00007ff919003000 	C:\Windows\AppPatch\AppPatch64\AcGenral.DLL
0x00007ff92e150000 - 0x00007ff92e1f7000 	C:\Windows\system32\msvcrt.dll
0x00007ff92bb80000 - 0x00007ff92bbab000 	C:\Windows\system32\SspiCli.dll
0x00007ff92c6a0000 - 0x00007ff92c6f1000 	C:\Windows\system32\SHLWAPI.dll
0x00007ff92e210000 - 0x00007ff92e381000 	C:\Windows\system32\USER32.dll
0x00007ff92bd50000 - 0x00007ff92bee4000 	C:\Windows\system32\ole32.dll
0x00007ff92c700000 - 0x00007ff92dc2b000 	C:\Windows\system32\SHELL32.dll
0x00007ff92ad50000 - 0x00007ff92ad6f000 	C:\Windows\SYSTEM32\USERENV.dll
0x00007ff92c1a0000 - 0x00007ff92c24a000 	C:\Windows\system32\ADVAPI32.dll
0x00007ff922270000 - 0x00007ff92228b000 	C:\Windows\SYSTEM32\MPR.dll
0x00007ff92df40000 - 0x00007ff92e080000 	C:\Windows\system32\RPCRT4.dll
0x00007ff92dc30000 - 0x00007ff92dc89000 	C:\Windows\SYSTEM32\sechost.dll
0x00007ff92c4c0000 - 0x00007ff92c696000 	C:\Windows\SYSTEM32\combase.dll
0x00007ff92bc00000 - 0x00007ff92bd50000 	C:\Windows\system32\GDI32.dll
0x00007ff92b6b0000 - 0x00007ff92b6c4000 	C:\Windows\SYSTEM32\profapi.dll
0x00007ff929bc0000 - 0x00007ff929c5f000 	C:\Windows\SYSTEM32\SHCORE.dll
0x00007ff92bef0000 - 0x00007ff92bf24000 	C:\Windows\system32\IMM32.DLL
0x00007ff92c250000 - 0x00007ff92c3a2000 	C:\Windows\system32\MSCTF.dll
0x00007ff929750000 - 0x00007ff9299cb000 	C:\Windows\WinSxS\amd64_microsoft.windows.common-controls_6595b64144ccf1df_6.0.9600.18006_none_623f33d3ecbe86e8\COMCTL32.dll
0x000000005c890000 - 0x000000005c961000 	C:\Program Files\Java\jdk1.8.0_102\jre\bin\msvcr100.dll
0x000000005cb10000 - 0x000000005d3aa000 	C:\Program Files\Java\jdk1.8.0_102\jre\bin\server\jvm.dll
0x00007ff9183d0000 - 0x00007ff9183d9000 	C:\Windows\SYSTEM32\WSOCK32.dll
0x00007ff923e40000 - 0x00007ff923e5f000 	C:\Windows\SYSTEM32\WINMM.dll
0x00007ff924d10000 - 0x00007ff924d1a000 	C:\Windows\SYSTEM32\VERSION.dll
0x00007ff92e4d0000 - 0x00007ff92e4d7000 	C:\Windows\system32\PSAPI.DLL
0x00007ff92dc90000 - 0x00007ff92dcea000 	C:\Windows\system32\WS2_32.dll
0x00007ff923e10000 - 0x00007ff923e3a000 	C:\Windows\SYSTEM32\WINMMBASE.dll
0x00007ff92c190000 - 0x00007ff92c199000 	C:\Windows\system32\NSI.dll
0x00007ff92bbb0000 - 0x00007ff92bbfa000 	C:\Windows\SYSTEM32\cfgmgr32.dll
0x00007ff92a530000 - 0x00007ff92a556000 	C:\Windows\SYSTEM32\DEVOBJ.dll
0x000000005dc00000 - 0x000000005dc0f000 	C:\Program Files\Java\jdk1.8.0_102\jre\bin\verify.dll
0x000000005dbd0000 - 0x000000005dbf9000 	C:\Program Files\Java\jdk1.8.0_102\jre\bin\java.dll
0x000000005dbb0000 - 0x000000005dbc6000 	C:\Program Files\Java\jdk1.8.0_102\jre\bin\zip.dll

VM Arguments:
jvm_args: -Djava.awt.headless=true -Xmx1024M -Dfile.encoding=windows-1252 -Duser.country=US -Duser.language=en -Duser.variant 
java_command: com.android.dx.command.Main --dex --num-threads=4 --output C:\Users\dream\AndroidProjects\ImageUpload\app\build\intermediates\pre-dexed\debug\com.android.support-appcompat-v7-25.3.1_dd65f24e537f2097d9695990a7a1cd6a861f7047.jar C:\Users\dream\AndroidProjects\ImageUpload\app\build\intermediates\exploded-aar\com.android.support\appcompat-v7\25.3.1\jars\classes.jar
java_class_path (initial): C:\Users\dream\AppData\Local\Android\sdk\build-tools\25.0.3\lib\dx.jar
Launcher Type: SUN_STANDARD

Environment Variables:
PATH=C:\ProgramData\Oracle\Java\javapath;C:\Windows\system32;C:\Windows;C:\Windows\System32\Wbem;C:\Windows\System32\WindowsPowerShell\v1.0\;C:\Program Files (x86)\Microsoft SQL Server\100\Tools\Binn\;C:\Program Files\Microsoft SQL Server\100\Tools\Binn\;C:\Program Files\Microsoft SQL Server\100\DTS\Binn\;C:\Program Files (x86)\Microsoft SQL Server\100\DTS\Binn\;C:\Program Files (x86)\Microsoft SQL Server\100\Tools\Binn\VSShell\Common7\IDE\;C:\Program Files (x86)\Microsoft Visual Studio 9.0\Common7\IDE\PrivateAssemblies\;C:\Program Files\Java\jdk1.8.0_102\bin
USERNAME=dream
OS=Windows_NT
PROCESSOR_IDENTIFIER=Intel64 Family 6 Model 69 Stepping 1, GenuineIntel



---------------  S Y S T E M  ---------------

OS: Windows 8.1 , 64 bit Build 9600 (6.3.9600.17031)

CPU:total 4 (2 cores per cpu, 2 threads per core) family 6 model 69 stepping 1, cmov, cx8, fxsr, mmx, sse, sse2, sse3, ssse3, sse4.1, sse4.2, popcnt, avx, avx2, aes, clmul, erms, lzcnt, ht, tsc, tscinvbit, bmi1, bmi2

Memory: 4k page, physical 4096184k(904760k free), swap 4096184k(5256k free)

vm_info: Java HotSpot(TM) 64-Bit Server VM (25.102-b14) for windows-amd64 JRE (1.8.0_102-b14), built on Jun 22 2016 13:15:21 by "java_re" with MS VC++ 10.0 (VS2010)

time: Fri May 26 14:28:09 2017
elapsed time: 16 seconds (0d 0h 0m 16s)

