#
# There is insufficient memory for the Java Runtime Environment to continue.
# Native memory allocation (malloc) failed to allocate 1200208 bytes for Chunk::new
# Possible reasons:
#   The system is out of physical RAM or swap space
#   In 32 bit mode, the process size limit was hit
# Possible solutions:
#   Reduce memory load on the system
#   Increase physical memory or swap space
#   Check if swap backing store is full
#   Use 64 bit Java on a 64 bit OS
#   Decrease Java heap size (-Xmx/-Xms)
#   Decrease number of Java threads
#   Decrease Java thread stack sizes (-Xss)
#   Set larger code cache with -XX:ReservedCodeCacheSize=
# This output file may be truncated or incomplete.
#
#  Out of Memory Error (allocation.cpp:390), pid=3476, tid=0x0000000000001368
#
# JRE version: Java(TM) SE Runtime Environment (8.0_102-b14) (build 1.8.0_102-b14)
# Java VM: Java HotSpot(TM) 64-Bit Server VM (25.102-b14 mixed mode windows-amd64 compressed oops)
# Failed to write core dump. Minidumps are not enabled by default on client versions of Windows
#

---------------  T H R E A D  ---------------

Current thread (0x000000001471c800):  JavaThread "C2 CompilerThread0" daemon [_thread_in_native, id=4968, stack(0x0000000015c80000,0x0000000015d80000)]

Stack: [0x0000000015c80000,0x0000000015d80000]
[error occurred during error reporting (printing stack bounds), id 0xc0000005]

Native frames: (J=compiled Java code, j=interpreted, Vv=VM code, C=native code)


Current CompileTask:
C2:  16247 1856   !   4       com.android.dx.cf.cst.ConstantPoolParser::parse0 (731 bytes)


---------------  P R O C E S S  ---------------

Java Threads: ( => current thread )
  0x0000000016209000 JavaThread "pool-1-thread-4" [_thread_blocked, id=2356, stack(0x0000000016980000,0x0000000016a80000)]
  0x0000000016201000 JavaThread "pool-1-thread-3" [_thread_blocked, id=5072, stack(0x0000000016880000,0x0000000016980000)]
  0x0000000016200800 JavaThread "pool-1-thread-2" [_thread_blocked, id=2500, stack(0x0000000016780000,0x0000000016880000)]
  0x00000000161fe000 JavaThread "pool-2-thread-1" [_thread_blocked, id=1400, stack(0x0000000016680000,0x0000000016780000)]
  0x00000000161fd000 JavaThread "pool-1-thread-1" [_thread_blocked, id=416, stack(0x0000000016580000,0x0000000016680000)]
  0x0000000015f85000 JavaThread "Service Thread" daemon [_thread_blocked, id=1044, stack(0x0000000016380000,0x0000000016480000)]
  0x000000001477c000 JavaThread "C1 CompilerThread2" daemon [_thread_blocked, id=4608, stack(0x0000000015e80000,0x0000000015f80000)]
  0x0000000014775800 JavaThread "C2 CompilerThread1" daemon [_thread_in_native, id=2772, stack(0x0000000015d80000,0x0000000015e80000)]
=>0x000000001471c800 JavaThread "C2 CompilerThread0" daemon [_thread_in_native, id=4968, stack(0x0000000015c80000,0x0000000015d80000)]
  0x000000001471a800 JavaThread "Attach Listener" daemon [_thread_blocked, id=4456, stack(0x0000000015b80000,0x0000000015c80000)]
  0x0000000014719000 JavaThread "Signal Dispatcher" daemon [_thread_blocked, id=2180, stack(0x0000000015a80000,0x0000000015b80000)]
  0x000000000204a000 JavaThread "Finalizer" daemon [_thread_blocked, id=4036, stack(0x0000000015980000,0x0000000015a80000)]
  0x00000000146e9000 JavaThread "Reference Handler" daemon [_thread_blocked, id=4828, stack(0x0000000015880000,0x0000000015980000)]
  0x0000000001f50800 JavaThread "main" [_thread_blocked, id=4376, stack(0x0000000001d60000,0x0000000001e60000)]

Other Threads:
  0x00000000146e6800 VMThread [stack: 0x0000000015780000,0x0000000015880000] [id=3980]
  0x0000000015f92000 WatcherThread [stack: 0x0000000016480000,0x0000000016580000] [id=4952]

VM state:at safepoint (normal execution)

VM Mutex/Monitor currently owned by a thread:  ([mutex/lock_event])
[0x00000000005bc7a0] Threads_lock - owner thread: 0x00000000146e6800
[0x00000000005bbd20] Heap_lock - owner thread: 0x00000000161fd000

Heap:
 PSYoungGen      total 73728K, used 73700K [0x00000000eab00000, 0x00000000f4500000, 0x0000000100000000)
  eden space 64512K, 100% used [0x00000000eab00000,0x00000000eea00000,0x00000000eea00000)
  from space 9216K, 99% used [0x00000000eea00000,0x00000000ef2f9218,0x00000000ef300000)
  to   space 14336K, 77% used [0x00000000f3700000,0x00000000f41e2ac0,0x00000000f4500000)
 ParOldGen       total 44032K, used 21451K [0x00000000c0000000, 0x00000000c2b00000, 0x00000000eab00000)
  object space 44032K, 48% used [0x00000000c0000000,0x00000000c14f2c58,0x00000000c2b00000)
 Metaspace       used 6346K, capacity 7224K, committed 7296K, reserved 1056768K
  class space    used 611K, capacity 624K, committed 640K, reserved 1048576K

Card table byte_map: [0x0000000011410000,0x0000000011620000] byte_map_base: 0x0000000010e10000

Marking Bits: (ParMarkBitMap*) 0x000000005d32a6c0
 Begin Bits: [0x0000000011b80000, 0x0000000012b80000)
 End Bits:   [0x0000000012b80000, 0x0000000013b80000)

Polling page: 0x0000000000520000

CodeCache: size=245760Kb used=8340Kb max_used=8340Kb free=237419Kb
 bounds [0x0000000002050000, 0x0000000002880000, 0x0000000011050000]
 total_blobs=2144 nmethods=1880 adapters=176
 compilation: enabled

Compilation events (10 events):
Event: 16.049 Thread 0x000000001477c000 nmethod 1916 0x0000000002876990 code [0x0000000002876be0, 0x0000000002877e08]
Event: 16.056 Thread 0x000000001477c000 1917   !   2       java.util.concurrent.ArrayBlockingQueue::take (46 bytes)
Event: 16.058 Thread 0x000000001477c000 nmethod 1917 0x000000000285be10 code [0x000000000285bfe0, 0x000000000285c3f8]
Event: 16.058 Thread 0x000000001477c000 1918       2       java.util.concurrent.ArrayBlockingQueue::enqueue (53 bytes)
Event: 16.058 Thread 0x000000001477c000 nmethod 1918 0x000000000285b6d0 code [0x000000000285b860, 0x000000000285bba8]
Event: 16.062 Thread 0x000000001477c000 1919       2       com.android.dx.cf.direct.StdAttributeFactory::sourceFile (94 bytes)
Event: 16.065 Thread 0x000000001477c000 nmethod 1919 0x0000000002878550 code [0x0000000002878840, 0x00000000028797c8]
Event: 16.069 Thread 0x000000001477c000 1920       2       com.android.dx.ssa.ConstCollector$1::compare (13 bytes)
Event: 16.069 Thread 0x000000001477c000 nmethod 1920 0x000000000287ad50 code [0x000000000287aec0, 0x000000000287b088]
Event: 16.069 Thread 0x000000001477c000 1921       2       com.android.dx.ssa.ConstCollector$1::compare (42 bytes)

GC Heap History (10 events):
Event: 10.126 GC heap after
Heap after GC invocations=3 (full 0):
 PSYoungGen      total 18944K, used 2550K [0x00000000eab00000, 0x00000000ed000000, 0x0000000100000000)
  eden space 16384K, 0% used [0x00000000eab00000,0x00000000eab00000,0x00000000ebb00000)
  from space 2560K, 99% used [0x00000000ebb00000,0x00000000ebd7d880,0x00000000ebd80000)
  to   space 2560K, 0% used [0x00000000ecd80000,0x00000000ecd80000,0x00000000ed000000)
 ParOldGen       total 44032K, used 5785K [0x00000000c0000000, 0x00000000c2b00000, 0x00000000eab00000)
  object space 44032K, 13% used [0x00000000c0000000,0x00000000c05a64f0,0x00000000c2b00000)
 Metaspace       used 6022K, capacity 7024K, committed 7296K, reserved 1056768K
  class space    used 590K, capacity 616K, committed 640K, reserved 1048576K
}
Event: 12.430 GC heap before
{Heap before GC invocations=4 (full 0):
 PSYoungGen      total 18944K, used 18934K [0x00000000eab00000, 0x00000000ed000000, 0x0000000100000000)
  eden space 16384K, 100% used [0x00000000eab00000,0x00000000ebb00000,0x00000000ebb00000)
  from space 2560K, 99% used [0x00000000ebb00000,0x00000000ebd7d880,0x00000000ebd80000)
  to   space 2560K, 0% used [0x00000000ecd80000,0x00000000ecd80000,0x00000000ed000000)
 ParOldGen       total 44032K, used 5785K [0x00000000c0000000, 0x00000000c2b00000, 0x00000000eab00000)
  object space 44032K, 13% used [0x00000000c0000000,0x00000000c05a64f0,0x00000000c2b00000)
 Metaspace       used 6083K, capacity 7088K, committed 7296K, reserved 1056768K
  class space    used 590K, capacity 616K, committed 640K, reserved 1048576K
Event: 12.451 GC heap after
Heap after GC invocations=4 (full 0):
 PSYoungGen      total 35328K, used 2553K [0x00000000eab00000, 0x00000000ed000000, 0x0000000100000000)
  eden space 32768K, 0% used [0x00000000eab00000,0x00000000eab00000,0x00000000ecb00000)
  from space 2560K, 99% used [0x00000000ecd80000,0x00000000ecffe4d0,0x00000000ed000000)
  to   space 2560K, 0% used [0x00000000ecb00000,0x00000000ecb00000,0x00000000ecd80000)
 ParOldGen       total 44032K, used 8440K [0x00000000c0000000, 0x00000000c2b00000, 0x00000000eab00000)
  object space 44032K, 19% used [0x00000000c0000000,0x00000000c083e2b8,0x00000000c2b00000)
 Metaspace       used 6083K, capacity 7088K, committed 7296K, reserved 1056768K
  class space    used 590K, capacity 616K, committed 640K, reserved 1048576K
}
Event: 13.107 GC heap before
{Heap before GC invocations=5 (full 0):
 PSYoungGen      total 35328K, used 35321K [0x00000000eab00000, 0x00000000ed000000, 0x0000000100000000)
  eden space 32768K, 100% used [0x00000000eab00000,0x00000000ecb00000,0x00000000ecb00000)
  from space 2560K, 99% used [0x00000000ecd80000,0x00000000ecffe4d0,0x00000000ed000000)
  to   space 2560K, 0% used [0x00000000ecb00000,0x00000000ecb00000,0x00000000ecd80000)
 ParOldGen       total 44032K, used 8440K [0x00000000c0000000, 0x00000000c2b00000, 0x00000000eab00000)
  object space 44032K, 19% used [0x00000000c0000000,0x00000000c083e2b8,0x00000000c2b00000)
 Metaspace       used 6136K, capacity 7152K, committed 7296K, reserved 1056768K
  class space    used 590K, capacity 616K, committed 640K, reserved 1048576K
Event: 13.146 GC heap after
Heap after GC invocations=5 (full 0):
 PSYoungGen      total 35328K, used 2531K [0x00000000eab00000, 0x00000000efb00000, 0x0000000100000000)
  eden space 32768K, 0% used [0x00000000eab00000,0x00000000eab00000,0x00000000ecb00000)
  from space 2560K, 98% used [0x00000000ecb00000,0x00000000ecd78cc0,0x00000000ecd80000)
  to   space 8192K, 0% used [0x00000000ef300000,0x00000000ef300000,0x00000000efb00000)
 ParOldGen       total 44032K, used 13482K [0x00000000c0000000, 0x00000000c2b00000, 0x00000000eab00000)
  object space 44032K, 30% used [0x00000000c0000000,0x00000000c0d2a9b8,0x00000000c2b00000)
 Metaspace       used 6136K, capacity 7152K, committed 7296K, reserved 1056768K
  class space    used 590K, capacity 616K, committed 640K, reserved 1048576K
}
Event: 13.538 GC heap before
{Heap before GC invocations=6 (full 0):
 PSYoungGen      total 35328K, used 35299K [0x00000000eab00000, 0x00000000efb00000, 0x0000000100000000)
  eden space 32768K, 100% used [0x00000000eab00000,0x00000000ecb00000,0x00000000ecb00000)
  from space 2560K, 98% used [0x00000000ecb00000,0x00000000ecd78cc0,0x00000000ecd80000)
  to   space 8192K, 0% used [0x00000000ef300000,0x00000000ef300000,0x00000000efb00000)
 ParOldGen       total 44032K, used 13482K [0x00000000c0000000, 0x00000000c2b00000, 0x00000000eab00000)
  object space 44032K, 30% used [0x00000000c0000000,0x00000000c0d2a9b8,0x00000000c2b00000)
 Metaspace       used 6157K, capacity 7152K, committed 7296K, reserved 1056768K
  class space    used 591K, capacity 616K, committed 640K, reserved 1048576K
Event: 13.597 GC heap after
Heap after GC invocations=6 (full 0):
 PSYoungGen      total 72704K, used 7862K [0x00000000eab00000, 0x00000000efd00000, 0x0000000100000000)
  eden space 64512K, 0% used [0x00000000eab00000,0x00000000eab00000,0x00000000eea00000)
  from space 8192K, 95% used [0x00000000ef300000,0x00000000efaadad8,0x00000000efb00000)
  to   space 9216K, 0% used [0x00000000eea00000,0x00000000eea00000,0x00000000ef300000)
 ParOldGen       total 44032K, used 13482K [0x00000000c0000000, 0x00000000c2b00000, 0x00000000eab00000)
  object space 44032K, 30% used [0x00000000c0000000,0x00000000c0d2a9b8,0x00000000c2b00000)
 Metaspace       used 6157K, capacity 7152K, committed 7296K, reserved 1056768K
  class space    used 591K, capacity 616K, committed 640K, reserved 1048576K
}
Event: 14.468 GC heap before
{Heap before GC invocations=7 (full 0):
 PSYoungGen      total 72704K, used 72374K [0x00000000eab00000, 0x00000000efd00000, 0x0000000100000000)
  eden space 64512K, 100% used [0x00000000eab00000,0x00000000eea00000,0x00000000eea00000)
  from space 8192K, 95% used [0x00000000ef300000,0x00000000efaadad8,0x00000000efb00000)
  to   space 9216K, 0% used [0x00000000eea00000,0x00000000eea00000,0x00000000ef300000)
 ParOldGen       total 44032K, used 13482K [0x00000000c0000000, 0x00000000c2b00000, 0x00000000eab00000)
  object space 44032K, 30% used [0x00000000c0000000,0x00000000c0d2a9b8,0x00000000c2b00000)
 Metaspace       used 6272K, capacity 7160K, committed 7296K, reserved 1056768K
  class space    used 611K, capacity 624K, committed 640K, reserved 1048576K
Event: 14.592 GC heap after
Heap after GC invocations=7 (full 0):
 PSYoungGen      total 73728K, used 9188K [0x00000000eab00000, 0x00000000f4500000, 0x0000000100000000)
  eden space 64512K, 0% used [0x00000000eab00000,0x00000000eab00000,0x00000000eea00000)
  from space 9216K, 99% used [0x00000000eea00000,0x00000000ef2f9218,0x00000000ef300000)
  to   space 14336K, 0% used [0x00000000f3700000,0x00000000f3700000,0x00000000f4500000)
 ParOldGen       total 44032K, used 21101K [0x00000000c0000000, 0x00000000c2b00000, 0x00000000eab00000)
  object space 44032K, 47% used [0x00000000c0000000,0x00000000c149b7a0,0x00000000c2b00000)
 Metaspace       used 6272K, capacity 7160K, committed 7296K, reserved 1056768K
  class space    used 611K, capacity 624K, committed 640K, reserved 1048576K
}
Event: 16.140 GC heap before
{Heap before GC invocations=8 (full 0):
 PSYoungGen      total 73728K, used 73700K [0x00000000eab00000, 0x00000000f4500000, 0x0000000100000000)
  eden space 64512K, 100% used [0x00000000eab00000,0x00000000eea00000,0x00000000eea00000)
  from space 9216K, 99% used [0x00000000eea00000,0x00000000ef2f9218,0x00000000ef300000)
  to   space 14336K, 0% used [0x00000000f3700000,0x00000000f3700000,0x00000000f4500000)
 ParOldGen       total 44032K, used 21101K [0x00000000c0000000, 0x00000000c2b00000, 0x00000000eab00000)
  object space 44032K, 47% used [0x00000000c0000000,0x00000000c149b7a0,0x00000000c2b00000)
 Metaspace       used 6346K, capacity 7224K, committed 7296K, reserved 1056768K
  class space    used 611K, capacity 624K, committed 640K, reserved 1048576K

Deoptimization events (10 events):
Event: 14.248 Thread 0x0000000001f50800 Uncommon trap: reason=unstable_if action=reinterpret pc=0x0000000002534fec method=java.util.HashMap.putVal(ILjava/lang/Object;Ljava/lang/Object;ZZ)Ljava/lang/Object; @ 109
Event: 14.810 Thread 0x0000000016200800 Uncommon trap: reason=bimorphic action=maybe_recompile pc=0x000000000263a0a8 method=com.android.dx.ssa.LiteralOpUpgrader.tryReplacingWithConstant(Lcom/android/dx/ssa/NormalSsaInsn;)Z @ 62
Event: 15.150 Thread 0x0000000016200800 Uncommon trap: reason=bimorphic action=maybe_recompile pc=0x000000000263a0a8 method=com.android.dx.ssa.LiteralOpUpgrader.tryReplacingWithConstant(Lcom/android/dx/ssa/NormalSsaInsn;)Z @ 62
Event: 15.338 Thread 0x0000000016209000 Uncommon trap: reason=bimorphic action=maybe_recompile pc=0x000000000282abf4 method=com.android.dx.cf.code.BytecodeArray.parseInstruction(ILcom/android/dx/cf/code/BytecodeArray$Visitor;)I @ 1130
Event: 15.339 Thread 0x0000000016209000 Uncommon trap: reason=bimorphic action=maybe_recompile pc=0x000000000282a760 method=com.android.dx.cf.code.BytecodeArray.parseInstruction(ILcom/android/dx/cf/code/BytecodeArray$Visitor;)I @ 955
Event: 15.339 Thread 0x0000000016209000 Uncommon trap: reason=bimorphic action=maybe_recompile pc=0x000000000282a7e0 method=com.android.dx.cf.code.BytecodeArray.parseInstruction(ILcom/android/dx/cf/code/BytecodeArray$Visitor;)I @ 971
Event: 15.339 Thread 0x0000000016209000 Uncommon trap: reason=bimorphic action=maybe_recompile pc=0x000000000282a860 method=com.android.dx.cf.code.BytecodeArray.parseInstruction(ILcom/android/dx/cf/code/BytecodeArray$Visitor;)I @ 987
Event: 15.339 Thread 0x0000000016209000 Uncommon trap: reason=bimorphic action=maybe_recompile pc=0x000000000282abf4 method=com.android.dx.cf.code.BytecodeArray.parseInstruction(ILcom/android/dx/cf/code/BytecodeArray$Visitor;)I @ 1130
Event: 15.341 Thread 0x00000000161fd000 Uncommon trap: reason=unstable_if action=reinterpret pc=0x00000000026ac718 method=java.util.HashMap.resize()[Ljava/util/HashMap$Node; @ 206
Event: 15.354 Thread 0x0000000016200800 Uncommon trap: reason=unstable_if action=reinterpret pc=0x00000000025a0b8c method=com.android.dx.ssa.MoveParamCombiner$1.visitNonMoveInsn(Lcom/android/dx/ssa/NormalSsaInsn;)V @ 27

Internal exceptions (5 events):
Event: 1.176 Thread 0x0000000001f50800 Exception <a 'java/lang/NoSuchMethodError': Method sun.misc.Unsafe.defineClass(Ljava/lang/String;[BII)Ljava/lang/Class; name or signature does not match> (0x00000000eab07c78) thrown at [C:\re\workspace\8-2-build-windows-amd64-cygwin\jdk8u102\7268\hotspot\s3†ÀRÜ–Ú?
Event: 1.176 Thread 0x0000000001f50800 Exception <a 'java/lang/NoSuchMethodError': Method sun.misc.Unsafe.prefetchRead(Ljava/lang/Object;J)V name or signature does not match> (0x00000000eab07f60) thrown at [C:\re\workspace\8-2-build-windows-amd64-cygwin\jdk8u102\7268\hotspot\src\share\vm\prims\1ÏV’“{,@
Event: 14.242 Thread 0x0000000001f50800 Exception <a 'java/lang/ArrayIndexOutOfBoundsException': 18> (0x00000000ee0583c8) thrown at [C:\re\workspace\8-2-build-windows-amd64-cygwin\jdk8u102\7268\hotspot\src\share\vm\interpreter\interpreterRuntime.cpp, line 366]
Event: 14.243 Thread 0x0000000001f50800 Exception <a 'java/lang/ArrayIndexOutOfBoundsException'> (0x00000000ee059f48) thrown at [C:\re\workspace\8-2-build-windows-amd64-cygwin\jdk8u102\7268\hotspot\src\share\vm\runtime\sharedRuntime.cpp, line 605]
Event: 14.244 Thread 0x0000000001f50800 Exception <a 'java/lang/ArrayIndexOutOfBoundsException'> (0x00000000ee05b230) thrown at [C:\re\workspace\8-2-build-windows-amd64-cygwin\jdk8u102\7268\hotspot\src\share\vm\runtime\sharedRuntime.cpp, line 605]

Events (10 events):
Event: 15.339 Thread 0x0000000016209000 DEOPT UNPACKING pc=0x000000000209582a sp=0x0000000016a7e6b8 mode 2
Event: 15.341 Thread 0x00000000161fd000 Uncommon trap: trap_request=0xffffff65 fr.pc=0x00000000026ac718
Event: 15.341 Thread 0x00000000161fd000 DEOPT PACKING pc=0x00000000026ac718 sp=0x000000001667e0b0
Event: 15.341 Thread 0x00000000161fd000 DEOPT UNPACKING pc=0x000000000209582a sp=0x000000001667e018 mode 2
Event: 15.354 Thread 0x0000000016200800 Uncommon trap: trap_request=0xffffff65 fr.pc=0x00000000025a0b8c
Event: 15.354 Thread 0x0000000016200800 DEOPT PACKING pc=0x00000000025a0b8c sp=0x000000001687e9b0
Event: 15.354 Thread 0x0000000016200800 DEOPT UNPACKING pc=0x000000000209582a sp=0x000000001687e908 mode 2
Event: 16.035 Thread 0x0000000001f50800 DEOPT PACKING pc=0x0000000002783ee8 sp=0x0000000001e5ef10
Event: 16.035 Thread 0x0000000001f50800 DEOPT UNPACKING pc=0x000000000209787f sp=0x0000000001e5ebd8 mode 0
Event: 16.070 Executing VM operation: ParallelGCFailedAllocation


Dynamic libraries:
0x00007ff77d050000 - 0x00007ff77d087000 	C:\Program Files\Java\jdk1.8.0_102\bin\java.exe
0x00007ff92e4e0000 - 0x00007ff92e68d000 	C:\Windows\SYSTEM32\ntdll.dll
0x00007ff92e390000 - 0x00007ff92e4ca000 	C:\Windows\system32\KERNEL32.DLL
0x00007ff92b880000 - 0x00007ff92b995000 	C:\Windows\system32\KERNELBASE.dll
0x00007ff929c60000 - 0x00007ff929cee000 	C:\Windows\system32\apphelp.dll
0x00007ff918fb0000 - 0x00007ff919003000 	C:\Windows\AppPatch\AppPatch64\AcGenral.DLL
0x00007ff92e150000 - 0x00007ff92e1f7000 	C:\Windows\system32\msvcrt.dll
0x00007ff92bb80000 - 0x00007ff92bbab000 	C:\Windows\system32\SspiCli.dll
0x00007ff92c6a0000 - 0x00007ff92c6f1000 	C:\Windows\system32\SHLWAPI.dll
0x00007ff92e210000 - 0x00007ff92e381000 	C:\Windows\system32\USER32.dll
0x00007ff92bd50000 - 0x00007ff92bee4000 	C:\Windows\system32\ole32.dll
0x00007ff92c700000 - 0x00007ff92dc2b000 	C:\Windows\system32\SHELL32.dll
0x00007ff92ad50000 - 0x00007ff92ad6f000 	C:\Windows\SYSTEM32\USERENV.dll
0x00007ff92c1a0000 - 0x00007ff92c24a000 	C:\Windows\system32\ADVAPI32.dll
0x00007ff922270000 - 0x00007ff92228b000 	C:\Windows\SYSTEM32\MPR.dll
0x00007ff92df40000 - 0x00007ff92e080000 	C:\Windows\system32\RPCRT4.dll
0x00007ff92dc30000 - 0x00007ff92dc89000 	C:\Windows\SYSTEM32\sechost.dll
0x00007ff92c4c0000 - 0x00007ff92c696000 	C:\Windows\SYSTEM32\combase.dll
0x00007ff92bc00000 - 0x00007ff92bd50000 	C:\Windows\system32\GDI32.dll
0x00007ff92b6b0000 - 0x00007ff92b6c4000 	C:\Windows\SYSTEM32\profapi.dll
0x00007ff929bc0000 - 0x00007ff929c5f000 	C:\Windows\SYSTEM32\SHCORE.dll
0x00007ff92bef0000 - 0x00007ff92bf24000 	C:\Windows\system32\IMM32.DLL
0x00007ff92c250000 - 0x00007ff92c3a2000 	C:\Windows\system32\MSCTF.dll
0x00007ff929750000 - 0x00007ff9299cb000 	C:\Windows\WinSxS\amd64_microsoft.windows.common-controls_6595b64144ccf1df_6.0.9600.18006_none_623f33d3ecbe86e8\COMCTL32.dll
0x000000005c890000 - 0x000000005c961000 	C:\Program Files\Java\jdk1.8.0_102\jre\bin\msvcr100.dll
0x000000005cb10000 - 0x000000005d3aa000 	C:\Program Files\Java\jdk1.8.0_102\jre\bin\server\jvm.dll
0x00007ff9183d0000 - 0x00007ff9183d9000 	C:\Windows\SYSTEM32\WSOCK32.dll
0x00007ff923e40000 - 0x00007ff923e5f000 	C:\Windows\SYSTEM32\WINMM.dll
0x00007ff924d10000 - 0x00007ff924d1a000 	C:\Windows\SYSTEM32\VERSION.dll
0x00007ff92e4d0000 - 0x00007ff92e4d7000 	C:\Windows\system32\PSAPI.DLL
0x00007ff92dc90000 - 0x00007ff92dcea000 	C:\Windows\system32\WS2_32.dll
0x00007ff923e10000 - 0x00007ff923e3a000 	C:\Windows\SYSTEM32\WINMMBASE.dll
0x00007ff92c190000 - 0x00007ff92c199000 	C:\Windows\system32\NSI.dll
0x00007ff92bbb0000 - 0x00007ff92bbfa000 	C:\Windows\SYSTEM32\cfgmgr32.dll
0x00007ff92a530000 - 0x00007ff92a556000 	C:\Windows\SYSTEM32\DEVOBJ.dll
0x000000005dc00000 - 0x000000005dc0f000 	C:\Program Files\Java\jdk1.8.0_102\jre\bin\verify.dll
0x000000005dbd0000 - 0x000000005dbf9000 	C:\Program Files\Java\jdk1.8.0_102\jre\bin\java.dll
0x000000005dbb0000 - 0x000000005dbc6000 	C:\Program Files\Java\jdk1.8.0_102\jre\bin\zip.dll

VM Arguments:
jvm_args: -Djava.awt.headless=true -Xmx1024M -Dfile.encoding=windows-1252 -Duser.country=US -Duser.language=en -Duser.variant 
java_command: com.android.dx.command.Main --dex --num-threads=4 --output C:\Users\dream\AndroidProjects\ImageUpload\app\build\intermediates\pre-dexed\debug\com.android.support-appcompat-v7-25.3.1_dd65f24e537f2097d9695990a7a1cd6a861f7047.jar C:\Users\dream\AndroidProjects\ImageUpload\app\build\intermediates\exploded-aar\com.android.support\appcompat-v7\25.3.1\jars\classes.jar
java_class_path (initial): C:\Users\dream\AppData\Local\Android\sdk\build-tools\25.0.3\lib\dx.jar
Launcher Type: SUN_STANDARD

Environment Variables:
PATH=C:\ProgramData\Oracle\Java\javapath;C:\Windows\system32;C:\Windows;C:\Windows\System32\Wbem;C:\Windows\System32\WindowsPowerShell\v1.0\;C:\Program Files (x86)\Microsoft SQL Server\100\Tools\Binn\;C:\Program Files\Microsoft SQL Server\100\Tools\Binn\;C:\Program Files\Microsoft SQL Server\100\DTS\Binn\;C:\Program Files (x86)\Microsoft SQL Server\100\DTS\Binn\;C:\Program Files (x86)\Microsoft SQL Server\100\Tools\Binn\VSShell\Common7\IDE\;C:\Program Files (x86)\Microsoft Visual Studio 9.0\Common7\IDE\PrivateAssemblies\;C:\Program Files\Java\jdk1.8.0_102\bin
USERNAME=dream
OS=Windows_NT
PROCESSOR_IDENTIFIER=Intel64 Family 6 Model 69 Stepping 1, GenuineIntel



---------------  S Y S T E M  ---------------

OS: Windows 8.1 , 64 bit Build 9600 (6.3.9600.17031)

CPU:total 4 (2 cores per cpu, 2 threads per core) family 6 model 69 stepping 1, cmov, cx8, fxsr, mmx, sse, sse2, sse3, ssse3, sse4.1, sse4.2, popcnt, avx, avx2, aes, clmul, erms, lzcnt, ht, tsc, tscinvbit, bmi1, bmi2

Memory: 4k page, physical 4096184k(813584k free), swap 4096184k(5604k free)

vm_info: Java HotSpot(TM) 64-Bit Server VM (25.102-b14) for windows-amd64 JRE (1.8.0_102-b14), built on Jun 22 2016 13:15:21 by "java_re" with MS VC++ 10.0 (VS2010)

time: Fri May 26 14:25:57 2017
elapsed time: 16 seconds (0d 0h 0m 16s)

