#
# There is insufficient memory for the Java Runtime Environment to continue.
# Native memory allocation (malloc) failed to allocate 1094736 bytes for Chunk::new
# Possible reasons:
#   The system is out of physical RAM or swap space
#   In 32 bit mode, the process size limit was hit
# Possible solutions:
#   Reduce memory load on the system
#   Increase physical memory or swap space
#   Check if swap backing store is full
#   Use 64 bit Java on a 64 bit OS
#   Decrease Java heap size (-Xmx/-Xms)
#   Decrease number of Java threads
#   Decrease Java thread stack sizes (-Xss)
#   Set larger code cache with -XX:ReservedCodeCacheSize=
# This output file may be truncated or incomplete.
#
#  Out of Memory Error (allocation.cpp:390), pid=1196, tid=0x000000000000120c
#
# JRE version: Java(TM) SE Runtime Environment (8.0_102-b14) (build 1.8.0_102-b14)
# Java VM: Java HotSpot(TM) 64-Bit Server VM (25.102-b14 mixed mode windows-amd64 compressed oops)
# Failed to write core dump. Minidumps are not enabled by default on client versions of Windows
#

---------------  T H R E A D  ---------------

Current thread (0x000000001552d800):  JavaThread "C2 CompilerThread0" daemon [_thread_in_native, id=4620, stack(0x0000000016b60000,0x0000000016c60000)]

Stack: [0x0000000016b60000,0x0000000016c60000]
[error occurred during error reporting (printing stack bounds), id 0xc0000005]

Native frames: (J=compiled Java code, j=interpreted, Vv=VM code, C=native code)


Current CompileTask:
C2:   7377 2098 %     4       com.android.dx.ssa.SsaConverter::placePhiFunctions @ 264 (394 bytes)


---------------  P R O C E S S  ---------------

Java Threads: ( => current thread )
  0x0000000017566800 JavaThread "pool-2-thread-4" [_thread_in_Java, id=4508, stack(0x0000000018060000,0x0000000018160000)]
  0x00000000170fa800 JavaThread "pool-2-thread-3" [_thread_in_Java, id=4888, stack(0x0000000017f60000,0x0000000018060000)]
  0x00000000170f9800 JavaThread "pool-2-thread-2" [_thread_in_Java, id=3852, stack(0x0000000017e60000,0x0000000017f60000)]
  0x00000000170a0000 JavaThread "pool-3-thread-1" [_thread_blocked, id=3532, stack(0x0000000017d60000,0x0000000017e60000)]
  0x000000001715d800 JavaThread "pool-2-thread-1" [_thread_in_Java, id=1012, stack(0x0000000017c60000,0x0000000017d60000)]
  0x000000001558e800 JavaThread "Service Thread" daemon [_thread_blocked, id=488, stack(0x0000000017260000,0x0000000017360000)]
  0x0000000015540800 JavaThread "C1 CompilerThread2" daemon [_thread_blocked, id=4576, stack(0x0000000016d60000,0x0000000016e60000)]
  0x0000000015530800 JavaThread "C2 CompilerThread1" daemon [_thread_in_native, id=2416, stack(0x0000000016c60000,0x0000000016d60000)]
=>0x000000001552d800 JavaThread "C2 CompilerThread0" daemon [_thread_in_native, id=4620, stack(0x0000000016b60000,0x0000000016c60000)]
  0x000000001552b800 JavaThread "Attach Listener" daemon [_thread_blocked, id=3700, stack(0x0000000016a60000,0x0000000016b60000)]
  0x000000001552a000 JavaThread "Signal Dispatcher" daemon [_thread_blocked, id=4724, stack(0x0000000016960000,0x0000000016a60000)]
  0x0000000002e5b800 JavaThread "Finalizer" daemon [_thread_blocked, id=4840, stack(0x0000000016780000,0x0000000016880000)]
  0x00000000154f9000 JavaThread "Reference Handler" daemon [_thread_blocked, id=4784, stack(0x0000000016680000,0x0000000016780000)]
  0x0000000002d60800 JavaThread "main" [_thread_in_vm, id=3200, stack(0x0000000002c60000,0x0000000002d60000)]

Other Threads:
  0x00000000154f6800 VMThread [stack: 0x0000000016580000,0x0000000016680000] [id=96]
  0x0000000016eac000 WatcherThread [stack: 0x0000000017360000,0x0000000017460000] [id=4004]

VM state:not at safepoint (normal execution)

VM Mutex/Monitor currently owned by a thread: None

Heap:
 PSYoungGen      total 227328K, used 124772K [0x00000000eab00000, 0x00000000fd380000, 0x0000000100000000)
  eden space 194560K, 49% used [0x00000000eab00000,0x00000000f08d7788,0x00000000f6900000)
  from space 32768K, 87% used [0x00000000f6900000,0x00000000f85018c8,0x00000000f8900000)
  to   space 36864K, 0% used [0x00000000faf80000,0x00000000faf80000,0x00000000fd380000)
 ParOldGen       total 84480K, used 62691K [0x00000000c0000000, 0x00000000c5280000, 0x00000000eab00000)
  object space 84480K, 74% used [0x00000000c0000000,0x00000000c3d38df8,0x00000000c5280000)
 Metaspace       used 6594K, capacity 7320K, committed 7680K, reserved 1056768K
  class space    used 628K, capacity 656K, committed 768K, reserved 1048576K

Card table byte_map: [0x0000000012220000,0x0000000012430000] byte_map_base: 0x0000000011c20000

Marking Bits: (ParMarkBitMap*) 0x000000005d32a6c0
 Begin Bits: [0x0000000012990000, 0x0000000013990000)
 End Bits:   [0x0000000013990000, 0x0000000014990000)

Polling page: 0x0000000001230000

CodeCache: size=245760Kb used=8915Kb max_used=8915Kb free=236844Kb
 bounds [0x0000000002e60000, 0x0000000003730000, 0x0000000011e60000]
 total_blobs=2391 nmethods=2121 adapters=182
 compilation: enabled

Compilation events (10 events):
Event: 7.338 Thread 0x0000000015540800 2207       2       com.android.dx.cf.code.Frame::copy (26 bytes)
Event: 7.339 Thread 0x0000000015540800 nmethod 2207 0x0000000003701710 code [0x00000000037018a0, 0x0000000003701ae8]
Event: 7.339 Thread 0x0000000015540800 2208       1       com.android.dx.cf.code.RopperMachine::returns (5 bytes)
Event: 7.339 Thread 0x0000000015540800 nmethod 2208 0x0000000003703210 code [0x0000000003703360, 0x0000000003703470]
Event: 7.342 Thread 0x0000000015530800 nmethod 1902 0x0000000003702510 code [0x0000000003702680, 0x0000000003702bf8]
Event: 7.342 Thread 0x0000000015530800 2211   !   4       com.android.dx.cf.code.Ropper::processBlock (1101 bytes)
Event: 7.352 Thread 0x0000000015540800 2212       1       com.android.dx.cf.attrib.AttEnclosingMethod::byteLength (3 bytes)
Event: 7.352 Thread 0x0000000015540800 nmethod 2212 0x0000000003702250 code [0x00000000037023a0, 0x00000000037024b0]
Event: 7.362 Thread 0x0000000015540800 2213 %     3       com.android.dx.ssa.back.FirstFitLocalCombiningAllocator::processPhiInsn @ 88 (255 bytes)
Event: 7.366 Thread 0x0000000015540800 nmethod 2213% 0x000000000371bdd0 code [0x000000000371c1c0, 0x000000000371e878]

GC Heap History (10 events):
Event: 2.869 GC heap before
{Heap before GC invocations=8 (full 0):
 PSYoungGen      total 74752K, used 74721K [0x00000000eab00000, 0x00000000f4700000, 0x0000000100000000)
  eden space 64000K, 100% used [0x00000000eab00000,0x00000000ee980000,0x00000000ee980000)
  from space 10752K, 99% used [0x00000000ee980000,0x00000000ef3f8710,0x00000000ef400000)
  to   space 15872K, 0% used [0x00000000f3780000,0x00000000f3780000,0x00000000f4700000)
 ParOldGen       total 44032K, used 15408K [0x00000000c0000000, 0x00000000c2b00000, 0x00000000eab00000)
  object space 44032K, 34% used [0x00000000c0000000,0x00000000c0f0c1d8,0x00000000c2b00000)
 Metaspace       used 6468K, capacity 7192K, committed 7424K, reserved 1056768K
  class space    used 627K, capacity 656K, committed 768K, reserved 1048576K
Event: 2.928 GC heap after
Heap after GC invocations=8 (full 0):
 PSYoungGen      total 139264K, used 15868K [0x00000000eab00000, 0x00000000f5000000, 0x0000000100000000)
  eden space 123392K, 0% used [0x00000000eab00000,0x00000000eab00000,0x00000000f2380000)
  from space 15872K, 99% used [0x00000000f3780000,0x00000000f46ff110,0x00000000f4700000)
  to   space 20480K, 0% used [0x00000000f2380000,0x00000000f2380000,0x00000000f3780000)
 ParOldGen       total 44032K, used 19879K [0x00000000c0000000, 0x00000000c2b00000, 0x00000000eab00000)
  object space 44032K, 45% used [0x00000000c0000000,0x00000000c1369de8,0x00000000c2b00000)
 Metaspace       used 6468K, capacity 7192K, committed 7424K, reserved 1056768K
  class space    used 627K, capacity 656K, committed 768K, reserved 1048576K
}
Event: 3.684 GC heap before
{Heap before GC invocations=9 (full 0):
 PSYoungGen      total 139264K, used 139260K [0x00000000eab00000, 0x00000000f5000000, 0x0000000100000000)
  eden space 123392K, 100% used [0x00000000eab00000,0x00000000f2380000,0x00000000f2380000)
  from space 15872K, 99% used [0x00000000f3780000,0x00000000f46ff110,0x00000000f4700000)
  to   space 20480K, 0% used [0x00000000f2380000,0x00000000f2380000,0x00000000f3780000)
 ParOldGen       total 44032K, used 19879K [0x00000000c0000000, 0x00000000c2b00000, 0x00000000eab00000)
  object space 44032K, 45% used [0x00000000c0000000,0x00000000c1369de8,0x00000000c2b00000)
 Metaspace       used 6512K, capacity 7256K, committed 7424K, reserved 1056768K
  class space    used 627K, capacity 656K, committed 768K, reserved 1048576K
Event: 3.765 GC heap after
Heap after GC invocations=9 (full 0):
 PSYoungGen      total 143872K, used 20474K [0x00000000eab00000, 0x00000000fa600000, 0x0000000100000000)
  eden space 123392K, 0% used [0x00000000eab00000,0x00000000eab00000,0x00000000f2380000)
  from space 20480K, 99% used [0x00000000f2380000,0x00000000f377e870,0x00000000f3780000)
  to   space 29696K, 0% used [0x00000000f8900000,0x00000000f8900000,0x00000000fa600000)
 ParOldGen       total 44032K, used 32544K [0x00000000c0000000, 0x00000000c2b00000, 0x00000000eab00000)
  object space 44032K, 73% used [0x00000000c0000000,0x00000000c1fc81b0,0x00000000c2b00000)
 Metaspace       used 6512K, capacity 7256K, committed 7424K, reserved 1056768K
  class space    used 627K, capacity 656K, committed 768K, reserved 1048576K
}
Event: 4.368 GC heap before
{Heap before GC invocations=10 (full 0):
 PSYoungGen      total 143872K, used 143866K [0x00000000eab00000, 0x00000000fa600000, 0x0000000100000000)
  eden space 123392K, 100% used [0x00000000eab00000,0x00000000f2380000,0x00000000f2380000)
  from space 20480K, 99% used [0x00000000f2380000,0x00000000f377e870,0x00000000f3780000)
  to   space 29696K, 0% used [0x00000000f8900000,0x00000000f8900000,0x00000000fa600000)
 ParOldGen       total 44032K, used 32544K [0x00000000c0000000, 0x00000000c2b00000, 0x00000000eab00000)
  object space 44032K, 73% used [0x00000000c0000000,0x00000000c1fc81b0,0x00000000c2b00000)
 Metaspace       used 6577K, capacity 7256K, committed 7424K, reserved 1056768K
  class space    used 628K, capacity 656K, committed 768K, reserved 1048576K
Event: 4.458 GC heap after
Heap after GC invocations=10 (full 0):
 PSYoungGen      total 224256K, used 24728K [0x00000000eab00000, 0x00000000fac00000, 0x0000000100000000)
  eden space 194560K, 0% used [0x00000000eab00000,0x00000000eab00000,0x00000000f6900000)
  from space 29696K, 83% used [0x00000000f8900000,0x00000000fa126188,0x00000000fa600000)
  to   space 32768K, 0% used [0x00000000f6900000,0x00000000f6900000,0x00000000f8900000)
 ParOldGen       total 44032K, used 43578K [0x00000000c0000000, 0x00000000c2b00000, 0x00000000eab00000)
  object space 44032K, 98% used [0x00000000c0000000,0x00000000c2a8e9c8,0x00000000c2b00000)
 Metaspace       used 6577K, capacity 7256K, committed 7424K, reserved 1056768K
  class space    used 628K, capacity 656K, committed 768K, reserved 1048576K
}
Event: 4.458 GC heap before
{Heap before GC invocations=11 (full 1):
 PSYoungGen      total 224256K, used 24728K [0x00000000eab00000, 0x00000000fac00000, 0x0000000100000000)
  eden space 194560K, 0% used [0x00000000eab00000,0x00000000eab00000,0x00000000f6900000)
  from space 29696K, 83% used [0x00000000f8900000,0x00000000fa126188,0x00000000fa600000)
  to   space 32768K, 0% used [0x00000000f6900000,0x00000000f6900000,0x00000000f8900000)
 ParOldGen       total 44032K, used 43578K [0x00000000c0000000, 0x00000000c2b00000, 0x00000000eab00000)
  object space 44032K, 98% used [0x00000000c0000000,0x00000000c2a8e9c8,0x00000000c2b00000)
 Metaspace       used 6577K, capacity 7256K, committed 7424K, reserved 1056768K
  class space    used 628K, capacity 656K, committed 768K, reserved 1048576K
Event: 5.525 GC heap after
Heap after GC invocations=11 (full 1):
 PSYoungGen      total 224256K, used 19886K [0x00000000eab00000, 0x00000000fac00000, 0x0000000100000000)
  eden space 194560K, 0% used [0x00000000eab00000,0x00000000eab00000,0x00000000f6900000)
  from space 29696K, 66% used [0x00000000f8900000,0x00000000f9c6bb80,0x00000000fa600000)
  to   space 32768K, 0% used [0x00000000f6900000,0x00000000f6900000,0x00000000f8900000)
 ParOldGen       total 84480K, used 43863K [0x00000000c0000000, 0x00000000c5280000, 0x00000000eab00000)
  object space 84480K, 51% used [0x00000000c0000000,0x00000000c2ad5dc8,0x00000000c5280000)
 Metaspace       used 6577K, capacity 7256K, committed 7424K, reserved 1056768K
  class space    used 628K, capacity 656K, committed 768K, reserved 1048576K
}
Event: 6.721 GC heap before
{Heap before GC invocations=12 (full 1):
 PSYoungGen      total 224256K, used 214446K [0x00000000eab00000, 0x00000000fac00000, 0x0000000100000000)
  eden space 194560K, 100% used [0x00000000eab00000,0x00000000f6900000,0x00000000f6900000)
  from space 29696K, 66% used [0x00000000f8900000,0x00000000f9c6bb80,0x00000000fa600000)
  to   space 32768K, 0% used [0x00000000f6900000,0x00000000f6900000,0x00000000f8900000)
 ParOldGen       total 84480K, used 43863K [0x00000000c0000000, 0x00000000c5280000, 0x00000000eab00000)
  object space 84480K, 51% used [0x00000000c0000000,0x00000000c2ad5dc8,0x00000000c5280000)
 Metaspace       used 6589K, capacity 7256K, committed 7424K, reserved 1056768K
  class space    used 628K, capacity 656K, committed 768K, reserved 1048576K
Event: 6.854 GC heap after
Heap after GC invocations=12 (full 1):
 PSYoungGen      total 227328K, used 28678K [0x00000000eab00000, 0x00000000fd380000, 0x0000000100000000)
  eden space 194560K, 0% used [0x00000000eab00000,0x00000000eab00000,0x00000000f6900000)
  from space 32768K, 87% used [0x00000000f6900000,0x00000000f85018c8,0x00000000f8900000)
  to   space 36864K, 0% used [0x00000000faf80000,0x00000000faf80000,0x00000000fd380000)
 ParOldGen       total 84480K, used 62691K [0x00000000c0000000, 0x00000000c5280000, 0x00000000eab00000)
  object space 84480K, 74% used [0x00000000c0000000,0x00000000c3d38df8,0x00000000c5280000)
 Metaspace       used 6589K, capacity 7256K, committed 7424K, reserved 1056768K
  class space    used 628K, capacity 656K, committed 768K, reserved 1048576K
}

Deoptimization events (10 events):
Event: 2.750 Thread 0x000000001715d800 Uncommon trap: reason=unstable_if action=reinterpret pc=0x00000000032a991c method=com.android.dx.ssa.SsaMethod.updateOneDefinition(Lcom/android/dx/ssa/SsaInsn;Lcom/android/dx/rop/code/RegisterSpec;)V @ 4
Event: 3.456 Thread 0x00000000170fa800 Uncommon trap: reason=unstable_if action=reinterpret pc=0x00000000035c73c4 method=java.util.HashMap.getNode(ILjava/lang/Object;)Ljava/util/HashMap$Node; @ 84
Event: 3.824 Thread 0x000000001715d800 Uncommon trap: reason=unstable_if action=reinterpret pc=0x0000000003459fc4 method=java.util.HashMap.getNode(ILjava/lang/Object;)Ljava/util/HashMap$Node; @ 84
Event: 5.688 Thread 0x0000000017566800 Uncommon trap: reason=unstable_if action=reinterpret pc=0x0000000003661634 method=com.android.dx.ssa.SCCP.simulateBranch(Lcom/android/dx/ssa/SsaInsn;)V @ 548
Event: 7.113 Thread 0x000000001715d800 Uncommon trap: reason=unstable_if action=reinterpret pc=0x000000000364cbd4 method=com.android.dx.rop.code.RegisterSpecSet.<init>(I)V @ 2
Event: 7.113 Thread 0x000000001715d800 Uncommon trap: reason=unstable_if action=reinterpret pc=0x00000000034a0c14 method=com.android.dx.rop.code.RegisterSpecSet.<init>(I)V @ 2
Event: 7.304 Thread 0x000000001715d800 Uncommon trap: reason=class_check action=maybe_recompile pc=0x00000000036d78d4 method=com.android.dx.cf.code.Ropper.processBlock(Lcom/android/dx/cf/code/ByteBlock;Lcom/android/dx/cf/code/Frame;[I)V @ 711
Event: 7.313 Thread 0x000000001715d800 Uncommon trap: reason=class_check action=maybe_recompile pc=0x00000000036d78d4 method=com.android.dx.cf.code.Ropper.processBlock(Lcom/android/dx/cf/code/ByteBlock;Lcom/android/dx/cf/code/Frame;[I)V @ 711
Event: 7.313 Thread 0x000000001715d800 Uncommon trap: reason=class_check action=maybe_recompile pc=0x00000000036d78d4 method=com.android.dx.cf.code.Ropper.processBlock(Lcom/android/dx/cf/code/ByteBlock;Lcom/android/dx/cf/code/Frame;[I)V @ 711
Event: 7.313 Thread 0x000000001715d800 Uncommon trap: reason=class_check action=maybe_recompile pc=0x00000000036d78d4 method=com.android.dx.cf.code.Ropper.processBlock(Lcom/android/dx/cf/code/ByteBlock;Lcom/android/dx/cf/code/Frame;[I)V @ 711

Internal exceptions (7 events):
Event: 0.034 Thread 0x0000000002d60800 Exception <a 'java/lang/NoSuchMethodError': Method sun.misc.Unsafe.defineClass(Ljava/lang/String;[BII)Ljava/lang/Class; name or signature does not match> (0x00000000eab07c78) thrown at [C:\re\workspace\8-2-build-windows-amd64-cygwin\jdk8u102\7268\hotspot\sð›Sžh¡?
Event: 0.034 Thread 0x0000000002d60800 Exception <a 'java/lang/NoSuchMethodError': Method sun.misc.Unsafe.prefetchRead(Ljava/lang/Object;J)V name or signature does not match> (0x00000000eab07f60) thrown at [C:\re\workspace\8-2-build-windows-amd64-cygwin\jdk8u102\7268\hotspot\src\share\vm\prims\Ý¡}ßï?
Event: 0.996 Thread 0x0000000017566800 Implicit null exception at 0x0000000003195ae2 to 0x0000000003195bda
Event: 1.501 Thread 0x00000000170fa800 Implicit null exception at 0x000000000317e509 to 0x0000000003180ca5
Event: 2.713 Thread 0x0000000017566800 Exception <a 'java/lang/ArrayIndexOutOfBoundsException': 18> (0x00000000ed3ba010) thrown at [C:\re\workspace\8-2-build-windows-amd64-cygwin\jdk8u102\7268\hotspot\src\share\vm\interpreter\interpreterRuntime.cpp, line 366]
Event: 2.713 Thread 0x0000000017566800 Exception <a 'java/lang/ArrayIndexOutOfBoundsException': 145> (0x00000000ed3bbb90) thrown at [C:\re\workspace\8-2-build-windows-amd64-cygwin\jdk8u102\7268\hotspot\src\share\vm\interpreter\interpreterRuntime.cpp, line 366]
Event: 2.714 Thread 0x0000000017566800 Exception <a 'java/lang/ArrayIndexOutOfBoundsException'> (0x00000000ed3bce78) thrown at [C:\re\workspace\8-2-build-windows-amd64-cygwin\jdk8u102\7268\hotspot\src\share\vm\runtime\sharedRuntime.cpp, line 605]

Events (10 events):
Event: 7.304 Thread 0x000000001715d800 DEOPT UNPACKING pc=0x0000000002ea582a sp=0x0000000017d5ede0 mode 2
Event: 7.312 Thread 0x000000001715d800 Uncommon trap: trap_request=0xffffffde fr.pc=0x00000000036d78d4
Event: 7.313 Thread 0x000000001715d800 DEOPT PACKING pc=0x00000000036d78d4 sp=0x0000000017d5ed80
Event: 7.313 Thread 0x000000001715d800 DEOPT UNPACKING pc=0x0000000002ea582a sp=0x0000000017d5ede0 mode 2
Event: 7.313 Thread 0x000000001715d800 Uncommon trap: trap_request=0xffffffde fr.pc=0x00000000036d78d4
Event: 7.313 Thread 0x000000001715d800 DEOPT PACKING pc=0x00000000036d78d4 sp=0x0000000017d5ed80
Event: 7.313 Thread 0x000000001715d800 DEOPT UNPACKING pc=0x0000000002ea582a sp=0x0000000017d5ede0 mode 2
Event: 7.313 Thread 0x000000001715d800 Uncommon trap: trap_request=0xffffffde fr.pc=0x00000000036d78d4
Event: 7.313 Thread 0x000000001715d800 DEOPT PACKING pc=0x00000000036d78d4 sp=0x0000000017d5ed80
Event: 7.313 Thread 0x000000001715d800 DEOPT UNPACKING pc=0x0000000002ea582a sp=0x0000000017d5ede0 mode 2


Dynamic libraries:
0x00007ff77d050000 - 0x00007ff77d087000 	C:\Program Files\Java\jdk1.8.0_102\bin\java.exe
0x00007ff92e4e0000 - 0x00007ff92e68d000 	C:\Windows\SYSTEM32\ntdll.dll
0x00007ff92e390000 - 0x00007ff92e4ca000 	C:\Windows\system32\KERNEL32.DLL
0x00007ff92b880000 - 0x00007ff92b995000 	C:\Windows\system32\KERNELBASE.dll
0x00007ff929c60000 - 0x00007ff929cee000 	C:\Windows\system32\apphelp.dll
0x00007ff920f10000 - 0x00007ff920f63000 	C:\Windows\AppPatch\AppPatch64\AcGenral.DLL
0x00007ff92e150000 - 0x00007ff92e1f7000 	C:\Windows\system32\msvcrt.dll
0x00007ff92bb80000 - 0x00007ff92bbab000 	C:\Windows\system32\SspiCli.dll
0x00007ff92c6a0000 - 0x00007ff92c6f1000 	C:\Windows\system32\SHLWAPI.dll
0x00007ff92e210000 - 0x00007ff92e381000 	C:\Windows\system32\USER32.dll
0x00007ff92bd50000 - 0x00007ff92bee4000 	C:\Windows\system32\ole32.dll
0x00007ff92c700000 - 0x00007ff92dc2b000 	C:\Windows\system32\SHELL32.dll
0x00007ff92ad50000 - 0x00007ff92ad6f000 	C:\Windows\SYSTEM32\USERENV.dll
0x00007ff92c1a0000 - 0x00007ff92c24a000 	C:\Windows\system32\ADVAPI32.dll
0x00007ff922270000 - 0x00007ff92228b000 	C:\Windows\SYSTEM32\MPR.dll
0x00007ff92df40000 - 0x00007ff92e080000 	C:\Windows\system32\RPCRT4.dll
0x00007ff92dc30000 - 0x00007ff92dc89000 	C:\Windows\SYSTEM32\sechost.dll
0x00007ff92c4c0000 - 0x00007ff92c696000 	C:\Windows\SYSTEM32\combase.dll
0x00007ff92bc00000 - 0x00007ff92bd50000 	C:\Windows\system32\GDI32.dll
0x00007ff92b6b0000 - 0x00007ff92b6c4000 	C:\Windows\SYSTEM32\profapi.dll
0x00007ff929bc0000 - 0x00007ff929c5f000 	C:\Windows\SYSTEM32\SHCORE.dll
0x00007ff92bef0000 - 0x00007ff92bf24000 	C:\Windows\system32\IMM32.DLL
0x00007ff92c250000 - 0x00007ff92c3a2000 	C:\Windows\system32\MSCTF.dll
0x00007ff929750000 - 0x00007ff9299cb000 	C:\Windows\WinSxS\amd64_microsoft.windows.common-controls_6595b64144ccf1df_6.0.9600.18006_none_623f33d3ecbe86e8\COMCTL32.dll
0x000000005c890000 - 0x000000005c961000 	C:\Program Files\Java\jdk1.8.0_102\jre\bin\msvcr100.dll
0x000000005cb10000 - 0x000000005d3aa000 	C:\Program Files\Java\jdk1.8.0_102\jre\bin\server\jvm.dll
0x00007ff9183d0000 - 0x00007ff9183d9000 	C:\Windows\SYSTEM32\WSOCK32.dll
0x00007ff923e40000 - 0x00007ff923e5f000 	C:\Windows\SYSTEM32\WINMM.dll
0x00007ff924d10000 - 0x00007ff924d1a000 	C:\Windows\SYSTEM32\VERSION.dll
0x00007ff92e4d0000 - 0x00007ff92e4d7000 	C:\Windows\system32\PSAPI.DLL
0x00007ff92dc90000 - 0x00007ff92dcea000 	C:\Windows\system32\WS2_32.dll
0x00007ff923e10000 - 0x00007ff923e3a000 	C:\Windows\SYSTEM32\WINMMBASE.dll
0x00007ff92c190000 - 0x00007ff92c199000 	C:\Windows\system32\NSI.dll
0x00007ff92bbb0000 - 0x00007ff92bbfa000 	C:\Windows\SYSTEM32\cfgmgr32.dll
0x00007ff92a530000 - 0x00007ff92a556000 	C:\Windows\SYSTEM32\DEVOBJ.dll
0x000000005dc00000 - 0x000000005dc0f000 	C:\Program Files\Java\jdk1.8.0_102\jre\bin\verify.dll
0x000000005dbd0000 - 0x000000005dbf9000 	C:\Program Files\Java\jdk1.8.0_102\jre\bin\java.dll
0x000000005dbb0000 - 0x000000005dbc6000 	C:\Program Files\Java\jdk1.8.0_102\jre\bin\zip.dll

VM Arguments:
jvm_args: -Djava.awt.headless=true -Xmx1024M -Dfile.encoding=windows-1252 -Duser.country=US -Duser.language=en -Duser.variant 
java_command: com.android.dx.command.Main --dex --num-threads=4 --multi-dex --main-dex-list C:\Users\dream\AndroidProjects\ImageUpload\app\build\intermediates\multi-dex\debug\maindexlist.txt --output C:\Users\dream\AndroidProjects\ImageUpload\app\build\intermediates\transforms\dex\debug\folders\1000\1f\main C:\Users\dream\AndroidProjects\ImageUpload\app\build\intermediates\transforms\jarMerging\debug\jars\1\1f\combined.jar
java_class_path (initial): C:\Users\dream\AppData\Local\Android\sdk\build-tools\25.0.3\lib\dx.jar
Launcher Type: SUN_STANDARD

Environment Variables:
PATH=C:\ProgramData\Oracle\Java\javapath;C:\Windows\system32;C:\Windows;C:\Windows\System32\Wbem;C:\Windows\System32\WindowsPowerShell\v1.0\;C:\Program Files (x86)\Microsoft SQL Server\100\Tools\Binn\;C:\Program Files\Microsoft SQL Server\100\Tools\Binn\;C:\Program Files\Microsoft SQL Server\100\DTS\Binn\;C:\Program Files (x86)\Microsoft SQL Server\100\DTS\Binn\;C:\Program Files (x86)\Microsoft SQL Server\100\Tools\Binn\VSShell\Common7\IDE\;C:\Program Files (x86)\Microsoft Visual Studio 9.0\Common7\IDE\PrivateAssemblies\;C:\Program Files\Java\jdk1.8.0_102\bin
USERNAME=dream
OS=Windows_NT
PROCESSOR_IDENTIFIER=Intel64 Family 6 Model 69 Stepping 1, GenuineIntel



---------------  S Y S T E M  ---------------

OS: Windows 8.1 , 64 bit Build 9600 (6.3.9600.17031)

CPU:total 4 (2 cores per cpu, 2 threads per core) family 6 model 69 stepping 1, cmov, cx8, fxsr, mmx, sse, sse2, sse3, ssse3, sse4.1, sse4.2, popcnt, avx, avx2, aes, clmul, erms, lzcnt, ht, tsc, tscinvbit, bmi1, bmi2

Memory: 4k page, physical 4096184k(514576k free), swap 4096184k(6100k free)

vm_info: Java HotSpot(TM) 64-Bit Server VM (25.102-b14) for windows-amd64 JRE (1.8.0_102-b14), built on Jun 22 2016 13:15:21 by "java_re" with MS VC++ 10.0 (VS2010)

time: Fri May 26 17:23:09 2017
elapsed time: 7 seconds (0d 0h 0m 7s)

