#
# There is insufficient memory for the Java Runtime Environment to continue.
# Native memory allocation (malloc) failed to allocate 32744 bytes for ChunkPool::allocate
# Possible reasons:
#   The system is out of physical RAM or swap space
#   In 32 bit mode, the process size limit was hit
# Possible solutions:
#   Reduce memory load on the system
#   Increase physical memory or swap space
#   Check if swap backing store is full
#   Use 64 bit Java on a 64 bit OS
#   Decrease Java heap size (-Xmx/-Xms)
#   Decrease number of Java threads
#   Decrease Java thread stack sizes (-Xss)
#   Set larger code cache with -XX:ReservedCodeCacheSize=
# This output file may be truncated or incomplete.
#
#  Out of Memory Error (allocation.cpp:273), pid=2788, tid=0x00000000000000f8
#
# JRE version: Java(TM) SE Runtime Environment (8.0_102-b14) (build 1.8.0_102-b14)
# Java VM: Java HotSpot(TM) 64-Bit Server VM (25.102-b14 mixed mode windows-amd64 compressed oops)
# Failed to write core dump. Minidumps are not enabled by default on client versions of Windows
#

---------------  T H R E A D  ---------------

Current thread (0x000000001483d800):  JavaThread "C2 CompilerThread0" daemon [_thread_in_native, id=248, stack(0x0000000015e80000,0x0000000015f80000)]

Stack: [0x0000000015e80000,0x0000000015f80000]
[error occurred during error reporting (printing stack bounds), id 0xc0000005]

Native frames: (J=compiled Java code, j=interpreted, Vv=VM code, C=native code)


Current CompileTask:
C2:  22749 2382   !   4       com.android.dx.cf.code.BytecodeArray::parseInstruction (2764 bytes)


---------------  P R O C E S S  ---------------

Java Threads: ( => current thread )
  0x0000000016820800 JavaThread "pool-1-thread-1" [_thread_blocked, id=2172, stack(0x0000000016f80000,0x0000000017080000)]
  0x00000000161ac000 JavaThread "Service Thread" daemon [_thread_blocked, id=676, stack(0x0000000016580000,0x0000000016680000)]
  0x0000000014843800 JavaThread "C1 CompilerThread2" daemon [_thread_blocked, id=664, stack(0x0000000016080000,0x0000000016180000)]
  0x0000000014840800 JavaThread "C2 CompilerThread1" daemon [_thread_in_native, id=4004, stack(0x0000000015f80000,0x0000000016080000)]
=>0x000000001483d800 JavaThread "C2 CompilerThread0" daemon [_thread_in_native, id=248, stack(0x0000000015e80000,0x0000000015f80000)]
  0x000000001483b800 JavaThread "Attach Listener" daemon [_thread_blocked, id=3300, stack(0x0000000015d80000,0x0000000015e80000)]
  0x000000001483a800 JavaThread "Signal Dispatcher" daemon [_thread_blocked, id=2196, stack(0x0000000015c80000,0x0000000015d80000)]
  0x000000000216b800 JavaThread "Finalizer" daemon [_thread_blocked, id=2512, stack(0x0000000015aa0000,0x0000000015ba0000)]
  0x0000000002161000 JavaThread "Reference Handler" daemon [_thread_blocked, id=244, stack(0x00000000159a0000,0x0000000015aa0000)]
  0x0000000002070800 JavaThread "main" [_thread_blocked, id=2900, stack(0x0000000001f40000,0x0000000002040000)]

Other Threads:
  0x0000000014807800 VMThread [stack: 0x00000000158a0000,0x00000000159a0000] [id=4080]
  0x00000000161d1000 WatcherThread [stack: 0x0000000016680000,0x0000000016780000] [id=1092]

VM state:at safepoint (normal execution)

VM Mutex/Monitor currently owned by a thread:  ([mutex/lock_event])
[0x000000000204c750] Threads_lock - owner thread: 0x0000000014807800
[0x000000000204c550] Heap_lock - owner thread: 0x0000000016820800

Heap:
 PSYoungGen      total 254464K, used 217088K [0x00000000eab00000, 0x00000000ff100000, 0x0000000100000000)
  eden space 217088K, 100% used [0x00000000eab00000,0x00000000f7f00000,0x00000000f7f00000)
  from space 37376K, 0% used [0x00000000faf80000,0x00000000faf80000,0x00000000fd400000)
  to   space 49664K, 0% used [0x00000000f7f00000,0x00000000f7f00000,0x00000000faf80000)
 ParOldGen       total 83968K, used 83732K [0x00000000c0000000, 0x00000000c5200000, 0x00000000eab00000)
  object space 83968K, 99% used [0x00000000c0000000,0x00000000c51c5068,0x00000000c5200000)
 Metaspace       used 6734K, capacity 7384K, committed 7680K, reserved 1056768K
  class space    used 634K, capacity 656K, committed 768K, reserved 1048576K

Card table byte_map: [0x0000000011530000,0x0000000011740000] byte_map_base: 0x0000000010f30000

Marking Bits: (ParMarkBitMap*) 0x0000000066a6a6c0
 Begin Bits: [0x0000000011ca0000, 0x0000000012ca0000)
 End Bits:   [0x0000000012ca0000, 0x0000000013ca0000)

Polling page: 0x0000000000660000

CodeCache: size=245760Kb used=10766Kb max_used=10766Kb free=234993Kb
 bounds [0x0000000002170000, 0x0000000002c00000, 0x0000000011170000]
 total_blobs=2570 nmethods=2300 adapters=182
 compilation: enabled

Compilation events (10 events):
Event: 21.968 Thread 0x0000000014843800 2479       3       com.android.dx.dex.code.StdCatchBuilder::hasAnyCatches (57 bytes)
Event: 21.969 Thread 0x0000000014843800 nmethod 2479 0x0000000002bf6490 code [0x0000000002bf6680, 0x0000000002bf73b8]
Event: 21.971 Thread 0x0000000014843800 2480       3       com.android.dx.dex.file.CodeItem::addContents (174 bytes)
Event: 21.973 Thread 0x0000000014843800 nmethod 2480 0x0000000002bf7910 code [0x0000000002bf7c20, 0x0000000002bf95a8]
Event: 21.989 Thread 0x0000000014843800 2481       2       com.android.dx.dex.file.TypeIdItem::<init> (6 bytes)
Event: 21.989 Thread 0x0000000014843800 nmethod 2481 0x0000000002bfa090 code [0x0000000002bfa200, 0x0000000002bfa428]
Event: 22.005 Thread 0x0000000014843800 2482       2       com.android.dx.dex.code.StdCatchBuilder::getCatchTypes (97 bytes)
Event: 22.007 Thread 0x0000000014843800 nmethod 2482 0x0000000002bfa510 code [0x0000000002bfa720, 0x0000000002bfac28]
Event: 22.043 Thread 0x0000000014843800 2483  s    2       com.android.dx.dex.file.TypeIdsSection::intern (62 bytes)
Event: 22.044 Thread 0x0000000014843800 nmethod 2483 0x0000000002bfb1d0 code [0x0000000002bfb380, 0x0000000002bfb9a8]

GC Heap History (10 events):
Event: 12.355 GC heap after
Heap after GC invocations=14 (full 2):
 PSYoungGen      total 254464K, used 32631K [0x00000000eab00000, 0x00000000ff100000, 0x0000000100000000)
  eden space 217088K, 0% used [0x00000000eab00000,0x00000000eab00000,0x00000000f7f00000)
  from space 37376K, 87% used [0x00000000faf80000,0x00000000fcf5df68,0x00000000fd400000)
  to   space 49664K, 0% used [0x00000000f7f00000,0x00000000f7f00000,0x00000000faf80000)
 ParOldGen       total 83968K, used 83829K [0x00000000c0000000, 0x00000000c5200000, 0x00000000eab00000)
  object space 83968K, 99% used [0x00000000c0000000,0x00000000c51dd580,0x00000000c5200000)
 Metaspace       used 6600K, capacity 7320K, committed 7680K, reserved 1056768K
  class space    used 628K, capacity 656K, committed 768K, reserved 1048576K
}
Event: 13.792 GC heap before
{Heap before GC invocations=15 (full 3):
 PSYoungGen      total 254464K, used 249719K [0x00000000eab00000, 0x00000000ff100000, 0x0000000100000000)
  eden space 217088K, 100% used [0x00000000eab00000,0x00000000f7f00000,0x00000000f7f00000)
  from space 37376K, 87% used [0x00000000faf80000,0x00000000fcf5df68,0x00000000fd400000)
  to   space 49664K, 0% used [0x00000000f7f00000,0x00000000f7f00000,0x00000000faf80000)
 ParOldGen       total 83968K, used 83829K [0x00000000c0000000, 0x00000000c5200000, 0x00000000eab00000)
  object space 83968K, 99% used [0x00000000c0000000,0x00000000c51dd580,0x00000000c5200000)
 Metaspace       used 6606K, capacity 7320K, committed 7680K, reserved 1056768K
  class space    used 628K, capacity 656K, committed 768K, reserved 1048576K
Event: 15.021 GC heap after
Heap after GC invocations=15 (full 3):
 PSYoungGen      total 254464K, used 61725K [0x00000000eab00000, 0x00000000ff100000, 0x0000000100000000)
  eden space 217088K, 28% used [0x00000000eab00000,0x00000000ee7476c0,0x00000000f7f00000)
  from space 37376K, 0% used [0x00000000faf80000,0x00000000faf80000,0x00000000fd400000)
  to   space 49664K, 0% used [0x00000000f7f00000,0x00000000f7f00000,0x00000000faf80000)
 ParOldGen       total 83968K, used 83911K [0x00000000c0000000, 0x00000000c5200000, 0x00000000eab00000)
  object space 83968K, 99% used [0x00000000c0000000,0x00000000c51f1fe8,0x00000000c5200000)
 Metaspace       used 6606K, capacity 7320K, committed 7680K, reserved 1056768K
  class space    used 628K, capacity 656K, committed 768K, reserved 1048576K
}
Event: 15.918 GC heap before
{Heap before GC invocations=16 (full 4):
 PSYoungGen      total 254464K, used 217088K [0x00000000eab00000, 0x00000000ff100000, 0x0000000100000000)
  eden space 217088K, 100% used [0x00000000eab00000,0x00000000f7f00000,0x00000000f7f00000)
  from space 37376K, 0% used [0x00000000faf80000,0x00000000faf80000,0x00000000fd400000)
  to   space 49664K, 0% used [0x00000000f7f00000,0x00000000f7f00000,0x00000000faf80000)
 ParOldGen       total 83968K, used 83911K [0x00000000c0000000, 0x00000000c5200000, 0x00000000eab00000)
  object space 83968K, 99% used [0x00000000c0000000,0x00000000c51f1fe8,0x00000000c5200000)
 Metaspace       used 6610K, capacity 7320K, committed 7680K, reserved 1056768K
  class space    used 628K, capacity 656K, committed 768K, reserved 1048576K
Event: 16.949 GC heap after
Heap after GC invocations=16 (full 4):
 PSYoungGen      total 254464K, used 84832K [0x00000000eab00000, 0x00000000ff100000, 0x0000000100000000)
  eden space 217088K, 39% used [0x00000000eab00000,0x00000000efdd8358,0x00000000f7f00000)
  from space 37376K, 0% used [0x00000000faf80000,0x00000000faf80000,0x00000000fd400000)
  to   space 49664K, 0% used [0x00000000f7f00000,0x00000000f7f00000,0x00000000faf80000)
 ParOldGen       total 83968K, used 83737K [0x00000000c0000000, 0x00000000c5200000, 0x00000000eab00000)
  object space 83968K, 99% used [0x00000000c0000000,0x00000000c51c6508,0x00000000c5200000)
 Metaspace       used 6610K, capacity 7320K, committed 7680K, reserved 1056768K
  class space    used 628K, capacity 656K, committed 768K, reserved 1048576K
}
Event: 17.661 GC heap before
{Heap before GC invocations=17 (full 5):
 PSYoungGen      total 254464K, used 217088K [0x00000000eab00000, 0x00000000ff100000, 0x0000000100000000)
  eden space 217088K, 100% used [0x00000000eab00000,0x00000000f7f00000,0x00000000f7f00000)
  from space 37376K, 0% used [0x00000000faf80000,0x00000000faf80000,0x00000000fd400000)
  to   space 49664K, 0% used [0x00000000f7f00000,0x00000000f7f00000,0x00000000faf80000)
 ParOldGen       total 83968K, used 83737K [0x00000000c0000000, 0x00000000c5200000, 0x00000000eab00000)
  object space 83968K, 99% used [0x00000000c0000000,0x00000000c51c6508,0x00000000c5200000)
 Metaspace       used 6625K, capacity 7320K, committed 7680K, reserved 1056768K
  class space    used 628K, capacity 656K, committed 768K, reserved 1048576K
Event: 19.021 GC heap after
Heap after GC invocations=17 (full 5):
 PSYoungGen      total 254464K, used 102555K [0x00000000eab00000, 0x00000000ff100000, 0x0000000100000000)
  eden space 217088K, 47% used [0x00000000eab00000,0x00000000f0f26e40,0x00000000f7f00000)
  from space 37376K, 0% used [0x00000000faf80000,0x00000000faf80000,0x00000000fd400000)
  to   space 49664K, 0% used [0x00000000f7f00000,0x00000000f7f00000,0x00000000faf80000)
 ParOldGen       total 83968K, used 83734K [0x00000000c0000000, 0x00000000c5200000, 0x00000000eab00000)
  object space 83968K, 99% used [0x00000000c0000000,0x00000000c51c5ac8,0x00000000c5200000)
 Metaspace       used 6625K, capacity 7320K, committed 7680K, reserved 1056768K
  class space    used 628K, capacity 656K, committed 768K, reserved 1048576K
}
Event: 19.607 GC heap before
{Heap before GC invocations=18 (full 6):
 PSYoungGen      total 254464K, used 217088K [0x00000000eab00000, 0x00000000ff100000, 0x0000000100000000)
  eden space 217088K, 100% used [0x00000000eab00000,0x00000000f7f00000,0x00000000f7f00000)
  from space 37376K, 0% used [0x00000000faf80000,0x00000000faf80000,0x00000000fd400000)
  to   space 49664K, 0% used [0x00000000f7f00000,0x00000000f7f00000,0x00000000faf80000)
 ParOldGen       total 83968K, used 83734K [0x00000000c0000000, 0x00000000c5200000, 0x00000000eab00000)
  object space 83968K, 99% used [0x00000000c0000000,0x00000000c51c5ac8,0x00000000c5200000)
 Metaspace       used 6634K, capacity 7320K, committed 7680K, reserved 1056768K
  class space    used 628K, capacity 656K, committed 768K, reserved 1048576K
Event: 21.182 GC heap after
Heap after GC invocations=18 (full 6):
 PSYoungGen      total 254464K, used 119137K [0x00000000eab00000, 0x00000000ff100000, 0x0000000100000000)
  eden space 217088K, 54% used [0x00000000eab00000,0x00000000f1f585c0,0x00000000f7f00000)
  from space 37376K, 0% used [0x00000000faf80000,0x00000000faf80000,0x00000000fd400000)
  to   space 49664K, 0% used [0x00000000f7f00000,0x00000000f7f00000,0x00000000faf80000)
 ParOldGen       total 83968K, used 83732K [0x00000000c0000000, 0x00000000c5200000, 0x00000000eab00000)
  object space 83968K, 99% used [0x00000000c0000000,0x00000000c51c5068,0x00000000c5200000)
 Metaspace       used 6634K, capacity 7320K, committed 7680K, reserved 1056768K
  class space    used 628K, capacity 656K, committed 768K, reserved 1048576K
}
Event: 22.235 GC heap before
{Heap before GC invocations=19 (full 7):
 PSYoungGen      total 254464K, used 217088K [0x00000000eab00000, 0x00000000ff100000, 0x0000000100000000)
  eden space 217088K, 100% used [0x00000000eab00000,0x00000000f7f00000,0x00000000f7f00000)
  from space 37376K, 0% used [0x00000000faf80000,0x00000000faf80000,0x00000000fd400000)
  to   space 49664K, 0% used [0x00000000f7f00000,0x00000000f7f00000,0x00000000faf80000)
 ParOldGen       total 83968K, used 83732K [0x00000000c0000000, 0x00000000c5200000, 0x00000000eab00000)
  object space 83968K, 99% used [0x00000000c0000000,0x00000000c51c5068,0x00000000c5200000)
 Metaspace       used 6734K, capacity 7384K, committed 7680K, reserved 1056768K
  class space    used 634K, capacity 656K, committed 768K, reserved 1048576K

Deoptimization events (10 events):
Event: 21.300 Thread 0x0000000016498000 Uncommon trap: reason=bimorphic action=maybe_recompile pc=0x0000000002b3d1ac method=com.android.dx.cf.code.BytecodeArray.parseInstruction(ILcom/android/dx/cf/code/BytecodeArray$Visitor;)I @ 1612
Event: 21.676 Thread 0x0000000016820800 Uncommon trap: reason=class_check action=maybe_recompile pc=0x00000000025e740c method=java.util.Arrays.hashCode([Ljava/lang/Object;)I @ 43
Event: 21.677 Thread 0x0000000016820800 Uncommon trap: reason=class_check action=maybe_recompile pc=0x00000000025e740c method=java.util.Arrays.hashCode([Ljava/lang/Object;)I @ 43
Event: 21.677 Thread 0x0000000016820800 Uncommon trap: reason=class_check action=maybe_recompile pc=0x00000000025e740c method=java.util.Arrays.hashCode([Ljava/lang/Object;)I @ 43
Event: 21.677 Thread 0x0000000016820800 Uncommon trap: reason=class_check action=maybe_recompile pc=0x00000000025e740c method=java.util.Arrays.hashCode([Ljava/lang/Object;)I @ 43
Event: 21.677 Thread 0x0000000016820800 Uncommon trap: reason=class_check action=maybe_recompile pc=0x00000000025e3168 method=java.util.Arrays.hashCode([Ljava/lang/Object;)I @ 43
Event: 21.693 Thread 0x0000000016820800 Uncommon trap: reason=bimorphic action=maybe_recompile pc=0x0000000002a5372c method=java.util.HashMap.putVal(ILjava/lang/Object;Ljava/lang/Object;ZZ)Ljava/lang/Object; @ 203
Event: 21.693 Thread 0x0000000016820800 Uncommon trap: reason=bimorphic action=maybe_recompile pc=0x0000000002a5372c method=java.util.HashMap.putVal(ILjava/lang/Object;Ljava/lang/Object;ZZ)Ljava/lang/Object; @ 203
Event: 21.786 Thread 0x0000000016820800 Uncommon trap: reason=bimorphic action=maybe_recompile pc=0x0000000002a5372c method=java.util.HashMap.putVal(ILjava/lang/Object;Ljava/lang/Object;ZZ)Ljava/lang/Object; @ 203
Event: 21.787 Thread 0x0000000016820800 Uncommon trap: reason=bimorphic action=maybe_recompile pc=0x0000000002a5372c method=java.util.HashMap.putVal(ILjava/lang/Object;Ljava/lang/Object;ZZ)Ljava/lang/Object; @ 203

Internal exceptions (5 events):
Event: 0.038 Thread 0x0000000002070800 Exception <a 'java/lang/NoSuchMethodError': Method sun.misc.Unsafe.defineClass(Ljava/lang/String;[BII)Ljava/lang/Class; name or signature does not match> (0x00000000eab07c78) thrown at [C:\re\workspace\8-2-build-windows-amd64-cygwin\jdk8u102\7268\hotspot\s>}êtö£?
Event: 0.038 Thread 0x0000000002070800 Exception <a 'java/lang/NoSuchMethodError': Method sun.misc.Unsafe.prefetchRead(Ljava/lang/Object;J)V name or signature does not match> (0x00000000eab07f60) thrown at [C:\re\workspace\8-2-build-windows-amd64-cygwin\jdk8u102\7268\hotspot\src\share\vm\prims\˜»`˚èj@
Event: 2.927 Thread 0x0000000016498000 Exception <a 'java/lang/ArrayIndexOutOfBoundsException': 18> (0x00000000ecbeac60) thrown at [C:\re\workspace\8-2-build-windows-amd64-cygwin\jdk8u102\7268\hotspot\src\share\vm\interpreter\interpreterRuntime.cpp, line 366]
Event: 2.928 Thread 0x0000000016498000 Exception <a 'java/lang/ArrayIndexOutOfBoundsException': 145> (0x00000000ecbec7e0) thrown at [C:\re\workspace\8-2-build-windows-amd64-cygwin\jdk8u102\7268\hotspot\src\share\vm\interpreter\interpreterRuntime.cpp, line 366]
Event: 2.929 Thread 0x0000000016498000 Exception <a 'java/lang/ArrayIndexOutOfBoundsException'> (0x00000000ecbedac8) thrown at [C:\re\workspace\8-2-build-windows-amd64-cygwin\jdk8u102\7268\hotspot\src\share\vm\runtime\sharedRuntime.cpp, line 605]

Events (10 events):
Event: 21.787 Thread 0x0000000016820800 Uncommon trap: trap_request=0xffffffc6 fr.pc=0x0000000002a5372c
Event: 21.788 Thread 0x0000000016820800 DEOPT PACKING pc=0x0000000002a5372c sp=0x000000001707ed00
Event: 21.788 Thread 0x0000000016820800 DEOPT UNPACKING pc=0x00000000021b582a sp=0x000000001707ec20 mode 2
Event: 21.820 loading class com/android/dx/dex/file/CatchStructs
Event: 21.820 loading class com/android/dx/dex/file/CatchStructs done
Event: 21.856 Thread 0x0000000016820800 DEOPT PACKING pc=0x0000000002beab2a sp=0x000000001707ed10
Event: 21.856 Thread 0x0000000016820800 DEOPT UNPACKING pc=0x00000000021b787f sp=0x000000001707eaa0 mode 0
Event: 21.968 Thread 0x0000000016820800 DEOPT PACKING pc=0x0000000002beb544 sp=0x000000001707ed40
Event: 21.969 Thread 0x0000000016820800 DEOPT UNPACKING pc=0x00000000021b787f sp=0x000000001707ea90 mode 0
Event: 22.235 Executing VM operation: ParallelGCFailedAllocation


Dynamic libraries:
0x00007ff65b5b0000 - 0x00007ff65b5e7000 	C:\Program Files\Java\jdk1.8.0_102\bin\java.exe
0x00007ffd7c050000 - 0x00007ffd7c1fd000 	C:\Windows\SYSTEM32\ntdll.dll
0x00007ffd7bd60000 - 0x00007ffd7be9a000 	C:\Windows\system32\KERNEL32.DLL
0x00007ffd79650000 - 0x00007ffd79765000 	C:\Windows\system32\KERNELBASE.dll
0x00007ffd77c80000 - 0x00007ffd77d0e000 	C:\Windows\system32\apphelp.dll
0x00007ffd6fa60000 - 0x00007ffd6fab3000 	C:\Windows\AppPatch\AppPatch64\AcGenral.DLL
0x00007ffd7b020000 - 0x00007ffd7b0c7000 	C:\Windows\system32\msvcrt.dll
0x00007ffd79340000 - 0x00007ffd7936b000 	C:\Windows\system32\SspiCli.dll
0x00007ffd7b7e0000 - 0x00007ffd7b831000 	C:\Windows\system32\SHLWAPI.dll
0x00007ffd7b1e0000 - 0x00007ffd7b351000 	C:\Windows\system32\USER32.dll
0x00007ffd7bb00000 - 0x00007ffd7bc94000 	C:\Windows\system32\ole32.dll
0x00007ffd79770000 - 0x00007ffd7ac9b000 	C:\Windows\system32\SHELL32.dll
0x00007ffd788c0000 - 0x00007ffd788df000 	C:\Windows\SYSTEM32\USERENV.dll
0x00007ffd7b130000 - 0x00007ffd7b1da000 	C:\Windows\system32\ADVAPI32.dll
0x00007ffd6f320000 - 0x00007ffd6f33b000 	C:\Windows\SYSTEM32\MPR.dll
0x00007ffd7bea0000 - 0x00007ffd7bfe0000 	C:\Windows\system32\RPCRT4.dll
0x00007ffd7bca0000 - 0x00007ffd7bcf9000 	C:\Windows\SYSTEM32\sechost.dll
0x00007ffd7b840000 - 0x00007ffd7ba16000 	C:\Windows\SYSTEM32\combase.dll
0x00007ffd7aca0000 - 0x00007ffd7adf0000 	C:\Windows\system32\GDI32.dll
0x00007ffd79220000 - 0x00007ffd79234000 	C:\Windows\SYSTEM32\profapi.dll
0x00007ffd77930000 - 0x00007ffd779cf000 	C:\Windows\SYSTEM32\SHCORE.dll
0x00007ffd7afd0000 - 0x00007ffd7b004000 	C:\Windows\system32\IMM32.DLL
0x00007ffd7b680000 - 0x00007ffd7b7d2000 	C:\Windows\system32\MSCTF.dll
0x00007ffd77030000 - 0x00007ffd772ab000 	C:\Windows\WinSxS\amd64_microsoft.windows.common-controls_6595b64144ccf1df_6.0.9600.18006_none_623f33d3ecbe86e8\COMCTL32.dll
0x0000000065dc0000 - 0x0000000065e91000 	C:\Program Files\Java\jdk1.8.0_102\jre\bin\msvcr100.dll
0x0000000066250000 - 0x0000000066aea000 	C:\Program Files\Java\jdk1.8.0_102\jre\bin\server\jvm.dll
0x00007ffd6e8e0000 - 0x00007ffd6e8e9000 	C:\Windows\SYSTEM32\WSOCK32.dll
0x00007ffd71ac0000 - 0x00007ffd71adf000 	C:\Windows\SYSTEM32\WINMM.dll
0x00007ffd72740000 - 0x00007ffd7274a000 	C:\Windows\SYSTEM32\VERSION.dll
0x00007ffd7b010000 - 0x00007ffd7b017000 	C:\Windows\system32\PSAPI.DLL
0x00007ffd7bd00000 - 0x00007ffd7bd5a000 	C:\Windows\system32\WS2_32.dll
0x00007ffd71a90000 - 0x00007ffd71aba000 	C:\Windows\SYSTEM32\WINMMBASE.dll
0x00007ffd7baf0000 - 0x00007ffd7baf9000 	C:\Windows\system32\NSI.dll
0x00007ffd79370000 - 0x00007ffd793ba000 	C:\Windows\SYSTEM32\cfgmgr32.dll
0x00007ffd780c0000 - 0x00007ffd780e6000 	C:\Windows\SYSTEM32\DEVOBJ.dll
0x0000000066240000 - 0x000000006624f000 	C:\Program Files\Java\jdk1.8.0_102\jre\bin\verify.dll
0x0000000066210000 - 0x0000000066239000 	C:\Program Files\Java\jdk1.8.0_102\jre\bin\java.dll
0x00000000661f0000 - 0x0000000066206000 	C:\Program Files\Java\jdk1.8.0_102\jre\bin\zip.dll

VM Arguments:
jvm_args: -Djava.awt.headless=true -Xmx1024M -Dfile.encoding=windows-1252 -Duser.country=US -Duser.language=en -Duser.variant 
java_command: com.android.dx.command.Main --dex --num-threads=4 --multi-dex --main-dex-list C:\Users\dream\AndroidProjects\ImageUpload\app\build\intermediates\multi-dex\debug\maindexlist.txt --output C:\Users\dream\AndroidProjects\ImageUpload\app\build\intermediates\transforms\dex\debug\folders\1000\1f\main C:\Users\dream\AndroidProjects\ImageUpload\app\build\intermediates\transforms\jarMerging\debug\jars\1\1f\combined.jar
java_class_path (initial): C:\Users\dream\AppData\Local\Android\sdk\build-tools\25.0.3\lib\dx.jar
Launcher Type: SUN_STANDARD

Environment Variables:
PATH=C:\ProgramData\Oracle\Java\javapath;C:\Windows\system32;C:\Windows;C:\Windows\System32\Wbem;C:\Windows\System32\WindowsPowerShell\v1.0\;C:\Program Files (x86)\Microsoft SQL Server\100\Tools\Binn\;C:\Program Files\Microsoft SQL Server\100\Tools\Binn\;C:\Program Files\Microsoft SQL Server\100\DTS\Binn\;C:\Program Files (x86)\Microsoft SQL Server\100\DTS\Binn\;C:\Program Files (x86)\Microsoft SQL Server\100\Tools\Binn\VSShell\Common7\IDE\;C:\Program Files (x86)\Microsoft Visual Studio 9.0\Common7\IDE\PrivateAssemblies\;C:\Program Files\Java\jdk1.8.0_102\bin
USERNAME=dream
OS=Windows_NT
PROCESSOR_IDENTIFIER=Intel64 Family 6 Model 69 Stepping 1, GenuineIntel



---------------  S Y S T E M  ---------------

OS: Windows 8.1 , 64 bit Build 9600 (6.3.9600.17031)

CPU:total 4 (2 cores per cpu, 2 threads per core) family 6 model 69 stepping 1, cmov, cx8, fxsr, mmx, sse, sse2, sse3, ssse3, sse4.1, sse4.2, popcnt, avx, avx2, aes, clmul, erms, lzcnt, ht, tsc, tscinvbit, bmi1, bmi2

Memory: 4k page, physical 4096184k(631260k free), swap 4096184k(5152k free)

vm_info: Java HotSpot(TM) 64-Bit Server VM (25.102-b14) for windows-amd64 JRE (1.8.0_102-b14), built on Jun 22 2016 13:15:21 by "java_re" with MS VC++ 10.0 (VS2010)

time: Sun May 28 12:41:45 2017
elapsed time: 22 seconds (0d 0h 0m 22s)

