#
# There is insufficient memory for the Java Runtime Environment to continue.
# Native memory allocation (malloc) failed to allocate 662096 bytes for Chunk::new
# Possible reasons:
#   The system is out of physical RAM or swap space
#   In 32 bit mode, the process size limit was hit
# Possible solutions:
#   Reduce memory load on the system
#   Increase physical memory or swap space
#   Check if swap backing store is full
#   Use 64 bit Java on a 64 bit OS
#   Decrease Java heap size (-Xmx/-Xms)
#   Decrease number of Java threads
#   Decrease Java thread stack sizes (-Xss)
#   Set larger code cache with -XX:ReservedCodeCacheSize=
# This output file may be truncated or incomplete.
#
#  Out of Memory Error (allocation.cpp:390), pid=3668, tid=0x00000000000010ac
#
# JRE version: Java(TM) SE Runtime Environment (8.0_102-b14) (build 1.8.0_102-b14)
# Java VM: Java HotSpot(TM) 64-Bit Server VM (25.102-b14 mixed mode windows-amd64 compressed oops)
# Failed to write core dump. Minidumps are not enabled by default on client versions of Windows
#

---------------  T H R E A D  ---------------

Current thread (0x0000000014dcf800):  JavaThread "C2 CompilerThread1" daemon [_thread_in_native, id=4268, stack(0x0000000016510000,0x0000000016610000)]

Stack: [0x0000000016510000,0x0000000016610000]
[error occurred during error reporting (printing stack bounds), id 0xc0000005]

Native frames: (J=compiled Java code, j=interpreted, Vv=VM code, C=native code)


Current CompileTask:
C2:   8988 1280       4       com.android.dx.ssa.SCCP::simulateBranch (666 bytes)


---------------  P R O C E S S  ---------------

Java Threads: ( => current thread )
  0x00000000168be800 JavaThread "pool-1-thread-4" [_thread_in_vm_trans, id=3000, stack(0x0000000017110000,0x0000000017210000)]
  0x00000000168b5800 JavaThread "pool-1-thread-3" [_thread_blocked, id=4456, stack(0x0000000017010000,0x0000000017110000)]
  0x00000000168b5000 JavaThread "pool-1-thread-2" [_thread_blocked, id=548, stack(0x0000000016f10000,0x0000000017010000)]
  0x00000000168b1800 JavaThread "pool-2-thread-1" [_thread_blocked, id=4080, stack(0x0000000016e10000,0x0000000016f10000)]
  0x00000000168af000 JavaThread "pool-1-thread-1" [_thread_in_Java, id=248, stack(0x0000000016d10000,0x0000000016e10000)]
  0x0000000016745000 JavaThread "Service Thread" daemon [_thread_blocked, id=2528, stack(0x0000000016b10000,0x0000000016c10000)]
  0x0000000014dd3000 JavaThread "C1 CompilerThread2" daemon [_thread_blocked, id=564, stack(0x0000000016610000,0x0000000016710000)]
=>0x0000000014dcf800 JavaThread "C2 CompilerThread1" daemon [_thread_in_native, id=4268, stack(0x0000000016510000,0x0000000016610000)]
  0x0000000014dcc800 JavaThread "C2 CompilerThread0" daemon [_thread_in_native, id=3036, stack(0x0000000016410000,0x0000000016510000)]
  0x0000000014dca800 JavaThread "Attach Listener" daemon [_thread_blocked, id=2700, stack(0x0000000016310000,0x0000000016410000)]
  0x0000000014dc9000 JavaThread "Signal Dispatcher" daemon [_thread_blocked, id=4024, stack(0x0000000016210000,0x0000000016310000)]
  0x0000000014dba000 JavaThread "Finalizer" daemon [_thread_blocked, id=3924, stack(0x0000000016030000,0x0000000016130000)]
  0x0000000014d99000 JavaThread "Reference Handler" daemon [_thread_blocked, id=2320, stack(0x0000000015f30000,0x0000000016030000)]
  0x0000000002600800 JavaThread "main" [_thread_blocked, id=4604, stack(0x0000000002500000,0x0000000002600000)]

Other Threads:
  0x0000000014d96800 VMThread [stack: 0x0000000015e30000,0x0000000015f30000] [id=4488]
  0x0000000016749800 WatcherThread [stack: 0x0000000016c10000,0x0000000016d10000] [id=4596]

VM state:not at safepoint (normal execution)

VM Mutex/Monitor currently owned by a thread:  ([mutex/lock_event])
[0x000000000245ca00] Heap_lock - owner thread: 0x00000000168be800

Heap:
 PSYoungGen      total 35328K, used 5881K [0x00000000eab00000, 0x00000000ed000000, 0x0000000100000000)
  eden space 32768K, 10% used [0x00000000eab00000,0x00000000eae3f468,0x00000000ecb00000)
  from space 2560K, 99% used [0x00000000ecd80000,0x00000000ecfff0b8,0x00000000ed000000)
  to   space 2560K, 0% used [0x00000000ecb00000,0x00000000ecb00000,0x00000000ecd80000)
 ParOldGen       total 44032K, used 4178K [0x00000000c0000000, 0x00000000c2b00000, 0x00000000eab00000)
  object space 44032K, 9% used [0x00000000c0000000,0x00000000c04148f8,0x00000000c2b00000)
 Metaspace       used 6039K, capacity 6964K, committed 7040K, reserved 1056768K
  class space    used 601K, capacity 620K, committed 640K, reserved 1048576K

Card table byte_map: [0x0000000011ac0000,0x0000000011cd0000] byte_map_base: 0x00000000114c0000

Marking Bits: (ParMarkBitMap*) 0x000000005d32a6c0
 Begin Bits: [0x0000000012230000, 0x0000000013230000)
 End Bits:   [0x0000000013230000, 0x0000000014230000)

Polling page: 0x0000000000db0000

CodeCache: size=245760Kb used=5420Kb max_used=5420Kb free=240339Kb
 bounds [0x0000000002700000, 0x0000000002c50000, 0x0000000011700000]
 total_blobs=1561 nmethods=1291 adapters=182
 compilation: disabled (not enough contiguous free space left)

Compilation events (10 events):
Event: 8.967 Thread 0x0000000014dd3000 1309       3       com.android.dx.ssa.ConstCollector$2::map (28 bytes)
Event: 8.967 Thread 0x0000000014dd3000 nmethod 1309 0x0000000002c4c390 code [0x0000000002c4c500, 0x0000000002c4c928]
Event: 8.967 Thread 0x0000000014dd3000 1311       3       java.util.HashMap::getNode (148 bytes)
Event: 8.968 Thread 0x0000000014dd3000 nmethod 1311 0x0000000002c4ca50 code [0x0000000002c4cc20, 0x0000000002c4d5c8]
Event: 8.968 Thread 0x0000000014dd3000 1310       3       java.util.HashMap::get (23 bytes)
Event: 8.969 Thread 0x0000000014dd3000 nmethod 1310 0x0000000002c4d890 code [0x0000000002c4da20, 0x0000000002c4de18]
Event: 8.978 Thread 0x0000000014dd3000 1312       3       com.android.dx.ssa.back.InterferenceGraph::<init> (42 bytes)
Event: 8.979 Thread 0x0000000014dd3000 nmethod 1312 0x0000000002c4df90 code [0x0000000002c4e1a0, 0x0000000002c4ec68]
Event: 8.979 Thread 0x0000000014dd3000 1315       3       com.android.dx.ssa.SsaBasicBlock::insertNewSuccessor (228 bytes)
Event: 8.985 Thread 0x0000000014dd3000 


GC Heap History (4 events):
Event: 2.966 GC heap before
{Heap before GC invocations=1 (full 0):
 PSYoungGen      total 18944K, used 16384K [0x00000000eab00000, 0x00000000ec000000, 0x0000000100000000)
  eden space 16384K, 100% used [0x00000000eab00000,0x00000000ebb00000,0x00000000ebb00000)
  from space 2560K, 0% used [0x00000000ebd80000,0x00000000ebd80000,0x00000000ec000000)
  to   space 2560K, 0% used [0x00000000ebb00000,0x00000000ebb00000,0x00000000ebd80000)
 ParOldGen       total 44032K, used 0K [0x00000000c0000000, 0x00000000c2b00000, 0x00000000eab00000)
  object space 44032K, 0% used [0x00000000c0000000,0x00000000c0000000,0x00000000c2b00000)
 Metaspace       used 5799K, capacity 6706K, committed 6784K, reserved 1056768K
  class space    used 599K, capacity 618K, committed 640K, reserved 1048576K
Event: 3.509 GC heap after
Heap after GC invocations=1 (full 0):
 PSYoungGen      total 18944K, used 2535K [0x00000000eab00000, 0x00000000ed000000, 0x0000000100000000)
  eden space 16384K, 0% used [0x00000000eab00000,0x00000000eab00000,0x00000000ebb00000)
  from space 2560K, 99% used [0x00000000ebb00000,0x00000000ebd79c68,0x00000000ebd80000)
  to   space 2560K, 0% used [0x00000000ecd80000,0x00000000ecd80000,0x00000000ed000000)
 ParOldGen       total 44032K, used 1765K [0x00000000c0000000, 0x00000000c2b00000, 0x00000000eab00000)
  object space 44032K, 4% used [0x00000000c0000000,0x00000000c01b9508,0x00000000c2b00000)
 Metaspace       used 5799K, capacity 6706K, committed 6784K, reserved 1056768K
  class space    used 599K, capacity 618K, committed 640K, reserved 1048576K
}
Event: 7.568 GC heap before
{Heap before GC invocations=2 (full 0):
 PSYoungGen      total 18944K, used 18919K [0x00000000eab00000, 0x00000000ed000000, 0x0000000100000000)
  eden space 16384K, 100% used [0x00000000eab00000,0x00000000ebb00000,0x00000000ebb00000)
  from space 2560K, 99% used [0x00000000ebb00000,0x00000000ebd79c68,0x00000000ebd80000)
  to   space 2560K, 0% used [0x00000000ecd80000,0x00000000ecd80000,0x00000000ed000000)
 ParOldGen       total 44032K, used 1765K [0x00000000c0000000, 0x00000000c2b00000, 0x00000000eab00000)
  object space 44032K, 4% used [0x00000000c0000000,0x00000000c01b9508,0x00000000c2b00000)
 Metaspace       used 6023K, capacity 6962K, committed 7040K, reserved 1056768K
  class space    used 599K, capacity 618K, committed 640K, reserved 1048576K
Event: 8.948 GC heap after
Heap after GC invocations=2 (full 0):
 PSYoungGen      total 35328K, used 2556K [0x00000000eab00000, 0x00000000ed000000, 0x0000000100000000)
  eden space 32768K, 0% used [0x00000000eab00000,0x00000000eab00000,0x00000000ecb00000)
  from space 2560K, 99% used [0x00000000ecd80000,0x00000000ecfff0b8,0x00000000ed000000)
  to   space 2560K, 0% used [0x00000000ecb00000,0x00000000ecb00000,0x00000000ecd80000)
 ParOldGen       total 44032K, used 4178K [0x00000000c0000000, 0x00000000c2b00000, 0x00000000eab00000)
  object space 44032K, 9% used [0x00000000c0000000,0x00000000c04148f8,0x00000000c2b00000)
 Metaspace       used 6023K, capacity 6962K, committed 7040K, reserved 1056768K
  class space    used 599K, capacity 618K, committed 640K, reserved 1048576K
}

Deoptimization events (10 events):
Event: 2.727 Thread 0x0000000002600800 Uncommon trap: reason=class_check action=maybe_recompile pc=0x00000000029546b0 method=com.android.dx.ssa.NormalSsaInsn.accept(Lcom/android/dx/ssa/SsaInsn$Visitor;)V @ 9
Event: 2.727 Thread 0x0000000002600800 Uncommon trap: reason=class_check action=maybe_recompile pc=0x00000000029546b0 method=com.android.dx.ssa.NormalSsaInsn.accept(Lcom/android/dx/ssa/SsaInsn$Visitor;)V @ 9
Event: 2.841 Thread 0x00000000168b5800 Uncommon trap: reason=class_check action=maybe_recompile pc=0x00000000029ae628 method=com.android.dx.ssa.NormalSsaInsn.accept(Lcom/android/dx/ssa/SsaInsn$Visitor;)V @ 9
Event: 3.528 Thread 0x0000000002600800 Uncommon trap: reason=unstable_if action=reinterpret pc=0x0000000002951e74 method=java.util.BitSet.ensureCapacity(I)V @ 6
Event: 6.525 Thread 0x00000000168af000 Uncommon trap: reason=bimorphic action=maybe_recompile pc=0x000000000295550c method=java.util.HashMap.getNode(ILjava/lang/Object;)Ljava/util/HashMap$Node; @ 126
Event: 6.526 Thread 0x00000000168af000 Uncommon trap: reason=bimorphic action=maybe_recompile pc=0x000000000299339c method=java.util.HashMap.getNode(ILjava/lang/Object;)Ljava/util/HashMap$Node; @ 126
Event: 6.797 Thread 0x0000000002600800 Uncommon trap: reason=unstable_if action=reinterpret pc=0x0000000002bd5480 method=com.android.dx.cf.code.BytecodeArray.parseInstruction(ILcom/android/dx/cf/code/BytecodeArray$Visitor;)I @ 1198
Event: 8.966 Thread 0x00000000168af000 Uncommon trap: reason=bimorphic action=maybe_recompile pc=0x000000000295550c method=java.util.HashMap.getNode(ILjava/lang/Object;)Ljava/util/HashMap$Node; @ 126
Event: 8.966 Thread 0x00000000168af000 Uncommon trap: reason=bimorphic action=maybe_recompile pc=0x000000000295550c method=java.util.HashMap.getNode(ILjava/lang/Object;)Ljava/util/HashMap$Node; @ 126
Event: 8.966 Thread 0x00000000168af000 Uncommon trap: reason=bimorphic action=maybe_recompile pc=0x000000000299339c method=java.util.HashMap.getNode(ILjava/lang/Object;)Ljava/util/HashMap$Node; @ 126

Internal exceptions (2 events):
Event: 0.065 Thread 0x0000000002600800 Exception <a 'java/lang/NoSuchMethodError': Method sun.misc.Unsafe.defineClass(Ljava/lang/String;[BII)Ljava/lang/Class; name or signature does not match> (0x00000000eab07c78) thrown at [C:\re\workspace\8-2-build-windows-amd64-cygwin\jdk8u102\7268\hotspot\s³?î]ó·°?
Event: 0.065 Thread 0x0000000002600800 Exception <a 'java/lang/NoSuchMethodError': Method sun.misc.Unsafe.prefetchRead(Ljava/lang/Object;J)V name or signature does not match> (0x00000000eab07f60) thrown at [C:\re\workspace\8-2-build-windows-amd64-cygwin\jdk8u102\7268\hotspot\src\share\vm\prims\

Events (10 events):
Event: 8.966 Thread 0x00000000168af000 Uncommon trap: trap_request=0xffffffc6 fr.pc=0x000000000295550c
Event: 8.966 Thread 0x00000000168af000 DEOPT PACKING pc=0x000000000295550c sp=0x0000000016e0e7d0
Event: 8.966 Thread 0x00000000168af000 DEOPT UNPACKING pc=0x000000000274582a sp=0x0000000016e0e740 mode 2
Event: 8.966 Thread 0x00000000168af000 Uncommon trap: trap_request=0xffffffc6 fr.pc=0x000000000299339c
Event: 8.966 Thread 0x00000000168af000 DEOPT PACKING pc=0x000000000299339c sp=0x0000000016e0e4c0
Event: 8.966 Thread 0x00000000168af000 DEOPT UNPACKING pc=0x000000000274582a sp=0x0000000016e0e3e8 mode 2
Event: 8.977 loading class java/util/HashMap$KeySet
Event: 8.977 loading class java/util/HashMap$KeySet done
Event: 8.977 loading class java/util/HashMap$KeyIterator
Event: 8.977 loading class java/util/HashMap$KeyIterator done


Dynamic libraries:
0x00007ff77d050000 - 0x00007ff77d087000 	C:\Program Files\Java\jdk1.8.0_102\bin\java.exe
0x00007ff92e4e0000 - 0x00007ff92e68d000 	C:\Windows\SYSTEM32\ntdll.dll
0x00007ff92e390000 - 0x00007ff92e4ca000 	C:\Windows\system32\KERNEL32.DLL
0x00007ff92b880000 - 0x00007ff92b995000 	C:\Windows\system32\KERNELBASE.dll
0x00007ff929c60000 - 0x00007ff929cee000 	C:\Windows\system32\apphelp.dll
0x00007ff918fb0000 - 0x00007ff919003000 	C:\Windows\AppPatch\AppPatch64\AcGenral.DLL
0x00007ff92e150000 - 0x00007ff92e1f7000 	C:\Windows\system32\msvcrt.dll
0x00007ff92bb80000 - 0x00007ff92bbab000 	C:\Windows\system32\SspiCli.dll
0x00007ff92c6a0000 - 0x00007ff92c6f1000 	C:\Windows\system32\SHLWAPI.dll
0x00007ff92e210000 - 0x00007ff92e381000 	C:\Windows\system32\USER32.dll
0x00007ff92bd50000 - 0x00007ff92bee4000 	C:\Windows\system32\ole32.dll
0x00007ff92c700000 - 0x00007ff92dc2b000 	C:\Windows\system32\SHELL32.dll
0x00007ff92ad50000 - 0x00007ff92ad6f000 	C:\Windows\SYSTEM32\USERENV.dll
0x00007ff92c1a0000 - 0x00007ff92c24a000 	C:\Windows\system32\ADVAPI32.dll
0x00007ff922270000 - 0x00007ff92228b000 	C:\Windows\SYSTEM32\MPR.dll
0x00007ff92df40000 - 0x00007ff92e080000 	C:\Windows\system32\RPCRT4.dll
0x00007ff92dc30000 - 0x00007ff92dc89000 	C:\Windows\SYSTEM32\sechost.dll
0x00007ff92c4c0000 - 0x00007ff92c696000 	C:\Windows\SYSTEM32\combase.dll
0x00007ff92bc00000 - 0x00007ff92bd50000 	C:\Windows\system32\GDI32.dll
0x00007ff92b6b0000 - 0x00007ff92b6c4000 	C:\Windows\SYSTEM32\profapi.dll
0x00007ff929bc0000 - 0x00007ff929c5f000 	C:\Windows\SYSTEM32\SHCORE.dll
0x00007ff92bef0000 - 0x00007ff92bf24000 	C:\Windows\system32\IMM32.DLL
0x00007ff92c250000 - 0x00007ff92c3a2000 	C:\Windows\system32\MSCTF.dll
0x00007ff929750000 - 0x00007ff9299cb000 	C:\Windows\WinSxS\amd64_microsoft.windows.common-controls_6595b64144ccf1df_6.0.9600.18006_none_623f33d3ecbe86e8\COMCTL32.dll
0x000000005c890000 - 0x000000005c961000 	C:\Program Files\Java\jdk1.8.0_102\jre\bin\msvcr100.dll
0x000000005cb10000 - 0x000000005d3aa000 	C:\Program Files\Java\jdk1.8.0_102\jre\bin\server\jvm.dll
0x00007ff9183d0000 - 0x00007ff9183d9000 	C:\Windows\SYSTEM32\WSOCK32.dll
0x00007ff923e40000 - 0x00007ff923e5f000 	C:\Windows\SYSTEM32\WINMM.dll
0x00007ff924d10000 - 0x00007ff924d1a000 	C:\Windows\SYSTEM32\VERSION.dll
0x00007ff92e4d0000 - 0x00007ff92e4d7000 	C:\Windows\system32\PSAPI.DLL
0x00007ff92dc90000 - 0x00007ff92dcea000 	C:\Windows\system32\WS2_32.dll
0x00007ff923e10000 - 0x00007ff923e3a000 	C:\Windows\SYSTEM32\WINMMBASE.dll
0x00007ff92c190000 - 0x00007ff92c199000 	C:\Windows\system32\NSI.dll
0x00007ff92bbb0000 - 0x00007ff92bbfa000 	C:\Windows\SYSTEM32\cfgmgr32.dll
0x00007ff92a530000 - 0x00007ff92a556000 	C:\Windows\SYSTEM32\DEVOBJ.dll
0x000000005dc00000 - 0x000000005dc0f000 	C:\Program Files\Java\jdk1.8.0_102\jre\bin\verify.dll
0x000000005dbd0000 - 0x000000005dbf9000 	C:\Program Files\Java\jdk1.8.0_102\jre\bin\java.dll
0x000000005dbb0000 - 0x000000005dbc6000 	C:\Program Files\Java\jdk1.8.0_102\jre\bin\zip.dll

VM Arguments:
jvm_args: -Djava.awt.headless=true -Xmx1024M -Dfile.encoding=windows-1252 -Duser.country=US -Duser.language=en -Duser.variant 
java_command: com.android.dx.command.Main --dex --num-threads=4 --output C:\Users\dream\AndroidProjects\ImageUpload\app\build\intermediates\pre-dexed\debug\okio-1.6.0_3e09d3f3326fe716850669e6822d49dd6cf10aeb.jar C:\Users\dream\.gradle\caches\modules-2\files-2.1\com.squareup.okio\okio\1.6.0\98476622f10715998eacf9240d6b479f12c66143\okio-1.6.0.jar
java_class_path (initial): C:\Users\dream\AppData\Local\Android\sdk\build-tools\25.0.3\lib\dx.jar
Launcher Type: SUN_STANDARD

Environment Variables:
PATH=C:\ProgramData\Oracle\Java\javapath;C:\Windows\system32;C:\Windows;C:\Windows\System32\Wbem;C:\Windows\System32\WindowsPowerShell\v1.0\;C:\Program Files (x86)\Microsoft SQL Server\100\Tools\Binn\;C:\Program Files\Microsoft SQL Server\100\Tools\Binn\;C:\Program Files\Microsoft SQL Server\100\DTS\Binn\;C:\Program Files (x86)\Microsoft SQL Server\100\DTS\Binn\;C:\Program Files (x86)\Microsoft SQL Server\100\Tools\Binn\VSShell\Common7\IDE\;C:\Program Files (x86)\Microsoft Visual Studio 9.0\Common7\IDE\PrivateAssemblies\;C:\Program Files\Java\jdk1.8.0_102\bin
USERNAME=dream
OS=Windows_NT
PROCESSOR_IDENTIFIER=Intel64 Family 6 Model 69 Stepping 1, GenuineIntel



---------------  S Y S T E M  ---------------

OS: Windows 8.1 , 64 bit Build 9600 (6.3.9600.17031)

CPU:total 4 (2 cores per cpu, 2 threads per core) family 6 model 69 stepping 1, cmov, cx8, fxsr, mmx, sse, sse2, sse3, ssse3, sse4.1, sse4.2, popcnt, avx, avx2, aes, clmul, erms, lzcnt, ht, tsc, tscinvbit, bmi1, bmi2

Memory: 4k page, physical 4096184k(780480k free), swap 4096184k(4864k free)

vm_info: Java HotSpot(TM) 64-Bit Server VM (25.102-b14) for windows-amd64 JRE (1.8.0_102-b14), built on Jun 22 2016 13:15:21 by "java_re" with MS VC++ 10.0 (VS2010)

time: Fri May 26 15:08:30 2017
elapsed time: 8 seconds (0d 0h 0m 8s)

