#
# There is insufficient memory for the Java Runtime Environment to continue.
# Native memory allocation (malloc) failed to allocate 744016 bytes for Chunk::new
# Possible reasons:
#   The system is out of physical RAM or swap space
#   In 32 bit mode, the process size limit was hit
# Possible solutions:
#   Reduce memory load on the system
#   Increase physical memory or swap space
#   Check if swap backing store is full
#   Use 64 bit Java on a 64 bit OS
#   Decrease Java heap size (-Xmx/-Xms)
#   Decrease number of Java threads
#   Decrease Java thread stack sizes (-Xss)
#   Set larger code cache with -XX:ReservedCodeCacheSize=
# This output file may be truncated or incomplete.
#
#  Out of Memory Error (allocation.cpp:390), pid=1184, tid=0x0000000000000d14
#
# JRE version: Java(TM) SE Runtime Environment (8.0_102-b14) (build 1.8.0_102-b14)
# Java VM: Java HotSpot(TM) 64-Bit Server VM (25.102-b14 mixed mode windows-amd64 compressed oops)
# Failed to write core dump. Minidumps are not enabled by default on client versions of Windows
#

---------------  T H R E A D  ---------------

Current thread (0x000000001461e000):  JavaThread "C2 CompilerThread0" daemon [_thread_in_native, id=3348, stack(0x0000000015c70000,0x0000000015d70000)]

Stack: [0x0000000015c70000,0x0000000015d70000]
[error occurred during error reporting (printing stack bounds), id 0xc0000005]

Native frames: (J=compiled Java code, j=interpreted, Vv=VM code, C=native code)


Current CompileTask:
C2:   6618 1212   !   4       com.android.dx.cf.code.BytecodeArray::parseInstruction (2764 bytes)


---------------  P R O C E S S  ---------------

Java Threads: ( => current thread )
  0x00000000160d9000 JavaThread "pool-1-thread-4" [_thread_blocked, id=1188, stack(0x0000000016970000,0x0000000016a70000)]
  0x00000000160dc800 JavaThread "pool-1-thread-3" [_thread_in_vm, id=4808, stack(0x0000000016870000,0x0000000016970000)]
  0x0000000015fd4800 JavaThread "pool-1-thread-2" [_thread_blocked, id=4956, stack(0x0000000016770000,0x0000000016870000)]
  0x0000000015fe4800 JavaThread "pool-2-thread-1" [_thread_blocked, id=4532, stack(0x0000000016670000,0x0000000016770000)]
  0x0000000016034800 JavaThread "pool-1-thread-1" [_thread_in_Java, id=636, stack(0x0000000016570000,0x0000000016670000)]
  0x0000000015e76000 JavaThread "Service Thread" daemon [_thread_blocked, id=3764, stack(0x0000000016370000,0x0000000016470000)]
  0x000000001467d800 JavaThread "C1 CompilerThread2" daemon [_thread_blocked, id=4812, stack(0x0000000016270000,0x0000000016370000)]
  0x0000000014677000 JavaThread "C2 CompilerThread1" daemon [_thread_in_native, id=4008, stack(0x0000000015d70000,0x0000000015e70000)]
=>0x000000001461e000 JavaThread "C2 CompilerThread0" daemon [_thread_in_native, id=3348, stack(0x0000000015c70000,0x0000000015d70000)]
  0x000000001461c800 JavaThread "Attach Listener" daemon [_thread_blocked, id=716, stack(0x0000000015b70000,0x0000000015c70000)]
  0x000000001461b800 JavaThread "Signal Dispatcher" daemon [_thread_blocked, id=3080, stack(0x0000000015a70000,0x0000000015b70000)]
  0x0000000001f4b800 JavaThread "Finalizer" daemon [_thread_blocked, id=4240, stack(0x0000000015890000,0x0000000015990000)]
  0x0000000001f41000 JavaThread "Reference Handler" daemon [_thread_blocked, id=3796, stack(0x0000000015790000,0x0000000015890000)]
  0x0000000001e50800 JavaThread "main" [_thread_blocked, id=1972, stack(0x0000000001d50000,0x0000000001e50000)]

Other Threads:
  0x00000000145e7800 VMThread [stack: 0x0000000015690000,0x0000000015790000] [id=3200]
  0x0000000015e84800 WatcherThread [stack: 0x0000000016470000,0x0000000016570000] [id=2292]

VM state:not at safepoint (normal execution)

VM Mutex/Monitor currently owned by a thread: None

Heap:
 PSYoungGen      total 18944K, used 15620K [0x00000000eab00000, 0x00000000ed000000, 0x0000000100000000)
  eden space 16384K, 79% used [0x00000000eab00000,0x00000000eb7c33b8,0x00000000ebb00000)
  from space 2560K, 99% used [0x00000000ebb00000,0x00000000ebd7dc98,0x00000000ebd80000)
  to   space 2560K, 0% used [0x00000000ecd80000,0x00000000ecd80000,0x00000000ed000000)
 ParOldGen       total 44032K, used 1639K [0x00000000c0000000, 0x00000000c2b00000, 0x00000000eab00000)
  object space 44032K, 3% used [0x00000000c0000000,0x00000000c0199d68,0x00000000c2b00000)
 Metaspace       used 5924K, capacity 6960K, committed 7040K, reserved 1056768K
  class space    used 590K, capacity 616K, committed 640K, reserved 1048576K

Card table byte_map: [0x0000000011310000,0x0000000011520000] byte_map_base: 0x0000000010d10000

Marking Bits: (ParMarkBitMap*) 0x000000005d32a6c0
 Begin Bits: [0x0000000011a80000, 0x0000000012a80000)
 End Bits:   [0x0000000012a80000, 0x0000000013a80000)

Polling page: 0x0000000000450000

CodeCache: size=245760Kb used=5188Kb max_used=5188Kb free=240571Kb
 bounds [0x0000000001f50000, 0x0000000002470000, 0x0000000010f50000]
 total_blobs=1514 nmethods=1251 adapters=176
 compilation: enabled

Compilation events (10 events):
Event: 6.596 Thread 0x000000001467d800 nmethod 1252 0x000000000244e250 code [0x000000000244e440, 0x000000000244ee78]
Event: 6.596 Thread 0x000000001467d800 1253       3       com.android.dx.cf.iface.StdMember::getDescriptor (8 bytes)
Event: 6.596 Thread 0x000000001467d800 nmethod 1253 0x000000000244de50 code [0x000000000244dfa0, 0x000000000244e190]
Event: 6.596 Thread 0x000000001467d800 1254       3       com.android.dx.rop.type.Prototype::intern (31 bytes)
Event: 6.596 Thread 0x000000001467d800 nmethod 1254 0x000000000244d7d0 code [0x000000000244d960, 0x000000000244dce8]
Event: 6.596 Thread 0x000000001467d800 1255       3       com.android.dx.cf.direct.StdAttributeFactory::code (613 bytes)
Event: 6.609 Thread 0x000000001467d800 nmethod 1255 0x0000000002450150 code [0x0000000002450ac0, 0x00000000024576d8]
Event: 6.609 Thread 0x000000001467d800 1256       3       com.android.dx.cf.direct.StdAttributeFactory::lineNumberTable (204 bytes)
Event: 6.613 Thread 0x000000001467d800 nmethod 1256 0x000000000245e390 code [0x000000000245e840, 0x0000000002461538]
Event: 6.615 Thread 0x000000001467d800 1257       3       com.android.dx.cf.code.Ropper::getRopMethod (64 bytes)

GC Heap History (2 events):
Event: 5.094 GC heap before
{Heap before GC invocations=1 (full 0):
 PSYoungGen      total 18944K, used 16384K [0x00000000eab00000, 0x00000000ec000000, 0x0000000100000000)
  eden space 16384K, 100% used [0x00000000eab00000,0x00000000ebb00000,0x00000000ebb00000)
  from space 2560K, 0% used [0x00000000ebd80000,0x00000000ebd80000,0x00000000ec000000)
  to   space 2560K, 0% used [0x00000000ebb00000,0x00000000ebb00000,0x00000000ebd80000)
 ParOldGen       total 44032K, used 0K [0x00000000c0000000, 0x00000000c2b00000, 0x00000000eab00000)
  object space 44032K, 0% used [0x00000000c0000000,0x00000000c0000000,0x00000000c2b00000)
 Metaspace       used 5677K, capacity 6768K, committed 7040K, reserved 1056768K
  class space    used 587K, capacity 616K, committed 640K, reserved 1048576K
Event: 5.206 GC heap after
Heap after GC invocations=1 (full 0):
 PSYoungGen      total 18944K, used 2551K [0x00000000eab00000, 0x00000000ed000000, 0x0000000100000000)
  eden space 16384K, 0% used [0x00000000eab00000,0x00000000eab00000,0x00000000ebb00000)
  from space 2560K, 99% used [0x00000000ebb00000,0x00000000ebd7dc98,0x00000000ebd80000)
  to   space 2560K, 0% used [0x00000000ecd80000,0x00000000ecd80000,0x00000000ed000000)
 ParOldGen       total 44032K, used 1639K [0x00000000c0000000, 0x00000000c2b00000, 0x00000000eab00000)
  object space 44032K, 3% used [0x00000000c0000000,0x00000000c0199d68,0x00000000c2b00000)
 Metaspace       used 5677K, capacity 6768K, committed 7040K, reserved 1056768K
  class space    used 587K, capacity 616K, committed 640K, reserved 1048576K
}

Deoptimization events (10 events):
Event: 3.756 Thread 0x0000000001e50800 Uncommon trap: reason=unstable_if action=reinterpret pc=0x000000000213f45c method=java.util.HashMap.getNode(ILjava/lang/Object;)Ljava/util/HashMap$Node; @ 129
Event: 4.865 Thread 0x0000000001e50800 Uncommon trap: reason=unstable_if action=reinterpret pc=0x00000000021c94b4 method=java.util.BitSet.ensureCapacity(I)V @ 6
Event: 4.865 Thread 0x0000000001e50800 Uncommon trap: reason=unstable_if action=reinterpret pc=0x000000000215a6b0 method=java.util.BitSet.nextSetBit(I)I @ 87
Event: 4.938 Thread 0x0000000016034800 Uncommon trap: reason=null_check action=make_not_entrant pc=0x00000000021f0e78 method=com.android.dx.ssa.SsaRenamer.getLocalForNewReg(I)Lcom/android/dx/rop/code/LocalItem; @ 19
Event: 5.440 Thread 0x00000000160dc800 Uncommon trap: reason=class_check action=maybe_recompile pc=0x0000000002313448 method=com.android.dx.ssa.NormalSsaInsn.accept(Lcom/android/dx/ssa/SsaInsn$Visitor;)V @ 9
Event: 5.441 Thread 0x00000000160dc800 Uncommon trap: reason=class_check action=maybe_recompile pc=0x0000000002313448 method=com.android.dx.ssa.NormalSsaInsn.accept(Lcom/android/dx/ssa/SsaInsn$Visitor;)V @ 9
Event: 5.441 Thread 0x00000000160dc800 Uncommon trap: reason=class_check action=maybe_recompile pc=0x0000000002313448 method=com.android.dx.ssa.NormalSsaInsn.accept(Lcom/android/dx/ssa/SsaInsn$Visitor;)V @ 9
Event: 5.441 Thread 0x00000000160dc800 Uncommon trap: reason=class_check action=maybe_recompile pc=0x0000000002313448 method=com.android.dx.ssa.NormalSsaInsn.accept(Lcom/android/dx/ssa/SsaInsn$Visitor;)V @ 9
Event: 5.442 Thread 0x00000000160dc800 Uncommon trap: reason=class_check action=maybe_recompile pc=0x00000000021aef70 method=com.android.dx.ssa.NormalSsaInsn.accept(Lcom/android/dx/ssa/SsaInsn$Visitor;)V @ 9
Event: 5.874 Thread 0x0000000016034800 Uncommon trap: reason=unstable_if action=reinterpret pc=0x00000000022adcdc method=com.android.dx.rop.cst.Constant.compareTo(Lcom/android/dx/rop/cst/Constant;)I @ 12

Internal exceptions (3 events):
Event: 0.140 Thread 0x0000000001e50800 Exception <a 'java/lang/NoSuchMethodError': Method sun.misc.Unsafe.defineClass(Ljava/lang/String;[BII)Ljava/lang/Class; name or signature does not match> (0x00000000eab07c78) thrown at [C:\re\workspace\8-2-build-windows-amd64-cygwin\jdk8u102\7268\hotspot\sÛºv¶|ëÁ?
Event: 0.140 Thread 0x0000000001e50800 Exception <a 'java/lang/NoSuchMethodError': Method sun.misc.Unsafe.prefetchRead(Ljava/lang/Object;J)V name or signature does not match> (0x00000000eab07f60) thrown at [C:\re\workspace\8-2-build-windows-amd64-cygwin\jdk8u102\7268\hotspot\src\share\vm\prims\×m	NBÀ@
Event: 4.938 Thread 0x0000000016034800 Implicit null exception at 0x00000000021eea5d to 0x00000000021f0e35

Events (10 events):
Event: 5.486 loading class com/android/dx/dex/file/AnnotationSetRefItem done
Event: 5.493 loading class java/util/DualPivotQuicksort
Event: 5.493 loading class java/util/DualPivotQuicksort done
Event: 5.761 Thread 0x0000000016034800 DEOPT PACKING pc=0x00000000021a1c8f sp=0x000000001666ea60
Event: 5.761 Thread 0x0000000016034800 DEOPT UNPACKING pc=0x0000000001f9787f sp=0x000000001666e850 mode 0
Event: 5.874 Thread 0x0000000016034800 Uncommon trap: trap_request=0xffffff65 fr.pc=0x00000000022adcdc
Event: 5.874 Thread 0x0000000016034800 DEOPT PACKING pc=0x00000000022adcdc sp=0x000000001666e730
Event: 5.874 Thread 0x0000000016034800 DEOPT UNPACKING pc=0x0000000001f9582a sp=0x000000001666e6d0 mode 2
Event: 6.362 loading class com/android/dx/cf/code/SwitchList
Event: 6.362 loading class com/android/dx/cf/code/SwitchList done


Dynamic libraries:
0x00007ff77d050000 - 0x00007ff77d087000 	C:\Program Files\Java\jdk1.8.0_102\bin\java.exe
0x00007ff92e4e0000 - 0x00007ff92e68d000 	C:\Windows\SYSTEM32\ntdll.dll
0x00007ff92e390000 - 0x00007ff92e4ca000 	C:\Windows\system32\KERNEL32.DLL
0x00007ff92b880000 - 0x00007ff92b995000 	C:\Windows\system32\KERNELBASE.dll
0x00007ff929c60000 - 0x00007ff929cee000 	C:\Windows\system32\apphelp.dll
0x00007ff918fb0000 - 0x00007ff919003000 	C:\Windows\AppPatch\AppPatch64\AcGenral.DLL
0x00007ff92e150000 - 0x00007ff92e1f7000 	C:\Windows\system32\msvcrt.dll
0x00007ff92bb80000 - 0x00007ff92bbab000 	C:\Windows\system32\SspiCli.dll
0x00007ff92c6a0000 - 0x00007ff92c6f1000 	C:\Windows\system32\SHLWAPI.dll
0x00007ff92e210000 - 0x00007ff92e381000 	C:\Windows\system32\USER32.dll
0x00007ff92bd50000 - 0x00007ff92bee4000 	C:\Windows\system32\ole32.dll
0x00007ff92c700000 - 0x00007ff92dc2b000 	C:\Windows\system32\SHELL32.dll
0x00007ff92ad50000 - 0x00007ff92ad6f000 	C:\Windows\SYSTEM32\USERENV.dll
0x00007ff92c1a0000 - 0x00007ff92c24a000 	C:\Windows\system32\ADVAPI32.dll
0x00007ff922270000 - 0x00007ff92228b000 	C:\Windows\SYSTEM32\MPR.dll
0x00007ff92df40000 - 0x00007ff92e080000 	C:\Windows\system32\RPCRT4.dll
0x00007ff92dc30000 - 0x00007ff92dc89000 	C:\Windows\SYSTEM32\sechost.dll
0x00007ff92c4c0000 - 0x00007ff92c696000 	C:\Windows\SYSTEM32\combase.dll
0x00007ff92bc00000 - 0x00007ff92bd50000 	C:\Windows\system32\GDI32.dll
0x00007ff92b6b0000 - 0x00007ff92b6c4000 	C:\Windows\SYSTEM32\profapi.dll
0x00007ff929bc0000 - 0x00007ff929c5f000 	C:\Windows\SYSTEM32\SHCORE.dll
0x00007ff92bef0000 - 0x00007ff92bf24000 	C:\Windows\system32\IMM32.DLL
0x00007ff92c250000 - 0x00007ff92c3a2000 	C:\Windows\system32\MSCTF.dll
0x00007ff929750000 - 0x00007ff9299cb000 	C:\Windows\WinSxS\amd64_microsoft.windows.common-controls_6595b64144ccf1df_6.0.9600.18006_none_623f33d3ecbe86e8\COMCTL32.dll
0x000000005c890000 - 0x000000005c961000 	C:\Program Files\Java\jdk1.8.0_102\jre\bin\msvcr100.dll
0x000000005cb10000 - 0x000000005d3aa000 	C:\Program Files\Java\jdk1.8.0_102\jre\bin\server\jvm.dll
0x00007ff9183d0000 - 0x00007ff9183d9000 	C:\Windows\SYSTEM32\WSOCK32.dll
0x00007ff923e40000 - 0x00007ff923e5f000 	C:\Windows\SYSTEM32\WINMM.dll
0x00007ff924d10000 - 0x00007ff924d1a000 	C:\Windows\SYSTEM32\VERSION.dll
0x00007ff92e4d0000 - 0x00007ff92e4d7000 	C:\Windows\system32\PSAPI.DLL
0x00007ff92dc90000 - 0x00007ff92dcea000 	C:\Windows\system32\WS2_32.dll
0x00007ff923e10000 - 0x00007ff923e3a000 	C:\Windows\SYSTEM32\WINMMBASE.dll
0x00007ff92c190000 - 0x00007ff92c199000 	C:\Windows\system32\NSI.dll
0x00007ff92bbb0000 - 0x00007ff92bbfa000 	C:\Windows\SYSTEM32\cfgmgr32.dll
0x00007ff92a530000 - 0x00007ff92a556000 	C:\Windows\SYSTEM32\DEVOBJ.dll
0x000000005dc00000 - 0x000000005dc0f000 	C:\Program Files\Java\jdk1.8.0_102\jre\bin\verify.dll
0x000000005dbd0000 - 0x000000005dbf9000 	C:\Program Files\Java\jdk1.8.0_102\jre\bin\java.dll
0x000000005dbb0000 - 0x000000005dbc6000 	C:\Program Files\Java\jdk1.8.0_102\jre\bin\zip.dll

VM Arguments:
jvm_args: -Djava.awt.headless=true -Xmx1024M -Dfile.encoding=windows-1252 -Duser.country=US -Duser.language=en -Duser.variant 
java_command: com.android.dx.command.Main --dex --num-threads=4 --output C:\Users\dream\AndroidProjects\ImageUpload\app\build\intermediates\pre-dexed\debug\com.android.support-support-core-utils-25.3.1_295d88a213c1c73791493244b11e05407ead1f37.jar C:\Users\dream\AndroidProjects\ImageUpload\app\build\intermediates\exploded-aar\com.android.support\support-core-utils\25.3.1\jars\classes.jar
java_class_path (initial): C:\Users\dream\AppData\Local\Android\sdk\build-tools\25.0.3\lib\dx.jar
Launcher Type: SUN_STANDARD

Environment Variables:
PATH=C:\ProgramData\Oracle\Java\javapath;C:\Windows\system32;C:\Windows;C:\Windows\System32\Wbem;C:\Windows\System32\WindowsPowerShell\v1.0\;C:\Program Files (x86)\Microsoft SQL Server\100\Tools\Binn\;C:\Program Files\Microsoft SQL Server\100\Tools\Binn\;C:\Program Files\Microsoft SQL Server\100\DTS\Binn\;C:\Program Files (x86)\Microsoft SQL Server\100\DTS\Binn\;C:\Program Files (x86)\Microsoft SQL Server\100\Tools\Binn\VSShell\Common7\IDE\;C:\Program Files (x86)\Microsoft Visual Studio 9.0\Common7\IDE\PrivateAssemblies\;C:\Program Files\Java\jdk1.8.0_102\bin
USERNAME=dream
OS=Windows_NT
PROCESSOR_IDENTIFIER=Intel64 Family 6 Model 69 Stepping 1, GenuineIntel



---------------  S Y S T E M  ---------------

OS: Windows 8.1 , 64 bit Build 9600 (6.3.9600.17031)

CPU:total 4 (2 cores per cpu, 2 threads per core) family 6 model 69 stepping 1, cmov, cx8, fxsr, mmx, sse, sse2, sse3, ssse3, sse4.1, sse4.2, popcnt, avx, avx2, aes, clmul, erms, lzcnt, ht, tsc, tscinvbit, bmi1, bmi2

Memory: 4k page, physical 4096184k(728844k free), swap 4096184k(5548k free)

vm_info: Java HotSpot(TM) 64-Bit Server VM (25.102-b14) for windows-amd64 JRE (1.8.0_102-b14), built on Jun 22 2016 13:15:21 by "java_re" with MS VC++ 10.0 (VS2010)

time: Fri May 26 14:25:46 2017
elapsed time: 6 seconds (0d 0h 0m 6s)

