#
# There is insufficient memory for the Java Runtime Environment to continue.
# Native memory allocation (malloc) failed to allocate 32744 bytes for ChunkPool::allocate
# Possible reasons:
#   The system is out of physical RAM or swap space
#   In 32 bit mode, the process size limit was hit
# Possible solutions:
#   Reduce memory load on the system
#   Increase physical memory or swap space
#   Check if swap backing store is full
#   Use 64 bit Java on a 64 bit OS
#   Decrease Java heap size (-Xmx/-Xms)
#   Decrease number of Java threads
#   Decrease Java thread stack sizes (-Xss)
#   Set larger code cache with -XX:ReservedCodeCacheSize=
# This output file may be truncated or incomplete.
#
#  Out of Memory Error (allocation.cpp:273), pid=3596, tid=0x0000000000001390
#
# JRE version: Java(TM) SE Runtime Environment (8.0_102-b14) (build 1.8.0_102-b14)
# Java VM: Java HotSpot(TM) 64-Bit Server VM (25.102-b14 mixed mode windows-amd64 compressed oops)
# Failed to write core dump. Minidumps are not enabled by default on client versions of Windows
#

---------------  T H R E A D  ---------------

Current thread (0x0000000014a3c800):  JavaThread "C2 CompilerThread0" daemon [_thread_in_native, id=5008, stack(0x0000000016080000,0x0000000016180000)]

Stack: [0x0000000016080000,0x0000000016180000]
[error occurred during error reporting (printing stack bounds), id 0xc0000005]

Native frames: (J=compiled Java code, j=interpreted, Vv=VM code, C=native code)


Current CompileTask:
C2:  12972 1886   !   4       com.android.dx.cf.cst.ConstantPoolParser::parse0 (731 bytes)


---------------  P R O C E S S  ---------------

Java Threads: ( => current thread )
  0x00000000169b8800 JavaThread "pool-2-thread-4" [_thread_in_Java, id=5044, stack(0x0000000017580000,0x0000000017680000)]
  0x0000000016d07800 JavaThread "pool-2-thread-3" [_thread_blocked, id=5040, stack(0x0000000017480000,0x0000000017580000)]
  0x000000001699b800 JavaThread "pool-2-thread-2" [_thread_in_Java, id=5036, stack(0x0000000017380000,0x0000000017480000)]
  0x0000000016cd6800 JavaThread "pool-3-thread-1" [_thread_blocked, id=5048, stack(0x0000000017280000,0x0000000017380000)]
  0x0000000016b6a000 JavaThread "pool-2-thread-1" [_thread_in_Java, id=5032, stack(0x0000000017180000,0x0000000017280000)]
  0x00000000163b0800 JavaThread "Service Thread" daemon [_thread_blocked, id=5020, stack(0x0000000016780000,0x0000000016880000)]
  0x0000000014a45000 JavaThread "C1 CompilerThread2" daemon [_thread_blocked, id=5016, stack(0x0000000016280000,0x0000000016380000)]
  0x0000000014a3f800 JavaThread "C2 CompilerThread1" daemon [_thread_in_native, id=5012, stack(0x0000000016180000,0x0000000016280000)]
=>0x0000000014a3c800 JavaThread "C2 CompilerThread0" daemon [_thread_in_native, id=5008, stack(0x0000000016080000,0x0000000016180000)]
  0x0000000014a3a800 JavaThread "Attach Listener" daemon [_thread_blocked, id=5004, stack(0x0000000015f80000,0x0000000016080000)]
  0x0000000014a39000 JavaThread "Signal Dispatcher" daemon [_thread_blocked, id=5024, stack(0x0000000015e80000,0x0000000015f80000)]
  0x000000000236a800 JavaThread "Finalizer" daemon [_thread_blocked, id=2940, stack(0x0000000015ca0000,0x0000000015da0000)]
  0x0000000014a09000 JavaThread "Reference Handler" daemon [_thread_blocked, id=3680, stack(0x0000000015ba0000,0x0000000015ca0000)]
  0x0000000002270800 JavaThread "main" [_thread_in_vm, id=3156, stack(0x0000000002130000,0x0000000002230000)]

Other Threads:
  0x0000000014a06800 VMThread [stack: 0x0000000015aa0000,0x0000000015ba0000] [id=3816]
  0x00000000163e4800 WatcherThread [stack: 0x0000000016880000,0x0000000016980000] [id=5028]

VM state:not at safepoint (normal execution)

VM Mutex/Monitor currently owned by a thread: None

Heap:
 PSYoungGen      total 271872K, used 131565K [0x00000000eab00000, 0x0000000100000000, 0x0000000100000000)
  eden space 219648K, 44% used [0x00000000eab00000,0x00000000f0aa4628,0x00000000f8180000)
  from space 52224K, 64% used [0x00000000f8180000,0x00000000fa2570e8,0x00000000fb480000)
  to   space 54272K, 0% used [0x00000000fcb00000,0x00000000fcb00000,0x0000000100000000)
 ParOldGen       total 149504K, used 119233K [0x00000000c0000000, 0x00000000c9200000, 0x00000000eab00000)
  object space 149504K, 79% used [0x00000000c0000000,0x00000000c7470508,0x00000000c9200000)
 Metaspace       used 6608K, capacity 7320K, committed 7680K, reserved 1056768K
  class space    used 628K, capacity 656K, committed 768K, reserved 1048576K

Card table byte_map: [0x0000000011730000,0x0000000011940000] byte_map_base: 0x0000000011130000

Marking Bits: (ParMarkBitMap*) 0x000000005d8ea6c0
 Begin Bits: [0x0000000011ea0000, 0x0000000012ea0000)
 End Bits:   [0x0000000012ea0000, 0x0000000013ea0000)

Polling page: 0x0000000000850000

CodeCache: size=245760Kb used=9846Kb max_used=9846Kb free=235913Kb
 bounds [0x0000000002370000, 0x0000000002d20000, 0x0000000011370000]
 total_blobs=2513 nmethods=2243 adapters=182
 compilation: enabled

Compilation events (10 events):
Event: 12.525 Thread 0x0000000014a3c800 nmethod 2320 0x0000000002d06a50 code [0x0000000002d06ba0, 0x0000000002d06e98]
Event: 12.525 Thread 0x0000000014a3c800 2323       4       com.android.dx.util.LabeledList::getMaxLabel (47 bytes)
Event: 12.528 Thread 0x0000000014a3c800 nmethod 2323 0x0000000002cf4910 code [0x0000000002cf4a60, 0x0000000002cf4c38]
Event: 12.528 Thread 0x0000000014a3c800 1801       4       java.lang.StringBuilder::append (8 bytes)
Event: 12.537 Thread 0x0000000014a3c800 nmethod 1801 0x0000000002cf8450 code [0x0000000002cf85a0, 0x0000000002cf89d8]
Event: 12.537 Thread 0x0000000014a3c800 1886   !   4       com.android.dx.cf.cst.ConstantPoolParser::parse0 (731 bytes)
Event: 12.709 Thread 0x0000000014a45000 2348       2       com.android.dx.cf.direct.StdAttributeFactory::enclosingMethod (156 bytes)
Event: 12.713 Thread 0x0000000014a45000 nmethod 2348 0x0000000002d19f10 code [0x0000000002d1a2e0, 0x0000000002d1b8e8]
Event: 12.839 Thread 0x0000000014a45000 2360       2       com.android.dx.ssa.back.FirstFitLocalCombiningAllocator$1::processInsn (169 bytes)
Event: 12.842 Thread 0x0000000014a45000 nmethod 2360 0x0000000002cf9010 code [0x0000000002cf9280, 0x0000000002cf9d48]

GC Heap History (10 events):
Event: 4.810 GC heap before
{Heap before GC invocations=11 (full 1):
 PSYoungGen      total 223232K, used 29322K [0x00000000eab00000, 0x00000000fb100000, 0x0000000100000000)
  eden space 193536K, 0% used [0x00000000eab00000,0x00000000eab00000,0x00000000f6800000)
  from space 29696K, 98% used [0x00000000f8a00000,0x00000000fa6a2a30,0x00000000fa700000)
  to   space 34816K, 0% used [0x00000000f6800000,0x00000000f6800000,0x00000000f8a00000)
 ParOldGen       total 44032K, used 40083K [0x00000000c0000000, 0x00000000c2b00000, 0x00000000eab00000)
  object space 44032K, 91% used [0x00000000c0000000,0x00000000c2724c88,0x00000000c2b00000)
 Metaspace       used 6546K, capacity 7256K, committed 7424K, reserved 1056768K
  class space    used 628K, capacity 656K, committed 768K, reserved 1048576K
Event: 5.816 GC heap after
Heap after GC invocations=11 (full 1):
 PSYoungGen      total 223232K, used 20407K [0x00000000eab00000, 0x00000000fb100000, 0x0000000100000000)
  eden space 193536K, 0% used [0x00000000eab00000,0x00000000eab00000,0x00000000f6800000)
  from space 29696K, 68% used [0x00000000f8a00000,0x00000000f9deddd8,0x00000000fa700000)
  to   space 34816K, 0% used [0x00000000f6800000,0x00000000f6800000,0x00000000f8a00000)
 ParOldGen       total 82432K, used 43543K [0x00000000c0000000, 0x00000000c5080000, 0x00000000eab00000)
  object space 82432K, 52% used [0x00000000c0000000,0x00000000c2a85e08,0x00000000c5080000)
 Metaspace       used 6546K, capacity 7256K, committed 7424K, reserved 1056768K
  class space    used 628K, capacity 656K, committed 768K, reserved 1048576K
}
Event: 6.973 GC heap before
{Heap before GC invocations=12 (full 1):
 PSYoungGen      total 223232K, used 213943K [0x00000000eab00000, 0x00000000fb100000, 0x0000000100000000)
  eden space 193536K, 100% used [0x00000000eab00000,0x00000000f6800000,0x00000000f6800000)
  from space 29696K, 68% used [0x00000000f8a00000,0x00000000f9deddd8,0x00000000fa700000)
  to   space 34816K, 0% used [0x00000000f6800000,0x00000000f6800000,0x00000000f8a00000)
 ParOldGen       total 82432K, used 43543K [0x00000000c0000000, 0x00000000c5080000, 0x00000000eab00000)
  object space 82432K, 52% used [0x00000000c0000000,0x00000000c2a85e08,0x00000000c5080000)
 Metaspace       used 6593K, capacity 7320K, committed 7680K, reserved 1056768K
  class space    used 628K, capacity 656K, committed 768K, reserved 1048576K
Event: 7.112 GC heap after
Heap after GC invocations=12 (full 1):
 PSYoungGen      total 228352K, used 28956K [0x00000000eab00000, 0x00000000fda00000, 0x0000000100000000)
  eden space 193536K, 0% used [0x00000000eab00000,0x00000000eab00000,0x00000000f6800000)
  from space 34816K, 83% used [0x00000000f6800000,0x00000000f84472f8,0x00000000f8a00000)
  to   space 38400K, 0% used [0x00000000fb480000,0x00000000fb480000,0x00000000fda00000)
 ParOldGen       total 82432K, used 62618K [0x00000000c0000000, 0x00000000c5080000, 0x00000000eab00000)
  object space 82432K, 75% used [0x00000000c0000000,0x00000000c3d26ba8,0x00000000c5080000)
 Metaspace       used 6593K, capacity 7320K, committed 7680K, reserved 1056768K
  class space    used 628K, capacity 656K, committed 768K, reserved 1048576K
}
Event: 8.346 GC heap before
{Heap before GC invocations=13 (full 1):
 PSYoungGen      total 228352K, used 222492K [0x00000000eab00000, 0x00000000fda00000, 0x0000000100000000)
  eden space 193536K, 100% used [0x00000000eab00000,0x00000000f6800000,0x00000000f6800000)
  from space 34816K, 83% used [0x00000000f6800000,0x00000000f84472f8,0x00000000f8a00000)
  to   space 38400K, 0% used [0x00000000fb480000,0x00000000fb480000,0x00000000fda00000)
 ParOldGen       total 82432K, used 62618K [0x00000000c0000000, 0x00000000c5080000, 0x00000000eab00000)
  object space 82432K, 75% used [0x00000000c0000000,0x00000000c3d26ba8,0x00000000c5080000)
 Metaspace       used 6601K, capacity 7320K, committed 7680K, reserved 1056768K
  class space    used 628K, capacity 656K, committed 768K, reserved 1048576K
Event: 8.633 GC heap after
Heap after GC invocations=13 (full 1):
 PSYoungGen      total 258048K, used 38394K [0x00000000eab00000, 0x00000000ffb80000, 0x0000000100000000)
  eden space 219648K, 0% used [0x00000000eab00000,0x00000000eab00000,0x00000000f8180000)
  from space 38400K, 99% used [0x00000000fb480000,0x00000000fd9fea18,0x00000000fda00000)
  to   space 52224K, 0% used [0x00000000f8180000,0x00000000f8180000,0x00000000fb480000)
 ParOldGen       total 82432K, used 81686K [0x00000000c0000000, 0x00000000c5080000, 0x00000000eab00000)
  object space 82432K, 99% used [0x00000000c0000000,0x00000000c4fc5b28,0x00000000c5080000)
 Metaspace       used 6601K, capacity 7320K, committed 7680K, reserved 1056768K
  class space    used 628K, capacity 656K, committed 768K, reserved 1048576K
}
Event: 8.633 GC heap before
{Heap before GC invocations=14 (full 2):
 PSYoungGen      total 258048K, used 38394K [0x00000000eab00000, 0x00000000ffb80000, 0x0000000100000000)
  eden space 219648K, 0% used [0x00000000eab00000,0x00000000eab00000,0x00000000f8180000)
  from space 38400K, 99% used [0x00000000fb480000,0x00000000fd9fea18,0x00000000fda00000)
  to   space 52224K, 0% used [0x00000000f8180000,0x00000000f8180000,0x00000000fb480000)
 ParOldGen       total 82432K, used 81686K [0x00000000c0000000, 0x00000000c5080000, 0x00000000eab00000)
  object space 82432K, 99% used [0x00000000c0000000,0x00000000c4fc5b28,0x00000000c5080000)
 Metaspace       used 6601K, capacity 7320K, committed 7680K, reserved 1056768K
  class space    used 628K, capacity 656K, committed 768K, reserved 1048576K
Event: 10.401 GC heap after
Heap after GC invocations=14 (full 2):
 PSYoungGen      total 258048K, used 36740K [0x00000000eab00000, 0x00000000ffb80000, 0x0000000100000000)
  eden space 219648K, 0% used [0x00000000eab00000,0x00000000eab00000,0x00000000f8180000)
  from space 38400K, 95% used [0x00000000fb480000,0x00000000fd861070,0x00000000fda00000)
  to   space 52224K, 0% used [0x00000000f8180000,0x00000000f8180000,0x00000000fb480000)
 ParOldGen       total 149504K, used 82186K [0x00000000c0000000, 0x00000000c9200000, 0x00000000eab00000)
  object space 149504K, 54% used [0x00000000c0000000,0x00000000c5042a28,0x00000000c9200000)
 Metaspace       used 6601K, capacity 7320K, committed 7680K, reserved 1056768K
  class space    used 628K, capacity 656K, committed 768K, reserved 1048576K
}
Event: 11.850 GC heap before
{Heap before GC invocations=15 (full 2):
 PSYoungGen      total 258048K, used 256388K [0x00000000eab00000, 0x00000000ffb80000, 0x0000000100000000)
  eden space 219648K, 100% used [0x00000000eab00000,0x00000000f8180000,0x00000000f8180000)
  from space 38400K, 95% used [0x00000000fb480000,0x00000000fd861070,0x00000000fda00000)
  to   space 52224K, 0% used [0x00000000f8180000,0x00000000f8180000,0x00000000fb480000)
 ParOldGen       total 149504K, used 82186K [0x00000000c0000000, 0x00000000c9200000, 0x00000000eab00000)
  object space 149504K, 54% used [0x00000000c0000000,0x00000000c5042a28,0x00000000c9200000)
 Metaspace       used 6606K, capacity 7320K, committed 7680K, reserved 1056768K
  class space    used 628K, capacity 656K, committed 768K, reserved 1048576K
Event: 12.065 GC heap after
Heap after GC invocations=15 (full 2):
 PSYoungGen      total 271872K, used 33628K [0x00000000eab00000, 0x0000000100000000, 0x0000000100000000)
  eden space 219648K, 0% used [0x00000000eab00000,0x00000000eab00000,0x00000000f8180000)
  from space 52224K, 64% used [0x00000000f8180000,0x00000000fa2570e8,0x00000000fb480000)
  to   space 54272K, 0% used [0x00000000fcb00000,0x00000000fcb00000,0x0000000100000000)
 ParOldGen       total 149504K, used 119233K [0x00000000c0000000, 0x00000000c9200000, 0x00000000eab00000)
  object space 149504K, 79% used [0x00000000c0000000,0x00000000c7470508,0x00000000c9200000)
 Metaspace       used 6606K, capacity 7320K, committed 7680K, reserved 1056768K
  class space    used 628K, capacity 656K, committed 768K, reserved 1048576K
}

Deoptimization events (10 events):
Event: 5.825 Thread 0x0000000002270800 Uncommon trap: reason=unstable_if action=reinterpret pc=0x00000000024e7bf8 method=java.util.regex.Matcher.search(I)Z @ 30
Event: 5.967 Thread 0x0000000016b6a000 Uncommon trap: reason=unstable_if action=reinterpret pc=0x0000000002b6e220 method=com.android.dx.ssa.SCCP.simulateBranch(Lcom/android/dx/ssa/SsaInsn;)V @ 548
Event: 7.399 Thread 0x00000000169b8800 Uncommon trap: reason=unstable_if action=reinterpret pc=0x0000000002b97994 method=com.android.dx.rop.code.RegisterSpecSet.<init>(I)V @ 2
Event: 7.399 Thread 0x00000000169b8800 Uncommon trap: reason=unstable_if action=reinterpret pc=0x0000000002a0e494 method=com.android.dx.rop.code.RegisterSpecSet.<init>(I)V @ 2
Event: 7.652 Thread 0x000000001699b800 Uncommon trap: reason=unstable_if action=reinterpret pc=0x00000000028821b0 method=com.android.dx.ssa.SsaMethod.getExitBlock()Lcom/android/dx/ssa/SsaBasicBlock; @ 4
Event: 7.652 Thread 0x000000001699b800 Uncommon trap: reason=unstable_if action=reinterpret pc=0x00000000026cc0f4 method=com.android.dx.ssa.SsaMethod.getExitBlock()Lcom/android/dx/ssa/SsaBasicBlock; @ 4
Event: 10.714 Thread 0x0000000016b6a000 Uncommon trap: reason=unstable_if action=reinterpret pc=0x0000000002c460bc method=com.android.dx.ssa.SCCP.simulateBranch(Lcom/android/dx/ssa/SsaInsn;)V @ 140
Event: 11.437 Thread 0x00000000169b8800 Uncommon trap: reason=class_check action=maybe_recompile pc=0x0000000002ccd850 method=com.android.dx.ssa.SCCP.replaceConstants()V @ 182
Event: 11.445 Thread 0x00000000169b8800 Uncommon trap: reason=class_check action=maybe_recompile pc=0x0000000002ccd850 method=com.android.dx.ssa.SCCP.replaceConstants()V @ 182
Event: 12.839 Thread 0x00000000169b8800 Uncommon trap: reason=unstable_if action=reinterpret pc=0x0000000002cdc7f8 method=com.android.dx.rop.code.LocalItem.compareHandlesNulls(Lcom/android/dx/rop/cst/CstString;Lcom/android/dx/rop/cst/CstString;)I @ 8

Internal exceptions (6 events):
Event: 0.045 Thread 0x0000000002270800 Exception <a 'java/lang/NoSuchMethodError': Method sun.misc.Unsafe.defineClass(Ljava/lang/String;[BII)Ljava/lang/Class; name or signature does not match> (0x00000000eab07c78) thrown at [C:\re\workspace\8-2-build-windows-amd64-cygwin\jdk8u102\7268\hotspot\s‰"“²f=§?
Event: 0.045 Thread 0x0000000002270800 Exception <a 'java/lang/NoSuchMethodError': Method sun.misc.Unsafe.prefetchRead(Ljava/lang/Object;J)V name or signature does not match> (0x00000000eab07f60) thrown at [C:\re\workspace\8-2-build-windows-amd64-cygwin\jdk8u102\7268\hotspot\src\share\vm\prims\Šˆ’L`@
Event: 2.887 Thread 0x00000000169b8800 Exception <a 'java/lang/ArrayIndexOutOfBoundsException': 18> (0x00000000ed1367d0) thrown at [C:\re\workspace\8-2-build-windows-amd64-cygwin\jdk8u102\7268\hotspot\src\share\vm\interpreter\interpreterRuntime.cpp, line 366]
Event: 2.887 Thread 0x00000000169b8800 Exception <a 'java/lang/ArrayIndexOutOfBoundsException': 145> (0x00000000ed138350) thrown at [C:\re\workspace\8-2-build-windows-amd64-cygwin\jdk8u102\7268\hotspot\src\share\vm\interpreter\interpreterRuntime.cpp, line 366]
Event: 2.889 Thread 0x00000000169b8800 Exception <a 'java/lang/ArrayIndexOutOfBoundsException'> (0x00000000ed139638) thrown at [C:\re\workspace\8-2-build-windows-amd64-cygwin\jdk8u102\7268\hotspot\src\share\vm\runtime\sharedRuntime.cpp, line 605]
Event: 12.839 Thread 0x00000000169b8800 Implicit null exception at 0x0000000002cdb63c to 0x0000000002cdc7cd

Events (10 events):
Event: 11.548 Thread 0x00000000169b8800 DEOPT UNPACKING pc=0x00000000023b787f sp=0x000000001767e888 mode 0
Event: 11.850 Executing VM operation: ParallelGCFailedAllocation
Event: 12.065 Executing VM operation: ParallelGCFailedAllocation done
Event: 12.762 Thread 0x0000000016d07800 DEOPT PACKING pc=0x0000000002856c31 sp=0x000000001757ea00
Event: 12.762 Thread 0x0000000016d07800 DEOPT UNPACKING pc=0x00000000023b787f sp=0x000000001757e768 mode 0
Event: 12.839 Thread 0x00000000169b8800 Uncommon trap: trap_request=0xffffff65 fr.pc=0x0000000002cdc7f8
Event: 12.839 Thread 0x00000000169b8800 DEOPT PACKING pc=0x0000000002cdc7f8 sp=0x000000001767ea30
Event: 12.839 Thread 0x00000000169b8800 DEOPT UNPACKING pc=0x00000000023b582a sp=0x000000001767e808 mode 2
Event: 12.876 Thread 0x0000000016b6a000 DEOPT PACKING pc=0x00000000028319d2 sp=0x000000001727eb30
Event: 12.876 Thread 0x0000000016b6a000 DEOPT UNPACKING pc=0x00000000023b787f sp=0x000000001727e970 mode 0


Dynamic libraries:
0x00007ff6f8700000 - 0x00007ff6f8737000 	C:\Program Files\Java\jdk1.8.0_102\bin\java.exe
0x00007ffdca6a0000 - 0x00007ffdca84d000 	C:\Windows\SYSTEM32\ntdll.dll
0x00007ffdca180000 - 0x00007ffdca2ba000 	C:\Windows\system32\KERNEL32.DLL
0x00007ffdc7b20000 - 0x00007ffdc7c35000 	C:\Windows\system32\KERNELBASE.dll
0x00007ffdc62e0000 - 0x00007ffdc636e000 	C:\Windows\system32\apphelp.dll
0x00007ffdc24a0000 - 0x00007ffdc24f3000 	C:\Windows\AppPatch\AppPatch64\AcGenral.DLL
0x00007ffdc9630000 - 0x00007ffdc96d7000 	C:\Windows\system32\msvcrt.dll
0x00007ffdc7d40000 - 0x00007ffdc7d6b000 	C:\Windows\system32\SspiCli.dll
0x00007ffdca640000 - 0x00007ffdca691000 	C:\Windows\system32\SHLWAPI.dll
0x00007ffdca4c0000 - 0x00007ffdca631000 	C:\Windows\system32\USER32.dll
0x00007ffdc9c60000 - 0x00007ffdc9df4000 	C:\Windows\system32\ole32.dll
0x00007ffdc7e20000 - 0x00007ffdc934b000 	C:\Windows\system32\SHELL32.dll
0x00007ffdc6f10000 - 0x00007ffdc6f2f000 	C:\Windows\SYSTEM32\USERENV.dll
0x00007ffdc93b0000 - 0x00007ffdc945a000 	C:\Windows\system32\ADVAPI32.dll
0x00007ffdbe730000 - 0x00007ffdbe74b000 	C:\Windows\SYSTEM32\MPR.dll
0x00007ffdc9480000 - 0x00007ffdc95c0000 	C:\Windows\system32\RPCRT4.dll
0x00007ffdc9350000 - 0x00007ffdc93a9000 	C:\Windows\SYSTEM32\sechost.dll
0x00007ffdc9a20000 - 0x00007ffdc9bf6000 	C:\Windows\SYSTEM32\combase.dll
0x00007ffdca2c0000 - 0x00007ffdca410000 	C:\Windows\system32\GDI32.dll
0x00007ffdc7870000 - 0x00007ffdc7884000 	C:\Windows\SYSTEM32\profapi.dll
0x00007ffdc5d20000 - 0x00007ffdc5dbf000 	C:\Windows\SYSTEM32\SHCORE.dll
0x00007ffdc95c0000 - 0x00007ffdc95f4000 	C:\Windows\system32\IMM32.DLL
0x00007ffdc98b0000 - 0x00007ffdc9a02000 	C:\Windows\system32\MSCTF.dll
0x00007ffdc58a0000 - 0x00007ffdc5b1b000 	C:\Windows\WinSxS\amd64_microsoft.windows.common-controls_6595b64144ccf1df_6.0.9600.18006_none_623f33d3ecbe86e8\COMCTL32.dll
0x000000005cc40000 - 0x000000005cd11000 	C:\Program Files\Java\jdk1.8.0_102\jre\bin\msvcr100.dll
0x000000005d0d0000 - 0x000000005d96a000 	C:\Program Files\Java\jdk1.8.0_102\jre\bin\server\jvm.dll
0x00007ffdc1700000 - 0x00007ffdc1709000 	C:\Windows\SYSTEM32\WSOCK32.dll
0x00007ffdc0850000 - 0x00007ffdc086f000 	C:\Windows\SYSTEM32\WINMM.dll
0x00007ffdc0e40000 - 0x00007ffdc0e4a000 	C:\Windows\SYSTEM32\VERSION.dll
0x00007ffdc9470000 - 0x00007ffdc9477000 	C:\Windows\system32\PSAPI.DLL
0x00007ffdc7dc0000 - 0x00007ffdc7e1a000 	C:\Windows\system32\WS2_32.dll
0x00007ffdc0820000 - 0x00007ffdc084a000 	C:\Windows\SYSTEM32\WINMMBASE.dll
0x00007ffdc9460000 - 0x00007ffdc9469000 	C:\Windows\system32\NSI.dll
0x00007ffdc7d70000 - 0x00007ffdc7dba000 	C:\Windows\SYSTEM32\cfgmgr32.dll
0x00007ffdc6710000 - 0x00007ffdc6736000 	C:\Windows\SYSTEM32\DEVOBJ.dll
0x000000005d0c0000 - 0x000000005d0cf000 	C:\Program Files\Java\jdk1.8.0_102\jre\bin\verify.dll
0x000000005d090000 - 0x000000005d0b9000 	C:\Program Files\Java\jdk1.8.0_102\jre\bin\java.dll
0x000000005d070000 - 0x000000005d086000 	C:\Program Files\Java\jdk1.8.0_102\jre\bin\zip.dll

VM Arguments:
jvm_args: -Djava.awt.headless=true -Xmx1024M -Dfile.encoding=windows-1252 -Duser.country=US -Duser.language=en -Duser.variant 
java_command: com.android.dx.command.Main --dex --num-threads=4 --multi-dex --main-dex-list C:\Users\dream\AndroidProjects\ImageUpload\app\build\intermediates\multi-dex\debug\maindexlist.txt --output C:\Users\dream\AndroidProjects\ImageUpload\app\build\intermediates\transforms\dex\debug\folders\1000\1f\main C:\Users\dream\AndroidProjects\ImageUpload\app\build\intermediates\transforms\jarMerging\debug\jars\1\1f\combined.jar
java_class_path (initial): C:\Users\dream\AppData\Local\Android\sdk\build-tools\25.0.3\lib\dx.jar
Launcher Type: SUN_STANDARD

Environment Variables:
PATH=C:\ProgramData\Oracle\Java\javapath;C:\Windows\system32;C:\Windows;C:\Windows\System32\Wbem;C:\Windows\System32\WindowsPowerShell\v1.0\;C:\Program Files (x86)\Microsoft SQL Server\100\Tools\Binn\;C:\Program Files\Microsoft SQL Server\100\Tools\Binn\;C:\Program Files\Microsoft SQL Server\100\DTS\Binn\;C:\Program Files (x86)\Microsoft SQL Server\100\DTS\Binn\;C:\Program Files (x86)\Microsoft SQL Server\100\Tools\Binn\VSShell\Common7\IDE\;C:\Program Files (x86)\Microsoft Visual Studio 9.0\Common7\IDE\PrivateAssemblies\;C:\Program Files\Java\jdk1.8.0_102\bin
USERNAME=dream
OS=Windows_NT
PROCESSOR_IDENTIFIER=Intel64 Family 6 Model 69 Stepping 1, GenuineIntel



---------------  S Y S T E M  ---------------

OS: Windows 8.1 , 64 bit Build 9600 (6.3.9600.17031)

CPU:total 4 (2 cores per cpu, 2 threads per core) family 6 model 69 stepping 1, cmov, cx8, fxsr, mmx, sse, sse2, sse3, ssse3, sse4.1, sse4.2, popcnt, avx, avx2, aes, clmul, erms, lzcnt, ht, tsc, tscinvbit, bmi1, bmi2

Memory: 4k page, physical 4096184k(279724k free), swap 4096184k(5124k free)

vm_info: Java HotSpot(TM) 64-Bit Server VM (25.102-b14) for windows-amd64 JRE (1.8.0_102-b14), built on Jun 22 2016 13:15:21 by "java_re" with MS VC++ 10.0 (VS2010)

time: Mon May 29 11:18:02 2017
elapsed time: 13 seconds (0d 0h 0m 13s)

