#
# There is insufficient memory for the Java Runtime Environment to continue.
# Native memory allocation (malloc) failed to allocate 856976 bytes for Chunk::new
# Possible reasons:
#   The system is out of physical RAM or swap space
#   In 32 bit mode, the process size limit was hit
# Possible solutions:
#   Reduce memory load on the system
#   Increase physical memory or swap space
#   Check if swap backing store is full
#   Use 64 bit Java on a 64 bit OS
#   Decrease Java heap size (-Xmx/-Xms)
#   Decrease number of Java threads
#   Decrease Java thread stack sizes (-Xss)
#   Set larger code cache with -XX:ReservedCodeCacheSize=
# This output file may be truncated or incomplete.
#
#  Out of Memory Error (allocation.cpp:390), pid=3284, tid=0x0000000000000bec
#
# JRE version: Java(TM) SE Runtime Environment (8.0_102-b14) (build 1.8.0_102-b14)
# Java VM: Java HotSpot(TM) 64-Bit Server VM (25.102-b14 mixed mode windows-amd64 compressed oops)
# Failed to write core dump. Minidumps are not enabled by default on client versions of Windows
#

---------------  T H R E A D  ---------------

Current thread (0x0000000014eed800):  JavaThread "C2 CompilerThread1" daemon [_thread_in_native, id=3052, stack(0x00000000165e0000,0x00000000166e0000)]

Stack: [0x00000000165e0000,0x00000000166e0000]
[error occurred during error reporting (printing stack bounds), id 0xc0000005]

Native frames: (J=compiled Java code, j=interpreted, Vv=VM code, C=native code)


Current CompileTask:
C2:  14656 2030   !   4       com.android.dx.cf.code.BytecodeArray::parseInstruction (2764 bytes)


---------------  P R O C E S S  ---------------

Java Threads: ( => current thread )
  0x0000000016acf800 JavaThread "pool-1-thread-4" [_thread_in_Java, id=4356, stack(0x00000000179e0000,0x0000000017ae0000)]
  0x0000000016ace800 JavaThread "pool-1-thread-3" [_thread_blocked, id=4616, stack(0x00000000178e0000,0x00000000179e0000)]
  0x0000000016ace000 JavaThread "pool-1-thread-2" [_thread_blocked, id=3064, stack(0x00000000177e0000,0x00000000178e0000)]
  0x0000000016bc1800 JavaThread "pool-2-thread-1" [_thread_blocked, id=3484, stack(0x00000000176e0000,0x00000000177e0000)]
  0x0000000016bc1000 JavaThread "pool-1-thread-1" [_thread_blocked, id=2832, stack(0x00000000175e0000,0x00000000176e0000)]
  0x00000000167e5000 JavaThread "Service Thread" daemon [_thread_blocked, id=4140, stack(0x0000000016be0000,0x0000000016ce0000)]
  0x0000000014efc000 JavaThread "C1 CompilerThread2" daemon [_thread_blocked, id=4592, stack(0x00000000166e0000,0x00000000167e0000)]
=>0x0000000014eed800 JavaThread "C2 CompilerThread1" daemon [_thread_in_native, id=3052, stack(0x00000000165e0000,0x00000000166e0000)]
  0x0000000014e9c800 JavaThread "C2 CompilerThread0" daemon [_thread_in_native, id=3596, stack(0x00000000164e0000,0x00000000165e0000)]
  0x0000000014e9a800 JavaThread "Attach Listener" daemon [_thread_blocked, id=4836, stack(0x00000000163e0000,0x00000000164e0000)]
  0x0000000014e99800 JavaThread "Signal Dispatcher" daemon [_thread_blocked, id=4888, stack(0x00000000162e0000,0x00000000163e0000)]
  0x00000000027ca800 JavaThread "Finalizer" daemon [_thread_blocked, id=960, stack(0x0000000016100000,0x0000000016200000)]
  0x0000000014e69000 JavaThread "Reference Handler" daemon [_thread_blocked, id=4368, stack(0x0000000016000000,0x0000000016100000)]
  0x00000000026d0800 JavaThread "main" [_thread_blocked, id=3212, stack(0x0000000002550000,0x0000000002650000)]

Other Threads:
  0x0000000014e66800 VMThread [stack: 0x0000000015f00000,0x0000000016000000] [id=3632]
  0x0000000016803800 WatcherThread [stack: 0x0000000016ce0000,0x0000000016de0000] [id=4404]

VM state:not at safepoint (normal execution)

VM Mutex/Monitor currently owned by a thread: None

Heap:
 PSYoungGen      total 73216K, used 20199K [0x00000000eab00000, 0x00000000f0000000, 0x0000000100000000)
  eden space 64000K, 18% used [0x00000000eab00000,0x00000000eb675f68,0x00000000ee980000)
  from space 9216K, 91% used [0x00000000ef400000,0x00000000efc44038,0x00000000efd00000)
  to   space 10752K, 0% used [0x00000000ee980000,0x00000000ee980000,0x00000000ef400000)
 ParOldGen       total 44032K, used 12140K [0x00000000c0000000, 0x00000000c2b00000, 0x00000000eab00000)
  object space 44032K, 27% used [0x00000000c0000000,0x00000000c0bdb378,0x00000000c2b00000)
 Metaspace       used 6283K, capacity 7216K, committed 7296K, reserved 1056768K
  class space    used 592K, capacity 616K, committed 640K, reserved 1048576K

Card table byte_map: [0x0000000011b90000,0x0000000011da0000] byte_map_base: 0x0000000011590000

Marking Bits: (ParMarkBitMap*) 0x000000005d32a6c0
 Begin Bits: [0x0000000012300000, 0x0000000013300000)
 End Bits:   [0x0000000013300000, 0x0000000014300000)

Polling page: 0x0000000000cf0000

CodeCache: size=245760Kb used=9348Kb max_used=9373Kb free=236411Kb
 bounds [0x00000000027d0000, 0x0000000003110000, 0x00000000117d0000]
 total_blobs=2261 nmethods=1998 adapters=176
 compilation: enabled

Compilation events (10 events):
Event: 14.437 Thread 0x0000000014efc000 2041       2       com.android.dx.dex.file.EncodedField::hashCode (8 bytes)
Event: 14.438 Thread 0x0000000014efc000 nmethod 2041 0x00000000030e9990 code [0x00000000030e9b20, 0x00000000030e9d48]
Event: 14.438 Thread 0x0000000014efc000 2042       2       com.android.dx.rop.cst.CstMemberRef::hashCode (19 bytes)
Event: 14.438 Thread 0x0000000014efc000 nmethod 2042 0x00000000030ea090 code [0x00000000030ea220, 0x00000000030ea448]
Event: 14.515 Thread 0x0000000014e9c800 nmethod 2009 0x00000000030efe10 code [0x00000000030f01e0, 0x00000000030f2ba8]
Event: 14.516 Thread 0x0000000014e9c800 2026       4       com.android.dx.ssa.SCCP::simulateBlock (54 bytes)
Event: 14.523 Thread 0x0000000014e9c800 nmethod 2026 0x00000000030ec7d0 code [0x00000000030ec940, 0x00000000030ecbd8]
Event: 14.523 Thread 0x0000000014e9c800 2023   !   4       com.android.dx.cf.code.RopperMachine::run (1550 bytes)
Event: 14.569 Thread 0x0000000014eed800 nmethod 2007 0x00000000030fb8d0 code [0x00000000030fbbe0, 0x00000000030ff490]
Event: 14.570 Thread 0x0000000014eed800 2030   !   4       com.android.dx.cf.code.BytecodeArray::parseInstruction (2764 bytes)

GC Heap History (10 events):
Event: 1.624 GC heap before
{Heap before GC invocations=2 (full 0):
 PSYoungGen      total 18944K, used 17876K [0x00000000eab00000, 0x00000000ec000000, 0x0000000100000000)
  eden space 16384K, 100% used [0x00000000eab00000,0x00000000ebb00000,0x00000000ebb00000)
  from space 2560K, 58% used [0x00000000ebb00000,0x00000000ebc75230,0x00000000ebd80000)
  to   space 2560K, 0% used [0x00000000ebd80000,0x00000000ebd80000,0x00000000ec000000)
 ParOldGen       total 44032K, used 8K [0x00000000c0000000, 0x00000000c2b00000, 0x00000000eab00000)
  object space 44032K, 0% used [0x00000000c0000000,0x00000000c0002000,0x00000000c2b00000)
 Metaspace       used 5807K, capacity 6832K, committed 7040K, reserved 1056768K
  class space    used 587K, capacity 616K, committed 640K, reserved 1048576K
Event: 1.933 GC heap after
Heap after GC invocations=2 (full 0):
 PSYoungGen      total 18944K, used 2535K [0x00000000eab00000, 0x00000000ed000000, 0x0000000100000000)
  eden space 16384K, 0% used [0x00000000eab00000,0x00000000eab00000,0x00000000ebb00000)
  from space 2560K, 99% used [0x00000000ebd80000,0x00000000ebff9ca8,0x00000000ec000000)
  to   space 2560K, 0% used [0x00000000ebb00000,0x00000000ebb00000,0x00000000ebd80000)
 ParOldGen       total 44032K, used 1862K [0x00000000c0000000, 0x00000000c2b00000, 0x00000000eab00000)
  object space 44032K, 4% used [0x00000000c0000000,0x00000000c01d1b78,0x00000000c2b00000)
 Metaspace       used 5807K, capacity 6832K, committed 7040K, reserved 1056768K
  class space    used 587K, capacity 616K, committed 640K, reserved 1048576K
}
Event: 2.549 GC heap before
{Heap before GC invocations=3 (full 0):
 PSYoungGen      total 18944K, used 18919K [0x00000000eab00000, 0x00000000ed000000, 0x0000000100000000)
  eden space 16384K, 100% used [0x00000000eab00000,0x00000000ebb00000,0x00000000ebb00000)
  from space 2560K, 99% used [0x00000000ebd80000,0x00000000ebff9ca8,0x00000000ec000000)
  to   space 2560K, 0% used [0x00000000ebb00000,0x00000000ebb00000,0x00000000ebd80000)
 ParOldGen       total 44032K, used 1862K [0x00000000c0000000, 0x00000000c2b00000, 0x00000000eab00000)
  object space 44032K, 4% used [0x00000000c0000000,0x00000000c01d1b78,0x00000000c2b00000)
 Metaspace       used 6008K, capacity 7024K, committed 7296K, reserved 1056768K
  class space    used 592K, capacity 616K, committed 640K, reserved 1048576K
Event: 2.570 GC heap after
Heap after GC invocations=3 (full 0):
 PSYoungGen      total 18944K, used 2528K [0x00000000eab00000, 0x00000000ed000000, 0x0000000100000000)
  eden space 16384K, 0% used [0x00000000eab00000,0x00000000eab00000,0x00000000ebb00000)
  from space 2560K, 98% used [0x00000000ebb00000,0x00000000ebd78028,0x00000000ebd80000)
  to   space 2560K, 0% used [0x00000000ecd80000,0x00000000ecd80000,0x00000000ed000000)
 ParOldGen       total 44032K, used 4346K [0x00000000c0000000, 0x00000000c2b00000, 0x00000000eab00000)
  object space 44032K, 9% used [0x00000000c0000000,0x00000000c043e818,0x00000000c2b00000)
 Metaspace       used 6008K, capacity 7024K, committed 7296K, reserved 1056768K
  class space    used 592K, capacity 616K, committed 640K, reserved 1048576K
}
Event: 4.055 GC heap before
{Heap before GC invocations=4 (full 0):
 PSYoungGen      total 18944K, used 18912K [0x00000000eab00000, 0x00000000ed000000, 0x0000000100000000)
  eden space 16384K, 100% used [0x00000000eab00000,0x00000000ebb00000,0x00000000ebb00000)
  from space 2560K, 98% used [0x00000000ebb00000,0x00000000ebd78028,0x00000000ebd80000)
  to   space 2560K, 0% used [0x00000000ecd80000,0x00000000ecd80000,0x00000000ed000000)
 ParOldGen       total 44032K, used 4346K [0x00000000c0000000, 0x00000000c2b00000, 0x00000000eab00000)
  object space 44032K, 9% used [0x00000000c0000000,0x00000000c043e818,0x00000000c2b00000)
 Metaspace       used 6097K, capacity 7088K, committed 7296K, reserved 1056768K
  class space    used 592K, capacity 616K, committed 640K, reserved 1048576K
Event: 4.268 GC heap after
Heap after GC invocations=4 (full 0):
 PSYoungGen      total 35328K, used 2528K [0x00000000eab00000, 0x00000000ed000000, 0x0000000100000000)
  eden space 32768K, 0% used [0x00000000eab00000,0x00000000eab00000,0x00000000ecb00000)
  from space 2560K, 98% used [0x00000000ecd80000,0x00000000ecff8028,0x00000000ed000000)
  to   space 2560K, 0% used [0x00000000ecb00000,0x00000000ecb00000,0x00000000ecd80000)
 ParOldGen       total 44032K, used 7143K [0x00000000c0000000, 0x00000000c2b00000, 0x00000000eab00000)
  object space 44032K, 16% used [0x00000000c0000000,0x00000000c06f9c08,0x00000000c2b00000)
 Metaspace       used 6097K, capacity 7088K, committed 7296K, reserved 1056768K
  class space    used 592K, capacity 616K, committed 640K, reserved 1048576K
}
Event: 8.178 GC heap before
{Heap before GC invocations=5 (full 0):
 PSYoungGen      total 35328K, used 35296K [0x00000000eab00000, 0x00000000ed000000, 0x0000000100000000)
  eden space 32768K, 100% used [0x00000000eab00000,0x00000000ecb00000,0x00000000ecb00000)
  from space 2560K, 98% used [0x00000000ecd80000,0x00000000ecff8028,0x00000000ed000000)
  to   space 2560K, 0% used [0x00000000ecb00000,0x00000000ecb00000,0x00000000ecd80000)
 ParOldGen       total 44032K, used 7143K [0x00000000c0000000, 0x00000000c2b00000, 0x00000000eab00000)
  object space 44032K, 16% used [0x00000000c0000000,0x00000000c06f9c08,0x00000000c2b00000)
 Metaspace       used 6176K, capacity 7152K, committed 7296K, reserved 1056768K
  class space    used 592K, capacity 616K, committed 640K, reserved 1048576K
Event: 8.674 GC heap after
Heap after GC invocations=5 (full 0):
 PSYoungGen      total 35328K, used 2544K [0x00000000eab00000, 0x00000000efd00000, 0x0000000100000000)
  eden space 32768K, 0% used [0x00000000eab00000,0x00000000eab00000,0x00000000ecb00000)
  from space 2560K, 99% used [0x00000000ecb00000,0x00000000ecd7c028,0x00000000ecd80000)
  to   space 9216K, 0% used [0x00000000ef400000,0x00000000ef400000,0x00000000efd00000)
 ParOldGen       total 44032K, used 12140K [0x00000000c0000000, 0x00000000c2b00000, 0x00000000eab00000)
  object space 44032K, 27% used [0x00000000c0000000,0x00000000c0bdb378,0x00000000c2b00000)
 Metaspace       used 6176K, capacity 7152K, committed 7296K, reserved 1056768K
  class space    used 592K, capacity 616K, committed 640K, reserved 1048576K
}
Event: 14.055 GC heap before
{Heap before GC invocations=6 (full 0):
 PSYoungGen      total 35328K, used 35312K [0x00000000eab00000, 0x00000000efd00000, 0x0000000100000000)
  eden space 32768K, 100% used [0x00000000eab00000,0x00000000ecb00000,0x00000000ecb00000)
  from space 2560K, 99% used [0x00000000ecb00000,0x00000000ecd7c028,0x00000000ecd80000)
  to   space 9216K, 0% used [0x00000000ef400000,0x00000000ef400000,0x00000000efd00000)
 ParOldGen       total 44032K, used 12140K [0x00000000c0000000, 0x00000000c2b00000, 0x00000000eab00000)
  object space 44032K, 27% used [0x00000000c0000000,0x00000000c0bdb378,0x00000000c2b00000)
 Metaspace       used 6280K, capacity 7216K, committed 7296K, reserved 1056768K
  class space    used 592K, capacity 616K, committed 640K, reserved 1048576K
Event: 14.306 GC heap after
Heap after GC invocations=6 (full 0):
 PSYoungGen      total 73216K, used 8464K [0x00000000eab00000, 0x00000000f0000000, 0x0000000100000000)
  eden space 64000K, 0% used [0x00000000eab00000,0x00000000eab00000,0x00000000ee980000)
  from space 9216K, 91% used [0x00000000ef400000,0x00000000efc44038,0x00000000efd00000)
  to   space 10752K, 0% used [0x00000000ee980000,0x00000000ee980000,0x00000000ef400000)
 ParOldGen       total 44032K, used 12140K [0x00000000c0000000, 0x00000000c2b00000, 0x00000000eab00000)
  object space 44032K, 27% used [0x00000000c0000000,0x00000000c0bdb378,0x00000000c2b00000)
 Metaspace       used 6280K, capacity 7216K, committed 7296K, reserved 1056768K
  class space    used 592K, capacity 616K, committed 640K, reserved 1048576K
}

Deoptimization events (10 events):
Event: 14.398 Thread 0x0000000016acf800 Uncommon trap: reason=bimorphic action=maybe_recompile pc=0x0000000002ea0224 method=com.android.dx.cf.code.RopperMachine.run(Lcom/android/dx/cf/code/Frame;II)V @ 988
Event: 14.401 Thread 0x0000000016acf800 Uncommon trap: reason=bimorphic action=maybe_recompile pc=0x0000000002f3fa74 method=com.android.dx.cf.code.BytecodeArray.parseInstruction(ILcom/android/dx/cf/code/BytecodeArray$Visitor;)I @ 1501
Event: 14.402 Thread 0x0000000016acf800 Uncommon trap: reason=bimorphic action=maybe_recompile pc=0x0000000002f3fa74 method=com.android.dx.cf.code.BytecodeArray.parseInstruction(ILcom/android/dx/cf/code/BytecodeArray$Visitor;)I @ 1501
Event: 14.411 Thread 0x0000000016ace800 Uncommon trap: reason=bimorphic action=maybe_recompile pc=0x0000000002f3fa74 method=com.android.dx.cf.code.BytecodeArray.parseInstruction(ILcom/android/dx/cf/code/BytecodeArray$Visitor;)I @ 1501
Event: 14.411 Thread 0x0000000016ace800 Uncommon trap: reason=bimorphic action=maybe_recompile pc=0x0000000002f3f7b4 method=com.android.dx.cf.code.BytecodeArray.parseInstruction(ILcom/android/dx/cf/code/BytecodeArray$Visitor;)I @ 2135
Event: 14.411 Thread 0x0000000016ace800 Uncommon trap: reason=bimorphic action=maybe_recompile pc=0x0000000002f3fa74 method=com.android.dx.cf.code.BytecodeArray.parseInstruction(ILcom/android/dx/cf/code/BytecodeArray$Visitor;)I @ 1501
Event: 14.422 Thread 0x0000000016acf800 Uncommon trap: reason=unstable_if action=reinterpret pc=0x0000000002d53560 method=com.android.dx.ssa.SCCP.simulateStmt(Lcom/android/dx/ssa/SsaInsn;)V @ 53
Event: 14.422 Thread 0x0000000016acf800 Uncommon trap: reason=bimorphic action=maybe_recompile pc=0x0000000002c8ea28 method=java.util.HashMap.getNode(ILjava/lang/Object;)Ljava/util/HashMap$Node; @ 126
Event: 14.429 Thread 0x0000000016ace800 Uncommon trap: reason=unstable_if action=reinterpret pc=0x0000000002f0b3ec method=com.android.dx.rop.code.RegisterSpec.equals(ILcom/android/dx/rop/type/TypeBearer;Lcom/android/dx/rop/code/LocalItem;)Z @ 42
Event: 14.431 Thread 0x0000000016ace800 Uncommon trap: reason=unstable_if action=reinterpret pc=0x0000000002c00804 method=com.android.dx.rop.code.RegisterSpec.equals(ILcom/android/dx/rop/type/TypeBearer;Lcom/android/dx/rop/code/LocalItem;)Z @ 42

Internal exceptions (5 events):
Event: 0.085 Thread 0x00000000026d0800 Exception <a 'java/lang/NoSuchMethodError': Method sun.misc.Unsafe.defineClass(Ljava/lang/String;[BII)Ljava/lang/Class; name or signature does not match> (0x00000000eab07c78) thrown at [C:\re\workspace\8-2-build-windows-amd64-cygwin\jdk8u102\7268\hotspot\s<¼UÓ(Íµ?
Event: 0.085 Thread 0x00000000026d0800 Exception <a 'java/lang/NoSuchMethodError': Method sun.misc.Unsafe.prefetchRead(Ljava/lang/Object;J)V name or signature does not match> (0x00000000eab07f60) thrown at [C:\re\workspace\8-2-build-windows-amd64-cygwin\jdk8u102\7268\hotspot\src\share\vm\prims\ÍT<Ç^_@
Event: 4.343 Thread 0x00000000026d0800 Implicit null exception at 0x0000000002e2001e to 0x0000000002e22925
Event: 6.447 Thread 0x0000000016acf800 Implicit null exception at 0x0000000002ead287 to 0x0000000002ead5c1
Event: 6.447 Thread 0x0000000016acf800 Implicit null exception at 0x0000000002c0eaa2 to 0x0000000002c0eb9a

Events (10 events):
Event: 14.422 Thread 0x0000000016acf800 DEOPT UNPACKING pc=0x000000000281582a sp=0x0000000017ade678 mode 2
Event: 14.422 Thread 0x0000000016acf800 Uncommon trap: trap_request=0xffffffc6 fr.pc=0x0000000002c8ea28
Event: 14.422 Thread 0x0000000016acf800 DEOPT PACKING pc=0x0000000002c8ea28 sp=0x0000000017ade4d0
Event: 14.422 Thread 0x0000000016acf800 DEOPT UNPACKING pc=0x000000000281582a sp=0x0000000017ade450 mode 2
Event: 14.429 Thread 0x0000000016ace800 Uncommon trap: trap_request=0xffffff65 fr.pc=0x0000000002f0b3ec
Event: 14.429 Thread 0x0000000016ace800 DEOPT PACKING pc=0x0000000002f0b3ec sp=0x00000000179de4d0
Event: 14.429 Thread 0x0000000016ace800 DEOPT UNPACKING pc=0x000000000281582a sp=0x00000000179de3f0 mode 2
Event: 14.431 Thread 0x0000000016ace800 Uncommon trap: trap_request=0xffffff65 fr.pc=0x0000000002c00804
Event: 14.431 Thread 0x0000000016ace800 DEOPT PACKING pc=0x0000000002c00804 sp=0x00000000179de430
Event: 14.431 Thread 0x0000000016ace800 DEOPT UNPACKING pc=0x000000000281582a sp=0x00000000179de3d8 mode 2


Dynamic libraries:
0x00007ff77d050000 - 0x00007ff77d087000 	C:\Program Files\Java\jdk1.8.0_102\bin\java.exe
0x00007ff92e4e0000 - 0x00007ff92e68d000 	C:\Windows\SYSTEM32\ntdll.dll
0x00007ff92e390000 - 0x00007ff92e4ca000 	C:\Windows\system32\KERNEL32.DLL
0x00007ff92b880000 - 0x00007ff92b995000 	C:\Windows\system32\KERNELBASE.dll
0x00007ff929c60000 - 0x00007ff929cee000 	C:\Windows\system32\apphelp.dll
0x00007ff918fb0000 - 0x00007ff919003000 	C:\Windows\AppPatch\AppPatch64\AcGenral.DLL
0x00007ff92e150000 - 0x00007ff92e1f7000 	C:\Windows\system32\msvcrt.dll
0x00007ff92bb80000 - 0x00007ff92bbab000 	C:\Windows\system32\SspiCli.dll
0x00007ff92c6a0000 - 0x00007ff92c6f1000 	C:\Windows\system32\SHLWAPI.dll
0x00007ff92e210000 - 0x00007ff92e381000 	C:\Windows\system32\USER32.dll
0x00007ff92bd50000 - 0x00007ff92bee4000 	C:\Windows\system32\ole32.dll
0x00007ff92c700000 - 0x00007ff92dc2b000 	C:\Windows\system32\SHELL32.dll
0x00007ff92ad50000 - 0x00007ff92ad6f000 	C:\Windows\SYSTEM32\USERENV.dll
0x00007ff92c1a0000 - 0x00007ff92c24a000 	C:\Windows\system32\ADVAPI32.dll
0x00007ff922270000 - 0x00007ff92228b000 	C:\Windows\SYSTEM32\MPR.dll
0x00007ff92df40000 - 0x00007ff92e080000 	C:\Windows\system32\RPCRT4.dll
0x00007ff92dc30000 - 0x00007ff92dc89000 	C:\Windows\SYSTEM32\sechost.dll
0x00007ff92c4c0000 - 0x00007ff92c696000 	C:\Windows\SYSTEM32\combase.dll
0x00007ff92bc00000 - 0x00007ff92bd50000 	C:\Windows\system32\GDI32.dll
0x00007ff92b6b0000 - 0x00007ff92b6c4000 	C:\Windows\SYSTEM32\profapi.dll
0x00007ff929bc0000 - 0x00007ff929c5f000 	C:\Windows\SYSTEM32\SHCORE.dll
0x00007ff92bef0000 - 0x00007ff92bf24000 	C:\Windows\system32\IMM32.DLL
0x00007ff92c250000 - 0x00007ff92c3a2000 	C:\Windows\system32\MSCTF.dll
0x00007ff929750000 - 0x00007ff9299cb000 	C:\Windows\WinSxS\amd64_microsoft.windows.common-controls_6595b64144ccf1df_6.0.9600.18006_none_623f33d3ecbe86e8\COMCTL32.dll
0x000000005c890000 - 0x000000005c961000 	C:\Program Files\Java\jdk1.8.0_102\jre\bin\msvcr100.dll
0x000000005cb10000 - 0x000000005d3aa000 	C:\Program Files\Java\jdk1.8.0_102\jre\bin\server\jvm.dll
0x00007ff9183d0000 - 0x00007ff9183d9000 	C:\Windows\SYSTEM32\WSOCK32.dll
0x00007ff923e40000 - 0x00007ff923e5f000 	C:\Windows\SYSTEM32\WINMM.dll
0x00007ff924d10000 - 0x00007ff924d1a000 	C:\Windows\SYSTEM32\VERSION.dll
0x00007ff92e4d0000 - 0x00007ff92e4d7000 	C:\Windows\system32\PSAPI.DLL
0x00007ff92dc90000 - 0x00007ff92dcea000 	C:\Windows\system32\WS2_32.dll
0x00007ff923e10000 - 0x00007ff923e3a000 	C:\Windows\SYSTEM32\WINMMBASE.dll
0x00007ff92c190000 - 0x00007ff92c199000 	C:\Windows\system32\NSI.dll
0x00007ff92bbb0000 - 0x00007ff92bbfa000 	C:\Windows\SYSTEM32\cfgmgr32.dll
0x00007ff92a530000 - 0x00007ff92a556000 	C:\Windows\SYSTEM32\DEVOBJ.dll
0x000000005dc00000 - 0x000000005dc0f000 	C:\Program Files\Java\jdk1.8.0_102\jre\bin\verify.dll
0x000000005dbd0000 - 0x000000005dbf9000 	C:\Program Files\Java\jdk1.8.0_102\jre\bin\java.dll
0x000000005dbb0000 - 0x000000005dbc6000 	C:\Program Files\Java\jdk1.8.0_102\jre\bin\zip.dll

VM Arguments:
jvm_args: -Djava.awt.headless=true -Xmx1024M -Dfile.encoding=windows-1252 -Duser.country=US -Duser.language=en -Duser.variant 
java_command: com.android.dx.command.Main --dex --num-threads=4 --output C:\Users\dream\AndroidProjects\ImageUpload\app\build\intermediates\pre-dexed\debug\com.android.support-support-compat-25.3.1_1d877ef53cb7e6cfc1563e9b5e403e8002316bb5.jar C:\Users\dream\AndroidProjects\ImageUpload\app\build\intermediates\exploded-aar\com.android.support\support-compat\25.3.1\jars\classes.jar
java_class_path (initial): C:\Users\dream\AppData\Local\Android\sdk\build-tools\25.0.3\lib\dx.jar
Launcher Type: SUN_STANDARD

Environment Variables:
PATH=C:\ProgramData\Oracle\Java\javapath;C:\Windows\system32;C:\Windows;C:\Windows\System32\Wbem;C:\Windows\System32\WindowsPowerShell\v1.0\;C:\Program Files (x86)\Microsoft SQL Server\100\Tools\Binn\;C:\Program Files\Microsoft SQL Server\100\Tools\Binn\;C:\Program Files\Microsoft SQL Server\100\DTS\Binn\;C:\Program Files (x86)\Microsoft SQL Server\100\DTS\Binn\;C:\Program Files (x86)\Microsoft SQL Server\100\Tools\Binn\VSShell\Common7\IDE\;C:\Program Files (x86)\Microsoft Visual Studio 9.0\Common7\IDE\PrivateAssemblies\;C:\Program Files\Java\jdk1.8.0_102\bin
USERNAME=dream
OS=Windows_NT
PROCESSOR_IDENTIFIER=Intel64 Family 6 Model 69 Stepping 1, GenuineIntel



---------------  S Y S T E M  ---------------

OS: Windows 8.1 , 64 bit Build 9600 (6.3.9600.17031)

CPU:total 4 (2 cores per cpu, 2 threads per core) family 6 model 69 stepping 1, cmov, cx8, fxsr, mmx, sse, sse2, sse3, ssse3, sse4.1, sse4.2, popcnt, avx, avx2, aes, clmul, erms, lzcnt, ht, tsc, tscinvbit, bmi1, bmi2

Memory: 4k page, physical 4096184k(675628k free), swap 4096184k(5652k free)

vm_info: Java HotSpot(TM) 64-Bit Server VM (25.102-b14) for windows-amd64 JRE (1.8.0_102-b14), built on Jun 22 2016 13:15:21 by "java_re" with MS VC++ 10.0 (VS2010)

time: Fri May 26 14:10:17 2017
elapsed time: 14 seconds (0d 0h 0m 14s)

