#
# There is insufficient memory for the Java Runtime Environment to continue.
# Native memory allocation (malloc) failed to allocate 32744 bytes for ChunkPool::allocate
# Possible reasons:
#   The system is out of physical RAM or swap space
#   In 32 bit mode, the process size limit was hit
# Possible solutions:
#   Reduce memory load on the system
#   Increase physical memory or swap space
#   Check if swap backing store is full
#   Use 64 bit Java on a 64 bit OS
#   Decrease Java heap size (-Xmx/-Xms)
#   Decrease number of Java threads
#   Decrease Java thread stack sizes (-Xss)
#   Set larger code cache with -XX:ReservedCodeCacheSize=
# This output file may be truncated or incomplete.
#
#  Out of Memory Error (allocation.cpp:273), pid=4448, tid=0x0000000000000b04
#
# JRE version: Java(TM) SE Runtime Environment (8.0_102-b14) (build 1.8.0_102-b14)
# Java VM: Java HotSpot(TM) 64-Bit Server VM (25.102-b14 mixed mode windows-amd64 compressed oops)
# Failed to write core dump. Minidumps are not enabled by default on client versions of Windows
#

---------------  T H R E A D  ---------------

Current thread (0x0000000014531000):  JavaThread "C2 CompilerThread1" daemon [_thread_in_native, id=2820, stack(0x0000000015c60000,0x0000000015d60000)]

Stack: [0x0000000015c60000,0x0000000015d60000]
[error occurred during error reporting (printing stack bounds), id 0xc0000005]

Native frames: (J=compiled Java code, j=interpreted, Vv=VM code, C=native code)


Current CompileTask:
C2:  13299 1963       4       com.android.dx.rop.code.Rops::ropFor (771 bytes)


---------------  P R O C E S S  ---------------

Java Threads: ( => current thread )
  0x00000000160b2800 JavaThread "pool-2-thread-4" [_thread_blocked, id=4340, stack(0x0000000018030000,0x0000000018130000)]
  0x00000000168d1800 JavaThread "pool-2-thread-3" [_thread_blocked, id=3652, stack(0x0000000017f30000,0x0000000018030000)]
  0x00000000160b2000 JavaThread "pool-2-thread-2" [_thread_blocked, id=3156, stack(0x0000000017e30000,0x0000000017f30000)]
  0x0000000016960000 JavaThread "pool-3-thread-1" [_thread_blocked, id=4028, stack(0x0000000017d30000,0x0000000017e30000)]
  0x0000000016a99000 JavaThread "pool-2-thread-1" [_thread_blocked, id=2120, stack(0x0000000017c30000,0x0000000017d30000)]
  0x0000000015ea0800 JavaThread "Service Thread" daemon [_thread_blocked, id=1620, stack(0x0000000016260000,0x0000000016360000)]
  0x000000001453f000 JavaThread "C1 CompilerThread2" daemon [_thread_blocked, id=1660, stack(0x0000000015d60000,0x0000000015e60000)]
=>0x0000000014531000 JavaThread "C2 CompilerThread1" daemon [_thread_in_native, id=2820, stack(0x0000000015c60000,0x0000000015d60000)]
  0x000000001452e000 JavaThread "C2 CompilerThread0" daemon [_thread_in_native, id=1780, stack(0x0000000015b60000,0x0000000015c60000)]
  0x000000001452c800 JavaThread "Attach Listener" daemon [_thread_blocked, id=2768, stack(0x0000000015a60000,0x0000000015b60000)]
  0x0000000014529000 JavaThread "Signal Dispatcher" daemon [_thread_blocked, id=4124, stack(0x0000000015960000,0x0000000015a60000)]
  0x0000000001e5a800 JavaThread "Finalizer" daemon [_thread_blocked, id=3924, stack(0x0000000015780000,0x0000000015880000)]
  0x00000000144f9000 JavaThread "Reference Handler" daemon [_thread_blocked, id=4304, stack(0x0000000015680000,0x0000000015780000)]
  0x0000000001d60800 JavaThread "main" [_thread_in_native, id=4432, stack(0x0000000001c50000,0x0000000001d50000)]

Other Threads:
  0x00000000144f6800 VMThread [stack: 0x0000000015580000,0x0000000015680000] [id=3492]
  0x0000000015ea5000 WatcherThread [stack: 0x0000000016360000,0x0000000016460000] [id=964]

VM state:not at safepoint (normal execution)

VM Mutex/Monitor currently owned by a thread: None

Heap:
 PSYoungGen      total 142336K, used 87884K [0x00000000eab00000, 0x00000000f4b00000, 0x0000000100000000)
  eden space 128512K, 68% used [0x00000000eab00000,0x00000000f00d31c8,0x00000000f2880000)
  from space 13824K, 0% used [0x00000000f3880000,0x00000000f3880000,0x00000000f4600000)
  to   space 16384K, 0% used [0x00000000f2880000,0x00000000f2880000,0x00000000f3880000)
 ParOldGen       total 88064K, used 87929K [0x00000000c0000000, 0x00000000c5600000, 0x00000000eab00000)
  object space 88064K, 99% used [0x00000000c0000000,0x00000000c55de450,0x00000000c5600000)
 Metaspace       used 6595K, capacity 7320K, committed 7680K, reserved 1056768K
  class space    used 628K, capacity 656K, committed 768K, reserved 1048576K

Card table byte_map: [0x0000000011220000,0x0000000011430000] byte_map_base: 0x0000000010c20000

Marking Bits: (ParMarkBitMap*) 0x0000000066a6a6c0
 Begin Bits: [0x0000000011990000, 0x0000000012990000)
 End Bits:   [0x0000000012990000, 0x0000000013990000)

Polling page: 0x00000000003d0000

CodeCache: size=245760Kb used=10214Kb max_used=10225Kb free=235545Kb
 bounds [0x0000000001e60000, 0x0000000002870000, 0x0000000010e60000]
 total_blobs=2500 nmethods=2230 adapters=182
 compilation: enabled

Compilation events (10 events):
Event: 12.491 Thread 0x0000000014531000 nmethod 1824 0x0000000002844250 code [0x00000000028443a0, 0x0000000002844598]
Event: 12.491 Thread 0x0000000014531000 1791       4       com.android.dx.rop.type.Type::equals (31 bytes)
Event: 12.493 Thread 0x0000000014531000 nmethod 1791 0x0000000002860d10 code [0x0000000002860e60, 0x0000000002860fd8]
Event: 12.493 Thread 0x0000000014531000 2175       4       com.android.dx.ssa.NormalSsaInsn::<init> (15 bytes)
Event: 12.494 Thread 0x0000000014531000 nmethod 2175 0x0000000002843710 code [0x0000000002843840, 0x00000000028438f8]
Event: 12.494 Thread 0x0000000014531000 2108       4       com.android.dx.rop.type.Type::compareTo (9 bytes)
Event: 12.496 Thread 0x0000000014531000 nmethod 2108 0x00000000028608d0 code [0x0000000002860a20, 0x0000000002860bf8]
Event: 12.496 Thread 0x0000000014531000 2134       4       com.android.dx.cf.code.BaseMachine::resultCount (22 bytes)
Event: 12.497 Thread 0x0000000014531000 nmethod 2134 0x00000000024982d0 code [0x0000000002498400, 0x0000000002498478]
Event: 12.497 Thread 0x0000000014531000 1963       4       com.android.dx.rop.code.Rops::ropFor (771 bytes)

GC Heap History (10 events):
Event: 5.808 GC heap before
{Heap before GC invocations=10 (full 1):
 PSYoungGen      total 142336K, used 142325K [0x00000000eab00000, 0x00000000f4b00000, 0x0000000100000000)
  eden space 128512K, 100% used [0x00000000eab00000,0x00000000f2880000,0x00000000f2880000)
  from space 13824K, 99% used [0x00000000f3880000,0x00000000f45fd750,0x00000000f4600000)
  to   space 16384K, 0% used [0x00000000f2880000,0x00000000f2880000,0x00000000f3880000)
 ParOldGen       total 86016K, used 52589K [0x00000000c0000000, 0x00000000c5400000, 0x00000000eab00000)
  object space 86016K, 61% used [0x00000000c0000000,0x00000000c335b560,0x00000000c5400000)
 Metaspace       used 6572K, capacity 7256K, committed 7424K, reserved 1056768K
  class space    used 628K, capacity 656K, committed 768K, reserved 1048576K
Event: 5.863 GC heap after
Heap after GC invocations=10 (full 1):
 PSYoungGen      total 144896K, used 16379K [0x00000000eab00000, 0x00000000f4b00000, 0x0000000100000000)
  eden space 128512K, 0% used [0x00000000eab00000,0x00000000eab00000,0x00000000f2880000)
  from space 16384K, 99% used [0x00000000f2880000,0x00000000f387ed70,0x00000000f3880000)
  to   space 13824K, 0% used [0x00000000f3880000,0x00000000f3880000,0x00000000f4600000)
 ParOldGen       total 86016K, used 64818K [0x00000000c0000000, 0x00000000c5400000, 0x00000000eab00000)
  object space 86016K, 75% used [0x00000000c0000000,0x00000000c3f4c8d8,0x00000000c5400000)
 Metaspace       used 6572K, capacity 7256K, committed 7424K, reserved 1056768K
  class space    used 628K, capacity 656K, committed 768K, reserved 1048576K
}
Event: 6.585 GC heap before
{Heap before GC invocations=11 (full 1):
 PSYoungGen      total 144896K, used 144891K [0x00000000eab00000, 0x00000000f4b00000, 0x0000000100000000)
  eden space 128512K, 100% used [0x00000000eab00000,0x00000000f2880000,0x00000000f2880000)
  from space 16384K, 99% used [0x00000000f2880000,0x00000000f387ed70,0x00000000f3880000)
  to   space 13824K, 0% used [0x00000000f3880000,0x00000000f3880000,0x00000000f4600000)
 ParOldGen       total 86016K, used 64818K [0x00000000c0000000, 0x00000000c5400000, 0x00000000eab00000)
  object space 86016K, 75% used [0x00000000c0000000,0x00000000c3f4c8d8,0x00000000c5400000)
 Metaspace       used 6587K, capacity 7256K, committed 7424K, reserved 1056768K
  class space    used 628K, capacity 656K, committed 768K, reserved 1048576K
Event: 6.681 GC heap after
Heap after GC invocations=11 (full 1):
 PSYoungGen      total 142336K, used 13801K [0x00000000eab00000, 0x00000000f4b00000, 0x0000000100000000)
  eden space 128512K, 0% used [0x00000000eab00000,0x00000000eab00000,0x00000000f2880000)
  from space 13824K, 99% used [0x00000000f3880000,0x00000000f45fa600,0x00000000f4600000)
  to   space 16384K, 0% used [0x00000000f2880000,0x00000000f2880000,0x00000000f3880000)
 ParOldGen       total 88064K, used 87722K [0x00000000c0000000, 0x00000000c5600000, 0x00000000eab00000)
  object space 88064K, 99% used [0x00000000c0000000,0x00000000c55aaa00,0x00000000c5600000)
 Metaspace       used 6587K, capacity 7256K, committed 7424K, reserved 1056768K
  class space    used 628K, capacity 656K, committed 768K, reserved 1048576K
}
Event: 6.681 GC heap before
{Heap before GC invocations=12 (full 2):
 PSYoungGen      total 142336K, used 13801K [0x00000000eab00000, 0x00000000f4b00000, 0x0000000100000000)
  eden space 128512K, 0% used [0x00000000eab00000,0x00000000eab00000,0x00000000f2880000)
  from space 13824K, 99% used [0x00000000f3880000,0x00000000f45fa600,0x00000000f4600000)
  to   space 16384K, 0% used [0x00000000f2880000,0x00000000f2880000,0x00000000f3880000)
 ParOldGen       total 88064K, used 87722K [0x00000000c0000000, 0x00000000c5600000, 0x00000000eab00000)
  object space 88064K, 99% used [0x00000000c0000000,0x00000000c55aaa00,0x00000000c5600000)
 Metaspace       used 6587K, capacity 7256K, committed 7424K, reserved 1056768K
  class space    used 628K, capacity 656K, committed 768K, reserved 1048576K
Event: 7.639 GC heap after
Heap after GC invocations=12 (full 2):
 PSYoungGen      total 142336K, used 8152K [0x00000000eab00000, 0x00000000f4b00000, 0x0000000100000000)
  eden space 128512K, 0% used [0x00000000eab00000,0x00000000eab00000,0x00000000f2880000)
  from space 13824K, 58% used [0x00000000f3880000,0x00000000f40761a0,0x00000000f4600000)
  to   space 16384K, 0% used [0x00000000f2880000,0x00000000f2880000,0x00000000f3880000)
 ParOldGen       total 88064K, used 87843K [0x00000000c0000000, 0x00000000c5600000, 0x00000000eab00000)
  object space 88064K, 99% used [0x00000000c0000000,0x00000000c55c8e10,0x00000000c5600000)
 Metaspace       used 6587K, capacity 7256K, committed 7424K, reserved 1056768K
  class space    used 628K, capacity 656K, committed 768K, reserved 1048576K
}
Event: 8.565 GC heap before
{Heap before GC invocations=13 (full 3):
 PSYoungGen      total 142336K, used 136664K [0x00000000eab00000, 0x00000000f4b00000, 0x0000000100000000)
  eden space 128512K, 100% used [0x00000000eab00000,0x00000000f2880000,0x00000000f2880000)
  from space 13824K, 58% used [0x00000000f3880000,0x00000000f40761a0,0x00000000f4600000)
  to   space 16384K, 0% used [0x00000000f2880000,0x00000000f2880000,0x00000000f3880000)
 ParOldGen       total 88064K, used 87843K [0x00000000c0000000, 0x00000000c5600000, 0x00000000eab00000)
  object space 88064K, 99% used [0x00000000c0000000,0x00000000c55c8e10,0x00000000c5600000)
 Metaspace       used 6589K, capacity 7256K, committed 7424K, reserved 1056768K
  class space    used 628K, capacity 656K, committed 768K, reserved 1048576K
Event: 9.586 GC heap after
Heap after GC invocations=13 (full 3):
 PSYoungGen      total 142336K, used 25475K [0x00000000eab00000, 0x00000000f4b00000, 0x0000000100000000)
  eden space 128512K, 19% used [0x00000000eab00000,0x00000000ec3e0c00,0x00000000f2880000)
  from space 13824K, 0% used [0x00000000f3880000,0x00000000f3880000,0x00000000f4600000)
  to   space 16384K, 0% used [0x00000000f2880000,0x00000000f2880000,0x00000000f3880000)
 ParOldGen       total 88064K, used 88008K [0x00000000c0000000, 0x00000000c5600000, 0x00000000eab00000)
  object space 88064K, 99% used [0x00000000c0000000,0x00000000c55f2008,0x00000000c5600000)
 Metaspace       used 6589K, capacity 7256K, committed 7424K, reserved 1056768K
  class space    used 628K, capacity 656K, committed 768K, reserved 1048576K
}
Event: 10.277 GC heap before
{Heap before GC invocations=14 (full 4):
 PSYoungGen      total 142336K, used 128512K [0x00000000eab00000, 0x00000000f4b00000, 0x0000000100000000)
  eden space 128512K, 100% used [0x00000000eab00000,0x00000000f2880000,0x00000000f2880000)
  from space 13824K, 0% used [0x00000000f3880000,0x00000000f3880000,0x00000000f4600000)
  to   space 16384K, 0% used [0x00000000f2880000,0x00000000f2880000,0x00000000f3880000)
 ParOldGen       total 88064K, used 88008K [0x00000000c0000000, 0x00000000c5600000, 0x00000000eab00000)
  object space 88064K, 99% used [0x00000000c0000000,0x00000000c55f2008,0x00000000c5600000)
 Metaspace       used 6593K, capacity 7320K, committed 7680K, reserved 1056768K
  class space    used 628K, capacity 656K, committed 768K, reserved 1048576K
Event: 11.030 GC heap after
Heap after GC invocations=14 (full 4):
 PSYoungGen      total 142336K, used 39751K [0x00000000eab00000, 0x00000000f4b00000, 0x0000000100000000)
  eden space 128512K, 30% used [0x00000000eab00000,0x00000000ed1d1ee8,0x00000000f2880000)
  from space 13824K, 0% used [0x00000000f3880000,0x00000000f3880000,0x00000000f4600000)
  to   space 16384K, 0% used [0x00000000f2880000,0x00000000f2880000,0x00000000f3880000)
 ParOldGen       total 88064K, used 87929K [0x00000000c0000000, 0x00000000c5600000, 0x00000000eab00000)
  object space 88064K, 99% used [0x00000000c0000000,0x00000000c55de450,0x00000000c5600000)
 Metaspace       used 6593K, capacity 7320K, committed 7680K, reserved 1056768K
  class space    used 628K, capacity 656K, committed 768K, reserved 1048576K
}

Deoptimization events (10 events):
Event: 5.364 Thread 0x00000000168d1800 Uncommon trap: reason=unstable_if action=reinterpret pc=0x00000000025fec54 method=com.android.dx.ssa.SCCP.simulateBranch(Lcom/android/dx/ssa/SsaInsn;)V @ 548
Event: 7.677 Thread 0x00000000160b2800 Uncommon trap: reason=unstable_if action=reinterpret pc=0x0000000002616ca8 method=com.android.dx.rop.code.RegisterSpecSet.<init>(I)V @ 2
Event: 7.677 Thread 0x00000000160b2800 Uncommon trap: reason=unstable_if action=reinterpret pc=0x0000000002497c9c method=com.android.dx.rop.code.RegisterSpecSet.<init>(I)V @ 2
Event: 7.863 Thread 0x00000000168d1800 Uncommon trap: reason=class_check action=maybe_recompile pc=0x0000000002704d44 method=com.android.dx.cf.code.Ropper.processBlock(Lcom/android/dx/cf/code/ByteBlock;Lcom/android/dx/cf/code/Frame;[I)V @ 711
Event: 7.863 Thread 0x00000000168d1800 Uncommon trap: reason=class_check action=maybe_recompile pc=0x0000000002704d44 method=com.android.dx.cf.code.Ropper.processBlock(Lcom/android/dx/cf/code/ByteBlock;Lcom/android/dx/cf/code/Frame;[I)V @ 711
Event: 7.863 Thread 0x00000000168d1800 Uncommon trap: reason=class_check action=maybe_recompile pc=0x0000000002704d44 method=com.android.dx.cf.code.Ropper.processBlock(Lcom/android/dx/cf/code/ByteBlock;Lcom/android/dx/cf/code/Frame;[I)V @ 711
Event: 7.863 Thread 0x00000000168d1800 Uncommon trap: reason=class_check action=maybe_recompile pc=0x0000000002704d44 method=com.android.dx.cf.code.Ropper.processBlock(Lcom/android/dx/cf/code/ByteBlock;Lcom/android/dx/cf/code/Frame;[I)V @ 711
Event: 7.932 Thread 0x0000000001d60800 Uncommon trap: reason=unstable_if action=reinterpret pc=0x000000000234d60c method=com.android.dx.ssa.SsaMethod.getExitBlock()Lcom/android/dx/ssa/SsaBasicBlock; @ 4
Event: 7.932 Thread 0x0000000001d60800 Uncommon trap: reason=unstable_if action=reinterpret pc=0x00000000021a57f4 method=com.android.dx.ssa.SsaMethod.getExitBlock()Lcom/android/dx/ssa/SsaBasicBlock; @ 4
Event: 10.070 Thread 0x00000000168d1800 Uncommon trap: reason=unstable_if action=reinterpret pc=0x000000000274d73c method=com.android.dx.ssa.SCCP.simulateBranch(Lcom/android/dx/ssa/SsaInsn;)V @ 140

Internal exceptions (6 events):
Event: 0.044 Thread 0x0000000001d60800 Exception <a 'java/lang/NoSuchMethodError': Method sun.misc.Unsafe.defineClass(Ljava/lang/String;[BII)Ljava/lang/Class; name or signature does not match> (0x00000000eab07c78) thrown at [C:\re\workspace\8-2-build-windows-amd64-cygwin\jdk8u102\7268\hotspot\s÷6º∆®¶?
Event: 0.044 Thread 0x0000000001d60800 Exception <a 'java/lang/NoSuchMethodError': Method sun.misc.Unsafe.prefetchRead(Ljava/lang/Object;J)V name or signature does not match> (0x00000000eab07f60) thrown at [C:\re\workspace\8-2-build-windows-amd64-cygwin\jdk8u102\7268\hotspot\src\share\vm\prims\ù≤o–—˙?
Event: 1.676 Thread 0x0000000016a99000 Implicit null exception at 0x00000000021d5f97 to 0x00000000021d7e21
Event: 2.816 Thread 0x00000000160b2000 Exception <a 'java/lang/ArrayIndexOutOfBoundsException': 18> (0x00000000ead68d80) thrown at [C:\re\workspace\8-2-build-windows-amd64-cygwin\jdk8u102\7268\hotspot\src\share\vm\interpreter\interpreterRuntime.cpp, line 366]
Event: 2.817 Thread 0x00000000160b2000 Exception <a 'java/lang/ArrayIndexOutOfBoundsException': 145> (0x00000000ead6a900) thrown at [C:\re\workspace\8-2-build-windows-amd64-cygwin\jdk8u102\7268\hotspot\src\share\vm\interpreter\interpreterRuntime.cpp, line 366]
Event: 2.818 Thread 0x00000000160b2000 Exception <a 'java/lang/ArrayIndexOutOfBoundsException'> (0x00000000ead6bbe8) thrown at [C:\re\workspace\8-2-build-windows-amd64-cygwin\jdk8u102\7268\hotspot\src\share\vm\runtime\sharedRuntime.cpp, line 605]

Events (10 events):
Event: 10.236 Thread 0x0000000016a99000 DEOPT PACKING pc=0x00000000022c56b8 sp=0x0000000017d2e700
Event: 10.236 Thread 0x0000000016a99000 DEOPT UNPACKING pc=0x0000000001ea787f sp=0x0000000017d2e530 mode 0
Event: 10.276 Executing VM operation: ParallelGCFailedAllocation
Event: 11.030 Executing VM operation: ParallelGCFailedAllocation done
Event: 11.067 Thread 0x00000000168d1800 DEOPT PACKING pc=0x00000000022c56b8 sp=0x000000001802ebe0
Event: 11.068 Thread 0x00000000168d1800 DEOPT UNPACKING pc=0x0000000001ea787f sp=0x000000001802ea10 mode 0
Event: 11.190 Thread 0x00000000160b2800 DEOPT PACKING pc=0x00000000022c56b8 sp=0x000000001812e730
Event: 11.190 Thread 0x00000000160b2800 DEOPT UNPACKING pc=0x0000000001ea787f sp=0x000000001812e560 mode 0
Event: 11.348 Thread 0x0000000001d60800 DEOPT PACKING pc=0x00000000024c638c sp=0x0000000001d4e7c0
Event: 11.348 Thread 0x0000000001d60800 DEOPT UNPACKING pc=0x0000000001ea787f sp=0x0000000001d4e6d0 mode 0


Dynamic libraries:
0x00007ff65b5b0000 - 0x00007ff65b5e7000 	C:\Program Files\Java\jdk1.8.0_102\bin\java.exe
0x00007ffd7c050000 - 0x00007ffd7c1fd000 	C:\Windows\SYSTEM32\ntdll.dll
0x00007ffd7bd60000 - 0x00007ffd7be9a000 	C:\Windows\system32\KERNEL32.DLL
0x00007ffd79650000 - 0x00007ffd79765000 	C:\Windows\system32\KERNELBASE.dll
0x00007ffd77c80000 - 0x00007ffd77d0e000 	C:\Windows\system32\apphelp.dll
0x00007ffd6ffe0000 - 0x00007ffd70033000 	C:\Windows\AppPatch\AppPatch64\AcGenral.DLL
0x00007ffd7b020000 - 0x00007ffd7b0c7000 	C:\Windows\system32\msvcrt.dll
0x00007ffd79340000 - 0x00007ffd7936b000 	C:\Windows\system32\SspiCli.dll
0x00007ffd7b7e0000 - 0x00007ffd7b831000 	C:\Windows\system32\SHLWAPI.dll
0x00007ffd7b1e0000 - 0x00007ffd7b351000 	C:\Windows\system32\USER32.dll
0x00007ffd7bb00000 - 0x00007ffd7bc94000 	C:\Windows\system32\ole32.dll
0x00007ffd79770000 - 0x00007ffd7ac9b000 	C:\Windows\system32\SHELL32.dll
0x00007ffd788c0000 - 0x00007ffd788df000 	C:\Windows\SYSTEM32\USERENV.dll
0x00007ffd7b130000 - 0x00007ffd7b1da000 	C:\Windows\system32\ADVAPI32.dll
0x00007ffd6f320000 - 0x00007ffd6f33b000 	C:\Windows\SYSTEM32\MPR.dll
0x00007ffd7bea0000 - 0x00007ffd7bfe0000 	C:\Windows\system32\RPCRT4.dll
0x00007ffd7bca0000 - 0x00007ffd7bcf9000 	C:\Windows\SYSTEM32\sechost.dll
0x00007ffd7b840000 - 0x00007ffd7ba16000 	C:\Windows\SYSTEM32\combase.dll
0x00007ffd7aca0000 - 0x00007ffd7adf0000 	C:\Windows\system32\GDI32.dll
0x00007ffd79220000 - 0x00007ffd79234000 	C:\Windows\SYSTEM32\profapi.dll
0x00007ffd77930000 - 0x00007ffd779cf000 	C:\Windows\SYSTEM32\SHCORE.dll
0x00007ffd7afd0000 - 0x00007ffd7b004000 	C:\Windows\system32\IMM32.DLL
0x00007ffd7b680000 - 0x00007ffd7b7d2000 	C:\Windows\system32\MSCTF.dll
0x00007ffd77030000 - 0x00007ffd772ab000 	C:\Windows\WinSxS\amd64_microsoft.windows.common-controls_6595b64144ccf1df_6.0.9600.18006_none_623f33d3ecbe86e8\COMCTL32.dll
0x0000000065dc0000 - 0x0000000065e91000 	C:\Program Files\Java\jdk1.8.0_102\jre\bin\msvcr100.dll
0x0000000066250000 - 0x0000000066aea000 	C:\Program Files\Java\jdk1.8.0_102\jre\bin\server\jvm.dll
0x00007ffd6e8e0000 - 0x00007ffd6e8e9000 	C:\Windows\SYSTEM32\WSOCK32.dll
0x00007ffd71ac0000 - 0x00007ffd71adf000 	C:\Windows\SYSTEM32\WINMM.dll
0x00007ffd72740000 - 0x00007ffd7274a000 	C:\Windows\SYSTEM32\VERSION.dll
0x00007ffd7b010000 - 0x00007ffd7b017000 	C:\Windows\system32\PSAPI.DLL
0x00007ffd7bd00000 - 0x00007ffd7bd5a000 	C:\Windows\system32\WS2_32.dll
0x00007ffd71a90000 - 0x00007ffd71aba000 	C:\Windows\SYSTEM32\WINMMBASE.dll
0x00007ffd7baf0000 - 0x00007ffd7baf9000 	C:\Windows\system32\NSI.dll
0x00007ffd79370000 - 0x00007ffd793ba000 	C:\Windows\SYSTEM32\cfgmgr32.dll
0x00007ffd780c0000 - 0x00007ffd780e6000 	C:\Windows\SYSTEM32\DEVOBJ.dll
0x0000000066240000 - 0x000000006624f000 	C:\Program Files\Java\jdk1.8.0_102\jre\bin\verify.dll
0x0000000066210000 - 0x0000000066239000 	C:\Program Files\Java\jdk1.8.0_102\jre\bin\java.dll
0x00000000661f0000 - 0x0000000066206000 	C:\Program Files\Java\jdk1.8.0_102\jre\bin\zip.dll

VM Arguments:
jvm_args: -Djava.awt.headless=true -Xmx1024M -Dfile.encoding=windows-1252 -Duser.country=US -Duser.language=en -Duser.variant 
java_command: com.android.dx.command.Main --dex --num-threads=4 --multi-dex --main-dex-list C:\Users\dream\AndroidProjects\ImageUpload\app\build\intermediates\multi-dex\debug\maindexlist.txt --output C:\Users\dream\AndroidProjects\ImageUpload\app\build\intermediates\transforms\dex\debug\folders\1000\1f\main C:\Users\dream\AndroidProjects\ImageUpload\app\build\intermediates\transforms\jarMerging\debug\jars\1\1f\combined.jar
java_class_path (initial): C:\Users\dream\AppData\Local\Android\sdk\build-tools\25.0.3\lib\dx.jar
Launcher Type: SUN_STANDARD

Environment Variables:
PATH=C:\ProgramData\Oracle\Java\javapath;C:\Windows\system32;C:\Windows;C:\Windows\System32\Wbem;C:\Windows\System32\WindowsPowerShell\v1.0\;C:\Program Files (x86)\Microsoft SQL Server\100\Tools\Binn\;C:\Program Files\Microsoft SQL Server\100\Tools\Binn\;C:\Program Files\Microsoft SQL Server\100\DTS\Binn\;C:\Program Files (x86)\Microsoft SQL Server\100\DTS\Binn\;C:\Program Files (x86)\Microsoft SQL Server\100\Tools\Binn\VSShell\Common7\IDE\;C:\Program Files (x86)\Microsoft Visual Studio 9.0\Common7\IDE\PrivateAssemblies\;C:\Program Files\Java\jdk1.8.0_102\bin
USERNAME=dream
OS=Windows_NT
PROCESSOR_IDENTIFIER=Intel64 Family 6 Model 69 Stepping 1, GenuineIntel



---------------  S Y S T E M  ---------------

OS: Windows 8.1 , 64 bit Build 9600 (6.3.9600.17031)

CPU:total 4 (2 cores per cpu, 2 threads per core) family 6 model 69 stepping 1, cmov, cx8, fxsr, mmx, sse, sse2, sse3, ssse3, sse4.1, sse4.2, popcnt, avx, avx2, aes, clmul, erms, lzcnt, ht, tsc, tscinvbit, bmi1, bmi2

Memory: 4k page, physical 4096184k(513024k free), swap 4096184k(5172k free)

vm_info: Java HotSpot(TM) 64-Bit Server VM (25.102-b14) for windows-amd64 JRE (1.8.0_102-b14), built on Jun 22 2016 13:15:21 by "java_re" with MS VC++ 10.0 (VS2010)

time: Sun May 28 12:47:38 2017
elapsed time: 13 seconds (0d 0h 0m 13s)

