#
# There is insufficient memory for the Java Runtime Environment to continue.
# Native memory allocation (malloc) failed to allocate 120864 bytes for Chunk::new
# Possible reasons:
#   The system is out of physical RAM or swap space
#   In 32 bit mode, the process size limit was hit
# Possible solutions:
#   Reduce memory load on the system
#   Increase physical memory or swap space
#   Check if swap backing store is full
#   Use 64 bit Java on a 64 bit OS
#   Decrease Java heap size (-Xmx/-Xms)
#   Decrease number of Java threads
#   Decrease Java thread stack sizes (-Xss)
#   Set larger code cache with -XX:ReservedCodeCacheSize=
# This output file may be truncated or incomplete.
#
#  Out of Memory Error (allocation.cpp:390), pid=1376, tid=0x0000000000000a70
#
# JRE version: Java(TM) SE Runtime Environment (8.0_102-b14) (build 1.8.0_102-b14)
# Java VM: Java HotSpot(TM) 64-Bit Server VM (25.102-b14 mixed mode windows-amd64 compressed oops)
# Failed to write core dump. Minidumps are not enabled by default on client versions of Windows
#

---------------  T H R E A D  ---------------

Current thread (0x0000000014aec000):  JavaThread "C2 CompilerThread0" daemon [_thread_in_native, id=2672, stack(0x0000000016130000,0x0000000016230000)]

Stack: [0x0000000016130000,0x0000000016230000]
[error occurred during error reporting (printing stack bounds), id 0xc0000005]

Native frames: (J=compiled Java code, j=interpreted, Vv=VM code, C=native code)


Current CompileTask:
C2:   5644 1245       4       com.android.dx.rop.code.RopMethod::calcPredecessors (227 bytes)


---------------  P R O C E S S  ---------------

Java Threads: ( => current thread )
  0x0000000016755800 JavaThread "pool-1-thread-4" [_thread_in_Java, id=3876, stack(0x0000000016e30000,0x0000000016f30000)]
  0x0000000016755000 JavaThread "pool-1-thread-3" [_thread_blocked, id=1716, stack(0x0000000016d30000,0x0000000016e30000)]
  0x0000000016753800 JavaThread "pool-1-thread-2" [_thread_in_Java, id=2224, stack(0x0000000016c30000,0x0000000016d30000)]
  0x000000001674f800 JavaThread "pool-2-thread-1" [_thread_blocked, id=4344, stack(0x0000000016b30000,0x0000000016c30000)]
  0x000000001674e000 JavaThread "pool-1-thread-1" [_thread_in_Java, id=4260, stack(0x0000000016a30000,0x0000000016b30000)]
  0x000000001643a800 JavaThread "Service Thread" daemon [_thread_blocked, id=4564, stack(0x0000000016830000,0x0000000016930000)]
  0x0000000014b48800 JavaThread "C1 CompilerThread2" daemon [_thread_in_native, id=4540, stack(0x0000000016330000,0x0000000016430000)]
  0x0000000014b45800 JavaThread "C2 CompilerThread1" daemon [_thread_in_native, id=1468, stack(0x0000000016230000,0x0000000016330000)]
=>0x0000000014aec000 JavaThread "C2 CompilerThread0" daemon [_thread_in_native, id=2672, stack(0x0000000016130000,0x0000000016230000)]
  0x0000000014aea800 JavaThread "Attach Listener" daemon [_thread_blocked, id=3832, stack(0x0000000016030000,0x0000000016130000)]
  0x0000000014ae9000 JavaThread "Signal Dispatcher" daemon [_thread_blocked, id=304, stack(0x0000000015f30000,0x0000000016030000)]
  0x0000000014ada800 JavaThread "Finalizer" daemon [_thread_blocked, id=5072, stack(0x0000000015d50000,0x0000000015e50000)]
  0x0000000014ab9000 JavaThread "Reference Handler" daemon [_thread_blocked, id=4672, stack(0x0000000015c50000,0x0000000015d50000)]
  0x0000000002320800 JavaThread "main" [_thread_in_Java, id=1184, stack(0x00000000021d0000,0x00000000022d0000)]

Other Threads:
  0x0000000014ab6800 VMThread [stack: 0x0000000015b50000,0x0000000015c50000] [id=4836]
  0x0000000016445800 WatcherThread [stack: 0x0000000016930000,0x0000000016a30000] [id=4044]

VM state:not at safepoint (normal execution)

VM Mutex/Monitor currently owned by a thread: None

Heap:
 PSYoungGen      total 18944K, used 15627K [0x00000000eab00000, 0x00000000ed000000, 0x0000000100000000)
  eden space 16384K, 79% used [0x00000000eab00000,0x00000000eb7c5370,0x00000000ebb00000)
  from space 2560K, 99% used [0x00000000ecd80000,0x00000000ecffdc60,0x00000000ed000000)
  to   space 2560K, 0% used [0x00000000ebb00000,0x00000000ebb00000,0x00000000ebd80000)
 ParOldGen       total 44032K, used 1666K [0x00000000c0000000, 0x00000000c2b00000, 0x00000000eab00000)
  object space 44032K, 3% used [0x00000000c0000000,0x00000000c01a0938,0x00000000c2b00000)
 Metaspace       used 5957K, capacity 6960K, committed 7040K, reserved 1056768K
  class space    used 592K, capacity 616K, committed 640K, reserved 1048576K

Card table byte_map: [0x00000000117e0000,0x00000000119f0000] byte_map_base: 0x00000000111e0000

Marking Bits: (ParMarkBitMap*) 0x000000005d32a6c0
 Begin Bits: [0x0000000011f50000, 0x0000000012f50000)
 End Bits:   [0x0000000012f50000, 0x0000000013f50000)

Polling page: 0x0000000002140000

CodeCache: size=245760Kb used=4944Kb max_used=4944Kb free=240815Kb
 bounds [0x0000000002420000, 0x0000000002900000, 0x0000000011420000]
 total_blobs=1510 nmethods=1247 adapters=176
 compilation: enabled

Compilation events (10 events):
Event: 5.637 Thread 0x0000000014b48800 nmethod 1244 0x00000000028c7250 code [0x00000000028c73c0, 0x00000000028c75c8]
Event: 5.637 Thread 0x0000000014b48800 1250       3       com.android.dx.cf.code.BaseMachine::localInfo (6 bytes)
Event: 5.637 Thread 0x0000000014b48800 nmethod 1250 0x00000000028f0dd0 code [0x00000000028f0f20, 0x00000000028f1070]
Event: 5.637 Thread 0x0000000014b48800 1257       3       com.android.dx.rop.code.Insn$BaseVisitor::visitThrowingCstInsn (1 bytes)
Event: 5.637 Thread 0x0000000014b48800 nmethod 1257 0x00000000028f1110 code [0x00000000028f1260, 0x00000000028f13b0]
Event: 5.637 Thread 0x0000000014b48800 1258       3       com.android.dx.dex.code.RopTranslator$TranslationVisitor::visitThrowingCstInsn (225 bytes)
Event: 5.641 Thread 0x0000000014b48800 nmethod 1258 0x00000000028f1450 code [0x00000000028f17e0, 0x00000000028f3a28]
Event: 5.641 Thread 0x0000000014b48800 1259       3       com.android.dx.dex.code.RopTranslator$LocalVariableAwareTranslationVisitor::visitThrowingCstInsn (11 bytes)
Event: 5.642 Thread 0x0000000014b48800 nmethod 1259 0x00000000028f4c50 code [0x00000000028f4e60, 0x00000000028f59b8]
Event: 5.642 Thread 0x0000000014b48800 1256       3       java.util.Vector::<init> (49 bytes)

GC Heap History (4 events):
Event: 2.251 GC heap before
{Heap before GC invocations=1 (full 0):
 PSYoungGen      total 18944K, used 16384K [0x00000000eab00000, 0x00000000ec000000, 0x0000000100000000)
  eden space 16384K, 100% used [0x00000000eab00000,0x00000000ebb00000,0x00000000ebb00000)
  from space 2560K, 0% used [0x00000000ebd80000,0x00000000ebd80000,0x00000000ec000000)
  to   space 2560K, 0% used [0x00000000ebb00000,0x00000000ebb00000,0x00000000ebd80000)
 ParOldGen       total 44032K, used 0K [0x00000000c0000000, 0x00000000c2b00000, 0x00000000eab00000)
  object space 44032K, 0% used [0x00000000c0000000,0x00000000c0000000,0x00000000c2b00000)
 Metaspace       used 4153K, capacity 5392K, committed 5760K, reserved 1056768K
  class space    used 464K, capacity 520K, committed 640K, reserved 1048576K
Event: 2.279 GC heap after
Heap after GC invocations=1 (full 0):
 PSYoungGen      total 18944K, used 1685K [0x00000000eab00000, 0x00000000ed000000, 0x0000000100000000)
  eden space 16384K, 0% used [0x00000000eab00000,0x00000000eab00000,0x00000000ebb00000)
  from space 2560K, 65% used [0x00000000ebb00000,0x00000000ebca5628,0x00000000ebd80000)
  to   space 2560K, 0% used [0x00000000ecd80000,0x00000000ecd80000,0x00000000ed000000)
 ParOldGen       total 44032K, used 0K [0x00000000c0000000, 0x00000000c2b00000, 0x00000000eab00000)
  object space 44032K, 0% used [0x00000000c0000000,0x00000000c0000000,0x00000000c2b00000)
 Metaspace       used 4153K, capacity 5392K, committed 5760K, reserved 1056768K
  class space    used 464K, capacity 520K, committed 640K, reserved 1048576K
}
Event: 4.837 GC heap before
{Heap before GC invocations=2 (full 0):
 PSYoungGen      total 18944K, used 18069K [0x00000000eab00000, 0x00000000ed000000, 0x0000000100000000)
  eden space 16384K, 100% used [0x00000000eab00000,0x00000000ebb00000,0x00000000ebb00000)
  from space 2560K, 65% used [0x00000000ebb00000,0x00000000ebca5628,0x00000000ebd80000)
  to   space 2560K, 0% used [0x00000000ecd80000,0x00000000ecd80000,0x00000000ed000000)
 ParOldGen       total 44032K, used 0K [0x00000000c0000000, 0x00000000c2b00000, 0x00000000eab00000)
  object space 44032K, 0% used [0x00000000c0000000,0x00000000c0000000,0x00000000c2b00000)
 Metaspace       used 5727K, capacity 6768K, committed 7040K, reserved 1056768K
  class space    used 587K, capacity 616K, committed 640K, reserved 1048576K
Event: 4.856 GC heap after
Heap after GC invocations=2 (full 0):
 PSYoungGen      total 18944K, used 2551K [0x00000000eab00000, 0x00000000ed000000, 0x0000000100000000)
  eden space 16384K, 0% used [0x00000000eab00000,0x00000000eab00000,0x00000000ebb00000)
  from space 2560K, 99% used [0x00000000ecd80000,0x00000000ecffdc60,0x00000000ed000000)
  to   space 2560K, 0% used [0x00000000ebb00000,0x00000000ebb00000,0x00000000ebd80000)
 ParOldGen       total 44032K, used 1666K [0x00000000c0000000, 0x00000000c2b00000, 0x00000000eab00000)
  object space 44032K, 3% used [0x00000000c0000000,0x00000000c01a0938,0x00000000c2b00000)
 Metaspace       used 5727K, capacity 6768K, committed 7040K, reserved 1056768K
  class space    used 587K, capacity 616K, committed 640K, reserved 1048576K
}

Deoptimization events (10 events):
Event: 1.410 Thread 0x0000000002320800 Uncommon trap: reason=unstable_if action=reinterpret pc=0x0000000002589354 method=java.lang.String.compareTo(Ljava/lang/String;)I @ 38
Event: 3.652 Thread 0x0000000016755800 Uncommon trap: reason=unstable_if action=reinterpret pc=0x0000000002637d40 method=java.util.HashMap.getNode(ILjava/lang/Object;)Ljava/util/HashMap$Node; @ 62
Event: 5.077 Thread 0x0000000016753800 Uncommon trap: reason=class_check action=maybe_recompile pc=0x000000000279c898 method=com.android.dx.rop.type.Type.equals(Ljava/lang/Object;)Z @ 8
Event: 5.077 Thread 0x0000000016753800 Uncommon trap: reason=class_check action=maybe_recompile pc=0x000000000279c898 method=com.android.dx.rop.type.Type.equals(Ljava/lang/Object;)Z @ 8
Event: 5.078 Thread 0x0000000016753800 Uncommon trap: reason=class_check action=maybe_recompile pc=0x000000000279c898 method=com.android.dx.rop.type.Type.equals(Ljava/lang/Object;)Z @ 8
Event: 5.078 Thread 0x0000000016753800 Uncommon trap: reason=class_check action=maybe_recompile pc=0x000000000279c898 method=com.android.dx.rop.type.Type.equals(Ljava/lang/Object;)Z @ 8
Event: 5.079 Thread 0x0000000016753800 Uncommon trap: reason=class_check action=maybe_recompile pc=0x0000000002710468 method=com.android.dx.rop.type.Type.equals(Ljava/lang/Object;)Z @ 8
Event: 5.111 Thread 0x0000000016755000 Uncommon trap: reason=unstable_if action=reinterpret pc=0x00000000026b01f0 method=java.util.BitSet.nextSetBit(I)I @ 87
Event: 5.157 Thread 0x0000000016753800 Uncommon trap: reason=class_check action=maybe_recompile pc=0x00000000026ce86c method=com.android.dx.rop.type.Type.equals(Ljava/lang/Object;)Z @ 8
Event: 5.176 Thread 0x0000000016753800 Uncommon trap: reason=unstable_if action=reinterpret pc=0x0000000002708e5c method=com.android.dx.rop.cst.Constant.compareTo(Lcom/android/dx/rop/cst/Constant;)I @ 12

Internal exceptions (2 events):
Event: 0.146 Thread 0x0000000002320800 Exception <a 'java/lang/NoSuchMethodError': Method sun.misc.Unsafe.defineClass(Ljava/lang/String;[BII)Ljava/lang/Class; name or signature does not match> (0x00000000eab07c78) thrown at [C:\re\workspace\8-2-build-windows-amd64-cygwin\jdk8u102\7268\hotspot\s	0จฅดย?
Event: 0.146 Thread 0x0000000002320800 Exception <a 'java/lang/NoSuchMethodError': Method sun.misc.Unsafe.prefetchRead(Ljava/lang/Object;J)V name or signature does not match> (0x00000000eab07f60) thrown at [C:\re\workspace\8-2-build-windows-amd64-cygwin\jdk8u102\7268\hotspot\src\share\vm\prims\

Events (10 events):
Event: 5.254 loading class com/android/dx/cf/attrib/AttRuntimeVisibleAnnotations
Event: 5.254 loading class com/android/dx/cf/attrib/AttRuntimeVisibleAnnotations done
Event: 5.275 loading class com/android/dx/rop/code/RegOps
Event: 5.275 loading class com/android/dx/rop/code/RegOps done
Event: 5.318 loading class java/util/TreeMap$EntrySet
Event: 5.318 loading class java/util/TreeMap$EntrySet done
Event: 5.318 loading class java/util/TreeMap$EntryIterator
Event: 5.318 loading class java/util/TreeMap$EntryIterator done
Event: 5.318 Executing VM operation: Deoptimize
Event: 5.455 Executing VM operation: Deoptimize done


Dynamic libraries:
0x00007ff77d050000 - 0x00007ff77d087000 	C:\Program Files\Java\jdk1.8.0_102\bin\java.exe
0x00007ff92e4e0000 - 0x00007ff92e68d000 	C:\Windows\SYSTEM32\ntdll.dll
0x00007ff92e390000 - 0x00007ff92e4ca000 	C:\Windows\system32\KERNEL32.DLL
0x00007ff92b880000 - 0x00007ff92b995000 	C:\Windows\system32\KERNELBASE.dll
0x00007ff929c60000 - 0x00007ff929cee000 	C:\Windows\system32\apphelp.dll
0x00007ff918fb0000 - 0x00007ff919003000 	C:\Windows\AppPatch\AppPatch64\AcGenral.DLL
0x00007ff92e150000 - 0x00007ff92e1f7000 	C:\Windows\system32\msvcrt.dll
0x00007ff92bb80000 - 0x00007ff92bbab000 	C:\Windows\system32\SspiCli.dll
0x00007ff92c6a0000 - 0x00007ff92c6f1000 	C:\Windows\system32\SHLWAPI.dll
0x00007ff92e210000 - 0x00007ff92e381000 	C:\Windows\system32\USER32.dll
0x00007ff92bd50000 - 0x00007ff92bee4000 	C:\Windows\system32\ole32.dll
0x00007ff92c700000 - 0x00007ff92dc2b000 	C:\Windows\system32\SHELL32.dll
0x00007ff92ad50000 - 0x00007ff92ad6f000 	C:\Windows\SYSTEM32\USERENV.dll
0x00007ff92c1a0000 - 0x00007ff92c24a000 	C:\Windows\system32\ADVAPI32.dll
0x00007ff922270000 - 0x00007ff92228b000 	C:\Windows\SYSTEM32\MPR.dll
0x00007ff92df40000 - 0x00007ff92e080000 	C:\Windows\system32\RPCRT4.dll
0x00007ff92dc30000 - 0x00007ff92dc89000 	C:\Windows\SYSTEM32\sechost.dll
0x00007ff92c4c0000 - 0x00007ff92c696000 	C:\Windows\SYSTEM32\combase.dll
0x00007ff92bc00000 - 0x00007ff92bd50000 	C:\Windows\system32\GDI32.dll
0x00007ff92b6b0000 - 0x00007ff92b6c4000 	C:\Windows\SYSTEM32\profapi.dll
0x00007ff929bc0000 - 0x00007ff929c5f000 	C:\Windows\SYSTEM32\SHCORE.dll
0x00007ff92bef0000 - 0x00007ff92bf24000 	C:\Windows\system32\IMM32.DLL
0x00007ff92c250000 - 0x00007ff92c3a2000 	C:\Windows\system32\MSCTF.dll
0x00007ff929750000 - 0x00007ff9299cb000 	C:\Windows\WinSxS\amd64_microsoft.windows.common-controls_6595b64144ccf1df_6.0.9600.18006_none_623f33d3ecbe86e8\COMCTL32.dll
0x000000005c890000 - 0x000000005c961000 	C:\Program Files\Java\jdk1.8.0_102\jre\bin\msvcr100.dll
0x000000005cb10000 - 0x000000005d3aa000 	C:\Program Files\Java\jdk1.8.0_102\jre\bin\server\jvm.dll
0x00007ff9183d0000 - 0x00007ff9183d9000 	C:\Windows\SYSTEM32\WSOCK32.dll
0x00007ff923e40000 - 0x00007ff923e5f000 	C:\Windows\SYSTEM32\WINMM.dll
0x00007ff924d10000 - 0x00007ff924d1a000 	C:\Windows\SYSTEM32\VERSION.dll
0x00007ff92e4d0000 - 0x00007ff92e4d7000 	C:\Windows\system32\PSAPI.DLL
0x00007ff92dc90000 - 0x00007ff92dcea000 	C:\Windows\system32\WS2_32.dll
0x00007ff923e10000 - 0x00007ff923e3a000 	C:\Windows\SYSTEM32\WINMMBASE.dll
0x00007ff92c190000 - 0x00007ff92c199000 	C:\Windows\system32\NSI.dll
0x00007ff92bbb0000 - 0x00007ff92bbfa000 	C:\Windows\SYSTEM32\cfgmgr32.dll
0x00007ff92a530000 - 0x00007ff92a556000 	C:\Windows\SYSTEM32\DEVOBJ.dll
0x000000005dc00000 - 0x000000005dc0f000 	C:\Program Files\Java\jdk1.8.0_102\jre\bin\verify.dll
0x000000005dbd0000 - 0x000000005dbf9000 	C:\Program Files\Java\jdk1.8.0_102\jre\bin\java.dll
0x000000005dbb0000 - 0x000000005dbc6000 	C:\Program Files\Java\jdk1.8.0_102\jre\bin\zip.dll

VM Arguments:
jvm_args: -Djava.awt.headless=true -Xmx1024M -Dfile.encoding=windows-1252 -Duser.country=US -Duser.language=en -Duser.variant 
java_command: com.android.dx.command.Main --dex --num-threads=4 --output C:\Users\dream\AndroidProjects\ImageUpload\app\build\intermediates\pre-dexed\debug\com.android.support-support-compat-25.3.1_1d877ef53cb7e6cfc1563e9b5e403e8002316bb5.jar C:\Users\dream\AndroidProjects\ImageUpload\app\build\intermediates\exploded-aar\com.android.support\support-compat\25.3.1\jars\classes.jar
java_class_path (initial): C:\Users\dream\AppData\Local\Android\sdk\build-tools\25.0.3\lib\dx.jar
Launcher Type: SUN_STANDARD

Environment Variables:
PATH=C:\ProgramData\Oracle\Java\javapath;C:\Windows\system32;C:\Windows;C:\Windows\System32\Wbem;C:\Windows\System32\WindowsPowerShell\v1.0\;C:\Program Files (x86)\Microsoft SQL Server\100\Tools\Binn\;C:\Program Files\Microsoft SQL Server\100\Tools\Binn\;C:\Program Files\Microsoft SQL Server\100\DTS\Binn\;C:\Program Files (x86)\Microsoft SQL Server\100\DTS\Binn\;C:\Program Files (x86)\Microsoft SQL Server\100\Tools\Binn\VSShell\Common7\IDE\;C:\Program Files (x86)\Microsoft Visual Studio 9.0\Common7\IDE\PrivateAssemblies\;C:\Program Files\Java\jdk1.8.0_102\bin
USERNAME=dream
OS=Windows_NT
PROCESSOR_IDENTIFIER=Intel64 Family 6 Model 69 Stepping 1, GenuineIntel



---------------  S Y S T E M  ---------------

OS: Windows 8.1 , 64 bit Build 9600 (6.3.9600.17031)

CPU:total 4 (2 cores per cpu, 2 threads per core) family 6 model 69 stepping 1, cmov, cx8, fxsr, mmx, sse, sse2, sse3, ssse3, sse4.1, sse4.2, popcnt, avx, avx2, aes, clmul, erms, lzcnt, ht, tsc, tscinvbit, bmi1, bmi2

Memory: 4k page, physical 4096184k(815232k free), swap 4096184k(5192k free)

vm_info: Java HotSpot(TM) 64-Bit Server VM (25.102-b14) for windows-amd64 JRE (1.8.0_102-b14), built on Jun 22 2016 13:15:21 by "java_re" with MS VC++ 10.0 (VS2010)

time: Fri May 26 15:06:56 2017
elapsed time: 5 seconds (0d 0h 0m 5s)

