#
# There is insufficient memory for the Java Runtime Environment to continue.
# Native memory allocation (malloc) failed to allocate 153616 bytes for Chunk::new
# Possible reasons:
#   The system is out of physical RAM or swap space
#   In 32 bit mode, the process size limit was hit
# Possible solutions:
#   Reduce memory load on the system
#   Increase physical memory or swap space
#   Check if swap backing store is full
#   Use 64 bit Java on a 64 bit OS
#   Decrease Java heap size (-Xmx/-Xms)
#   Decrease number of Java threads
#   Decrease Java thread stack sizes (-Xss)
#   Set larger code cache with -XX:ReservedCodeCacheSize=
# This output file may be truncated or incomplete.
#
#  Out of Memory Error (allocation.cpp:390), pid=5064, tid=0x00000000000013b0
#
# JRE version: Java(TM) SE Runtime Environment (8.0_102-b14) (build 1.8.0_102-b14)
# Java VM: Java HotSpot(TM) 64-Bit Server VM (25.102-b14 mixed mode windows-amd64 compressed oops)
# Failed to write core dump. Minidumps are not enabled by default on client versions of Windows
#

---------------  T H R E A D  ---------------

Current thread (0x0000000014a10800):  JavaThread "C2 CompilerThread1" daemon [_thread_in_native, id=5040, stack(0x0000000016140000,0x0000000016240000)]

Stack: [0x0000000016140000,0x0000000016240000]
[error occurred during error reporting (printing stack bounds), id 0xc0000005]

Native frames: (J=compiled Java code, j=interpreted, Vv=VM code, C=native code)


Current CompileTask:
C2:   1555  700       4       com.android.dx.ssa.SsaBasicBlock::forEachInsn (37 bytes)


---------------  P R O C E S S  ---------------

Java Threads: ( => current thread )
  0x00000000164b2800 JavaThread "pool-1-thread-4" [_thread_in_vm, id=196, stack(0x0000000016d40000,0x0000000016e40000)]
  0x00000000164b1800 JavaThread "pool-1-thread-3" [_thread_blocked, id=1044, stack(0x0000000016c40000,0x0000000016d40000)]
  0x000000001650a800 JavaThread "pool-1-thread-2" [_thread_in_Java, id=1712, stack(0x0000000016b40000,0x0000000016c40000)]
  0x0000000016509800 JavaThread "pool-2-thread-1" [_thread_blocked, id=2832, stack(0x0000000016a40000,0x0000000016b40000)]
  0x00000000164df800 JavaThread "pool-1-thread-1" [_thread_in_vm, id=1264, stack(0x0000000016940000,0x0000000016a40000)]
  0x000000001624e000 JavaThread "Service Thread" daemon [_thread_blocked, id=2128, stack(0x0000000016740000,0x0000000016840000)]
  0x0000000016248800 JavaThread "C1 CompilerThread2" daemon [_thread_in_native, id=5116, stack(0x0000000016640000,0x0000000016740000)]
=>0x0000000014a10800 JavaThread "C2 CompilerThread1" daemon [_thread_in_native, id=5040, stack(0x0000000016140000,0x0000000016240000)]
  0x0000000014a0d800 JavaThread "C2 CompilerThread0" daemon [_thread_in_native, id=4508, stack(0x0000000016040000,0x0000000016140000)]
  0x0000000014a0b800 JavaThread "Attach Listener" daemon [_thread_blocked, id=4180, stack(0x0000000015f40000,0x0000000016040000)]
  0x0000000014a0a800 JavaThread "Signal Dispatcher" daemon [_thread_blocked, id=3932, stack(0x0000000015e40000,0x0000000015f40000)]
  0x000000000233a000 JavaThread "Finalizer" daemon [_thread_blocked, id=4956, stack(0x0000000015c60000,0x0000000015d60000)]
  0x000000000232f000 JavaThread "Reference Handler" daemon [_thread_blocked, id=4368, stack(0x0000000015b60000,0x0000000015c60000)]
  0x0000000002240800 JavaThread "main" [_thread_blocked, id=3404, stack(0x0000000002140000,0x0000000002240000)]

Other Threads:
  0x00000000149d7800 VMThread [stack: 0x0000000015a60000,0x0000000015b60000] [id=3492]
  0x0000000016252000 WatcherThread [stack: 0x0000000016840000,0x0000000016940000] [id=1860]

VM state:not at safepoint (normal execution)

VM Mutex/Monitor currently owned by a thread: None

Heap:
 PSYoungGen      total 18944K, used 15719K [0x00000000eab00000, 0x00000000ec000000, 0x0000000100000000)
  eden space 16384K, 95% used [0x00000000eab00000,0x00000000eba59dd0,0x00000000ebb00000)
  from space 2560K, 0% used [0x00000000ebd80000,0x00000000ebd80000,0x00000000ec000000)
  to   space 2560K, 0% used [0x00000000ebb00000,0x00000000ebb00000,0x00000000ebd80000)
 ParOldGen       total 44032K, used 0K [0x00000000c0000000, 0x00000000c2b00000, 0x00000000eab00000)
  object space 44032K, 0% used [0x00000000c0000000,0x00000000c0000000,0x00000000c2b00000)
 Metaspace       used 5749K, capacity 6706K, committed 6784K, reserved 1056768K
  class space    used 599K, capacity 618K, committed 640K, reserved 1048576K

Card table byte_map: [0x0000000011700000,0x0000000011910000] byte_map_base: 0x0000000011100000

Marking Bits: (ParMarkBitMap*) 0x000000005d32a6c0
 Begin Bits: [0x0000000011e70000, 0x0000000012e70000)
 End Bits:   [0x0000000012e70000, 0x0000000013e70000)

Polling page: 0x0000000000790000

CodeCache: size=245760Kb used=2959Kb max_used=2963Kb free=242800Kb
 bounds [0x0000000002340000, 0x0000000002630000, 0x0000000011340000]
 total_blobs=974 nmethods=705 adapters=182
 compilation: enabled

Compilation events (10 events):
Event: 1.552 Thread 0x0000000014a0d800  710   !   4       com.android.dx.util.FixedSizeList::<init> (36 bytes)
Event: 1.552 Thread 0x0000000016248800  718       3       java.util.Collections::unmodifiableList (27 bytes)
Event: 1.553 Thread 0x0000000016248800 nmethod 718 0x0000000002624190 code [0x0000000002624360, 0x0000000002624bb8]
Event: 1.553 Thread 0x0000000016248800  632       1       com.android.dx.rop.type.Prototype::getParameterTypes (5 bytes)
Event: 1.553 Thread 0x0000000016248800 nmethod 632 0x0000000002623ed0 code [0x0000000002624020, 0x0000000002624130]
Event: 1.553 Thread 0x0000000016248800  708       1       com.android.dx.rop.cst.TypedConstant::isConstant (2 bytes)
Event: 1.553 Thread 0x0000000016248800 nmethod 708 0x0000000002623c10 code [0x0000000002623d60, 0x0000000002623e70]
Event: 1.553 Thread 0x0000000016248800  661       1       com.android.dx.ssa.back.FirstFitLocalCombiningAllocator::access$200 (5 bytes)
Event: 1.553 Thread 0x0000000016248800 nmethod 661 0x0000000002623950 code [0x0000000002623aa0, 0x0000000002623b90]
Event: 1.553 Thread 0x0000000016248800  720       3       com.android.dx.ssa.back.InterferenceGraph::add (46 bytes)

GC Heap History (0 events):
No events

Deoptimization events (2 events):
Event: 1.275 Thread 0x0000000002240800 Uncommon trap: reason=unstable_if action=reinterpret pc=0x000000000257dac0 method=java.util.HashMap.getNode(ILjava/lang/Object;)Ljava/util/HashMap$Node; @ 62
Event: 1.549 Thread 0x00000000164df800 Uncommon trap: reason=unstable_if action=reinterpret pc=0x00000000025d0d74 method=java.util.BitSet.ensureCapacity(I)V @ 6

Internal exceptions (2 events):
Event: 0.057 Thread 0x0000000002240800 Exception <a 'java/lang/NoSuchMethodError': Method sun.misc.Unsafe.defineClass(Ljava/lang/String;[BII)Ljava/lang/Class; name or signature does not match> (0x00000000eab07c78) thrown at [C:\re\workspace\8-2-build-windows-amd64-cygwin\jdk8u102\7268\hotspot\sïê–'≠?
Event: 0.057 Thread 0x0000000002240800 Exception <a 'java/lang/NoSuchMethodError': Method sun.misc.Unsafe.prefetchRead(Ljava/lang/Object;J)V name or signature does not match> (0x00000000eab07f60) thrown at [C:\re\workspace\8-2-build-windows-amd64-cygwin\jdk8u102\7268\hotspot\src\share\vm\prims\

Events (10 events):
Event: 1.312 loading class java/util/HashMap$Values done
Event: 1.312 loading class java/util/HashMap$ValueIterator
Event: 1.312 loading class java/util/HashMap$ValueIterator done
Event: 1.495 loading class java/util/DualPivotQuicksort
Event: 1.495 loading class java/util/DualPivotQuicksort done
Event: 1.514 loading class java/util/ArrayList$1
Event: 1.515 loading class java/util/ArrayList$1 done
Event: 1.549 Thread 0x00000000164df800 Uncommon trap: trap_request=0xffffff65 fr.pc=0x00000000025d0d74
Event: 1.549 Thread 0x00000000164df800 DEOPT PACKING pc=0x00000000025d0d74 sp=0x0000000016a3e6b0
Event: 1.549 Thread 0x00000000164df800 DEOPT UNPACKING pc=0x000000000238582a sp=0x0000000016a3e598 mode 2


Dynamic libraries:
0x00007ff77d050000 - 0x00007ff77d087000 	C:\Program Files\Java\jdk1.8.0_102\bin\java.exe
0x00007ff92e4e0000 - 0x00007ff92e68d000 	C:\Windows\SYSTEM32\ntdll.dll
0x00007ff92e390000 - 0x00007ff92e4ca000 	C:\Windows\system32\KERNEL32.DLL
0x00007ff92b880000 - 0x00007ff92b995000 	C:\Windows\system32\KERNELBASE.dll
0x00007ff929c60000 - 0x00007ff929cee000 	C:\Windows\system32\apphelp.dll
0x00007ff918fb0000 - 0x00007ff919003000 	C:\Windows\AppPatch\AppPatch64\AcGenral.DLL
0x00007ff92e150000 - 0x00007ff92e1f7000 	C:\Windows\system32\msvcrt.dll
0x00007ff92bb80000 - 0x00007ff92bbab000 	C:\Windows\system32\SspiCli.dll
0x00007ff92c6a0000 - 0x00007ff92c6f1000 	C:\Windows\system32\SHLWAPI.dll
0x00007ff92e210000 - 0x00007ff92e381000 	C:\Windows\system32\USER32.dll
0x00007ff92bd50000 - 0x00007ff92bee4000 	C:\Windows\system32\ole32.dll
0x00007ff92c700000 - 0x00007ff92dc2b000 	C:\Windows\system32\SHELL32.dll
0x00007ff92ad50000 - 0x00007ff92ad6f000 	C:\Windows\SYSTEM32\USERENV.dll
0x00007ff92c1a0000 - 0x00007ff92c24a000 	C:\Windows\system32\ADVAPI32.dll
0x00007ff922270000 - 0x00007ff92228b000 	C:\Windows\SYSTEM32\MPR.dll
0x00007ff92df40000 - 0x00007ff92e080000 	C:\Windows\system32\RPCRT4.dll
0x00007ff92dc30000 - 0x00007ff92dc89000 	C:\Windows\SYSTEM32\sechost.dll
0x00007ff92c4c0000 - 0x00007ff92c696000 	C:\Windows\SYSTEM32\combase.dll
0x00007ff92bc00000 - 0x00007ff92bd50000 	C:\Windows\system32\GDI32.dll
0x00007ff92b6b0000 - 0x00007ff92b6c4000 	C:\Windows\SYSTEM32\profapi.dll
0x00007ff929bc0000 - 0x00007ff929c5f000 	C:\Windows\SYSTEM32\SHCORE.dll
0x00007ff92bef0000 - 0x00007ff92bf24000 	C:\Windows\system32\IMM32.DLL
0x00007ff92c250000 - 0x00007ff92c3a2000 	C:\Windows\system32\MSCTF.dll
0x00007ff929750000 - 0x00007ff9299cb000 	C:\Windows\WinSxS\amd64_microsoft.windows.common-controls_6595b64144ccf1df_6.0.9600.18006_none_623f33d3ecbe86e8\COMCTL32.dll
0x000000005c890000 - 0x000000005c961000 	C:\Program Files\Java\jdk1.8.0_102\jre\bin\msvcr100.dll
0x000000005cb10000 - 0x000000005d3aa000 	C:\Program Files\Java\jdk1.8.0_102\jre\bin\server\jvm.dll
0x00007ff9183d0000 - 0x00007ff9183d9000 	C:\Windows\SYSTEM32\WSOCK32.dll
0x00007ff923e40000 - 0x00007ff923e5f000 	C:\Windows\SYSTEM32\WINMM.dll
0x00007ff924d10000 - 0x00007ff924d1a000 	C:\Windows\SYSTEM32\VERSION.dll
0x00007ff92e4d0000 - 0x00007ff92e4d7000 	C:\Windows\system32\PSAPI.DLL
0x00007ff92dc90000 - 0x00007ff92dcea000 	C:\Windows\system32\WS2_32.dll
0x00007ff923e10000 - 0x00007ff923e3a000 	C:\Windows\SYSTEM32\WINMMBASE.dll
0x00007ff92c190000 - 0x00007ff92c199000 	C:\Windows\system32\NSI.dll
0x00007ff92bbb0000 - 0x00007ff92bbfa000 	C:\Windows\SYSTEM32\cfgmgr32.dll
0x00007ff92a530000 - 0x00007ff92a556000 	C:\Windows\SYSTEM32\DEVOBJ.dll
0x000000005dc00000 - 0x000000005dc0f000 	C:\Program Files\Java\jdk1.8.0_102\jre\bin\verify.dll
0x000000005dbd0000 - 0x000000005dbf9000 	C:\Program Files\Java\jdk1.8.0_102\jre\bin\java.dll
0x000000005dbb0000 - 0x000000005dbc6000 	C:\Program Files\Java\jdk1.8.0_102\jre\bin\zip.dll

VM Arguments:
jvm_args: -Djava.awt.headless=true -Xmx1024M -Dfile.encoding=windows-1252 -Duser.country=US -Duser.language=en -Duser.variant 
java_command: com.android.dx.command.Main --dex --num-threads=4 --output C:\Users\dream\AndroidProjects\ImageUpload\app\build\intermediates\pre-dexed\debug\okhttp-2.7.0_33e14b496f0f346aff0d32427497c328950af99b.jar C:\Users\dream\.gradle\caches\modules-2\files-2.1\com.squareup.okhttp\okhttp\2.7.0\1477ec5caf8319ab4b51eb43553cd66aa86fdea5\okhttp-2.7.0.jar
java_class_path (initial): C:\Users\dream\AppData\Local\Android\sdk\build-tools\25.0.3\lib\dx.jar
Launcher Type: SUN_STANDARD

Environment Variables:
PATH=C:\ProgramData\Oracle\Java\javapath;C:\Windows\system32;C:\Windows;C:\Windows\System32\Wbem;C:\Windows\System32\WindowsPowerShell\v1.0\;C:\Program Files (x86)\Microsoft SQL Server\100\Tools\Binn\;C:\Program Files\Microsoft SQL Server\100\Tools\Binn\;C:\Program Files\Microsoft SQL Server\100\DTS\Binn\;C:\Program Files (x86)\Microsoft SQL Server\100\DTS\Binn\;C:\Program Files (x86)\Microsoft SQL Server\100\Tools\Binn\VSShell\Common7\IDE\;C:\Program Files (x86)\Microsoft Visual Studio 9.0\Common7\IDE\PrivateAssemblies\;C:\Program Files\Java\jdk1.8.0_102\bin
USERNAME=dream
OS=Windows_NT
PROCESSOR_IDENTIFIER=Intel64 Family 6 Model 69 Stepping 1, GenuineIntel



---------------  S Y S T E M  ---------------

OS: Windows 8.1 , 64 bit Build 9600 (6.3.9600.17031)

CPU:total 4 (2 cores per cpu, 2 threads per core) family 6 model 69 stepping 1, cmov, cx8, fxsr, mmx, sse, sse2, sse3, ssse3, sse4.1, sse4.2, popcnt, avx, avx2, aes, clmul, erms, lzcnt, ht, tsc, tscinvbit, bmi1, bmi2

Memory: 4k page, physical 4096184k(747184k free), swap 4096184k(5156k free)

vm_info: Java HotSpot(TM) 64-Bit Server VM (25.102-b14) for windows-amd64 JRE (1.8.0_102-b14), built on Jun 22 2016 13:15:21 by "java_re" with MS VC++ 10.0 (VS2010)

time: Fri May 26 14:59:54 2017
elapsed time: 1 seconds (0d 0h 0m 1s)

