#
# There is insufficient memory for the Java Runtime Environment to continue.
# Native memory allocation (malloc) failed to allocate 37696 bytes for Chunk::new
# Possible reasons:
#   The system is out of physical RAM or swap space
#   In 32 bit mode, the process size limit was hit
# Possible solutions:
#   Reduce memory load on the system
#   Increase physical memory or swap space
#   Check if swap backing store is full
#   Use 64 bit Java on a 64 bit OS
#   Decrease Java heap size (-Xmx/-Xms)
#   Decrease number of Java threads
#   Decrease Java thread stack sizes (-Xss)
#   Set larger code cache with -XX:ReservedCodeCacheSize=
# This output file may be truncated or incomplete.
#
#  Out of Memory Error (allocation.cpp:390), pid=3704, tid=0x0000000000000e24
#
# JRE version: Java(TM) SE Runtime Environment (8.0_102-b14) (build 1.8.0_102-b14)
# Java VM: Java HotSpot(TM) 64-Bit Server VM (25.102-b14 mixed mode windows-amd64 compressed oops)
# Failed to write core dump. Minidumps are not enabled by default on client versions of Windows
#

---------------  T H R E A D  ---------------

Current thread (0x000000001531c000):  JavaThread "C2 CompilerThread0" daemon [_thread_in_native, id=3620, stack(0x0000000016880000,0x0000000016980000)]

Stack: [0x0000000016880000,0x0000000016980000]
[error occurred during error reporting (printing stack bounds), id 0xc0000005]

Native frames: (J=compiled Java code, j=interpreted, Vv=VM code, C=native code)


Current CompileTask:
C2:   1758  550       4       java.lang.String::compareTo (78 bytes)


---------------  P R O C E S S  ---------------

Java Threads: ( => current thread )
  0x0000000016d41800 JavaThread "pool-1-thread-4" [_thread_in_Java, id=3740, stack(0x0000000017580000,0x0000000017680000)]
  0x0000000016d3c000 JavaThread "pool-1-thread-3" [_thread_in_Java, id=444, stack(0x0000000017480000,0x0000000017580000)]
  0x0000000016d38800 JavaThread "pool-1-thread-2" [_thread_blocked, id=2700, stack(0x0000000017380000,0x0000000017480000)]
  0x0000000016d31800 JavaThread "pool-2-thread-1" [_thread_blocked, id=4844, stack(0x0000000017280000,0x0000000017380000)]
  0x0000000016d30800 JavaThread "pool-1-thread-1" [_thread_in_vm, id=3748, stack(0x0000000017180000,0x0000000017280000)]
  0x0000000016b86800 JavaThread "Service Thread" daemon [_thread_blocked, id=3080, stack(0x0000000016f80000,0x0000000017080000)]
  0x0000000015378000 JavaThread "C1 CompilerThread2" daemon [_thread_in_native, id=1076, stack(0x0000000016a80000,0x0000000016b80000)]
  0x000000001531f000 JavaThread "C2 CompilerThread1" daemon [_thread_blocked, id=1848, stack(0x0000000016980000,0x0000000016a80000)]
=>0x000000001531c000 JavaThread "C2 CompilerThread0" daemon [_thread_in_native, id=3620, stack(0x0000000016880000,0x0000000016980000)]
  0x000000001531a000 JavaThread "Attach Listener" daemon [_thread_blocked, id=3036, stack(0x0000000016780000,0x0000000016880000)]
  0x0000000015318800 JavaThread "Signal Dispatcher" daemon [_thread_blocked, id=664, stack(0x0000000016680000,0x0000000016780000)]
  0x0000000002c4a800 JavaThread "Finalizer" daemon [_thread_blocked, id=3468, stack(0x0000000016580000,0x0000000016680000)]
  0x00000000152e9000 JavaThread "Reference Handler" daemon [_thread_blocked, id=4448, stack(0x0000000016480000,0x0000000016580000)]
  0x0000000002b50800 JavaThread "main" [_thread_in_Java, id=3884, stack(0x0000000002a50000,0x0000000002b50000)]

Other Threads:
  0x00000000152e6800 VMThread [stack: 0x0000000016380000,0x0000000016480000] [id=4936]
  0x0000000016b92800 WatcherThread [stack: 0x0000000017080000,0x0000000017180000] [id=4584]

VM state:not at safepoint (normal execution)

VM Mutex/Monitor currently owned by a thread: None

Heap:
 PSYoungGen      total 18944K, used 11521K [0x00000000eab00000, 0x00000000ec000000, 0x0000000100000000)
  eden space 16384K, 70% used [0x00000000eab00000,0x00000000eb6406b0,0x00000000ebb00000)
  from space 2560K, 0% used [0x00000000ebd80000,0x00000000ebd80000,0x00000000ec000000)
  to   space 2560K, 0% used [0x00000000ebb00000,0x00000000ebb00000,0x00000000ebd80000)
 ParOldGen       total 44032K, used 0K [0x00000000c0000000, 0x00000000c2b00000, 0x00000000eab00000)
  object space 44032K, 0% used [0x00000000c0000000,0x00000000c0000000,0x00000000c2b00000)
 Metaspace       used 5372K, capacity 6448K, committed 6528K, reserved 1056768K
  class space    used 582K, capacity 616K, committed 640K, reserved 1048576K

Card table byte_map: [0x0000000012010000,0x0000000012220000] byte_map_base: 0x0000000011a10000

Marking Bits: (ParMarkBitMap*) 0x000000005d32a6c0
 Begin Bits: [0x0000000012780000, 0x0000000013780000)
 End Bits:   [0x0000000013780000, 0x0000000014780000)

Polling page: 0x0000000001090000

CodeCache: size=245760Kb used=2177Kb max_used=2184Kb free=243583Kb
 bounds [0x0000000002c50000, 0x0000000002ec0000, 0x0000000011c50000]
 total_blobs=811 nmethods=548 adapters=176
 compilation: enabled

Compilation events (10 events):
Event: 1.754 Thread 0x000000001531f000 nmethod 547 0x0000000002e65850 code [0x0000000002e65980, 0x0000000002e65a38]
Event: 1.754 Thread 0x000000001531c000  550       4       java.lang.String::compareTo (78 bytes)
Event: 1.754 Thread 0x0000000015378000 nmethod 545 0x0000000002e68710 code [0x0000000002e688c0, 0x0000000002e68e98]
Event: 1.754 Thread 0x0000000015378000  549       3       java.util.Arrays::hashCode (56 bytes)
Event: 1.755 Thread 0x0000000015378000 nmethod 549 0x0000000002e6f390 code [0x0000000002e6f500, 0x0000000002e6f888]
Event: 1.755 Thread 0x0000000015378000  546       3       com.android.dx.dex.code.OutputFinisher::updateInfo (44 bytes)
Event: 1.755 Thread 0x0000000015378000 nmethod 546 0x0000000002e6ed50 code [0x0000000002e6eec0, 0x0000000002e6f288]
Event: 1.755 Thread 0x0000000015378000  552       3       java.util.HashMap::getNode (148 bytes)
Event: 1.756 Thread 0x0000000015378000 nmethod 552 0x0000000002e6df10 code [0x0000000002e6e0e0, 0x0000000002e6ea88]
Event: 1.756 Thread 0x0000000015378000  554       3       com.android.dx.rop.code.RegisterSpec::withReg (23 bytes)

GC Heap History (0 events):
No events

Deoptimization events (1 events):
Event: 1.753 Thread 0x0000000002b50800 Uncommon trap: reason=unstable_if action=reinterpret pc=0x0000000002e5439c method=java.util.HashMap.getNode(ILjava/lang/Object;)Ljava/util/HashMap$Node; @ 129

Internal exceptions (2 events):
Event: 0.050 Thread 0x0000000002b50800 Exception <a 'java/lang/NoSuchMethodError': Method sun.misc.Unsafe.defineClass(Ljava/lang/String;[BII)Ljava/lang/Class; name or signature does not match> (0x00000000eab07c78) thrown at [C:\re\workspace\8-2-build-windows-amd64-cygwin\jdk8u102\7268\hotspot\s0Õý9¥×©?
Event: 0.050 Thread 0x0000000002b50800 Exception <a 'java/lang/NoSuchMethodError': Method sun.misc.Unsafe.prefetchRead(Ljava/lang/Object;J)V name or signature does not match> (0x00000000eab07f60) thrown at [C:\re\workspace\8-2-build-windows-amd64-cygwin\jdk8u102\7268\hotspot\src\share\vm\prims\

Events (10 events):
Event: 1.682 loading class java/util/HashMap$ValueIterator done
Event: 1.687 loading class com/android/dx/ssa/PhiInsn$Operand
Event: 1.687 loading class com/android/dx/ssa/PhiInsn$Operand done
Event: 1.723 loading class com/android/dx/ssa/back/FirstFitLocalCombiningAllocator$Multiset
Event: 1.723 loading class com/android/dx/ssa/back/FirstFitLocalCombiningAllocator$Multiset done
Event: 1.749 loading class com/android/dx/dex/file/FieldAnnotationStruct
Event: 1.749 loading class com/android/dx/dex/file/FieldAnnotationStruct done
Event: 1.753 Thread 0x0000000002b50800 Uncommon trap: trap_request=0xffffff65 fr.pc=0x0000000002e5439c
Event: 1.753 Thread 0x0000000002b50800 DEOPT PACKING pc=0x0000000002e5439c sp=0x0000000002b4e1d0
Event: 1.753 Thread 0x0000000002b50800 DEOPT UNPACKING pc=0x0000000002c9582a sp=0x0000000002b4e148 mode 2


Dynamic libraries:
0x00007ff77d050000 - 0x00007ff77d087000 	C:\Program Files\Java\jdk1.8.0_102\bin\java.exe
0x00007ff92e4e0000 - 0x00007ff92e68d000 	C:\Windows\SYSTEM32\ntdll.dll
0x00007ff92e390000 - 0x00007ff92e4ca000 	C:\Windows\system32\KERNEL32.DLL
0x00007ff92b880000 - 0x00007ff92b995000 	C:\Windows\system32\KERNELBASE.dll
0x00007ff929c60000 - 0x00007ff929cee000 	C:\Windows\system32\apphelp.dll
0x00007ff918fb0000 - 0x00007ff919003000 	C:\Windows\AppPatch\AppPatch64\AcGenral.DLL
0x00007ff92e150000 - 0x00007ff92e1f7000 	C:\Windows\system32\msvcrt.dll
0x00007ff92bb80000 - 0x00007ff92bbab000 	C:\Windows\system32\SspiCli.dll
0x00007ff92c6a0000 - 0x00007ff92c6f1000 	C:\Windows\system32\SHLWAPI.dll
0x00007ff92e210000 - 0x00007ff92e381000 	C:\Windows\system32\USER32.dll
0x00007ff92bd50000 - 0x00007ff92bee4000 	C:\Windows\system32\ole32.dll
0x00007ff92c700000 - 0x00007ff92dc2b000 	C:\Windows\system32\SHELL32.dll
0x00007ff92ad50000 - 0x00007ff92ad6f000 	C:\Windows\SYSTEM32\USERENV.dll
0x00007ff92c1a0000 - 0x00007ff92c24a000 	C:\Windows\system32\ADVAPI32.dll
0x00007ff922270000 - 0x00007ff92228b000 	C:\Windows\SYSTEM32\MPR.dll
0x00007ff92df40000 - 0x00007ff92e080000 	C:\Windows\system32\RPCRT4.dll
0x00007ff92dc30000 - 0x00007ff92dc89000 	C:\Windows\SYSTEM32\sechost.dll
0x00007ff92c4c0000 - 0x00007ff92c696000 	C:\Windows\SYSTEM32\combase.dll
0x00007ff92bc00000 - 0x00007ff92bd50000 	C:\Windows\system32\GDI32.dll
0x00007ff92b6b0000 - 0x00007ff92b6c4000 	C:\Windows\SYSTEM32\profapi.dll
0x00007ff929bc0000 - 0x00007ff929c5f000 	C:\Windows\SYSTEM32\SHCORE.dll
0x00007ff92bef0000 - 0x00007ff92bf24000 	C:\Windows\system32\IMM32.DLL
0x00007ff92c250000 - 0x00007ff92c3a2000 	C:\Windows\system32\MSCTF.dll
0x00007ff929750000 - 0x00007ff9299cb000 	C:\Windows\WinSxS\amd64_microsoft.windows.common-controls_6595b64144ccf1df_6.0.9600.18006_none_623f33d3ecbe86e8\COMCTL32.dll
0x000000005c890000 - 0x000000005c961000 	C:\Program Files\Java\jdk1.8.0_102\jre\bin\msvcr100.dll
0x000000005cb10000 - 0x000000005d3aa000 	C:\Program Files\Java\jdk1.8.0_102\jre\bin\server\jvm.dll
0x00007ff9183d0000 - 0x00007ff9183d9000 	C:\Windows\SYSTEM32\WSOCK32.dll
0x00007ff923e40000 - 0x00007ff923e5f000 	C:\Windows\SYSTEM32\WINMM.dll
0x00007ff924d10000 - 0x00007ff924d1a000 	C:\Windows\SYSTEM32\VERSION.dll
0x00007ff92e4d0000 - 0x00007ff92e4d7000 	C:\Windows\system32\PSAPI.DLL
0x00007ff92dc90000 - 0x00007ff92dcea000 	C:\Windows\system32\WS2_32.dll
0x00007ff923e10000 - 0x00007ff923e3a000 	C:\Windows\SYSTEM32\WINMMBASE.dll
0x00007ff92c190000 - 0x00007ff92c199000 	C:\Windows\system32\NSI.dll
0x00007ff92bbb0000 - 0x00007ff92bbfa000 	C:\Windows\SYSTEM32\cfgmgr32.dll
0x00007ff92a530000 - 0x00007ff92a556000 	C:\Windows\SYSTEM32\DEVOBJ.dll
0x000000005dc00000 - 0x000000005dc0f000 	C:\Program Files\Java\jdk1.8.0_102\jre\bin\verify.dll
0x000000005dbd0000 - 0x000000005dbf9000 	C:\Program Files\Java\jdk1.8.0_102\jre\bin\java.dll
0x000000005dbb0000 - 0x000000005dbc6000 	C:\Program Files\Java\jdk1.8.0_102\jre\bin\zip.dll

VM Arguments:
jvm_args: -Djava.awt.headless=true -Xmx1024M -Dfile.encoding=windows-1252 -Duser.country=US -Duser.language=en -Duser.variant 
java_command: com.android.dx.command.Main --dex --num-threads=4 --output C:\Users\dream\AndroidProjects\ImageUpload\app\build\intermediates\pre-dexed\debug\com.android.support-support-core-utils-25.3.1_295d88a213c1c73791493244b11e05407ead1f37.jar C:\Users\dream\AndroidProjects\ImageUpload\app\build\intermediates\exploded-aar\com.android.support\support-core-utils\25.3.1\jars\classes.jar
java_class_path (initial): C:\Users\dream\AppData\Local\Android\sdk\build-tools\25.0.3\lib\dx.jar
Launcher Type: SUN_STANDARD

Environment Variables:
PATH=C:\ProgramData\Oracle\Java\javapath;C:\Windows\system32;C:\Windows;C:\Windows\System32\Wbem;C:\Windows\System32\WindowsPowerShell\v1.0\;C:\Program Files (x86)\Microsoft SQL Server\100\Tools\Binn\;C:\Program Files\Microsoft SQL Server\100\Tools\Binn\;C:\Program Files\Microsoft SQL Server\100\DTS\Binn\;C:\Program Files (x86)\Microsoft SQL Server\100\DTS\Binn\;C:\Program Files (x86)\Microsoft SQL Server\100\Tools\Binn\VSShell\Common7\IDE\;C:\Program Files (x86)\Microsoft Visual Studio 9.0\Common7\IDE\PrivateAssemblies\;C:\Program Files\Java\jdk1.8.0_102\bin
USERNAME=dream
OS=Windows_NT
PROCESSOR_IDENTIFIER=Intel64 Family 6 Model 69 Stepping 1, GenuineIntel



---------------  S Y S T E M  ---------------

OS: Windows 8.1 , 64 bit Build 9600 (6.3.9600.17031)

CPU:total 4 (2 cores per cpu, 2 threads per core) family 6 model 69 stepping 1, cmov, cx8, fxsr, mmx, sse, sse2, sse3, ssse3, sse4.1, sse4.2, popcnt, avx, avx2, aes, clmul, erms, lzcnt, ht, tsc, tscinvbit, bmi1, bmi2

Memory: 4k page, physical 4096184k(733740k free), swap 4096184k(5036k free)

vm_info: Java HotSpot(TM) 64-Bit Server VM (25.102-b14) for windows-amd64 JRE (1.8.0_102-b14), built on Jun 22 2016 13:15:21 by "java_re" with MS VC++ 10.0 (VS2010)

time: Fri May 26 14:59:54 2017
elapsed time: 1 seconds (0d 0h 0m 1s)

