#
# There is insufficient memory for the Java Runtime Environment to continue.
# Native memory allocation (malloc) failed to allocate 168496 bytes for Chunk::new
# Possible reasons:
#   The system is out of physical RAM or swap space
#   In 32 bit mode, the process size limit was hit
# Possible solutions:
#   Reduce memory load on the system
#   Increase physical memory or swap space
#   Check if swap backing store is full
#   Use 64 bit Java on a 64 bit OS
#   Decrease Java heap size (-Xmx/-Xms)
#   Decrease number of Java threads
#   Decrease Java thread stack sizes (-Xss)
#   Set larger code cache with -XX:ReservedCodeCacheSize=
# This output file may be truncated or incomplete.
#
#  Out of Memory Error (allocation.cpp:390), pid=772, tid=0x0000000000000d00
#
# JRE version: Java(TM) SE Runtime Environment (8.0_102-b14) (build 1.8.0_102-b14)
# Java VM: Java HotSpot(TM) 64-Bit Server VM (25.102-b14 mixed mode windows-amd64 compressed oops)
# Failed to write core dump. Minidumps are not enabled by default on client versions of Windows
#

---------------  T H R E A D  ---------------

Current thread (0x000000001534d000):  JavaThread "C2 CompilerThread0" daemon [_thread_in_native, id=3328, stack(0x00000000168c0000,0x00000000169c0000)]

Stack: [0x00000000168c0000,0x00000000169c0000]
[error occurred during error reporting (printing stack bounds), id 0xc0000005]

Native frames: (J=compiled Java code, j=interpreted, Vv=VM code, C=native code)


Current CompileTask:
C2:   1675  930       4       com.android.dx.ssa.back.LivenessAnalyzer::liveOutAtStatement (61 bytes)


---------------  P R O C E S S  ---------------

Java Threads: ( => current thread )
  0x0000000016c1d000 JavaThread "pool-1-thread-4" [_thread_in_Java, id=4912, stack(0x00000000175c0000,0x00000000176c0000)]
  0x0000000016c1c000 JavaThread "pool-1-thread-3" [_thread_in_Java, id=1012, stack(0x00000000174c0000,0x00000000175c0000)]
  0x0000000016c15800 JavaThread "pool-1-thread-2" [_thread_in_vm, id=1280, stack(0x00000000173c0000,0x00000000174c0000)]
  0x0000000016c12000 JavaThread "pool-2-thread-1" [_thread_blocked, id=4292, stack(0x00000000172c0000,0x00000000173c0000)]
  0x0000000016c11800 JavaThread "pool-1-thread-1" [_thread_blocked, id=4008, stack(0x00000000171c0000,0x00000000172c0000)]
  0x0000000016ac6000 JavaThread "Service Thread" daemon [_thread_blocked, id=2336, stack(0x0000000016fc0000,0x00000000170c0000)]
  0x00000000153ac800 JavaThread "C1 CompilerThread2" daemon [_thread_in_native, id=2804, stack(0x0000000016ec0000,0x0000000016fc0000)]
  0x00000000153a6800 JavaThread "C2 CompilerThread1" daemon [_thread_in_native, id=1156, stack(0x00000000169c0000,0x0000000016ac0000)]
=>0x000000001534d000 JavaThread "C2 CompilerThread0" daemon [_thread_in_native, id=3328, stack(0x00000000168c0000,0x00000000169c0000)]
  0x000000001534b800 JavaThread "Attach Listener" daemon [_thread_blocked, id=636, stack(0x00000000167c0000,0x00000000168c0000)]
  0x000000001534a800 JavaThread "Signal Dispatcher" daemon [_thread_blocked, id=3532, stack(0x00000000166c0000,0x00000000167c0000)]
  0x000000001533a800 JavaThread "Finalizer" daemon [_thread_blocked, id=4128, stack(0x00000000165c0000,0x00000000166c0000)]
  0x0000000002c6f000 JavaThread "Reference Handler" daemon [_thread_blocked, id=3484, stack(0x00000000164c0000,0x00000000165c0000)]
  0x0000000002b80800 JavaThread "main" [_thread_in_Java, id=3768, stack(0x0000000002990000,0x0000000002a90000)]

Other Threads:
  0x0000000015317800 VMThread [stack: 0x00000000163c0000,0x00000000164c0000] [id=3668]
  0x0000000016ada000 WatcherThread [stack: 0x00000000170c0000,0x00000000171c0000] [id=2524]

VM state:not at safepoint (normal execution)

VM Mutex/Monitor currently owned by a thread: None

Heap:
 PSYoungGen      total 18944K, used 9100K [0x00000000eab00000, 0x00000000ec000000, 0x0000000100000000)
  eden space 16384K, 40% used [0x00000000eab00000,0x00000000eb168880,0x00000000ebb00000)
  from space 2560K, 99% used [0x00000000ebb00000,0x00000000ebd7aaa8,0x00000000ebd80000)
  to   space 2560K, 0% used [0x00000000ebd80000,0x00000000ebd80000,0x00000000ec000000)
 ParOldGen       total 44032K, used 1914K [0x00000000c0000000, 0x00000000c2b00000, 0x00000000eab00000)
  object space 44032K, 4% used [0x00000000c0000000,0x00000000c01de958,0x00000000c2b00000)
 Metaspace       used 5767K, capacity 6832K, committed 7040K, reserved 1056768K
  class space    used 589K, capacity 616K, committed 640K, reserved 1048576K

Card table byte_map: [0x0000000012040000,0x0000000012250000] byte_map_base: 0x0000000011a40000

Marking Bits: (ParMarkBitMap*) 0x000000005d32a6c0
 Begin Bits: [0x00000000127b0000, 0x00000000137b0000)
 End Bits:   [0x00000000137b0000, 0x00000000147b0000)

Polling page: 0x0000000001090000

CodeCache: size=245760Kb used=3740Kb max_used=3740Kb free=242019Kb
 bounds [0x0000000002c80000, 0x0000000003030000, 0x0000000011c80000]
 total_blobs=1201 nmethods=936 adapters=176
 compilation: enabled

Compilation events (10 events):
Event: 1.666 Thread 0x00000000153ac800 nmethod 938 0x000000000301eb90 code [0x000000000301ece0, 0x000000000301edf0]
Event: 1.666 Thread 0x00000000153ac800  904       1       com.android.dx.cf.code.RopperMachine::returns (5 bytes)
Event: 1.666 Thread 0x00000000153ac800 nmethod 904 0x000000000301e8d0 code [0x000000000301ea20, 0x000000000301eb30]
Event: 1.666 Thread 0x00000000153ac800  935       1       com.android.dx.dex.file.DexFile::getFieldIds (5 bytes)
Event: 1.666 Thread 0x00000000153ac800 nmethod 935 0x000000000301e610 code [0x000000000301e760, 0x000000000301e870]
Event: 1.666 Thread 0x00000000153ac800  941       3       com.android.dx.cf.code.Simulator$SimVisitor::visitConstant (332 bytes)
Event: 1.669 Thread 0x00000000153ac800 nmethod 941 0x0000000003022210 code [0x0000000003022540, 0x0000000003024458]
Event: 1.669 Thread 0x00000000153ac800  944       3       com.android.dx.cf.code.Merger::mergeType (142 bytes)
Event: 1.671 Thread 0x00000000153ac800 nmethod 944 0x00000000030250d0 code [0x0000000003025380, 0x0000000003026828]
Event: 1.671 Thread 0x00000000153ac800  947       3       com.android.dx.cf.code.Simulator$SimVisitor::visitLocal (329 bytes)

GC Heap History (2 events):
Event: 1.528 GC heap before
{Heap before GC invocations=1 (full 0):
 PSYoungGen      total 18944K, used 16384K [0x00000000eab00000, 0x00000000ec000000, 0x0000000100000000)
  eden space 16384K, 100% used [0x00000000eab00000,0x00000000ebb00000,0x00000000ebb00000)
  from space 2560K, 0% used [0x00000000ebd80000,0x00000000ebd80000,0x00000000ec000000)
  to   space 2560K, 0% used [0x00000000ebb00000,0x00000000ebb00000,0x00000000ebd80000)
 ParOldGen       total 44032K, used 0K [0x00000000c0000000, 0x00000000c2b00000, 0x00000000eab00000)
  object space 44032K, 0% used [0x00000000c0000000,0x00000000c0000000,0x00000000c2b00000)
 Metaspace       used 5708K, capacity 6768K, committed 7040K, reserved 1056768K
  class space    used 589K, capacity 616K, committed 640K, reserved 1048576K
Event: 1.579 GC heap after
Heap after GC invocations=1 (full 0):
 PSYoungGen      total 18944K, used 2538K [0x00000000eab00000, 0x00000000ec000000, 0x0000000100000000)
  eden space 16384K, 0% used [0x00000000eab00000,0x00000000eab00000,0x00000000ebb00000)
  from space 2560K, 99% used [0x00000000ebb00000,0x00000000ebd7aaa8,0x00000000ebd80000)
  to   space 2560K, 0% used [0x00000000ebd80000,0x00000000ebd80000,0x00000000ec000000)
 ParOldGen       total 44032K, used 1914K [0x00000000c0000000, 0x00000000c2b00000, 0x00000000eab00000)
  object space 44032K, 4% used [0x00000000c0000000,0x00000000c01de958,0x00000000c2b00000)
 Metaspace       used 5708K, capacity 6768K, committed 7040K, reserved 1056768K
  class space    used 589K, capacity 616K, committed 640K, reserved 1048576K
}

Deoptimization events (7 events):
Event: 1.143 Thread 0x0000000002b80800 Uncommon trap: reason=unstable_if action=reinterpret pc=0x0000000002e75ab0 method=java.util.BitSet.nextSetBit(I)I @ 87
Event: 1.262 Thread 0x0000000002b80800 Uncommon trap: reason=class_check action=maybe_recompile pc=0x0000000002f143f0 method=com.android.dx.ssa.NormalSsaInsn.accept(Lcom/android/dx/ssa/SsaInsn$Visitor;)V @ 9
Event: 1.262 Thread 0x0000000002b80800 Uncommon trap: reason=class_check action=maybe_recompile pc=0x0000000002f143f0 method=com.android.dx.ssa.NormalSsaInsn.accept(Lcom/android/dx/ssa/SsaInsn$Visitor;)V @ 9
Event: 1.262 Thread 0x0000000002b80800 Uncommon trap: reason=class_check action=maybe_recompile pc=0x0000000002f143f0 method=com.android.dx.ssa.NormalSsaInsn.accept(Lcom/android/dx/ssa/SsaInsn$Visitor;)V @ 9
Event: 1.262 Thread 0x0000000002b80800 Uncommon trap: reason=class_check action=maybe_recompile pc=0x0000000002f143f0 method=com.android.dx.ssa.NormalSsaInsn.accept(Lcom/android/dx/ssa/SsaInsn$Visitor;)V @ 9
Event: 1.402 Thread 0x0000000016c15800 Uncommon trap: reason=unstable_if action=reinterpret pc=0x0000000002f0d8dc method=com.android.dx.rop.cst.Constant.compareTo(Lcom/android/dx/rop/cst/Constant;)I @ 12
Event: 1.412 Thread 0x0000000002b80800 Uncommon trap: reason=unstable_if action=reinterpret pc=0x0000000002f999c0 method=com.android.dx.rop.code.RegisterSpec.equals(ILcom/android/dx/rop/type/TypeBearer;Lcom/android/dx/rop/code/LocalItem;)Z @ 42

Internal exceptions (2 events):
Event: 0.050 Thread 0x0000000002b80800 Exception <a 'java/lang/NoSuchMethodError': Method sun.misc.Unsafe.defineClass(Ljava/lang/String;[BII)Ljava/lang/Class; name or signature does not match> (0x00000000eab07c78) thrown at [C:\re\workspace\8-2-build-windows-amd64-cygwin\jdk8u102\7268\hotspot\sò-*ˆ²©?
Event: 0.050 Thread 0x0000000002b80800 Exception <a 'java/lang/NoSuchMethodError': Method sun.misc.Unsafe.prefetchRead(Ljava/lang/Object;J)V name or signature does not match> (0x00000000eab07f60) thrown at [C:\re\workspace\8-2-build-windows-amd64-cygwin\jdk8u102\7268\hotspot\src\share\vm\prims\

Events (10 events):
Event: 1.388 loading class com/android/dx/dex/file/MethodAnnotationStruct
Event: 1.388 loading class com/android/dx/dex/file/MethodAnnotationStruct done
Event: 1.402 Thread 0x0000000016c15800 Uncommon trap: trap_request=0xffffff65 fr.pc=0x0000000002f0d8dc
Event: 1.402 Thread 0x0000000016c15800 DEOPT PACKING pc=0x0000000002f0d8dc sp=0x00000000174be3a0
Event: 1.402 Thread 0x0000000016c15800 DEOPT UNPACKING pc=0x0000000002cc582a sp=0x00000000174be340 mode 2
Event: 1.412 Thread 0x0000000002b80800 Uncommon trap: trap_request=0xffffff65 fr.pc=0x0000000002f999c0
Event: 1.412 Thread 0x0000000002b80800 DEOPT PACKING pc=0x0000000002f999c0 sp=0x0000000002a8e7b0
Event: 1.412 Thread 0x0000000002b80800 DEOPT UNPACKING pc=0x0000000002cc582a sp=0x0000000002a8e738 mode 2
Event: 1.457 Executing VM operation: ParallelGCFailedAllocation
Event: 1.579 Executing VM operation: ParallelGCFailedAllocation done


Dynamic libraries:
0x00007ff77d050000 - 0x00007ff77d087000 	C:\Program Files\Java\jdk1.8.0_102\bin\java.exe
0x00007ff92e4e0000 - 0x00007ff92e68d000 	C:\Windows\SYSTEM32\ntdll.dll
0x00007ff92e390000 - 0x00007ff92e4ca000 	C:\Windows\system32\KERNEL32.DLL
0x00007ff92b880000 - 0x00007ff92b995000 	C:\Windows\system32\KERNELBASE.dll
0x00007ff929c60000 - 0x00007ff929cee000 	C:\Windows\system32\apphelp.dll
0x00007ff918fb0000 - 0x00007ff919003000 	C:\Windows\AppPatch\AppPatch64\AcGenral.DLL
0x00007ff92e150000 - 0x00007ff92e1f7000 	C:\Windows\system32\msvcrt.dll
0x00007ff92bb80000 - 0x00007ff92bbab000 	C:\Windows\system32\SspiCli.dll
0x00007ff92c6a0000 - 0x00007ff92c6f1000 	C:\Windows\system32\SHLWAPI.dll
0x00007ff92e210000 - 0x00007ff92e381000 	C:\Windows\system32\USER32.dll
0x00007ff92bd50000 - 0x00007ff92bee4000 	C:\Windows\system32\ole32.dll
0x00007ff92c700000 - 0x00007ff92dc2b000 	C:\Windows\system32\SHELL32.dll
0x00007ff92ad50000 - 0x00007ff92ad6f000 	C:\Windows\SYSTEM32\USERENV.dll
0x00007ff92c1a0000 - 0x00007ff92c24a000 	C:\Windows\system32\ADVAPI32.dll
0x00007ff922270000 - 0x00007ff92228b000 	C:\Windows\SYSTEM32\MPR.dll
0x00007ff92df40000 - 0x00007ff92e080000 	C:\Windows\system32\RPCRT4.dll
0x00007ff92dc30000 - 0x00007ff92dc89000 	C:\Windows\SYSTEM32\sechost.dll
0x00007ff92c4c0000 - 0x00007ff92c696000 	C:\Windows\SYSTEM32\combase.dll
0x00007ff92bc00000 - 0x00007ff92bd50000 	C:\Windows\system32\GDI32.dll
0x00007ff92b6b0000 - 0x00007ff92b6c4000 	C:\Windows\SYSTEM32\profapi.dll
0x00007ff929bc0000 - 0x00007ff929c5f000 	C:\Windows\SYSTEM32\SHCORE.dll
0x00007ff92bef0000 - 0x00007ff92bf24000 	C:\Windows\system32\IMM32.DLL
0x00007ff92c250000 - 0x00007ff92c3a2000 	C:\Windows\system32\MSCTF.dll
0x00007ff929750000 - 0x00007ff9299cb000 	C:\Windows\WinSxS\amd64_microsoft.windows.common-controls_6595b64144ccf1df_6.0.9600.18006_none_623f33d3ecbe86e8\COMCTL32.dll
0x000000005c890000 - 0x000000005c961000 	C:\Program Files\Java\jdk1.8.0_102\jre\bin\msvcr100.dll
0x000000005cb10000 - 0x000000005d3aa000 	C:\Program Files\Java\jdk1.8.0_102\jre\bin\server\jvm.dll
0x00007ff9183d0000 - 0x00007ff9183d9000 	C:\Windows\SYSTEM32\WSOCK32.dll
0x00007ff923e40000 - 0x00007ff923e5f000 	C:\Windows\SYSTEM32\WINMM.dll
0x00007ff924d10000 - 0x00007ff924d1a000 	C:\Windows\SYSTEM32\VERSION.dll
0x00007ff92e4d0000 - 0x00007ff92e4d7000 	C:\Windows\system32\PSAPI.DLL
0x00007ff92dc90000 - 0x00007ff92dcea000 	C:\Windows\system32\WS2_32.dll
0x00007ff923e10000 - 0x00007ff923e3a000 	C:\Windows\SYSTEM32\WINMMBASE.dll
0x00007ff92c190000 - 0x00007ff92c199000 	C:\Windows\system32\NSI.dll
0x00007ff92bbb0000 - 0x00007ff92bbfa000 	C:\Windows\SYSTEM32\cfgmgr32.dll
0x00007ff92a530000 - 0x00007ff92a556000 	C:\Windows\SYSTEM32\DEVOBJ.dll
0x000000005dc00000 - 0x000000005dc0f000 	C:\Program Files\Java\jdk1.8.0_102\jre\bin\verify.dll
0x000000005dbd0000 - 0x000000005dbf9000 	C:\Program Files\Java\jdk1.8.0_102\jre\bin\java.dll
0x000000005dbb0000 - 0x000000005dbc6000 	C:\Program Files\Java\jdk1.8.0_102\jre\bin\zip.dll

VM Arguments:
jvm_args: -Djava.awt.headless=true -Xmx1024M -Dfile.encoding=windows-1252 -Duser.country=US -Duser.language=en -Duser.variant 
java_command: com.android.dx.command.Main --dex --num-threads=4 --output C:\Users\dream\AndroidProjects\ImageUpload\app\build\intermediates\pre-dexed\debug\com.android.support-support-vector-drawable-25.3.1_2ed7b0296d635e5e5edec8ba4a89173249f5c03e.jar C:\Users\dream\AndroidProjects\ImageUpload\app\build\intermediates\exploded-aar\com.android.support\support-vector-drawable\25.3.1\jars\classes.jar
java_class_path (initial): C:\Users\dream\AppData\Local\Android\sdk\build-tools\25.0.3\lib\dx.jar
Launcher Type: SUN_STANDARD

Environment Variables:
PATH=C:\ProgramData\Oracle\Java\javapath;C:\Windows\system32;C:\Windows;C:\Windows\System32\Wbem;C:\Windows\System32\WindowsPowerShell\v1.0\;C:\Program Files (x86)\Microsoft SQL Server\100\Tools\Binn\;C:\Program Files\Microsoft SQL Server\100\Tools\Binn\;C:\Program Files\Microsoft SQL Server\100\DTS\Binn\;C:\Program Files (x86)\Microsoft SQL Server\100\DTS\Binn\;C:\Program Files (x86)\Microsoft SQL Server\100\Tools\Binn\VSShell\Common7\IDE\;C:\Program Files (x86)\Microsoft Visual Studio 9.0\Common7\IDE\PrivateAssemblies\;C:\Program Files\Java\jdk1.8.0_102\bin
USERNAME=dream
OS=Windows_NT
PROCESSOR_IDENTIFIER=Intel64 Family 6 Model 69 Stepping 1, GenuineIntel



---------------  S Y S T E M  ---------------

OS: Windows 8.1 , 64 bit Build 9600 (6.3.9600.17031)

CPU:total 4 (2 cores per cpu, 2 threads per core) family 6 model 69 stepping 1, cmov, cx8, fxsr, mmx, sse, sse2, sse3, ssse3, sse4.1, sse4.2, popcnt, avx, avx2, aes, clmul, erms, lzcnt, ht, tsc, tscinvbit, bmi1, bmi2

Memory: 4k page, physical 4096184k(739004k free), swap 4096184k(5084k free)

vm_info: Java HotSpot(TM) 64-Bit Server VM (25.102-b14) for windows-amd64 JRE (1.8.0_102-b14), built on Jun 22 2016 13:15:21 by "java_re" with MS VC++ 10.0 (VS2010)

time: Fri May 26 14:59:54 2017
elapsed time: 1 seconds (0d 0h 0m 1s)

