JvmtiExport can_access_local_variables 0
JvmtiExport can_hotswap_or_post_breakpoint 0
JvmtiExport can_post_on_exceptions 0
# 428 ciObject found
ciMethod java/lang/Object <init> ()V 4097 1 167231 0 0
ciMethod java/lang/Object hashCode ()I 2049 1 256 0 -1
ciMethod java/lang/Object equals (Ljava/lang/Object;)Z 9 1 1 0 0
ciMethod java/lang/String <init> ([C)V 1809 1 472 0 -1
ciMethod java/lang/String <init> ([CII)V 2473 1 5890 0 704
ciMethod java/lang/String length ()I 4097 1 14024 0 0
ciMethod java/lang/String charAt (I)C 4097 1 58194 0 128
ciMethod java/lang/String equals (Ljava/lang/Object;)Z 2089 12241 1330 0 -1
ciMethod java/lang/String startsWith (Ljava/lang/String;I)Z 2353 2761 5508 0 416
ciMethod java/lang/String endsWith (Ljava/lang/String;)Z 2737 1 12936 0 0
ciMethod java/lang/String hashCode ()I 2769 32769 997 0 288
ciMethod java/lang/String lastIndexOf (I)I 2161 1 6440 0 0
ciMethod java/lang/String lastIndexOf (II)I 1033 41233 827 0 288
ciMethod java/lang/String lastIndexOfSupplementary (II)I 0 0 1 0 -1
ciMethod java/lang/String substring (II)Ljava/lang/String; 2129 1 9850 0 0
ciMethod java/lang/String toCharArray ()[C 2105 1 5834 0 0
ciMethod java/lang/System arraycopy (Ljava/lang/Object;ILjava/lang/Object;II)V 5121 1 640 0 -1
ciMethod java/lang/Throwable <init> (Ljava/lang/String;)V 3233 1 8942 0 -1
ciMethod java/lang/Throwable fillInStackTrace ()Ljava/lang/Throwable; 4097 1 9057 0 -1
ciMethod java/lang/Exception <init> (Ljava/lang/String;)V 4097 1 8940 0 -1
ciMethod java/lang/ref/Reference get ()Ljava/lang/Object; 1033 1 129 0 -1
ciMethod java/util/Map put (Ljava/lang/Object;Ljava/lang/Object;)Ljava/lang/Object; 0 0 1 0 -1
ciMethod java/util/Map remove (Ljava/lang/Object;)Ljava/lang/Object; 0 0 1 0 -1
ciMethod java/lang/AbstractStringBuilder <init> (I)V 617 1 20692 0 -1
ciMethod java/lang/AbstractStringBuilder append (Ljava/lang/String;)Ljava/lang/AbstractStringBuilder; 953 1 5913 0 -1
ciMethod java/lang/StringBuilder <init> ()V 609 1 20514 0 0
ciMethod java/lang/StringBuilder append (Ljava/lang/String;)Ljava/lang/StringBuilder; 953 1 50649 0 1024
ciMethod java/lang/StringBuilder toString ()Ljava/lang/String; 609 1 20525 0 0
ciMethod java/io/InputStream <init> ()V 3081 1 11085 0 0
ciMethod java/io/InputStream read ([B)I 0 0 1 0 -1
ciMethod java/io/InputStream close ()V 0 0 1 0 -1
ciMethod java/nio/Buffer position ()I 1129 1 61 0 -1
ciMethod java/lang/Character isSurrogate (C)Z 57 1 7 0 -1
ciMethod java/lang/NullPointerException <init> (Ljava/lang/String;)V 0 0 1 0 -1
ciMethod java/util/List iterator ()Ljava/util/Iterator; 0 0 1 0 -1
ciMethod java/util/ArrayList iterator ()Ljava/util/Iterator; 3361 1 4967 0 0
ciMethod java/util/ArrayList access$100 (Ljava/util/ArrayList;)I 1665 1 208 0 0
ciMethod java/util/Set contains (Ljava/lang/Object;)Z 0 0 1 0 -1
ciMethod java/util/Set add (Ljava/lang/Object;)Z 0 0 1 0 -1
ciMethod java/lang/ref/ReferenceQueue reallyPoll ()Ljava/lang/ref/Reference; 9 1 987 0 -1
ciMethod java/lang/ref/ReferenceQueue poll ()Ljava/lang/ref/Reference; 2049 1 2003 0 0
ciMethod java/util/HashMap hash (Ljava/lang/Object;)I 2049 1 37028 0 0
ciMethod java/util/HashMap getNode (ILjava/lang/Object;)Ljava/util/HashMap$Node; 2569 1 7753 0 1120
ciMethod java/util/HashMap containsKey (Ljava/lang/Object;)Z 3889 1 6205 0 0
ciMethod java/util/HashMap put (Ljava/lang/Object;Ljava/lang/Object;)Ljava/lang/Object; 3089 1 6108 0 -1
ciMethod java/lang/Math min (II)I 3793 1 22052 0 -1
ciMethod java/util/Iterator hasNext ()Z 0 0 1 0 -1
ciMethod java/util/Iterator next ()Ljava/lang/Object; 0 0 1 0 -1
ciMethod java/io/FilterInputStream <init> (Ljava/io/InputStream;)V 4097 1 5545 0 0
ciMethod java/util/WeakHashMap maskNull (Ljava/lang/Object;)Ljava/lang/Object; 3089 1 1976 0 0
ciMethod java/util/WeakHashMap eq (Ljava/lang/Object;Ljava/lang/Object;)Z 1081 1 661 0 0
ciMethod java/util/WeakHashMap hash (Ljava/lang/Object;)I 3113 1 1976 0 0
ciMethod java/util/WeakHashMap indexFor (II)I 3169 1 1976 0 0
ciMethod java/util/WeakHashMap expungeStaleEntries ()V 3161 1 1982 0 0
ciMethod java/util/WeakHashMap getTable ()[Ljava/util/WeakHashMap$Entry; 3161 1 1976 0 0
ciMethod java/util/WeakHashMap remove (Ljava/lang/Object;)Ljava/lang/Object; 2049 57 1310 0 0
ciMethod java/nio/charset/Charset newEncoder ()Ljava/nio/charset/CharsetEncoder; 0 0 1 0 -1
ciMethod java/util/Arrays copyOf ([BI)[B 2065 1 6436 0 0
ciMethod java/util/Arrays copyOfRange ([CII)[C 2473 1 5546 0 512
ciMethod sun/nio/cs/ArrayEncoder encode ([CII[B)I 0 0 1 0 -1
ciMethod java/nio/charset/CharsetEncoder onMalformedInput (Ljava/nio/charset/CodingErrorAction;)Ljava/nio/charset/CharsetEncoder; 41 1 5 0 -1
ciMethod java/nio/charset/CharsetEncoder onUnmappableCharacter (Ljava/nio/charset/CodingErrorAction;)Ljava/nio/charset/CharsetEncoder; 41 1 5 0 -1
ciMethod java/nio/charset/CharsetEncoder maxBytesPerChar ()F 3105 1 5703 0 0
ciMethod java/nio/charset/CharsetEncoder encode (Ljava/nio/CharBuffer;Ljava/nio/ByteBuffer;Z)Ljava/nio/charset/CoderResult; 2793 1 1 0 -1
ciMethod java/nio/charset/CharsetEncoder flush (Ljava/nio/ByteBuffer;)Ljava/nio/charset/CoderResult; 0 0 1 0 -1
ciMethod java/nio/charset/CharsetEncoder reset ()Ljava/nio/charset/CharsetEncoder; 3097 1 5702 0 0
ciMethod java/nio/charset/CharsetEncoder implReset ()V 3105 1 5706 0 0
ciMethod java/nio/ByteBuffer wrap ([BII)Ljava/nio/ByteBuffer; 0 0 1 0 -1
ciMethod java/nio/ByteBuffer wrap ([B)Ljava/nio/ByteBuffer; 0 0 1 0 -1
ciMethodData java/lang/Object <init> ()V 2 167232 orig 264 72 34 15 93 0 0 0 0 128 4 45 20 0 0 0 0 32 1 0 0 0 0 0 0 0 0 0 0 0 0 0 0 0 0 0 0 0 0 0 0 0 0 0 0 0 0 0 0 0 0 0 0 0 0 0 0 0 0 0 0 0 0 0 0 0 0 0 0 0 0 0 0 0 0 0 0 0 0 0 0 77 68 79 32 101 120 116 114 97 32 100 97 116 97 32 108 111 99 107 0 0 0 0 0 0 0 0 0 0 0 0 0 0 0 0 0 0 0 0 0 0 0 0 0 0 0 0 0 0 0 0 0 0 0 0 0 0 0 0 0 0 0 0 0 0 0 0 0 0 0 0 0 0 0 0 0 0 0 0 0 0 0 0 0 0 0 0 0 0 0 0 0 0 0 0 0 0 0 0 0 0 0 0 0 1 0 0 0 0 0 0 0 1 0 0 0 0 0 0 0 1 0 0 0 0 0 0 0 0 0 0 0 0 0 0 0 0 2 0 0 1 90 20 0 1 0 0 0 0 0 0 0 0 0 0 0 2 0 0 0 0 0 3 0 1 0 0 0 0 0 0 0 255 255 255 255 0 0 0 0 0 0 0 0 data 0 oops 0
ciMethod java/lang/IllegalArgumentException <init> (Ljava/lang/String;)V 0 0 1 0 -1
ciMethod sun/nio/cs/ArrayDecoder decode ([BII[C)I 0 0 1 0 -1
ciMethod java/nio/charset/CharsetDecoder maxCharsPerByte ()F 2601 1 476 0 -1
ciMethod java/nio/charset/CharsetDecoder decode (Ljava/nio/ByteBuffer;Ljava/nio/CharBuffer;Z)Ljava/nio/charset/CoderResult; 121 1 15 0 -1
ciMethod java/nio/charset/CharsetDecoder flush (Ljava/nio/CharBuffer;)Ljava/nio/charset/CoderResult; 97 1 12 0 -1
ciMethod java/nio/charset/CharsetDecoder reset ()Ljava/nio/charset/CharsetDecoder; 2753 1 495 0 -1
ciMethod java/nio/CharBuffer wrap ([C)Ljava/nio/CharBuffer; 0 0 1 0 -1
ciMethod java/nio/charset/CoderResult isUnderflow ()Z 6137 1 30 0 -1
ciMethodData java/lang/String charAt (I)C 2 58194 orig 264 72 34 15 93 0 0 0 0 104 61 45 20 0 0 0 0 120 1 0 0 32 0 0 0 0 0 0 0 0 0 0 0 0 0 0 0 0 0 0 0 0 0 0 0 0 0 0 0 0 0 0 0 0 0 0 0 0 0 0 0 0 0 0 0 0 0 0 0 0 0 0 0 0 0 0 0 0 0 0 0 77 68 79 32 101 120 116 114 97 32 100 97 116 97 32 108 111 99 107 0 0 0 0 0 0 0 0 0 0 0 0 0 0 0 0 0 0 0 0 0 0 0 0 0 0 0 0 0 0 0 0 0 0 0 0 0 0 0 0 0 0 0 0 0 0 0 0 0 0 0 0 0 0 0 0 0 0 0 0 0 0 0 0 0 0 0 0 0 0 0 0 0 0 0 0 0 0 0 0 0 0 0 0 0 0 0 0 0 0 0 0 0 0 0 0 0 0 0 0 0 0 0 0 0 0 0 0 0 0 0 0 0 0 0 0 0 0 2 0 0 145 10 7 0 1 0 0 0 0 0 0 0 0 0 0 0 2 0 0 0 0 0 8 0 2 0 0 0 80 0 0 0 255 255 255 255 7 0 1 0 0 0 0 0 data 10 0x10007 0x0 0x40 0xe152 0xa0007 0xe152 0x30 0x0 0x120002 0x0 oops 0
ciMethod java/util/HashMap$TreeNode getTreeNode (ILjava/lang/Object;)Ljava/util/HashMap$TreeNode; 0 0 1 0 -1
ciMethodData java/lang/String hashCode ()I 2 20481 orig 264 72 34 15 93 0 0 0 0 184 79 45 20 0 0 0 0 152 1 0 0 32 0 0 0 0 0 0 0 0 0 0 0 0 0 0 0 0 0 0 0 0 0 0 0 0 0 0 0 0 0 0 0 0 0 0 0 0 0 0 0 0 0 0 0 0 0 0 0 0 0 0 0 0 0 0 0 0 0 0 0 77 68 79 32 101 120 116 114 97 32 100 97 116 97 32 108 111 99 107 0 0 0 0 0 0 0 0 0 0 0 0 0 0 0 0 0 0 0 0 0 0 0 0 0 0 0 0 0 0 0 0 0 0 0 0 0 0 0 0 0 0 0 0 0 0 0 0 0 0 0 0 0 0 0 0 0 0 0 0 0 0 0 0 0 0 0 0 0 0 0 0 0 0 0 0 0 0 0 0 0 0 0 0 0 0 0 0 0 0 0 0 0 0 0 0 0 0 0 0 0 0 0 0 0 0 0 0 0 0 0 0 0 0 0 0 0 0 16 0 0 89 20 0 0 9 0 2 0 0 0 0 0 0 0 0 0 2 0 0 0 1 0 11 0 2 0 0 0 120 0 0 0 255 255 255 255 7 0 6 0 0 0 0 0 data 15 0x60007 0xac 0x78 0x1df 0xe0007 0x1 0x58 0x1de 0x1e0007 0x1de 0x38 0x3fcf 0x2d0003 0x3fcf 0xffffffffffffffe0 oops 0
ciMethod java/util/HashSet contains (Ljava/lang/Object;)Z 3361 1 6192 0 0
ciMethod java/util/HashSet add (Ljava/lang/Object;)Z 3073 1 899 0 0
ciMethodData java/lang/String <init> ([CII)V 2 5890 orig 264 72 34 15 93 0 0 0 0 88 49 45 20 0 0 0 0 80 2 0 0 208 0 0 0 0 0 0 0 0 0 0 0 0 0 0 0 0 0 0 0 0 0 0 0 0 0 0 0 0 0 0 0 0 0 0 0 0 0 0 0 0 0 0 0 0 0 0 0 0 0 0 0 0 0 0 0 0 0 0 0 77 68 79 32 101 120 116 114 97 32 100 97 116 97 32 108 111 99 107 0 0 0 0 0 0 0 0 0 0 0 0 0 0 0 0 0 0 0 0 0 0 0 0 0 0 0 0 0 0 0 0 0 0 0 0 0 0 0 0 0 0 0 0 0 0 0 0 0 0 0 0 0 0 0 0 0 0 0 0 0 0 0 0 0 0 0 0 0 0 0 0 0 0 0 0 0 0 0 0 0 0 0 0 0 0 0 0 0 0 0 0 0 0 0 0 0 0 0 0 0 0 0 0 0 0 0 0 0 0 0 0 0 0 0 0 0 53 1 0 0 105 174 0 0 1 0 0 0 0 0 0 0 0 0 0 0 2 0 0 0 0 0 14 0 2 0 0 0 240 0 0 0 255 255 255 255 2 0 1 0 0 0 0 0 data 30 0x10002 0x15cd 0x50007 0x15cd 0x30 0x0 0xd0002 0x0 0x120007 0x15cb 0x70 0x2 0x160007 0x2 0x30 0x0 0x1e0002 0x0 0x250007 0x0 0x20 0x2 0x370007 0x15cb 0x30 0x0 0x410002 0x0 0x4b0002 0x15cb oops 0
ciMethodData java/util/Arrays copyOfRange ([CII)[C 2 5546 orig 264 72 34 15 93 0 0 0 0 32 125 64 20 0 0 0 0 120 2 0 0 240 0 0 0 0 0 0 0 0 0 0 0 0 0 0 0 0 0 0 0 0 0 0 0 0 0 0 0 0 0 0 0 0 0 0 0 0 0 0 0 0 0 0 0 0 0 0 0 0 0 0 0 0 0 0 0 0 0 0 0 77 68 79 32 101 120 116 114 97 32 100 97 116 97 32 108 111 99 107 0 0 0 0 0 0 0 0 0 0 0 0 0 0 0 0 0 0 0 0 0 0 0 0 0 0 0 0 0 0 0 0 0 0 0 0 0 0 0 0 0 0 0 0 0 0 0 0 0 0 0 0 0 0 0 0 0 0 0 0 0 0 0 0 0 0 0 0 0 0 0 0 0 0 0 0 0 0 0 0 0 0 0 0 0 0 0 0 0 0 0 0 0 0 0 0 0 0 0 0 0 0 0 0 0 0 0 0 0 0 0 0 0 0 0 0 0 53 1 0 0 169 163 0 0 1 0 0 0 0 0 0 0 0 0 0 0 2 0 0 0 0 0 9 0 2 0 0 0 32 1 0 0 255 255 255 255 7 0 5 0 0 0 0 0 data 36 0x50007 0x1475 0x100 0x0 0x100002 0x0 0x140005 0x0 0x0 0x0 0x0 0x0 0x190005 0x0 0x0 0x0 0x0 0x0 0x1d0005 0x0 0x0 0x0 0x0 0x0 0x200005 0x0 0x0 0x0 0x0 0x0 0x230002 0x0 0x360002 0x1475 0x390002 0x1475 oops 0
ciMethodData java/lang/String length ()I 2 14024 orig 264 72 34 15 93 0 0 0 0 24 60 45 20 0 0 0 0 32 1 0 0 0 0 0 0 0 0 0 0 0 0 0 0 0 0 0 0 0 0 0 0 0 0 0 0 0 0 0 0 0 0 0 0 0 0 0 0 0 0 0 0 0 0 0 0 0 0 0 0 0 0 0 0 0 0 0 0 0 0 0 0 77 68 79 32 101 120 116 114 97 32 100 97 116 97 32 108 111 99 107 0 0 0 0 0 0 0 0 0 0 0 0 0 0 0 0 0 0 0 0 0 0 0 0 0 0 0 0 0 0 0 0 0 0 0 0 0 0 0 0 0 0 0 0 0 0 0 0 0 0 0 0 0 0 0 0 0 0 0 0 0 0 0 0 0 0 0 0 0 0 0 0 0 0 0 0 0 0 0 0 0 0 0 0 0 0 0 0 0 0 0 0 0 0 0 0 0 0 0 0 0 0 0 0 0 0 0 0 0 0 0 0 0 0 0 0 0 0 2 0 0 65 166 1 0 1 0 0 0 0 0 0 0 0 0 0 0 2 0 0 0 0 0 3 0 1 0 0 0 0 0 0 0 255 255 255 255 0 0 0 0 0 0 0 0 data 0 oops 0
ciMethod sun/nio/cs/UTF_8$Encoder encode ([CII[B)I 817 33313 1065 0 -1
ciMethod java/util/zip/ZipFile getEntry (Ljava/lang/String;)Ljava/util/zip/ZipEntry; 193 1 5084 0 0
ciMethod java/util/zip/ZipFile getEntry (J[BZ)J 5121 1 640 0 -1
ciMethod java/util/zip/ZipFile freeEntry (JJ)V 2049 1 256 0 -1
ciMethod java/util/zip/ZipFile getInputStream (Ljava/util/zip/ZipEntry;)Ljava/io/InputStream; 3073 1 614 0 0
ciMethod java/util/zip/ZipFile getInflater ()Ljava/util/zip/Inflater; 3081 1 633 0 0
ciMethod java/util/zip/ZipFile releaseInflater (Ljava/util/zip/Inflater;)V 2425 1 665 0 0
ciMethod java/util/zip/ZipFile getZipEntry (Ljava/lang/String;J)Ljava/util/zip/ZipEntry; 2049 1 1070 0 0
ciMethod java/util/zip/ZipFile ensureOpen ()V 3289 1 6613 0 96
ciMethod java/util/zip/ZipFile getEntryTime (J)J 4105 1 513 0 -1
ciMethod java/util/zip/ZipFile getEntryCrc (J)J 4105 1 513 0 -1
ciMethod java/util/zip/ZipFile getEntryCSize (J)J 2049 1 256 0 -1
ciMethod java/util/zip/ZipFile getEntrySize (J)J 2049 1 256 0 -1
ciMethod java/util/zip/ZipFile getEntryMethod (J)I 2049 1 256 0 -1
ciMethod java/util/zip/ZipFile getEntryFlag (J)I 4105 1 513 0 -1
ciMethod java/util/zip/ZipFile getEntryBytes (JI)[B 2049 1 256 0 -1
ciMethod java/util/zip/ZipFile access$000 (Ljava/util/zip/ZipFile;)Ljava/util/Map; 1025 1 128 0 0
ciMethod java/util/zip/ZipFile access$100 (Ljava/util/zip/ZipFile;Ljava/util/zip/Inflater;)V 2425 1 651 0 0
ciMethod java/util/zip/ZipFile access$1100 (J)J 3113 1 637 0 0
ciMethod java/util/zip/ZipFile access$1200 (J)J 3113 1 637 0 0
ciMethod java/util/Deque add (Ljava/lang/Object;)Z 0 0 1 0 -1
ciMethod java/util/Deque poll ()Ljava/lang/Object; 0 0 1 0 -1
ciMethod java/util/zip/ZipCoder toString ([BI)Ljava/lang/String; 1505 1 463 0 0
ciMethod java/util/zip/ZipCoder getBytes (Ljava/lang/String;)[B 3097 1 5700 0 0
ciMethod java/util/zip/ZipCoder getBytesUTF8 (Ljava/lang/String;)[B 0 0 1 0 0
ciMethod java/util/zip/ZipCoder toStringUTF8 ([BI)Ljava/lang/String; 0 0 1 0 0
ciMethod java/util/zip/ZipCoder isUTF8 ()Z 1633 1 204 0 0
ciMethod java/util/zip/ZipCoder <init> (Ljava/nio/charset/Charset;)V 25 1 3 0 -1
ciMethod java/util/zip/ZipCoder decoder ()Ljava/nio/charset/CharsetDecoder; 2553 1 470 0 -1
ciMethod java/util/zip/ZipCoder encoder ()Ljava/nio/charset/CharsetEncoder; 3097 1 5702 0 0
ciMethod java/util/zip/ZipEntry <init> ()V 2049 1 1084 0 0
ciMethod java/util/zip/ZipEntry setExtra0 ([BZ)V 2049 1 1084 0 0
ciMethod java/util/zip/ZipEntry isDirectory ()Z 945 1 578 0 0
ciMethod java/util/zip/ZipFile$ZipFileInputStream <init> (Ljava/util/zip/ZipFile;J)V 3081 1 633 0 0
ciMethod java/util/zip/Inflater <init> (Z)V 17 1 2 0 -1
ciMethod java/util/zip/Inflater reset ()V 3449 1 665 0 -1
ciMethod java/util/zip/Inflater end ()V 0 0 1 0 0
ciMethod java/util/zip/Inflater ended ()Z 4097 1 1274 0 -1
ciMethod java/util/zip/Inflater end (J)V 9 1 1 0 -1
ciMethod java/util/zip/ZStreamRef address ()J 2097 1 5912 0 -1
ciMethod java/util/zip/ZStreamRef clear ()V 9 1 1 0 -1
ciMethod java/util/zip/ZipFile$ZipFileInflaterInputStream <init> (Ljava/util/zip/ZipFile;Ljava/util/zip/ZipFile$ZipFileInputStream;Ljava/util/zip/Inflater;I)V 3081 1 633 0 0
ciMethod java/util/zip/ZipFile$ZipFileInflaterInputStream close ()V 4097 1 1675 0 0
ciMethod java/util/zip/InflaterInputStream <init> (Ljava/io/InputStream;Ljava/util/zip/Inflater;I)V 3081 1 639 0 0
ciMethod java/util/zip/InflaterInputStream close ()V 2425 1 651 0 0
ciMethod java/io/ByteArrayOutputStream ensureCapacity (I)V 2049 1 558 0 -1
ciMethod java/io/ByteArrayOutputStream grow (I)V 9 1 1 0 -1
ciMethod java/io/ByteArrayOutputStream hugeCapacity (I)I 0 0 1 0 -1
ciMethod java/io/ByteArrayOutputStream write ([BII)V 1889 1 557 0 0
ciMethod java/io/ByteArrayOutputStream reset ()V 697 1 494 0 0
ciMethod java/io/ByteArrayOutputStream toByteArray ()[B 1721 1 529 0 0
ciMethod java/io/FileNotFoundException <init> (Ljava/lang/String;)V 4097 1 8940 0 0
ciMethod java/io/IOException <init> (Ljava/lang/String;)V 4097 1 8940 0 -1
ciMethodData java/lang/String startsWith (Ljava/lang/String;I)Z 2 12578 orig 264 72 34 15 93 0 0 0 0 176 77 45 20 0 0 0 0 176 1 0 0 32 0 0 0 0 0 0 0 0 0 0 0 0 0 0 0 0 0 0 0 0 0 0 0 0 0 0 0 0 0 0 0 0 0 0 0 0 0 0 0 0 0 0 0 0 0 0 0 0 0 0 0 0 0 0 0 0 0 0 0 77 68 79 32 101 120 116 114 97 32 100 97 116 97 32 108 111 99 107 0 0 0 0 0 0 0 0 0 0 0 0 0 0 0 0 0 0 0 0 0 0 0 0 0 0 0 0 0 0 0 0 0 0 0 0 0 0 0 0 0 0 0 0 0 0 0 0 0 0 0 0 0 0 0 0 0 0 0 0 0 0 0 0 0 0 0 0 0 0 0 0 0 0 0 0 0 0 0 0 0 0 0 0 0 0 0 0 0 0 0 0 0 0 0 0 0 0 0 0 0 0 0 0 0 0 0 0 0 0 0 0 0 0 0 0 0 89 1 0 0 241 162 0 0 73 126 1 0 0 0 0 0 0 0 0 0 2 0 0 0 1 0 13 0 2 0 0 0 128 0 0 0 255 255 255 255 7 0 25 0 0 0 0 0 data 16 0x190007 0x0 0x40 0x145e 0x250007 0x1380 0x20 0xde 0x2f0007 0x237 0x40 0x2fce 0x410007 0x1e85 0xffffffffffffffe0 0x1149 oops 0
ciMethodData java/util/HashMap hash (Ljava/lang/Object;)I 2 37028 orig 264 72 34 15 93 0 0 0 0 112 98 59 20 0 0 0 0 176 1 0 0 32 0 0 0 0 0 0 0 0 0 0 0 0 0 0 0 0 0 0 0 0 0 0 0 0 0 0 0 0 0 0 0 0 0 0 0 0 0 0 0 0 0 0 0 0 0 0 0 0 0 0 0 0 0 0 0 0 0 0 0 77 68 79 32 101 120 116 114 97 32 100 97 116 97 32 108 111 99 107 0 0 0 0 0 0 0 0 0 0 0 0 0 0 0 0 0 0 0 0 0 0 0 0 0 0 0 0 0 0 0 0 0 0 0 0 0 0 0 0 0 0 0 0 0 0 0 0 0 0 0 0 0 0 0 0 0 0 0 0 0 0 0 0 0 0 0 0 0 0 0 0 0 0 0 0 0 0 0 0 0 0 0 0 0 0 0 0 0 0 0 0 0 0 0 0 0 0 0 0 0 0 0 0 0 0 0 0 0 0 0 0 0 0 0 0 0 0 1 0 0 33 125 4 0 1 0 0 0 0 0 0 0 0 0 0 0 2 0 0 0 0 0 6 0 2 0 0 0 104 0 0 0 255 255 255 255 7 0 1 0 0 0 0 0 data 13 0x10007 0x8fa4 0x38 0x0 0x50003 0x0 0x48 0x90005 0xad 0x2579400 0x8e54 0x16b6e340 0xa3 oops 2